
P A U P *
Portable version 4.0b10 for Unix
Tue Jun  9 09:11:41 2015

      -----------------------------NOTICE-----------------------------
        This is a beta-test version.  Please report any crashes,
        apparent calculation errors, or other anomalous results.
        There are no restrictions on publication of results obtained
        with this version, but you should check the WWW site
        frequently for bug announcements and/or updated versions.  
        See the README file on the distribution media for details.
      ----------------------------------------------------------------

Data matrix exported to file "paup.fasta" in Phylip format.

Character-exclusion status changed:
  1585 characters excluded
  Total number of characters now excluded = 1585
  Number of included characters = 169

Data matrix exported to file "paup.nex" in Nexus (non-interleaved) format.

Outgroup status changed:
  1 taxon transferred to outgroup
  Total number of taxa now in outgroup = 1
  Number of ingroup taxa = 30

Optimality criterion set to distance.
   Forcing NJ tree to be compatible with constraint-tree "CONSTRE"

Neighbor-joining search settings:
  Ties (if encountered) will be broken systematically
  Distance measure = HKY85
  Proportion of sites assumed to be invariable = 0.44; identical sites removed
    proportionally to base frequencies estimated from all sites (distances
    represent mean number of substitutions over all sites)
  1585 characters are excluded
  (Tree is unrooted)

   Note: Ties were encountered; neighbor-joining tree may not be unique

   Tree found by neighbor-joining method stored in tree buffer
   Time used = <1 sec (CPU time = 0.00 sec)

Neighbor-joining tree:

             /-- AB287451
            /+
            |\ II.4|2004|DQ0788
            |
            + II.4|2004|AY8830
            |
           /+ /---- II.4|2002CN|DQ36
           |+-+
           || \ II.4|2002CN|EU31
           ||
           || /-- II.4|2005|AB2209
           |\-+
           |  \--- II.4|2005|DQ3697
           |
           +-- II.4|1995|AJ0048
           |
           +- II.4|1995|AF0805
          /+
          |+ II.4|2002|AY4856
          ||
          |+ II.4|2002|AY5020
          ||
          |+- II.4|2006a|GQ849
          ||
          |+ II.4|2006a|EF126
          ||
          |\ II.4|2006a|EF126
          |
          |    /- II.4|2006b|EF126
          | /--+
          | |  \ II.4|2006b|EF684
          +-+
        /-+ |/ II.4|2007JP|AB43
        | | \+
        | |  \--- II.4|2007JP|OB20
        | |
        | |/- II.4|2007EU|GU27
        | ||
        | |+- II.4|2007EU|HQ00
       /+ \+
       ||  |/-- II.4|2009|JN5958
       ||  \+
       ||   \- II.4|2009|GU4453
       ||
      /++-- II.4|Camb|AF1458
      |||
      ||\--- II.4|Camb|AY0300
      ||
      |+--- II.4|2012|JX4599
 /----+|
 |    |\ II.4|2012|JX4599
 |    |
 |    |  /--- II.4|2003|AB2947
/+    \--+
||       \ II.4|2003|AB3039
||
|\- II.4|Brist|X8655
|
+.- II.4|Brist|X7671
|
\------------------------------------------------------------- II.20|AB542917

1 tree saved to file "~/rega-genotype/jobDir/708965106/paup.tre"
   Forcing NJ tree to be compatible with constraint-tree "CONSTRE"

Bootstrap method with neighbor-joining search:
  Number of bootstrap replicates = 100
  Starting seed = 850835298
  Ties (if encountered) will be broken randomly
  Distance measure = HKY85
  Proportion of sites assumed to be invariable = 0.44; identical sites removed
    proportionally to base frequencies estimated from all sites (distances
    represent mean number of substitutions over all sites)
  1585 characters are excluded
  (Tree is unrooted)

   Note: Ties were encountered in one or more replicates

   Time used for neighbor-joining bootstrap = 1 sec (CPU time = 0.16 sec)

Bootstrap 50% majority-rule consensus tree

/--------------------------------------------------------- II.20|AB542917(31)
|
|                                              /---------- AB287451(1)
|                                     /---75---+
|                                     |        \---------- II.4|2004|DQ0788(17)
|                           /---82----+
|                           |         \------------------- II.4|2004|AY8830(16)
|                           |
|                  /---64---+                  /---------- II.4|2002CN|DQ36(12)
|                  |        |         /--100---+
|                  |        |         |        \---------- II.4|2002CN|EU31(13)
|                  |        \---67----+
|                  |                  |        /---------- II.4|2005|AB2209(14)
|                  |                  \---99---+
|                  |                           \---------- II.4|2005|DQ3697(15)
|                  |
|                  |                           /---------- II.4|1995|AJ0048(6)
|        /---56----+------------95-------------+
|        |         |                           \---------- II.4|1995|AF0805(7)
|        |         |
|        |         |                           /---------- II.4|2002|AY4856(10)
|        |         +------------98-------------+
|        |         |                           \---------- II.4|2002|AY5020(11)
|        |         |
|        |         |                  /------------------- II.4|2006a|GQ849(18)
|        |         |                  |
|        |         \--------98--------+        /---------- II.4|2006a|EF126(19)
|        |                            \---56---+
|        |                                     \---------- II.4|2006a|EF126(20)
|        |
|        |                                     /---------- II.4|Camb|AF1458(2)
|        +-----------------89------------------+
|        |                                     \---------- II.4|Camb|AY0300(3)
|        |
|        |                                     /---------- II.4|2003|AB2947(8)
|        +-----------------100-----------------+
+---78---+                                     \---------- II.4|2003|AB3039(9)
|        |
|        |                                     /---------- II.4|2006b|EF126(21)
|        |                            /--100---+
|        |                            |        \---------- II.4|2006b|EF684(22)
|        +-------------54-------------+
|        |                            |        /---------- II.4|2007JP|AB43(23)
|        |                            \---99---+
|        |                                     \---------- II.4|2007JP|OB20(24)
|        |
|        |                                     /---------- II.4|2007EU|GU27(25)
|        |                            /---96---+
|        |                            |        \---------- II.4|2007EU|HQ00(26)
|        +-------------53-------------+
|        |                            |        /---------- II.4|2009|JN5958(27)
|        |                            \---95---+
|        |                                     \---------- II.4|2009|GU4453(28)
|        |
|        |                                     /---------- II.4|2012|JX4599(29)
|        \-----------------100-----------------+
|                                              \---------- II.4|2012|JX4599(30)
|
|                                              /---------- II.4|Brist|X7671(4)
\----------------------68----------------------+
                                               \---------- II.4|Brist|X8655(5)

Bipartitions found in one or more trees and frequency of occurrence (bootstrap
support values):

         1         2         33
1234567890123456789012345678901      Freq
-----------------------------------------
.......**......................       100
...........**..................       100
....................**.........       100
............................**.       100
.............**................        99
......................**.......        99
.........**....................        98
.................***...........        98
........................**.....        96
.....**........................        95
..........................**...        95
.**............................        89
.**************..**************        82
...**.........................*        78
.***************.**************        75
...**..........................        68
...........****................        67
.**********......**************        64
..................**...........        56
.****..**...........***********        56
....................****.......        54
........................****...        53
.........**......***...........        47
...**..**.....................*        44
.****..**...................***        34
...**..**...................***        29
.****..**...........**......***        26
.****..****......**************        25
.****..**...............*******        25
.................*.*...........        25
.****..**.....................*        23
.****..**...........****....***        23
...............**..............        21
.......**...................**.        20
...**..**...........**......***        19
....*.........................*        19
.**********......*******..*****        19
.................**............        18
.....**..**....................        14
.**********..**..**************        13
...*..........................*        13
.********...........***********        12
......................******...        12
.....**..**......***...........        12
.**...........................*        11
.**....**......................        11
.................***......**...        10
...**...................****..*        10
.........**......*******.......        10
.****..**........**************         9
.**....**.....................*         9
...**..**...............*******         9
...**.....................**..*         8
.....**......**................         8
.......**...............**..**.         8
...**...............**........*         8
.****..**...........**..*******         7
.**********......*******....***         7
.****..****......*******....***         7
.****..****.........****....***         6
...**..**...........***********         6
.********........**************         6
...........******..............         6
.*............................*         6
.************..****************         5
.....**..**......*******.......         5
...**...............****......*         5
..*...........................*         5
.......**...............******.         5
.****..**...............****..*         5
.****.........................*         5
...**..**...........**........*         5
.****..****..**..**************         5
..........................**..*         5

158 groups at (relative) frequency less than 5% not shown
