
P A U P *
Portable version 4.0b10 for Unix
Tue Jun  9 11:23:05 2015

      -----------------------------NOTICE-----------------------------
        This is a beta-test version.  Please report any crashes,
        apparent calculation errors, or other anomalous results.
        There are no restrictions on publication of results obtained
        with this version, but you should check the WWW site
        frequently for bug announcements and/or updated versions.  
        See the README file on the distribution media for details.
      ----------------------------------------------------------------

Character-exclusion status changed:
  9 characters excluded
  Total number of characters now excluded = 9
  Number of included characters = 791

Data matrix exported to file "paup.nex" in Nexus (non-interleaved) format.

Outgroup status changed:
  1 taxon transferred to outgroup
  Total number of taxa now in outgroup = 1
  Number of ingroup taxa = 70

Optimality criterion set to distance.

Neighbor-joining search settings:
  Ties (if encountered) will be broken systematically
  Distance measure = HKY85
  9 characters are excluded
  (Tree is unrooted)

   Tree found by neighbor-joining method stored in tree buffer
   Time used = <1 sec (CPU time = 0.00 sec)

Neighbor-joining tree:

                                             / test
                                             |
                                             + G.ES.00.X558
                                           /-+
                                           | \-- G.ES.99.X138
                                  /--------+
                                  |        | /- 14 BGE1S00X477
                                  |        \-+
                                /-+          \---- 14 BGES99X397
                                | |
                                | |  /-------- G.NG.x.01NGPL066
                                | \--+
                              /-+    \------ G.NG.x.01NGPL076
                              | |
                              | |   /-------- 02 AGCM9797CMP80
                              | \---+
                            /-+     \--------- 02 AGFR91DJ264
                            | |
                            | |       /----- GKU.SE.x.SE8646
                            | \-------+
                          /-+         \-------------- GKU.SE.x.SE9010
                          | |
                          | |         /------- 06 CPXAU96BFP90
                          | \---------+
                          |           \------ 06 CPXML9595ML84
                          |
                          |          /----------- BUS83RF
                          |        /-+
                          |        | \------- BUS90WEAU160
                          |       /+
                          |       ||        /-- 03 ABRU97KAL153
                          |       |\--------+
                          |     /-+         \--- 03 ABRU98RU98001
                          |     | |
                          |     | |      /------- 12 BFAR97A32989
                          |     | \------+
                          |     |        \------ 12 BFU1Y99URTR23
                          |     |
                          |     |      /-------- 10 CDTZ19696TZBF
                          |     |    /-+
                          |     |    | \------ 10 CDTZ9696TZBF1
                          |     |    |
                          |  /--+ /--+   /------- D.UG.99.99UGA074
                          |  |  | |  | /-+
                          |  |  | |  | | \------ D.UG.99.99UGB218
                          |  |  | |  \-+
                          |  |  | |    \------- D.UG.99.99UGE083
                          |  |  |/+
                          |  |  |||    /---------- 19 cpx.CU.99.CU2
                          |  |  ||+----+
                          |  |  |||    \------- 19 cpx.CU.99.CU7
                          |  |  |||
                          |  |  \+|     /------------------ D.ZA.85.R214
                          |  |   |\-----+
                          |  |   |      \--------------------- D.ZA.85.R286
                          |  |   |
                          |  |   |         /------ D.CM.01.01CM 000
                          | /+   \---------+
                          | ||             \--------- D.CM.01.01CM 441
                          | ||
                          | ||      /------------ F1BE93VI850
                          | ||     /+
                          | ||     |\----------- F1FR96MP411
                          | ||    /+
                          | ||    ||  /---------- 05 DFBEVI1310
                          | ||    |\--+
                          | ||/---+   \-------- 05 DFBE93VI961
                          | |||   |
                          | |||   |     /---- F2CM195MP255
                          | |||   \-----+
                          | |||         \-------- F2CM95MP257
                          | |\+
                          +-+ |           /------ 04 CPXG1R9197PVC
                          | | | /---------+
                          | | | |         \----------- 04 CPXGR9797PVMY
                          | | \-+
                          | |   |   /--------- 18 cpx.CM.97.CM5
                          | |   \---+
                          | |       \----- 18 cpx.CU.99.CU7
                          | |
                          | |              /-- 07 BCC1N9797CN00
                          | |         /----+
                          | |         |    \--- 07 BCCN9898CN009
                          | |       /-+
                          | |       | |     /--- 08 BCCN19797CNGX
                          | |       | \-----+
                          | |       |       \--- 08 BCCN9898CN006
                          | \-------+
                          |         |    /-------- C.AR.01.ARG4006
                          |         |   /+
                          |         |   |\----------- C.BR.x.04BR013
                          |         \---+
                          |             |   /------ C.IN.93.93IN904
                          |             \---+
                          |                 \---- C.IN.98.98IN022
                          |
                          |       /------------ A1UG85U455
                          |       |
                          |      /+      /------ A1.UZ.02.02UZ065
                          |      |\------+
                          |      |       \--- A1.UZ.02.02UZ066
                          |      |
                          |     /+     /------- 01 AECF19090CF11
                          |     || /---+
                       /--+     || |   \------ 01 AETH90CM240
                       |  |     || |
                       |  |     |\-+       /---- A.SN.01.DDI579
                       |  |     |  |     /-+
                       |  |  /--+  |     | \--- A.SN.96.DDJ360
                       |  |  |  |  \-----+
                       |  |  |  |        \------ A.SN.01.DDJ369
                       |  |  |  |
                       |  |  |  | /-------------- A1UG9292UG037
                       |  |  |  | |
                       |  |  |  \-+ /-------- A1.KE.00.KNH1199
                       |  +--+    | |
                       |  |  |    \-+/--------- A1.KE.97.ML752
                       |  |  |      \+
                       |  |  |       \------ A1.TZ.01.A341
                       |  |  |
/----------------------+  |  |         /----------- A2CD9797CDKTB48
|                      |  |  \---------+
|                      |  |            \---------- A2CY9494CY01741
|                      |  |
|                      |  |      /------- 09 cpx.GH.96.96G
|                      |  |   /--+
|                      |  |   |  \--------- 09 cpx.US.99.99D
|                      |  \---+
|                      |      |              /--- AHJU.CM.01.01CM 
|                      |      \--------------+
|                      |                     \-- AHJU.CM.01.01CM 
|                      |
|                      |        /--------- 11 CPXF1R99MP129
|                      |      /-+
|                      |      | \------------- 11 CPXGRGR17
|                      \------+
|                             |      /----- 13 CPXC1M961849
|                             \------+
|                                    \----- 13 CPXCM964164
|
\------------------------------------------------------------- OCM91MVP5180

1 tree saved to file "~/rega-genotype/jobDir/1661433957/paup.tre"

Bootstrap method with neighbor-joining search:
  Number of bootstrap replicates = 100
  Starting seed = 1929020164
  Ties (if encountered) will be broken randomly
  Distance measure = HKY85
  9 characters are excluded
  (Tree is unrooted)

   Note: Ties were encountered in one or more replicates

   Time used for neighbor-joining bootstrap = 1 sec (CPU time = 1.36 sec)

Bootstrap 50% majority-rule consensus tree

                                                   /------ test(1)
                                            /--92--+
                                            |      \------ G.ES.00.X558(65)
                                      /-84--+
                                      |     \------------- G.ES.99.X138(66)
                                /-100-+
                                |     |            /------ 14 BGE1S00X477(36)
                                |     \-----89-----+
                         /--92--+                  \------ 14 BGES99X397(37)
                         |      |
                         |      |                  /------ G.NG.x.01NGPL066(67)
                         |      \--------89--------+
                   /-57--+                         \------ G.NG.x.01NGPL076(68)
                   |     |
                   |     |                         /------ 02 AGCM9797CMP80(14)
                   |     \-----------98------------+
             /-72--+                               \------ 02 AGFR91DJ264(15)
             |     |
             |     |                               /------ GKU.SE.x.SE8646(69)
             |     \--------------100--------------+
      /--52--+                                     \------ GKU.SE.x.SE9010(70)
      |      |
      |      |                                     /------ 06 CPXAU96BFP90(22)
      |      \-----------------100-----------------+
      |                                            \------ 06 CPXML9595ML84(23)
      |
      |                         /------------------------- A1UG85U455(2)
      |                         |
      |                         |                  /------ 01 AECF19090CF11(12)
      |                         |     /-----99-----+
      |                         |     |            \------ 01 AETH90CM240(13)
      |                         |     |
      |                         +-64--+            /------ A.SN.01.DDI579(44)
      |                  /--65--+     |     /--92--+
      |                  |      |     |     |      \------ A.SN.96.DDJ360(46)
      |                  |      |     \-100-+
      |                  |      |           \------------- A.SN.01.DDJ369(45)
      |                  |      |
      |                  |      |                  /------ A1.UZ.02.02UZ065(50)
      |            /-93--+      \-------100--------+
      |            |     |                         \------ A1.UZ.02.02UZ066(51)
      |            |     |
      |            |     |                  /------------- A1UG9292UG037(3)
      |            |     |                  |
      |            |     \--------81--------+      /------ A1.KE.00.KNH1199(47)
      +-----86-----+                        |      |
      |            |                        \--80--+------ A1.KE.97.ML752(48)
      |            |                               |
      |            |                               \------ A1.TZ.01.A341(49)
      |            |
      |            |                               /------ A2CD9797CDKTB48(4)
      |            \--------------100--------------+
      |                                            \------ A2CY9494CY01741(5)
      |
      |                                            /------ BUS83RF(6)
      |                                     /--62--+
      |                                     |      \------ BUS90WEAU160(7)
      |                               /-61--+
      |                               |     |      /------ 03 ABRU97KAL153(16)
      |                               |     \-100--+
      +--------------66---------------+            \------ 03 ABRU98RU98001(17)
      |                               |
      |                               |            /------ 12 BFAR97A32989(32)
      |                               \-----99-----+
      |                                            \------ 12 BFU1Y99URTR23(33)
      |
      |                                            /------ F1BE93VI850(8)
      |                                     /--63--+
      |                                     |      \------ F1FR96MP411(9)
      |                                     |
      |                                     |      /------ F2CM195MP255(10)
      +-----------------80------------------+-100--+
      |                                     |      \------ F2CM95MP257(11)
      |                                     |
      |                                     |      /------ 05 DFBEVI1310(20)
      |                                     \--96--+
      |                                            \------ 05 DFBE93VI961(21)
      |
      |                                            /------ 04 CPXG1R9197PVC(18)
/-----+                                     /-100--+
|     |                                     |      \------ 04 CPXGR9797PVMY(19)
|     +-----------------56------------------+
|     |                                     |      /------ 18 cpx.CM.97.CM5(40)
|     |                                     \-100--+
|     |                                            \------ 18 cpx.CU.99.CU7(41)
|     |
|     |                                            /------ 07 BCC1N9797CN00(24)
|     |                                     /-100--+
|     |                                     |      \------ 07 BCCN9898CN009(25)
|     |                               /-78--+
|     |                               |     |      /------ 08 BCCN19797CNGX(26)
|     |                               |     \-100--+
|     |                               |            \------ 08 BCCN9898CN006(27)
|     +--------------100--------------+
|     |                               |            /------ C.AR.01.ARG4006(54)
|     |                               |     /--56--+
|     |                               |     |      \------ C.BR.x.04BR013(55)
|     |                               \-83--+
|     |                                     |      /------ C.IN.93.93IN904(56)
|     |                                     \-100--+
|     |                                            \------ C.IN.98.98IN022(57)
|     |
|     |                                            /------ 10 CDTZ19696TZBF(28)
|     |                               /-----73-----+
|     |                               |            \------ 10 CDTZ9696TZBF1(29)
|     |                               |
|     +--------------89---------------+            /------ D.UG.99.99UGA074(60)
|     |                               |     /--77--+
|     |                               |     |      \------ D.UG.99.99UGB218(61)
|     |                               \-75--+
|     |                                     \------------- D.UG.99.99UGE083(62)
|     |
|     |                                            /------ 11 CPXF1R99MP129(30)
|     |                                     /--59--+
|     |                                     |      \------ 11 CPXGRGR17(31)
|     +-----------------99------------------+
|     |                                     |      /------ 13 CPXC1M961849(34)
|     |                                     \-100--+
|     |                                            \------ 13 CPXCM964164(35)
|     |
|     |                                            /------ 09 cpx.GH.96.96G(38)
|     |                                     /--91--+
|     |                                     |      \------ 09 cpx.US.99.99D(39)
|     +-----------------88------------------+
|     |                                     |      /------ AHJU.CM.01.01CM (52)
|     |                                     \-100--+
|     |                                            \------ AHJU.CM.01.01CM (53)
|     |
|     |                                            /------ 19 cpx.CU.99.CU2(42)
|     +--------------------100---------------------+
|     |                                            \------ 19 cpx.CU.99.CU7(43)
|     |
|     |                                            /------ D.CM.01.01CM 000(58)
|     +--------------------100---------------------+
|     |                                            \------ D.CM.01.01CM 441(59)
|     |
|     |                                            /------ D.ZA.85.R214(63)
|     \--------------------100---------------------+
|                                                  \------ D.ZA.85.R286(64)
|
\--------------------------------------------------------- OCM91MVP5180(71)

Bipartitions found in one or more trees and frequency of occurrence (bootstrap
support values):

         1         2         3         4         5         66
1234567890123456789012345678901234567890123456789012345678901
-------------------------------------------------------------
.........................................**..................
.......................****..........................****....
.......................................**....................
.............................................................
.....................**......................................
.................................**..........................
.......................................................**....
...**........................................................
.................................................**..........
.........................**..................................
.........**..................................................
.......................**....................................
.........................................................**..
.**********************************..************************
...............**............................................
.................**..........................................
...................................................**........
.............................................................
...........................................***...............
.............................**..**..........................
...............................**............................
...........**................................................
.............**..............................................
...................**........................................
.**........**..............................********..........
...........................................*.*...............
.************************************************************
.**********************************..************************
.....................................**......................
.............................................................
...................................**........................
...........................**..............................**
.....................................**............**........
.****......**..............................********..........
.************************************************************
.....................................................****....
..*...........................................***............
.......****........**........................................
..............................................***............
.......................****..................................
...........................................................**
...........................................................**
...........................**................................
.************..********************..************************
.....**........**..............**............................
.*.........**..............................***...**..........
...........**..............................***...............
.......**....................................................
.....**......................................................
.....**........**............................................
.............................**..............................
.************..********************..************************
.....................................................**......
.................**....................**....................
.************..******..************..************************
...............................................**............
.....**........**..........**..**........**..............****
...........................**............**..............****
.......****..................................................
..............................*..**..........................
.....................................................*.**....
.......**..........**........................................
.*...............................................**..........
.**********************************..************************
.............................**..**..........................
..............................................*.*............
.....******....******..******..**......****..........********
.....******....******......**..**......****..............****
.........................................................**..
.*.........**..............................***...............
.....**........................**............................
.......****......****..................**....................
...........................**............**................**
...........................**............**................**
.*.........................................***...............
.........................................**..................
.................**..................**............**........
.....**........**......******..**........**..........********
.......****........**..........**............................
........***..................................................
.....******....**..**......**..**........**..............****
.....**........**..........**............**..............****
.**........**..............................******............
............................*..............................**
.....*.........**............................................
.************..******..************..************************
.....................................**............**........
.....******....**..**..******..**........**..........********
..............................................**.............
.............................**..**..**............**........
.........................................**..............**..
......*........................**............................
...................................**........................
.....******....**..**......**..**......****..............****
.......................****............................**....
...........................**............................****
.****......**........................**....**********........
............................*..............................**
.......****......****..........**......**....................
.......****........**..................**....................
.****......**..............................********..........
.****......**................**..**........********..........
.....******....********************..******........**********
...........................**..............................**
......*........**............................................
...........................................................*.
.**********************************..************************
.****......**................**..**..**....**********........
.......*.......................**............................
......................................*............**........
.****......**....**..........**..**..**....**********........
.......................**..............................**....
.........................................**..............**..
.....******....******..************....****..........********
........***........**........................................
........*..........**........................................
.....******....**..**..******..**......****..........********
.****......**....**..................**....**********........
.*.........**..............................********..........
............................*..............................*.
.............................................................
.**........................................******............
...........**....................................**..........
.......*...........**........................................
.....................**................**....................
.............**......**......................................
..*............................................*.............
.....**........**..............**........**..............**..
.************..******..******..**......************..********
.......****....................**............................
.......................****..........................****....
.......****........**..........**......**....................
.....................**..............**............**........
.....******....******..************..******........**********
.....**........**........................**..............**..
...........................**..............................**
.***********************************.************************
.*.........................................***...**..........
.....******....******..........**......**....................
.......................****..**..**..**............******....
..*........**..............................******............
.........................................**..................
.....******....**..**..........**............................
...**........................................................
...........**..............................***...**..........
.......................****..**..**..................****....
.........................**............................**....
............................................................*
.**........**........................**....**********........
.************..**************..**....************************
.**...........................................***............
.*............................................***............
.....******....********....**..**......****..............****
.************..******..******..**....************************
.......****......****................****..........**........
.....**........**..........**..**........**................**
...........................................................**
............................................**...............
.....******....**..**..........**......**....................
.************..******..************..**..********************
.....**........**..............**........................**..
.*.............................................*.............
....................................*........................
.....**........**..........**..**........**..............****
.............................**..**..........................
.............................**..**..........................
.****......**..........****..**..**..**....**************....

6       77
2345678901      Freq
--------------------
..........       100
..........       100
..........       100
.......**.       100
..........       100
..........       100
..........       100
..........       100
..........       100
..........       100
..........       100
..........       100
..........       100
***..*****       100
..........       100
..........       100
..........       100
.**.......       100
..........       100
..........        99
..........        99
..........        99
..........        98
..........        96
..........        93
..........        92
***.******        92
***....***        92
..........        91
.....**...        89
..........        89
*.........        89
..........        88
..........        86
***..*****        84
..........        83
..........        81
..........        80
..........        80
..........        78
..........        77
*.........        75
..........        73
***......*        72
..........        66
..........        65
..........        64
..........        63
..........        62
..........        61
..........        59
***....***        57
..........        56
..........        56
***......*        52
..........        48
***.......        47
***.......        46
..........        43
..........        41
..........        41
..........        39
..........        38
***......*        38
.........*        34
..........        34
***.......        32
***.......        31
.**.......        29
..........        29
..........        27
..........        27
*.........        26
***.......        25
..........        25
.**.......        25
..........        25
***.......        24
..........        22
..........        22
***.......        22
***.......        21
..........        19
*.........        19
..........        17
***....***        17
.........*        17
***.......        17
..........        16
.........*        16
.**.......        16
..........        15
....*.....        15
***.......        15
..........        15
***.......        14
.........*        13
..........        13
..........        13
..........        13
.........*        13
.........*        11
***......*        11
***.......        11
..........        11
*.........        11
***..*.***        11
.........*        10
..........        10
..........         9
.........*         9
..........         9
..........         9
***.......         8
..........         8
..........         8
***.......         8
..........         8
..........         8
..........         8
...**.....         7
..........         7
..........         7
..........         7
..........         7
..........         7
..........         7
.**.......         7
***.......         7
..........         7
.........*         7
..........         7
..........         7
***......*         7
.**.......         7
..........         7
***..*****         7
..........         6
..........         6
.........*         6
..........         6
.........*         6
..........         6
.........*         6
..........         6
..........         6
..........         6
*.........         6
..........         5
***......*         5
..........         5
..........         5
***.......         5
***......*         5
..........         5
***.......         5
***.......         5
..........         5
..........         5
***......*         5
..........         5
..........         5
....*.....         5
***......*         5
.......***         5
.......**.         5
.........*         5

283 groups at (relative) frequency less than 5% not shown
