
P A U P *
Portable version 4.0b10 for Unix
Thu Jun 11 10:37:59 2015

      -----------------------------NOTICE-----------------------------
        This is a beta-test version.  Please report any crashes,
        apparent calculation errors, or other anomalous results.
        There are no restrictions on publication of results obtained
        with this version, but you should check the WWW site
        frequently for bug announcements and/or updated versions.  
        See the README file on the distribution media for details.
      ----------------------------------------------------------------

Character-exclusion status changed:
  1 character excluded
  Total number of characters now excluded = 1
  Number of included characters = 799

Data matrix exported to file "paup.nex" in Nexus (non-interleaved) format.

Outgroup status changed:
  1 taxon transferred to outgroup
  Total number of taxa now in outgroup = 1
  Number of ingroup taxa = 55

Optimality criterion set to distance.
   Forcing NJ tree to be compatible with constraint-tree "CONSTRE"

Neighbor-joining search settings:
  Ties (if encountered) will be broken systematically
  Distance measure = HKY85
  1 character is excluded
  (Tree is unrooted)

   Tree found by neighbor-joining method stored in tree buffer
   Time used = <1 sec (CPU time = 0.00 sec)

Neighbor-joining tree:

                                                    /--- test
                                                    |
                                           /--------+ /- 14 BGE1S00X477
                                           |        \-+
                                           |          \----- 14 BGES99X397
                                        /--+
                                        |  |/------------ GFI93HH8793121
                                        |  \+
                                    /---+   \---------------- GNG9292NG083
                                    |   |
                                    |   |    /-------- 02 AGCM9797CMP80
                                    |   \----+
                                  /-+        \--------- 02 AGFR91DJ264
                                  | |
                                  | |        /-------- 06 CPXAU96BFP90
                                  | \--------+
                                  |          \------- 06 CPXML9595ML84
                                  |
                                  |          /----------- BUS83RF
                                  |        /-+
                                  |        | \------- BUS90WEAU160
                                  |       /+
                                  |       ||        /--- 03 ABRU97KAL153
                                  |       |\--------+
                                  |    /--+         \--- 03 ABRU98RU98001
                                  |    |  |
                                  |    |  |      /------- 12 BFAR97A32989
                                  |    |  \------+
                                  |    |         \------- 12 BFU1Y99URTR23
                                  |    |
                                  |  /-+       /--------- D.UG.99.99UGA074
                                  |  | |     /-+
                                  |  | |     | \------- D.UG.99.99UGE083
                                  |  | | /---+
                                  |  | | |   |/--------- 10 CDTZ19696TZBF
                                  |  | | |   \+
                                  |  | \-+    \------- 10 CDTZ9696TZBF1
                                  |  |   |
                                /-+  |   |     /----------- 19 cpx.CU.99.CU2
                                | |/-+   \-----+
                                | || |         \-------- 19 cpx.CU.99.CU7
                                | || |
                                | || |     /------------- F1BE93VI850
                                | || |    /+
                                | || |    |\------------ F1FR96MP411
                                | || |  /-+
                                | || |  | |   /---------- 05 DFBEVI1310
                                | || |  | \---+
                                | || \--+     \-------- 05 DFBE93VI961
                                | ||    |
                                | ||    |     /----- F2CM195MP255
                                | ++    \-----+
                                | ||          \--------- F2CM95MP257
                                | ||
                                | ||             /------------ CBR9292BR025
                                | ||        /----+
                                | ||        |    \---------- CBW9696BW0502
                                | ||        |
                                | ||  /-----+        /-- 07 BCC1N9797CN00
                                | ||  |     |   /----+
                                | ||  |     |   |    \--- 07 BCCN9898CN009
                                | ||  |     \---+
                                | ||  |         |    /---- 08 BCCN19797CNGX
                                | |\--+         \----+
                                | |   |              \---- 08 BCCN9898CN006
                             /--+ |   |
                             |  | |   |        /------- HBE93VI997
                             |  | |   \--------+
                             |  | |            \------- HCF9090CF056
                             |  | |
                             |  | |       /--------- KCD97EQTB11C
                             |  | |  /----+
                             |  | |  |    \------ KCM96MP535
                             |  | | /+
                             |  | | ||     /------- 09 cpx.GH.96.96G
                             |  | | |\-----+
                             |  | | |      \---------- 09 cpx.US.99.99D
                             |  | \-+
                             |  |   |           /------- 04 CPXG1R9197PVC
                             |  |   |/----------+
                             |  |   ||          \------------- 04 CPXGR9797PVMY
                             |  |   \+
                             |  |    |    /---------- 18 cpx.CM.97.CM5
                             |  |    \----+
/----------------------------+  |         \------ 18 cpx.CU.99.CU7
|                            |  |
|                            |  |      /--------------- A1UG85U455
|                            |  |      |
|                            |  |      +---------------- A1UG9292UG037
|                            |  |  /---+
|                            |  |  |   |      /------- 01 AECF19090CF11
|                            |  |  |   \------+
|                            |  \--+          \------ 01 AETH90CM240
|                            |     |
|                            |     |          /------------ A2CD9797CDKTB48
|                            |     \----------+
|                            |                \---------- A2CY9494CY01741
|                            |
|                            |                /-- JSE93SE7887
|                            |/---------------+
|                            ||               \--- JSE94SE7022
|                            ||
|                            \+      /---------- 11 CPXF1R99MP129
|                             |    /-+
|                             |    | \--------------- 11 CPXGRGR17
|                             \----+
|                                  |      /------ 13 CPXC1M961849
|                                  \------+
|                                         \------ 13 CPXCM964164
|
\------------------------------------------------------------- OCM91MVP5180

1 tree saved to file "~/rega-genotype/jobDir/827928960/paup.tre"
   Forcing NJ tree to be compatible with constraint-tree "CONSTRE"

Bootstrap method with neighbor-joining search:
  Number of bootstrap replicates = 100
  Starting seed = 352670643
  Ties (if encountered) will be broken randomly
  Distance measure = HKY85
  1 character is excluded
  (Tree is unrooted)

   Note: Ties were encountered in one or more replicates

   Time used for neighbor-joining bootstrap = 1 sec (CPU time = 0.90 sec)

Bootstrap 50% majority-rule consensus tree

                                           /-------------- test(1)
                                           |
                                    /-100--+      /------- 14 BGE1S00X477(48)
                                    |      \--96--+
                                    |             \------- 14 BGES99X397(49)
                            /--61---+
                            |       |             /------- GFI93HH8793121(16)
                            |       \-----96------+
                     /--94--+                     \------- GNG9292NG083(17)
                     |      |
                     |      |                     /------- 02 AGCM9797CMP80(26)
                     |      \---------100---------+
              /--64--+                            \------- 02 AGFR91DJ264(27)
              |      |
              |      |                            /------- 06 CPXAU96BFP90(34)
              |      \------------100-------------+
              |                                   \------- 06 CPXML9595ML84(35)
              |
              |                                   /------- A1UG85U455(2)
              |                            /-100--+
              |                            |      \------- A1UG9292UG037(3)
              |                     /--91--+
              |                     |      |      /------- 01 AECF19090CF11(24)
              |                     |      \-100--+
              +---------70----------+             \------- 01 AETH90CM240(25)
              |                     |
              |                     |             /------- A2CD9797CDKTB48(4)
              |                     \-----100-----+
              |                                   \------- A2CY9494CY01741(5)
              |
              |                                   /------- BUS83RF(6)
              |                            /-100--+
              |                            |      \------- BUS90WEAU160(7)
              |                     /--74--+
              |                     |      |      /------- 03 ABRU97KAL153(28)
              |                     |      \-100--+
              |             /--79---+             \------- 03 ABRU98RU98001(29)
              |             |       |
              |             |       |             /------- 12 BFAR97A32989(44)
              |             |       \-----100-----+
              |             |                     \------- 12 BFU1Y99URTR23(45)
              |             |
              +-----57------+                     /------- D.UG.99.99UGA074(10)
              |             |              /-100--+
              |             |              |      \------- D.UG.99.99UGE083(11)
              |             |       /--91--+
              |             |       |      |      /------- 10 CDTZ19696TZBF(40)
              |             |       |      \-100--+
              |             \--86---+             \------- 10 CDTZ9696TZBF1(41)
              |                     |
              |                     |             /------- 19 cpx.CU.99.CU2(54)
              |                     \-----100-----+
              |                                   \------- 19 cpx.CU.99.CU7(55)
              |
       /--57--+                                   /------- CBR9292BR025(8)
       |      |                     /-----100-----+
       |      |                     |             \------- CBW9696BW0502(9)
       |      |                     |
       |      |             /--100--+             /------- 07 BCC1N9797CN00(36)
       |      |             |       |      /-100--+
       |      |             |       |      |      \------- 07 BCCN9898CN009(37)
       |      |             |       \--95--+
       |      |             |              |      /------- 08 BCCN19797CNGX(38)
       |      +-----67------+              \-100--+
       |      |             |                     \------- 08 BCCN9898CN006(39)
       |      |             |
       |      |             |                     /------- HBE93VI997(18)
       |      |             \---------100---------+
       |      |                                   \------- HCF9090CF056(19)
       |      |
       |      |                                   /------- F1BE93VI850(12)
       |      |                            /-100--+
       |      |                            |      \------- F1FR96MP411(13)
       |      |                     /--66--+
       |      |                     |      |      /------- 05 DFBEVI1310(32)
       |      |                     |      \-100--+
       |      +---------89----------+             \------- 05 DFBE93VI961(33)
       |      |                     |
/------+      |                     |             /------- F2CM195MP255(14)
|      |      |                     \-----100-----+
|      |      |                                   \------- F2CM95MP257(15)
|      |      |
|      |      |                                   /------- KCD97EQTB11C(22)
|      |      +----------------100----------------+
|      |      |                                   \------- KCM96MP535(23)
|      |      |
|      |      |                                   /------- 04 CPXG1R9197PVC(30)
|      |      |                            /-100--+
|      |      |                            |      \------- 04 CPXGR9797PVMY(31)
|      |      +-------------52-------------+
|      |      |                            |      /------- 18 cpx.CM.97.CM5(52)
|      |      |                            \--99--+
|      |      |                                   \------- 18 cpx.CU.99.CU7(53)
|      |      |
|      |      |                                   /------- 09 cpx.GH.96.96G(50)
|      |      \----------------99-----------------+
|      |                                          \------- 09 cpx.US.99.99D(51)
|      |
|      |                                          /------- JSE93SE7887(20)
|      |                            /-----100-----+
|      |                            |             \------- JSE94SE7022(21)
|      |                            |
|      \-------------56-------------+             /------- 11 CPXF1R99MP129(42)
|                                   |      /--98--+
|                                   |      |      \------- 11 CPXGRGR17(43)
|                                   \--95--+
|                                          |      /------- 13 CPXC1M961849(46)
|                                          \-100--+
|                                                 \------- 13 CPXCM964164(47)
|
\--------------------------------------------------------- OCM91MVP5180(56)

Bipartitions found in one or more trees and frequency of occurrence (bootstrap
support values):

         1         2         3         4         5     5
12345678901234567890123456789012345678901234567890123456      Freq
------------------------------------------------------------------
.........................**.............................       100
...................**...................................       100
.................................**.....................       100
.....................................................**.       100
.......................................**...............       100
.........**.............................................       100
...................................**...................       100
.................**.....................................       100
.............**.........................................       100
.............................**.........................       100
...............................**.......................       100
...........................................**...........       100
...........**...........................................       100
.....**.................................................       100
.....................**.................................       100
.............................................**.........       100
...........................**...........................       100
.....................................**.................       100
.**.....................................................       100
.......**...............................................       100
.......**..........................****.................       100
...**...................................................       100
.......................**...............................       100
.**********************************************..*******       100
.................................................**.....        99
...................................................**...        99
.........................................**.............        98
...............**.......................................        96
...............................................**.......        96
...................................****.................        95
.........................................**..**.........        95
.**************..********..********************..*******        94
.........**............................**...............        91
.**....................**...............................        91
...........****................**.......................        89
.........**............................**............**.        86
.....**....................**..............**...........        79
.....**....................**...........................        74
.****..................**...............................        70
.......**........**................****.................        67
...........**..................**.......................        66
.**************..********..******..************..*******        64
.**************..******************************..*******        61
.....**..**................**..........**..**........**.        57
...................**....................**..**........*        57
...................**....................**..**.........        56
.............................**....................**...        52
.....................**..........................**.....        50
.************************..********************..*******        37
...................**..................................*        31
...........****.........................................        29
...........****..............****..................**...        28
.....******......**........**......******..**........**.        24
.****..............**..**................**..**........*        23
.....**..******............**..**......**..**........**.        22
.....**....................................**...........        20
.....................**......**..................**.....        20
.....................**......**..................****...        19
.....**..******............**..**......**..**......****.        17
...........****................**..........**...........        17
.....**..******............******......**..**......****.        16
...........****......**......****................****...        15
.....**..**................**..........**............**.        15
.....******................**......******..**........**.        15
.....**********..**..**....******..******..**....******.        14
.....................**......**.........................        13
.....**********..**........**..**..******..**........**.        12
...........****................**..................**...        12
.....**....****............**..**..........**...........        12
...**..............**....................**..**........*        11
...........****......**......******..............****...        11
.....**..******......**....******......**..**....******.        10
.....................**......**....................**...        10
.........................................**..**........*         9
.**********......****..**..**......************......***         9
.****..................**..............................*         9
.........**..........................................**.         8
.................................................**....*         8
.............................**..................**.....         7
.....**********..******....******..************..*******         7
.**************..**..****..******..******..**....******.         7
.****..**........********..........****..**..**..**....*         6
...........****..............****..........**......**...         6
.****..**........****..**..........****..**..**........*         6
.....**********..**..**....**************..**....******.         6
.....**********..******....********************..*******         6
...........**..................**..........**...........         6
.....**********..**........******..******..**......****.         6
.****..**........********....**....****..**..**..**....*         6
.......**........******............****..**..**..**....*         6
...........****......**......****..................**...         6
.****...................................................         6
.**************..**....**..******..******..**......****.         5
.................**..**..........................**.....         5
...**..................................................*         5
.**************..********..******..************..******.         5
.......**............................**.................         5
.....**....****............******..........**......**...         5
.****..............**..**................**..**..**....*         5
.****..................**........................**....*         5
...................**....................**..**..**....*         5
.................................**....................*         5
.....**********..**........**..**..******..**......****.         5
...........****..............****.......................         5
.....................**..........**..............**.....         5
.....******......**........**......******............**.         5

207 groups at (relative) frequency less than 5% not shown
