
P A U P *
Portable version 4.0b10 for Unix
Sat Aug  8 09:26:16 2015

      -----------------------------NOTICE-----------------------------
        This is a beta-test version.  Please report any crashes,
        apparent calculation errors, or other anomalous results.
        There are no restrictions on publication of results obtained
        with this version, but you should check the WWW site
        frequently for bug announcements and/or updated versions.  
        See the README file on the distribution media for details.
      ----------------------------------------------------------------

Data matrix exported to file "paup.fasta" in Phylip format.

Character-exclusion status changed:
  1085 characters excluded
  Total number of characters now excluded = 1085
  Number of included characters = 124

Data matrix exported to file "paup.nex" in Nexus (non-interleaved) format.

Outgroup status changed:
  1 taxon transferred to outgroup
  Total number of taxa now in outgroup = 1
  Number of ingroup taxa = 31

Optimality criterion set to distance.
   Forcing NJ tree to be compatible with constraint-tree "CONSTRE"

Neighbor-joining search settings:
  Ties (if encountered) will be broken systematically
  Distance measure = absolute
  1085 characters are excluded
  (Tree is unrooted)

   Note: Ties were encountered; neighbor-joining tree may not be unique

   Tree found by neighbor-joining method stored in tree buffer
   Time used = <1 sec (CPU time = 0.00 sec)

Neighbor-joining tree:

                                                     / Mat116
                                                     |
                                                    /+ Mat116|AB284058
                                                    ||
                                                    |\ Mat116|CP002744
                                                    |
                                                    | / A|Orni
                                                    | |
                                                    | + A|84 55
                                                    | |
                                                   /+ | / B|CP3
                                                   ||/+/+
                                                   |||||\ B|Pi22
                                                   |||||
                                                   |||\+  / E|CPMN
                                                   ||| |/-+
                                                   ||| || \ E|01DC12
                                                   ||| \+
                                                   |\+  | / EB|EB
                                                   | |  \-+
                                               /---+ |    \ EB|98AV2129
                                               |   | |
                                               |   | +-- M56|M56
                                               |   | |
                                               |   | + 3A|EU682087
                                               |   | |
         /-------------------------------------+   | \ 3A|60194
         |                                     |   |
         |                                     |   |       / 50 55|50338
         |                                     |   \-------+
         |                                     |           \ 50 55|55435
       /-+                                     |
       | |                                     \-------------- Pi21|KM609421
       | |
       | |         /------------------------ WC|AF269269
       | \---------+
       |           \----------------------- 1192|JQ679392
       |
       |                         / C|CR9
       |                        /+
       |                        |\ C|GD
       |                /-------+
       |                |       |/ CB3|EU009488
/------+                |       \+
|      |          /-----+        \ CB3|HB1043
|      |          |     |
|      |          |     \------ CPC1020106013|HE
|      |          |
|      |          |            / F|VS225
|      |          |          /-+
|      |  /-------+          | \ F|7778B15
|      |  |       |  /-------+
|      |  |       |  |       \- 21|JQ679391
|      |  |       |/-+
|      |  |       || |    /------------ Daruma|AB284065
|      \--+       || \----+
|         |       \+      \-------- R54|AJ243525
|         |        |
|         |        \----------- UT118 AGP|HQ8455
|         |
|         \----------------------- D NJ1|AF269266
|
\--------------------------- CPX0308|AB284064

1 tree saved to file "~/rega-genotype/jobDir/1760467175/paup.tre"
   Forcing NJ tree to be compatible with constraint-tree "CONSTRE"

Bootstrap method with neighbor-joining search:
  Number of bootstrap replicates = 1000
  Starting seed = 42559176
  Ties (if encountered) will be broken randomly
  Distance measure = absolute
  1085 characters are excluded
  (Tree is unrooted)

   Note: Ties were encountered in one or more replicates

   Time used for neighbor-joining bootstrap = <1 sec (CPU time = 0.39 sec)

Bootstrap 50% majority-rule consensus tree

                                               /---------- Mat116(1)
                                               |
                            /--------72--------+---------- Mat116|AB284058(13)
                            |                  |
                            |                  \---------- Mat116|CP002744(14)
                            |
                            |                  /---------- A|Orni(2)
                            +--------92--------+
                            |                  \---------- A|84 55(3)
                            |
                            |                  /---------- B|CP3(4)
                            +--------99--------+
                            |                  \---------- B|Pi22(5)
                            |
                            |                  /---------- E|CPMN(6)
                            |         /---98---+
                   /---74---+         |        \---------- E|01DC12(7)
                   |        +---55----+
                   |        |         |        /---------- EB|EB(8)
                   |        |         \---98---+
                   |        |                  \---------- EB|98AV2129(9)
                   |        |
                   |        +----------------------------- M56|M56(10)
                   |        |
         /---100---+        |                  /---------- 3A|EU682087(11)
         |         |        +--------72--------+
         |         |        |                  \---------- 3A|60194(12)
         |         |        |
         |         |        |                  /---------- 50 55|50338(16)
         |         |        \-------100--------+
         |         |                           \---------- 50 55|55435(17)
         |         |
         |         \-------------------------------------- Pi21|KM609421(15)
         |
         |                                     /---------- C|CR9(18)
         |                            /--100---+
         |                            |        \---------- C|GD(19)
         |                  /---100---+
         |                  |         |        /---------- CB3|EU009488(20)
         |                  |         \--100---+
         |         /---86---+                  \---------- CB3|HB1043(21)
         |         |        |
/--------+         |        \----------------------------- CPC1020106013|HE(22)
|        |         |
|        |         |                           /---------- F|VS225(23)
|        |         |                  /---91---+
|        |         |                  |        \---------- F|7778B15(24)
|        +---93----+--------99--------+
|        |         |                  \------------------- 21|JQ679391(25)
|        |         |
|        |         |                           /---------- Daruma|AB284065(26)
|        |         +------------75-------------+
|        |         |                           \---------- R54|AJ243525(28)
|        |         |
|        |         \-------------------------------------- UT118 AGP|HQ8455(27)
|        |
|        +------------------------------------------------ D NJ1|AF269266(29)
|        |
|        |                                     /---------- WC|AF269269(30)
|        \-----------------93------------------+
|                                              \---------- 1192|JQ679392(32)
|
\--------------------------------------------------------- CPX0308|AB284064(31)

Bipartitions found in one or more trees and frequency of occurrence (bootstrap
support values):

         1         2         3 3
12345678901234567890123456789012      Freq      %
-------------------------------------------------
.................**.............      1000 100.0%
.................****...........      1000 100.0%
...............**...............      1000 100.0%
...................**...........      1000 100.0%
.................***************      1000 100.0%
......................***.......       991  99.1%
...**...........................       989  98.9%
.....**.........................       981  98.1%
.......**.......................       979  97.9%
.................***********....       932  93.2%
.............................*.*       930  93.0%
.**.............................       920  92.0%
......................**........       912  91.2%
.................*****..........       863  86.3%
.........................*.*....       748  74.8%
..............*..***************       737  73.7%
..........**....................       725  72.5%
.***********..******************       725  72.5%
.....****.......................       552  55.2%
.................************...       494  49.4%
...******.......................       491  49.1%
..............******************       462  46.2%
.................************.*.       462  46.2%
............**..................       457  45.7%
.********.......................       425  42.5%
............................*.*.       410  41.0%
......................****.*....       401  40.1%
.........***....................       379  37.9%
.***********..*..***************       332  33.2%
......................******....       331  33.1%
.................*********.*....       326  32.6%
.****...........................       307  30.7%
.***********.*******************       259  25.9%
.************.******************       255  25.5%
.........................***....       240  24.0%
...............*****************       200  20.0%
.********.....******************       196  19.6%
.............................***       187  18.7%
.*********....******************       180  18.0%
.****....***..*..***************       177  17.7%
.................*************.*       169  16.9%
.................********.......       164  16.4%
............................****       152  15.2%
......................****......       149  14.9%
...****.........................       145  14.5%
.****....***....................       139  13.9%
.**.......**....................       135  13.5%
.**......***....................       135  13.5%
.........*....*..***************       124  12.4%
.........***..*..***************       121  12.1%
..........................**....       112  11.2%
.*********..********************       105  10.5%
...**..**.......................       101  10.1%
.********.....*..***************       100  10.0%
.........*.*....................        95   9.5%
.................*****....*.....        90   9.0%
.****....***..******************        89   8.9%
.........*....******************        85   8.5%
.........**.....................        80   8.0%
.***********....................        79   7.9%
...******.....******************        78   7.8%
.....................****.......        72   7.2%
.................*********......        69   6.9%
.................*****...***....        62   6.2%
...*******....******************        61   6.1%
.................*****...*.*....        60   6.0%
.**********.********************        59   5.9%
.**......***..*..***************        55   5.5%
.................***********.*.*        52   5.2%
.........***..*.................        50   5.0%

227 groups at (relative) frequency less than 5% not shown
