
P A U P *
Portable version 4.0b10 for Unix
Sat Aug  8 09:26:16 2015

      -----------------------------NOTICE-----------------------------
        This is a beta-test version.  Please report any crashes,
        apparent calculation errors, or other anomalous results.
        There are no restrictions on publication of results obtained
        with this version, but you should check the WWW site
        frequently for bug announcements and/or updated versions.  
        See the README file on the distribution media for details.
      ----------------------------------------------------------------

Data matrix exported to file "paup.fasta" in Phylip format.

Character-exclusion status changed:
  15 characters excluded
  Total number of characters now excluded = 15
  Number of included characters = 124

Data matrix exported to file "paup.nex" in Nexus (non-interleaved) format.

Outgroup status changed:
  1 taxon transferred to outgroup
  Total number of taxa now in outgroup = 1
  Number of ingroup taxa = 31

Optimality criterion set to distance.
   Forcing NJ tree to be compatible with constraint-tree "CONSTRE"

Neighbor-joining search settings:
  Ties (if encountered) will be broken systematically
  Distance measure = absolute
  15 characters are excluded
  (Tree is unrooted)

   Tree found by neighbor-joining method stored in tree buffer
   Time used = <1 sec (CPU time = 0.00 sec)

Neighbor-joining tree:

                                / Example D NJ1
          /---------------------+
          |                     \ D NJ1|AF269266
          |
          |                      / C|CR9
          |                     /+
          |                     |\ C|GD
          |             /-------+
          |             |       |/ CB3|EU009488
          |             |       \+
          |       /-----+        \ CB3|HB1043
       /--+       |     |
       |  |       |     \------ CPC1020106013|HE
       |  |       |
       |  |       |            / F|VS225
       |  |      /+          /-+
       |  |      ||          | \ F|7778B15
       |  |      || /--------+
       |  |      || |        \- 21|JQ679391
       |  |      |\-+
       |  \------+  |     /------------ Daruma|AB284065
       |         |  \-----+
       |         |        \-------- R54|AJ243525
       |         |
       |         \------------- UT118 AGP|HQ8455
       |
       |                                              / A|Orni
       |                                             /+
       |                                             |\ A|84 55
       |                                             |
       |                                             | / B|CP3
       |                                            /+ |
       |                                            || + B|Pi22
       |                                            || |
/------+                                            |\-+  / E|CPMN
|      |                                            |  |/-+
|      |                                            |  || \ E|01DC12
|      |                                            |  \+
|      |                                            |   |/ EB|EB
|      |                                            |   \+
|      |                                            |    \ EB|98AV2129
|      |                                            |
|      |                                            |/- M56|M56
|      |                                            ||
|      |                                           /++ 3A|EU682087
|      |                                           |||
|      |                                           ||\ 3A|60194
|      |                                           ||
|      |                                           ||/ Mat116|AB284058
|      |                                       /---+\+
|      |                                       |   | \ Mat116|CP002744
|      |                                       |   |
|      |                                       |   |       / 50 55|50338
|      | /-------------------------------------+   \-------+
|      | |                                     |           \ 50 55|55435
|      | |                                     |
|      \-+                                     \-------------- Pi21|KM609421
|        |
|        |         /------------------------ WC|AF269269
|        \---------+
|                  \----------------------- 1192|JQ679392
|
\--------------------------- CPX0308|AB284064

1 tree saved to file "~/rega-genotype/jobDir/1760467175/paup.tre"
   Forcing NJ tree to be compatible with constraint-tree "CONSTRE"

Bootstrap method with neighbor-joining search:
  Number of bootstrap replicates = 1000
  Starting seed = 178206959
  Ties (if encountered) will be broken randomly
  Distance measure = absolute
  15 characters are excluded
  (Tree is unrooted)

   Note: Ties were encountered in one or more replicates

   Time used for neighbor-joining bootstrap = <1 sec (CPU time = 0.40 sec)

Bootstrap 50% majority-rule consensus tree

                                                 /-------- Example D NJ1(1)
                /--------------100---------------+
                |                                \-------- D NJ1|AF269266(29)
                |
                |                                /-------- C|CR9(18)
                |                        /--100--+
                |                        |       \-------- C|GD(19)
                |                /--100--+
                |                |       |       /-------- CB3|EU009488(20)
        /--50---+                |       \--100--+
        |       |       /---88---+               \-------- CB3|HB1043(21)
        |       |       |        |
        |       |       |        \------------------------ CPC1020106013|HE(22)
        |       |       |
        |       |       |                        /-------- F|VS225(23)
        |       |       |                /--90---+
        |       |       |                |       \-------- F|7778B15(24)
        |       \--94---+------100-------+
        |               |                \---------------- 21|JQ679391(25)
        |               |
        |               |                        /-------- Daruma|AB284065(26)
        |               +-----------77-----------+
        |               |                        \-------- R54|AJ243525(28)
        |               |
        |               \--------------------------------- UT118 AGP|HQ8455(27)
        |
        |                                        /-------- A|Orni(2)
        |               /-----------96-----------+
        |               |                        \-------- A|84 55(3)
        |               |
        |               |                        /-------- B|CP3(4)
        |               |        /------99-------+
        |               |        |               \-------- B|Pi22(5)
        |               |        |
/-------+               +---52---+               /-------- E|CPMN(6)
|       |               |        |       /--100--+
|       |               |        |       |       \-------- E|01DC12(7)
|       |               |        \--55---+
|       |               |                |       /-------- EB|EB(8)
|       |               |                \--100--+
|       |       /--73---+                        \-------- EB|98AV2129(9)
|       |       |       |
|       |       |       +--------------------------------- M56|M56(10)
|       |       |       |
|       |       |       |                        /-------- 3A|EU682087(11)
|       |       |       +-----------82-----------+
|       |       |       |                        \-------- 3A|60194(12)
|       |       |       |
|       +--100--+       |                        /-------- Mat116|AB284058(13)
|       |       |       +-----------97-----------+
|       |       |       |                        \-------- Mat116|CP002744(14)
|       |       |       |
|       |       |       |                        /-------- 50 55|50338(16)
|       |       |       \----------100-----------+
|       |       |                                \-------- 50 55|55435(17)
|       |       |
|       |       \----------------------------------------- Pi21|KM609421(15)
|       |
|       |                                        /-------- WC|AF269269(30)
|       \-------------------92-------------------+
|                                                \-------- 1192|JQ679392(32)
|
\--------------------------------------------------------- CPX0308|AB284064(31)

Bipartitions found in one or more trees and frequency of occurrence (bootstrap
support values):

         1         2         3 3
12345678901234567890123456789012      Freq      %
-------------------------------------------------
.****************...............      1000 100.0%
...................**...........      1000 100.0%
.***************************.***      1000 100.0%
...............**...............      1000 100.0%
.................**.............      1000 100.0%
.................****...........      1000 100.0%
.......**.......................       999  99.9%
.....**.........................       998  99.8%
......................***.......       995  99.5%
...**...........................       994  99.4%
............**..................       966  96.6%
.**.............................       957  95.7%
.................***********....       940  94.0%
.............................*.*       922  92.2%
......................**........       901  90.1%
.................*****..........       881  88.1%
..........**....................       824  82.4%
.........................*.*....       770  77.0%
.*************.**...............       731  73.1%
.....****.......................       551  55.1%
...******.......................       524  52.4%
.****************............***       502  50.2%
.********.......................       466  46.6%
.****************............*.*       463  46.3%
.*************..................       456  45.6%
.........***....................       419  41.9%
......................****.*....       408  40.8%
.***************************.*.*       405  40.5%
............**.**...............       343  34.3%
......................******....       342  34.2%
.................*********.*....       315  31.5%
.........................***....       263  26.3%
.****...........................       258  25.8%
..........****..................       207  20.7%
.**************.................       204  20.4%
.............................***       204  20.4%
.........*****..................       199  19.9%
.................********.......       176  17.6%
.....****...**.**...............       167  16.7%
.****************.............*.       158  15.8%
.**.......**....................       153  15.3%
.........*****.**...............       147  14.7%
.****....***....................       144  14.4%
...****.........................       144  14.4%
......................****......       138  13.8%
.**......***....................       135  13.5%
.***************************....       126  12.6%
..........................**....       103  10.3%
...**..**.......................       101  10.1%
.********.****.**...............        95   9.5%
.........**.....................        94   9.4%
.....****...**..................        91   9.1%
.........*.*....................        82   8.2%
.***********....................        81   8.1%
.********.****..................        76   7.6%
.**......*****..................        76   7.6%
.********...**.**...............        75   7.5%
...******...**.**...............        70   7.0%
.................*****....*.....        69   6.9%
.................*****...***....        68   6.8%
.**.......****..................        65   6.5%
.................*********......        64   6.4%
.****.....**....................        62   6.2%
.................***********.*.*        58   5.8%
.......................**.......        58   5.8%
.................*****...*.*....        58   5.8%

188 groups at (relative) frequency less than 5% not shown
