
P A U P *
Portable version 4.0b10 for Unix
Sat Aug  8 09:26:14 2015

      -----------------------------NOTICE-----------------------------
        This is a beta-test version.  Please report any crashes,
        apparent calculation errors, or other anomalous results.
        There are no restrictions on publication of results obtained
        with this version, but you should check the WWW site
        frequently for bug announcements and/or updated versions.  
        See the README file on the distribution media for details.
      ----------------------------------------------------------------

Data matrix exported to file "paup.fasta" in Phylip format.

Character-exclusion status changed:
  1085 characters excluded
  Total number of characters now excluded = 1085
  Number of included characters = 124

Data matrix exported to file "paup.nex" in Nexus (non-interleaved) format.

Outgroup status changed:
  1 taxon transferred to outgroup
  Total number of taxa now in outgroup = 1
  Number of ingroup taxa = 31

Optimality criterion set to distance.
   Forcing NJ tree to be compatible with constraint-tree "CONSTRE"

Neighbor-joining search settings:
  Ties (if encountered) will be broken systematically
  Distance measure = absolute
  1085 characters are excluded
  (Tree is unrooted)

   Note: Ties were encountered; neighbor-joining tree may not be unique

   Tree found by neighbor-joining method stored in tree buffer
   Time used = <1 sec (CPU time = 0.00 sec)

Neighbor-joining tree:

                                                          / CP003792 ompA
                                                          |
                                                        /-+ E|CPMN
                                                        | |
                                                        | \ E|01DC12
                                                       /+
                                                       ||/ EB|EB
                                                       |\+
                                                      /+ \ EB|98AV2129
                                                      ||
                                                      |+ B|CP3
                                                      ||
                                                    /-+\ B|Pi22
                                                    | |
                                                    | + A|Orni
                                                    | |
                                                    | \ A|84 55
                                                    |
                                                    |/- M56|M56
                                                    ||
                                                    ++ 3A|EU682087
                                                   /+|
                                                   ||\ 3A|60194
                                                   ||
                                                   ||/ Mat116|AB284058
                                               /---+\+
                                               |   | \ Mat116|CP002744
                                               |   |
                                               |   |       / 50 55|50338
         /-------------------------------------+   \-------+
         |                                     |           \ 50 55|55435
         |                                     |
       /-+                                     \-------------- Pi21|KM609421
       | |
       | |         /------------------------- WC|AF269269
       | \---------+
       |           \----------------------- 1192|JQ679392
       |
       |                         / C|CR9
       |                        /+
       |                        |\ C|GD
       |                /-------+
       |                |       |/ CB3|EU009488
       |                |       \+
/------+          /-----+        \ CB3|HB1043
|      |          |     |
|      |          |     \------ CPC1020106013|HE
|      |          |
|      |          |            / F|VS225
|      |          |          /-+
|      |  /-------+          | \ F|7778B15
|      |  |       |  /-------+
|      |  |       |  |       \- 21|JQ679391
|      |  |       |/-+
|      |  |       || |    /------------ Daruma|AB284065
|      \--+       || \----+
|         |       \+      \-------- R54|AJ243525
|         |        |
|         |        \----------- UT118 AGP|HQ8455
|         |
|         \----------------------- D NJ1|AF269266
|
\--------------------------- CPX0308|AB284064

1 tree saved to file "~/rega-genotype/jobDir/1760467175/paup.tre"
   Forcing NJ tree to be compatible with constraint-tree "CONSTRE"

Bootstrap method with neighbor-joining search:
  Number of bootstrap replicates = 1000
  Starting seed = 1075876723
  Ties (if encountered) will be broken randomly
  Distance measure = absolute
  1085 characters are excluded
  (Tree is unrooted)

   Note: Ties were encountered in one or more replicates

   Time used for neighbor-joining bootstrap = <1 sec (CPU time = 0.42 sec)

Bootstrap 50% majority-rule consensus tree

                                                 /-------- CP003792 ompA(1)
                                                 |
                                         /--86---+-------- E|CPMN(6)
                                         |       |
                                         |       \-------- E|01DC12(7)
                                 /--55---+
                                 |       |       /-------- EB|EB(8)
                                 |       \--96---+
                        /---51---+               \-------- EB|98AV2129(9)
                        |        |
                        |        |               /-------- B|CP3(4)
                        |        \------95-------+
                        |                        \-------- B|Pi22(5)
                        |
                        |                        /-------- A|Orni(2)
                        +-----------96-----------+
                        |                        \-------- A|84 55(3)
                        |
                        +--------------------------------- M56|M56(10)
                /--71---+
                |       |                        /-------- 3A|EU682087(11)
                |       +-----------82-----------+
                |       |                        \-------- 3A|60194(12)
                |       |
                |       |                        /-------- Mat116|AB284058(13)
                |       +-----------93-----------+
        /--100--+       |                        \-------- Mat116|CP002744(14)
        |       |       |
        |       |       |                        /-------- 50 55|50338(16)
        |       |       \----------100-----------+
        |       |                                \-------- 50 55|55435(17)
        |       |
        |       \----------------------------------------- Pi21|KM609421(15)
        |
        |                                        /-------- C|CR9(18)
        |                                /--100--+
        |                                |       \-------- C|GD(19)
        |                        /--100--+
        |                        |       |       /-------- CB3|EU009488(20)
        |                        |       \--100--+
        |               /---88---+               \-------- CB3|HB1043(21)
        |               |        |
        |               |        \------------------------ CPC1020106013|HE(22)
/-------+               |
|       |               |                        /-------- F|VS225(23)
|       |               |                /--91---+
|       |               |                |       \-------- F|7778B15(24)
|       |       /--95---+-------99-------+
|       |       |       |                \---------------- 21|JQ679391(25)
|       |       |       |
|       |       |       |                        /-------- Daruma|AB284065(26)
|       |       |       +-----------75-----------+
|       +--51---+       |                        \-------- R54|AJ243525(28)
|       |       |       |
|       |       |       \--------------------------------- UT118 AGP|HQ8455(27)
|       |       |
|       |       \----------------------------------------- D NJ1|AF269266(29)
|       |
|       |                                        /-------- WC|AF269269(30)
|       \-------------------94-------------------+
|                                                \-------- 1192|JQ679392(32)
|
\--------------------------------------------------------- CPX0308|AB284064(31)

Bipartitions found in one or more trees and frequency of occurrence (bootstrap
support values):

         1         2         3 3
12345678901234567890123456789012      Freq      %
-------------------------------------------------
...............**...............      1000 100.0%
...................**...........      1000 100.0%
.................***************      1000 100.0%
.................****...........      1000 100.0%
.................**.............      1000 100.0%
......................***.......       991  99.1%
.......**.......................       964  96.4%
.**.............................       955  95.5%
...**...........................       950  95.0%
.................***********....       949  94.9%
.............................*.*       935  93.5%
............**..................       932  93.2%
......................**........       907  90.7%
.................*****..........       876  87.6%
.****..*************************       862  86.2%
..........**....................       821  82.1%
.........................*.*....       753  75.3%
..............*..***************       714  71.4%
.****....***********************       550  55.0%
.................************...       507  50.7%
.**......***********************       507  50.7%
.................************.*.       493  49.3%
.........***********************       453  45.3%
......................****.*....       428  42.8%
..............******************       415  41.5%
............................*.*.       409  40.9%
.........***....................       399  39.9%
.....**.........................       395  39.5%
............**.**...............       358  35.8%
.................*********.*....       342  34.2%
......................******....       340  34.0%
.*****.*************************       303  30.3%
.****.**************************       302  30.2%
.****...........................       268  26.8%
.........................***....       222  22.2%
.........*****..................       215  21.5%
...............*****************       215  21.5%
.****....***..*..***************       184  18.4%
.............................***       182  18.2%
..........****..................       171  17.1%
.**.......**....................       166  16.6%
.................********.......       157  15.7%
......................****......       155  15.5%
.................*************.*       152  15.2%
.**......***....................       144  14.4%
.**....*************************       134  13.4%
............................****       134  13.4%
.****....***....................       131  13.1%
.........*....*..***************       123  12.3%
.........*****.**...............       122  12.2%
.........***..*..***************       116  11.6%
..........................**....       102  10.2%
...**..**.......................        97   9.7%
.****....***..******************        95   9.5%
.........**.....................        92   9.2%
.........*.*....................        84   8.4%
.................*****....*.....        81   8.1%
.........*....******************        79   7.9%
.................*****...***....        72   7.2%
.**......*****..................        71   7.1%
.**......***..*..***************        66   6.6%
.****.....**....................        62   6.2%
............********************        62   6.2%
.....................****.......        58   5.8%
.................*****...*.*....        55   5.5%
.........*..**..................        54   5.4%
.................***********.*.*        53   5.3%
.**.......****..................        52   5.2%
.......................**.......        52   5.2%

220 groups at (relative) frequency less than 5% not shown
