
P A U P *
Portable version 4.0b10 for Unix
Sat Aug  8 09:26:15 2015

      -----------------------------NOTICE-----------------------------
        This is a beta-test version.  Please report any crashes,
        apparent calculation errors, or other anomalous results.
        There are no restrictions on publication of results obtained
        with this version, but you should check the WWW site
        frequently for bug announcements and/or updated versions.  
        See the README file on the distribution media for details.
      ----------------------------------------------------------------

Data matrix exported to file "paup.fasta" in Phylip format.

Character-exclusion status changed:
  1085 characters excluded
  Total number of characters now excluded = 1085
  Number of included characters = 124

Data matrix exported to file "paup.nex" in Nexus (non-interleaved) format.

Outgroup status changed:
  1 taxon transferred to outgroup
  Total number of taxa now in outgroup = 1
  Number of ingroup taxa = 31

Optimality criterion set to distance.
   Forcing NJ tree to be compatible with constraint-tree "CONSTRE"

Neighbor-joining search settings:
  Ties (if encountered) will be broken systematically
  Distance measure = absolute
  1085 characters are excluded
  (Tree is unrooted)

   Note: Ties were encountered; neighbor-joining tree may not be unique

   Tree found by neighbor-joining method stored in tree buffer
   Time used = <1 sec (CPU time = 0.00 sec)

Neighbor-joining tree:

                                                      / 84 55
                                                      |
                                                      + A|Orni
                                                      |
                                                      + A|84 55
                                                      |
                                                    /-+/ B|CP3
                                                    | ||
                                                    | |+ B|Pi22
                                                    | ||
                                                    | \+  / E|CPMN
                                                    |  |/-+
                                                    |  || \ E|01DC12
                                                    |  \+
                                                    |   | / EB|EB
                                                    |   \-+
                                                    |     \ EB|98AV2129
                                                    |
                                                    |/- M56|M56
                                                   /+|
                                                   |++ 3A|EU682087
                                                   |||
                                                   ||\ 3A|60194
                                                   ||
                                               /---+|/ Mat116|AB284058
                                               |   |\+
                                               |   | \ Mat116|CP002744
                                               |   |
         /-------------------------------------+   |       / 50 55|50338
         |                                     |   \-------+
         |                                     |           \ 50 55|55435
         |                                     |
       /-+                                     \-------------- Pi21|KM609421
       | |
       | |         /------------------------ WC|AF269269
       | \---------+
       |           \----------------------- 1192|JQ679392
       |
       |                         / C|CR9
       |                        /+
       |                        |\ C|GD
       |                /-------+
       |                |       |/ CB3|EU009488
       |                |       \+
/------+          /-----+        \ CB3|HB1043
|      |          |     |
|      |          |     \------ CPC1020106013|HE
|      |          |
|      |          |            / F|VS225
|      |          |          /-+
|      |  /-------+          | \ F|7778B15
|      |  |       |  /-------+
|      |  |       |  |       \- 21|JQ679391
|      |  |       |/-+
|      |  |       || |    /------------ Daruma|AB284065
|      \--+       || \----+
|         |       \+      \-------- R54|AJ243525
|         |        |
|         |        \----------- UT118 AGP|HQ8455
|         |
|         \----------------------- D NJ1|AF269266
|
\--------------------------- CPX0308|AB284064

1 tree saved to file "~/rega-genotype/jobDir/1760467175/paup.tre"
   Forcing NJ tree to be compatible with constraint-tree "CONSTRE"

Bootstrap method with neighbor-joining search:
  Number of bootstrap replicates = 1000
  Starting seed = 1434357726
  Ties (if encountered) will be broken randomly
  Distance measure = absolute
  1085 characters are excluded
  (Tree is unrooted)

   Note: Ties were encountered in one or more replicates

   Time used for neighbor-joining bootstrap = <1 sec (CPU time = 0.44 sec)

Bootstrap 50% majority-rule consensus tree

                                      /------------------- 84 55(1)
                                      |
                            /---59----+        /---------- A|Orni(2)
                            |         \---54---+
                            |                  \---------- A|84 55(3)
                            |
                            |                  /---------- B|CP3(4)
                            +--------89--------+
                            |                  \---------- B|Pi22(5)
                            |
                            |                  /---------- E|CPMN(6)
                            |         /---99---+
                            |         |        \---------- E|01DC12(7)
                            +---55----+
                            |         |        /---------- EB|EB(8)
                            |         \---99---+
                   /---73---+                  \---------- EB|98AV2129(9)
                   |        |
                   |        +----------------------------- M56|M56(10)
                   |        |
                   |        |                  /---------- 3A|EU682087(11)
                   |        +--------73--------+
                   |        |                  \---------- 3A|60194(12)
                   |        |
         /---100---+        |                  /---------- Mat116|AB284058(13)
         |         |        +--------91--------+
         |         |        |                  \---------- Mat116|CP002744(14)
         |         |        |
         |         |        |                  /---------- 50 55|50338(16)
         |         |        \-------100--------+
         |         |                           \---------- 50 55|55435(17)
         |         |
         |         \-------------------------------------- Pi21|KM609421(15)
         |
         |                                     /---------- C|CR9(18)
         |                            /--100---+
         |                            |        \---------- C|GD(19)
         |                  /---100---+
         |                  |         |        /---------- CB3|EU009488(20)
         |                  |         \--100---+
         |         /---87---+                  \---------- CB3|HB1043(21)
         |         |        |
/--------+         |        \----------------------------- CPC1020106013|HE(22)
|        |         |
|        |         |                           /---------- F|VS225(23)
|        |         |                  /---92---+
|        |         |                  |        \---------- F|7778B15(24)
|        +---96----+--------99--------+
|        |         |                  \------------------- 21|JQ679391(25)
|        |         |
|        |         |                           /---------- Daruma|AB284065(26)
|        |         +------------76-------------+
|        |         |                           \---------- R54|AJ243525(28)
|        |         |
|        |         \-------------------------------------- UT118 AGP|HQ8455(27)
|        |
|        +------------------------------------------------ D NJ1|AF269266(29)
|        |
|        |                                     /---------- WC|AF269269(30)
|        \-----------------93------------------+
|                                              \---------- 1192|JQ679392(32)
|
\--------------------------------------------------------- CPX0308|AB284064(31)

Bipartitions found in one or more trees and frequency of occurrence (bootstrap
support values):

         1         2         3 3
12345678901234567890123456789012      Freq      %
-------------------------------------------------
.................***************      1000 100.0%
...............**...............      1000 100.0%
...................**...........      1000 100.0%
.................****...........      1000 100.0%
.................**.............      1000 100.0%
......................***.......       990  99.0%
.....**.........................       989  98.9%
.......**.......................       989  98.9%
.................***********....       956  95.6%
.............................*.*       934  93.4%
......................**........       922  92.2%
............**..................       913  91.3%
...**...........................       888  88.8%
.................*****..........       866  86.6%
.........................*.*....       756  75.6%
..............*..***************       731  73.1%
..........**....................       727  72.7%
...*****************************       593  59.3%
.....****.......................       552  55.2%
.**.............................       542  54.2%
.................************...       496  49.6%
...******.......................       495  49.5%
.................************.*.       470  47.0%
.........***********************       450  45.0%
..............******************       429  42.9%
............................*.*.       411  41.1%
......................****.*....       409  40.9%
.........***....................       388  38.8%
............**.**...............       361  36.1%
......................******....       325  32.5%
.................*********.*....       324  32.4%
.....***************************       267  26.7%
.........................***....       253  25.3%
..******************************       218  21.8%
.*.*****************************       215  21.5%
...............*****************       208  20.8%
.........*****..................       194  19.4%
.....****...**.**...............       183  18.3%
.............................***       176  17.6%
..........****..................       174  17.4%
.................********.......       171  17.1%
.................*************.*       161  16.1%
.....****...********************       160  16.0%
...****.........................       141  14.1%
............................****       141  14.1%
......................****......       137  13.7%
.........*****.**...............       134  13.4%
.**..***************************       113  11.3%
...*******..********************       113  11.3%
...******...********************       108  10.8%
.........*....*..***************       106  10.6%
..........................**....       103  10.3%
.*********..********************       103  10.3%
...**..**.......................        98   9.8%
.........**.....................        96   9.6%
.....****...**..................        95   9.5%
.........***..*..***************        92   9.2%
.................*****....*.....        91   9.1%
.........*....******************        87   8.7%
.........*.*....................        77   7.7%
............********************        77   7.7%
...*******....******************        71   7.1%
...******.....******************        71   7.1%
.................***********.*.*        69   6.9%
.....................****.......        66   6.6%
.................*****...*.*....        61   6.1%
.....*****..********************        60   6.0%
...******...**.**...............        60   6.0%
.****...........................        59   5.9%
.................*********......        58   5.8%
.................*****...***....        58   5.8%
.**********.********************        56   5.6%
.**.****************************        53   5.3%
.........*..**..................        53   5.3%

242 groups at (relative) frequency less than 5% not shown
