
P A U P *
Portable version 4.0b10 for Unix
Sat Aug  8 11:22:08 2015

      -----------------------------NOTICE-----------------------------
        This is a beta-test version.  Please report any crashes,
        apparent calculation errors, or other anomalous results.
        There are no restrictions on publication of results obtained
        with this version, but you should check the WWW site
        frequently for bug announcements and/or updated versions.  
        See the README file on the distribution media for details.
      ----------------------------------------------------------------

Character-exclusion status changed:
  108 characters excluded
  Total number of characters now excluded = 108
  Number of included characters = 665

Data matrix exported to file "paup.nex" in Nexus (non-interleaved) format.

Outgroup status changed:
  1 taxon transferred to outgroup
  Total number of taxa now in outgroup = 1
  Number of ingroup taxa = 42

Optimality criterion set to distance.
   Forcing NJ tree to be compatible with constraint-tree "CONSTRE"

Neighbor-joining search settings:
  Ties (if encountered) will be broken systematically
  Distance measure = Tamura-Nei
  Rates assumed to follow gamma distribution with shape parameter = 0.4756
  108 characters are excluded
  (Tree is unrooted)

   Tree found by neighbor-joining method stored in tree buffer
   Time used = <1 sec (CPU time = 0.00 sec)

Neighbor-joining tree:

                                                        /- IDUSSA DQ005555
                                                        |
                                                        + Bl2
                                                        |
                                                      /-+-- HTLV04
                                                      | |
                                                      | |/- Qu1
                                                      | \+
                                                      |  \---- FNN100
                                                      |
                                                      |/--- TBH2
                                                      ||
                                                      ++/ CR1
                                                      |\+
                                                      | \-- Boi
                                                      |
                                                      +- Cam
                                                      |
                                                      +--- KUW1
                                                      |
                                                      + CMC
                                                      |
                                                      +------ 73RM
                                                     /+
                                                     |+--- TBH4
                                                     ||
                                                   /-+\- AINU
                                                   | |
                                                   | \ AMA
                                                   |
                                                  /+ /-- ATM
                                                  || |
                                                  || |/ MT4
                                                  |\-+|
                                                  |  ||/- ATK1
                                                  |  |||
                                                  |  \+|/- H5
                                                  |   |++
                                                /-+   ||\ BCI2
                                                | |   ||
                                                | |   \+- Ni1
                                                | |    |
                                                | |    \ ATLYS
                                                | |
                                               /+ +- Bl1
                                               || |
                                               || \ RKI4
                                               ||
                                               ||/ OD
                                               |||
                                         /-----+\+ /-- BO
                                         |     | \-+
                                         |     |   \- Pr52
                                         |     |
                                         |     |/------ HS35
                             /-----------+     \+
                             |           |      \-------------- GH78
                             |           |
                             |           |      /----------- H23
                   /.........+           \------+
                   |         |                  \------------- pyg19
                   |         |
                   |         \-------------------------- Mel5
                   |
/------------------+----------- Efe1
|                  |
|                  | /--------------- Lib2
|                  | |
|                  | |     /-- MOMJ
|                  | |     |
|                  | |     +--- ITIS
|                  \-+  /--+
|                    |  |  \ MWMG
|                    |  |
|                    |  |/-- GB233
|                    \--+|
|                       ||   /- PH236
|                       ||/--+
|                       \+|  \--- T49
|                        ++
|                        |\------ H24
|                        |
|                        \-------- GAB7
|
\------------------------------------------ TE4

1 tree saved to file "~/rega-genotype/jobDir/1663951266/paup.tre"
   Forcing NJ tree to be compatible with constraint-tree "CONSTRE"

Bootstrap method with neighbor-joining search:
  Number of bootstrap replicates = 100
  Starting seed = 1559475816
  Ties (if encountered) will be broken randomly
  Distance measure = Tamura-Nei
  Rates assumed to follow gamma distribution with shape parameter = 0.4756
  108 characters are excluded
  (Tree is unrooted)

   Note: Ties were encountered in one or more replicates

   Time used for neighbor-joining bootstrap = <1 sec (CPU time = 0.17 sec)

Bootstrap 50% majority-rule consensus tree

                                                 /--------- IDUSSA DQ005555(1)
                                                 |
                                                 +--------- Bl2(40)
                                                 |
                                             /--70--------- HTLV04(41)
                                             |   |
                                             |   |    /---- Qu1(42)
                                             |   \---51
                                        /---52        \---- FNN100(43)
                                        |    |
                                        |    |   /--------- TBH2(37)
                                        |    |   |
                                        |    \--61    /---- CR1(38)
                                        |        \---79
                                        |             \---- Boi(39)
                                        |
                                        |             /---- TBH4(31)
                                    /--53------------51
                                    |   |             \---- AINU(32)
                                    |   |
                                    |   +------------------ 73RM(33)
                                    |   |
                                    |   +------------------ CMC(34)
                               /--100   |
                               |    |   +------------------ KUW1(35)
                               |    |   |
                               |    |   \------------------ Cam(36)
                               |    |
                           /--51    \---------------------- AMA(30)
                           |   |
                           |   |        /------------------ ATM(23)
                           |   |        |
                           |   |        |    /------------- MT4(24)
                           |   \------100    |
                           |            |    |   /--------- ATK1(25)
                           |            \---80   |
                           |                 |   +--------- ATLYS(26)
                      /---68                 |   |
                      |    |                 \--75--------- Ni1(27)
                      |    |                     |
                      |    |                     |    /---- H5(28)
                      |    |                     \---64
                      |    |                          \---- BCI2(29)
                      |    |
                  /--86    |                          /---- Bl1(21)
                  |   |    \------------------------100
                  |   |                               \---- RKI4(22)
                  |   |
                  |   |                          /--------- OD(18)
                  |   |                          |
             /---93   \------------------------100    /---- BO(19)
             |    |                              \---98
             |    |                                   \---- Pr52(20)
             |    |
             |    |                                   /---- HS35(16)
         /-100    \---------------------------------100
         |   |                                        \---- GH78(17)
         |   |
         |   |                                        /---- H23(14)
    /--100   \--------------------------------------100
    |    |                                            \---- pyg19(15)
    |    |
    |    \------------------------------------------------- Mel5(2)
    |
/-100                               /---------------------- Efe1(4)
|   |                               |
|   |                               |   /------------------ Lib2(5)
|   |                               |   |
|   \-----------------------------100   |        /--------- MOMJ(6)
|                                   |   |        |
|                                   |   |    /--81    /---- ITIS(7)
|                                   \-100    |   \---55
|                                       |    |        \---- MWMG(8)
|                                       |    |
|                                       |    +------------- GB233(9)
|                                       |    |
|                                       \--100        /---- PH236(10)
|                                            +-------99
|                                            |        \---- T49(11)
|                                            |
|                                            +------------- H24(12)
|                                            |
|                                            \------------- GAB7(13)
|
\---------------------------------------------------------- TE4(3)

Bipartitions found in one or more trees and frequency of occurrence (bootstrap
support values):

         1         2         3         4  4
1234567890123456789012345678901234567890123      Freq
-----------------------------------------------------
.............**............................       100
....................**.....................       100
..***********..............................       100
.****************************..............       100
......................*******..............       100
....*********..............................       100
...**********..............................       100
.....********..............................       100
...............**..........................       100
.................***.......................       100
.************..............................       100
.........**................................        99
..................**.......................        98
.**************............................        93
.****************..........................        86
.....***...................................        81
.......................******..............        80
.....................................**....        79
........................*****..............        75
.**************************************....        70
.*******************.......................        68
...........................**..............        64
....................................***....        61
......**...................................        55
.*****************************.............        53
.***********************************.......        52
.........................................**        51
.*********************.....................        51
..............................**...........        51
........***................................        43
.*******************..*******..............        40
........................................***        38
........*****..............................        37
........................................*.*        37
........................*.***..............        37
.********************************..........        34
.****************************...*..........        33
.******************************............        32
........................*..**..............        32
.........................****..............        31
.....***.****..............................        30
..........................***..............        30
...........**..............................        29
.**************************************.***        29
.*****************************..*..........        29
.*******************************...........        28
.....**....................................        26
.****************...**.....................        25
.........****..............................        24
.........***...............................        21
.******************************.*..........        21
.....******................................        21
.**************************************.*..        21
.****************************************.*        17
.....***.**................................        17
....................................***.*..        17
..................................**.......        17
.....*******...............................        16
.**********************************........        16
.********************************.*........        16
.............................**............        16
......*....*...............................        16
.................***..*******..............        15
........****...............................        15
........................*.**...............        14
.....***.***...............................        14
.**************************************.*.*        14
.....*.*...................................        13
..........................**...............        12
.****************************************..        12
..............................**...*.......        11
.**********************************.***....        11
...............*****.......................        11
..............................**.***.......        11
.......................*.****..............        11
......................*.*****..............        11
........................**.**..............        11
.***************************************...        10
........................*.*................        10
........................*..*...............        10
.....***...*...............................        10
.......................................*.**         9
....................................*.*....         9
.********************************.**.......         9
.******************************.*.*........         8
...............................*...*.......         8
..............................**.*.*.......         8
..............................*....*.......         7
.......................**.***..............         7
.................................**........         7
..........................*.*..............         6
.***************************************.*.         6
....................................***.***         6
....................................***.*.*         6
.................................*..*......         5
.**************************************..*.         5
.....*.****................................         5
.......................................****         5
.*****************************..*.*........         5
.................................***.......         5
.........**.*..............................         5
.............****..........................         5
........................****...............         5
..............................**.*.........         5
.............................***.***.......         5

245 groups at (relative) frequency less than 5% not shown
