
========================[ Apr 20, 2015 10:31 AM ]========================
Version 2.2.11 [Jun-05-2005]
Started database file "C:\Users\murilo.freire\Documents\rega-genotype\rega-genotype\xml\HIV\1360533170\db.fasta"
WARNING: [000.000] Sequence number 1 (lcl|H1M_B.FR.83.HXB2_K03455), 640 illegal characters were removed:


WARNING: [000.000] Sequence number 2 (lcl|H1N.CM.95.YBF30_AJ006022), 1177 illegal characters were removed:


WARNING: [000.000] Sequence number 3 (lcl|H1O.BE.87.ANT70_L20587), 605 illegal characters were removed:
93 -s

WARNING: [000.000] Sequence number 4 (lcl|H1O.CM.91.MVP5180_L20571), 566 illegal characters were removed:
54 -s

WARNING: [000.000] Sequence number 5 (lcl|H2A.GW.-.ALI_AF082339), 6 illegal characters were removed:
6 -s

WARNING: [000.000] Sequence number 7 (lcl|H2A.SN.-.ST_M31113), 687 illegal characters were removed:


WARNING: [000.000] Sequence number 8 (lcl|H2B.GH.86.D205_X16109), 381 illegal characters were removed:
125 -s

WARNING: [000.000] Sequence number 9 (lcl|H2B.CI.-.EHO_U27200), 117 illegal characters were removed:
117 -s

WARNING: [000.000] Sequence number 10 (lcl|H2G.CI.-.ABT96_AF208027), 760 illegal characters were removed:


WARNING: [000.000] Sequence number 11 (lcl|H2U.FR.96.12034_AY530889), 752 illegal characters were removed:


Formatted 11 sequences in volume 0

========================[ Apr 20, 2015 10:34 AM ]========================
Version 2.2.11 [Jun-05-2005]
Started database file "C:\Users\murilo.freire\Documents\rega-genotype\rega-genotype\xml\HIV\1360533170\db.fasta"
WARNING: [000.000] Sequence number 1 (lcl|H1M_B.FR.83.HXB2_K03455), 640 illegal characters were removed:


WARNING: [000.000] Sequence number 2 (lcl|H1N.CM.95.YBF30_AJ006022), 1177 illegal characters were removed:


WARNING: [000.000] Sequence number 3 (lcl|H1O.BE.87.ANT70_L20587), 605 illegal characters were removed:
93 -s

WARNING: [000.000] Sequence number 4 (lcl|H1O.CM.91.MVP5180_L20571), 566 illegal characters were removed:
54 -s

WARNING: [000.000] Sequence number 5 (lcl|H2A.GW.-.ALI_AF082339), 6 illegal characters were removed:
6 -s

WARNING: [000.000] Sequence number 7 (lcl|H2A.SN.-.ST_M31113), 687 illegal characters were removed:


WARNING: [000.000] Sequence number 8 (lcl|H2B.GH.86.D205_X16109), 381 illegal characters were removed:
125 -s

WARNING: [000.000] Sequence number 9 (lcl|H2B.CI.-.EHO_U27200), 117 illegal characters were removed:
117 -s

WARNING: [000.000] Sequence number 10 (lcl|H2G.CI.-.ABT96_AF208027), 760 illegal characters were removed:


WARNING: [000.000] Sequence number 11 (lcl|H2U.FR.96.12034_AY530889), 752 illegal characters were removed:


Formatted 11 sequences in volume 0

========================[ Apr 20, 2015 10:36 AM ]========================
Version 2.2.11 [Jun-05-2005]
Started database file "C:\Users\murilo.freire\Documents\rega-genotype\rega-genotype\xml\HIV\1360533170\db.fasta"
WARNING: [000.000] Sequence number 1 (lcl|H1M_B.FR.83.HXB2_K03455), 640 illegal characters were removed:


WARNING: [000.000] Sequence number 2 (lcl|H1N.CM.95.YBF30_AJ006022), 1177 illegal characters were removed:


WARNING: [000.000] Sequence number 3 (lcl|H1O.BE.87.ANT70_L20587), 605 illegal characters were removed:
93 -s

WARNING: [000.000] Sequence number 4 (lcl|H1O.CM.91.MVP5180_L20571), 566 illegal characters were removed:
54 -s

WARNING: [000.000] Sequence number 5 (lcl|H2A.GW.-.ALI_AF082339), 6 illegal characters were removed:
6 -s

WARNING: [000.000] Sequence number 7 (lcl|H2A.SN.-.ST_M31113), 687 illegal characters were removed:


WARNING: [000.000] Sequence number 8 (lcl|H2B.GH.86.D205_X16109), 381 illegal characters were removed:
125 -s

WARNING: [000.000] Sequence number 9 (lcl|H2B.CI.-.EHO_U27200), 117 illegal characters were removed:
117 -s

WARNING: [000.000] Sequence number 10 (lcl|H2G.CI.-.ABT96_AF208027), 760 illegal characters were removed:


WARNING: [000.000] Sequence number 11 (lcl|H2U.FR.96.12034_AY530889), 752 illegal characters were removed:


Formatted 11 sequences in volume 0

========================[ Apr 20, 2015 10:39 AM ]========================
Version 2.2.11 [Jun-05-2005]
Started database file "C:\Users\murilo.freire\Documents\rega-genotype\rega-genotype\xml\HIV\1360533170\db.fasta"
WARNING: [000.000] Sequence number 1 (lcl|H1M_B.FR.83.HXB2_K03455), 640 illegal characters were removed:


WARNING: [000.000] Sequence number 2 (lcl|H1N.CM.95.YBF30_AJ006022), 1177 illegal characters were removed:


WARNING: [000.000] Sequence number 3 (lcl|H1O.BE.87.ANT70_L20587), 605 illegal characters were removed:
93 -s

WARNING: [000.000] Sequence number 4 (lcl|H1O.CM.91.MVP5180_L20571), 566 illegal characters were removed:
54 -s

WARNING: [000.000] Sequence number 5 (lcl|H2A.GW.-.ALI_AF082339), 6 illegal characters were removed:
6 -s

WARNING: [000.000] Sequence number 7 (lcl|H2A.SN.-.ST_M31113), 687 illegal characters were removed:


WARNING: [000.000] Sequence number 8 (lcl|H2B.GH.86.D205_X16109), 381 illegal characters were removed:
125 -s

WARNING: [000.000] Sequence number 9 (lcl|H2B.CI.-.EHO_U27200), 117 illegal characters were removed:
117 -s

WARNING: [000.000] Sequence number 10 (lcl|H2G.CI.-.ABT96_AF208027), 760 illegal characters were removed:


WARNING: [000.000] Sequence number 11 (lcl|H2U.FR.96.12034_AY530889), 752 illegal characters were removed:


Formatted 11 sequences in volume 0

========================[ Apr 20, 2015 10:42 AM ]========================
Version 2.2.11 [Jun-05-2005]
Started database file "C:\Users\murilo.freire\Documents\rega-genotype\rega-genotype\xml\HIV\1360533170\db.fasta"
WARNING: [000.000] Sequence number 1 (lcl|H1M_B.FR.83.HXB2_K03455), 640 illegal characters were removed:


WARNING: [000.000] Sequence number 2 (lcl|H1N.CM.95.YBF30_AJ006022), 1177 illegal characters were removed:


WARNING: [000.000] Sequence number 3 (lcl|H1O.BE.87.ANT70_L20587), 605 illegal characters were removed:
93 -s

WARNING: [000.000] Sequence number 4 (lcl|H1O.CM.91.MVP5180_L20571), 566 illegal characters were removed:
54 -s

WARNING: [000.000] Sequence number 5 (lcl|H2A.GW.-.ALI_AF082339), 6 illegal characters were removed:
6 -s

WARNING: [000.000] Sequence number 7 (lcl|H2A.SN.-.ST_M31113), 687 illegal characters were removed:


WARNING: [000.000] Sequence number 8 (lcl|H2B.GH.86.D205_X16109), 381 illegal characters were removed:
125 -s

WARNING: [000.000] Sequence number 9 (lcl|H2B.CI.-.EHO_U27200), 117 illegal characters were removed:
117 -s

WARNING: [000.000] Sequence number 10 (lcl|H2G.CI.-.ABT96_AF208027), 760 illegal characters were removed:


WARNING: [000.000] Sequence number 11 (lcl|H2U.FR.96.12034_AY530889), 752 illegal characters were removed:


Formatted 11 sequences in volume 0

========================[ Apr 20, 2015 10:45 AM ]========================
Version 2.2.11 [Jun-05-2005]
Started database file "C:\Users\murilo.freire\Documents\rega-genotype\rega-genotype\xml\HIV\1360533170\db.fasta"
WARNING: [000.000] Sequence number 1 (lcl|H1M_B.FR.83.HXB2_K03455), 640 illegal characters were removed:


WARNING: [000.000] Sequence number 2 (lcl|H1N.CM.95.YBF30_AJ006022), 1177 illegal characters were removed:


WARNING: [000.000] Sequence number 3 (lcl|H1O.BE.87.ANT70_L20587), 605 illegal characters were removed:
93 -s

WARNING: [000.000] Sequence number 4 (lcl|H1O.CM.91.MVP5180_L20571), 566 illegal characters were removed:
54 -s

WARNING: [000.000] Sequence number 5 (lcl|H2A.GW.-.ALI_AF082339), 6 illegal characters were removed:
6 -s

WARNING: [000.000] Sequence number 7 (lcl|H2A.SN.-.ST_M31113), 687 illegal characters were removed:


WARNING: [000.000] Sequence number 8 (lcl|H2B.GH.86.D205_X16109), 381 illegal characters were removed:
125 -s

WARNING: [000.000] Sequence number 9 (lcl|H2B.CI.-.EHO_U27200), 117 illegal characters were removed:
117 -s

WARNING: [000.000] Sequence number 10 (lcl|H2G.CI.-.ABT96_AF208027), 760 illegal characters were removed:


WARNING: [000.000] Sequence number 11 (lcl|H2U.FR.96.12034_AY530889), 752 illegal characters were removed:


Formatted 11 sequences in volume 0

========================[ Apr 20, 2015 10:47 AM ]========================
Version 2.2.11 [Jun-05-2005]
Started database file "C:\Users\murilo.freire\Documents\rega-genotype\rega-genotype\xml\HIV\1360533170\db.fasta"
WARNING: [000.000] Sequence number 1 (lcl|H1M_B.FR.83.HXB2_K03455), 640 illegal characters were removed:


WARNING: [000.000] Sequence number 2 (lcl|H1N.CM.95.YBF30_AJ006022), 1177 illegal characters were removed:


WARNING: [000.000] Sequence number 3 (lcl|H1O.BE.87.ANT70_L20587), 605 illegal characters were removed:
93 -s

WARNING: [000.000] Sequence number 4 (lcl|H1O.CM.91.MVP5180_L20571), 566 illegal characters were removed:
54 -s

WARNING: [000.000] Sequence number 5 (lcl|H2A.GW.-.ALI_AF082339), 6 illegal characters were removed:
6 -s

WARNING: [000.000] Sequence number 7 (lcl|H2A.SN.-.ST_M31113), 687 illegal characters were removed:


WARNING: [000.000] Sequence number 8 (lcl|H2B.GH.86.D205_X16109), 381 illegal characters were removed:
125 -s

WARNING: [000.000] Sequence number 9 (lcl|H2B.CI.-.EHO_U27200), 117 illegal characters were removed:
117 -s

WARNING: [000.000] Sequence number 10 (lcl|H2G.CI.-.ABT96_AF208027), 760 illegal characters were removed:


WARNING: [000.000] Sequence number 11 (lcl|H2U.FR.96.12034_AY530889), 752 illegal characters were removed:


Formatted 11 sequences in volume 0

========================[ Apr 20, 2015 10:50 AM ]========================
Version 2.2.11 [Jun-05-2005]
Started database file "C:\Users\murilo.freire\Documents\rega-genotype\rega-genotype\xml\HIV\1360533170\db.fasta"
WARNING: [000.000] Sequence number 1 (lcl|H1M_B.FR.83.HXB2_K03455), 640 illegal characters were removed:


WARNING: [000.000] Sequence number 2 (lcl|H1N.CM.95.YBF30_AJ006022), 1177 illegal characters were removed:


WARNING: [000.000] Sequence number 3 (lcl|H1O.BE.87.ANT70_L20587), 605 illegal characters were removed:
93 -s

WARNING: [000.000] Sequence number 4 (lcl|H1O.CM.91.MVP5180_L20571), 566 illegal characters were removed:
54 -s

WARNING: [000.000] Sequence number 5 (lcl|H2A.GW.-.ALI_AF082339), 6 illegal characters were removed:
6 -s

WARNING: [000.000] Sequence number 7 (lcl|H2A.SN.-.ST_M31113), 687 illegal characters were removed:


WARNING: [000.000] Sequence number 8 (lcl|H2B.GH.86.D205_X16109), 381 illegal characters were removed:
125 -s

WARNING: [000.000] Sequence number 9 (lcl|H2B.CI.-.EHO_U27200), 117 illegal characters were removed:
117 -s

WARNING: [000.000] Sequence number 10 (lcl|H2G.CI.-.ABT96_AF208027), 760 illegal characters were removed:


WARNING: [000.000] Sequence number 11 (lcl|H2U.FR.96.12034_AY530889), 752 illegal characters were removed:


Formatted 11 sequences in volume 0

========================[ Apr 20, 2015 10:52 AM ]========================
Version 2.2.11 [Jun-05-2005]
Started database file "C:\Users\murilo.freire\Documents\rega-genotype\rega-genotype\xml\HIV\1360533170\db.fasta"
WARNING: [000.000] Sequence number 1 (lcl|H1M_B.FR.83.HXB2_K03455), 640 illegal characters were removed:


WARNING: [000.000] Sequence number 2 (lcl|H1N.CM.95.YBF30_AJ006022), 1177 illegal characters were removed:


WARNING: [000.000] Sequence number 3 (lcl|H1O.BE.87.ANT70_L20587), 605 illegal characters were removed:
93 -s

WARNING: [000.000] Sequence number 4 (lcl|H1O.CM.91.MVP5180_L20571), 566 illegal characters were removed:
54 -s

WARNING: [000.000] Sequence number 5 (lcl|H2A.GW.-.ALI_AF082339), 6 illegal characters were removed:
6 -s

WARNING: [000.000] Sequence number 7 (lcl|H2A.SN.-.ST_M31113), 687 illegal characters were removed:


WARNING: [000.000] Sequence number 8 (lcl|H2B.GH.86.D205_X16109), 381 illegal characters were removed:
125 -s

WARNING: [000.000] Sequence number 9 (lcl|H2B.CI.-.EHO_U27200), 117 illegal characters were removed:
117 -s

WARNING: [000.000] Sequence number 10 (lcl|H2G.CI.-.ABT96_AF208027), 760 illegal characters were removed:


WARNING: [000.000] Sequence number 11 (lcl|H2U.FR.96.12034_AY530889), 752 illegal characters were removed:


Formatted 11 sequences in volume 0

========================[ Apr 20, 2015 10:55 AM ]========================
Version 2.2.11 [Jun-05-2005]
Started database file "C:\Users\murilo.freire\Documents\rega-genotype\rega-genotype\xml\HIV\1360533170\db.fasta"
WARNING: [000.000] Sequence number 1 (lcl|H1M_B.FR.83.HXB2_K03455), 640 illegal characters were removed:


WARNING: [000.000] Sequence number 2 (lcl|H1N.CM.95.YBF30_AJ006022), 1177 illegal characters were removed:


WARNING: [000.000] Sequence number 3 (lcl|H1O.BE.87.ANT70_L20587), 605 illegal characters were removed:
93 -s

WARNING: [000.000] Sequence number 4 (lcl|H1O.CM.91.MVP5180_L20571), 566 illegal characters were removed:
54 -s

WARNING: [000.000] Sequence number 5 (lcl|H2A.GW.-.ALI_AF082339), 6 illegal characters were removed:
6 -s

WARNING: [000.000] Sequence number 7 (lcl|H2A.SN.-.ST_M31113), 687 illegal characters were removed:


WARNING: [000.000] Sequence number 8 (lcl|H2B.GH.86.D205_X16109), 381 illegal characters were removed:
125 -s

WARNING: [000.000] Sequence number 9 (lcl|H2B.CI.-.EHO_U27200), 117 illegal characters were removed:
117 -s

WARNING: [000.000] Sequence number 10 (lcl|H2G.CI.-.ABT96_AF208027), 760 illegal characters were removed:


WARNING: [000.000] Sequence number 11 (lcl|H2U.FR.96.12034_AY530889), 752 illegal characters were removed:


Formatted 11 sequences in volume 0

========================[ Apr 20, 2015 10:58 AM ]========================
Version 2.2.11 [Jun-05-2005]
Started database file "C:\Users\murilo.freire\Documents\rega-genotype\rega-genotype\xml\HIV\1360533170\db.fasta"
WARNING: [000.000] Sequence number 1 (lcl|H1M_B.FR.83.HXB2_K03455), 640 illegal characters were removed:


WARNING: [000.000] Sequence number 2 (lcl|H1N.CM.95.YBF30_AJ006022), 1177 illegal characters were removed:


WARNING: [000.000] Sequence number 3 (lcl|H1O.BE.87.ANT70_L20587), 605 illegal characters were removed:
93 -s

WARNING: [000.000] Sequence number 4 (lcl|H1O.CM.91.MVP5180_L20571), 566 illegal characters were removed:
54 -s

WARNING: [000.000] Sequence number 5 (lcl|H2A.GW.-.ALI_AF082339), 6 illegal characters were removed:
6 -s

WARNING: [000.000] Sequence number 7 (lcl|H2A.SN.-.ST_M31113), 687 illegal characters were removed:


WARNING: [000.000] Sequence number 8 (lcl|H2B.GH.86.D205_X16109), 381 illegal characters were removed:
125 -s

WARNING: [000.000] Sequence number 9 (lcl|H2B.CI.-.EHO_U27200), 117 illegal characters were removed:
117 -s

WARNING: [000.000] Sequence number 10 (lcl|H2G.CI.-.ABT96_AF208027), 760 illegal characters were removed:


WARNING: [000.000] Sequence number 11 (lcl|H2U.FR.96.12034_AY530889), 752 illegal characters were removed:


Formatted 11 sequences in volume 0

========================[ Apr 20, 2015 10:58 AM ]========================
Version 2.2.11 [Jun-05-2005]
Started database file "C:\Users\murilo.freire\Documents\rega-genotype\rega-genotype\xml\HIV\1360533170\db.fasta"
WARNING: [000.000] Sequence number 1 (lcl|H1M_B.FR.83.HXB2_K03455), 640 illegal characters were removed:


WARNING: [000.000] Sequence number 2 (lcl|H1N.CM.95.YBF30_AJ006022), 1177 illegal characters were removed:


WARNING: [000.000] Sequence number 3 (lcl|H1O.BE.87.ANT70_L20587), 605 illegal characters were removed:
93 -s

WARNING: [000.000] Sequence number 4 (lcl|H1O.CM.91.MVP5180_L20571), 566 illegal characters were removed:
54 -s

WARNING: [000.000] Sequence number 5 (lcl|H2A.GW.-.ALI_AF082339), 6 illegal characters were removed:
6 -s

WARNING: [000.000] Sequence number 7 (lcl|H2A.SN.-.ST_M31113), 687 illegal characters were removed:


WARNING: [000.000] Sequence number 8 (lcl|H2B.GH.86.D205_X16109), 381 illegal characters were removed:
125 -s

WARNING: [000.000] Sequence number 9 (lcl|H2B.CI.-.EHO_U27200), 117 illegal characters were removed:
117 -s

WARNING: [000.000] Sequence number 10 (lcl|H2G.CI.-.ABT96_AF208027), 760 illegal characters were removed:


WARNING: [000.000] Sequence number 11 (lcl|H2U.FR.96.12034_AY530889), 752 illegal characters were removed:


Formatted 11 sequences in volume 0

========================[ Apr 20, 2015 10:58 AM ]========================
Version 2.2.11 [Jun-05-2005]
Started database file "C:\Users\murilo.freire\Documents\rega-genotype\rega-genotype\xml\HIV\1360533170\db.fasta"
WARNING: [000.000] Sequence number 1 (lcl|H1M_B.FR.83.HXB2_K03455), 640 illegal characters were removed:


WARNING: [000.000] Sequence number 2 (lcl|H1N.CM.95.YBF30_AJ006022), 1177 illegal characters were removed:


WARNING: [000.000] Sequence number 3 (lcl|H1O.BE.87.ANT70_L20587), 605 illegal characters were removed:
93 -s

WARNING: [000.000] Sequence number 4 (lcl|H1O.CM.91.MVP5180_L20571), 566 illegal characters were removed:
54 -s

WARNING: [000.000] Sequence number 5 (lcl|H2A.GW.-.ALI_AF082339), 6 illegal characters were removed:
6 -s

WARNING: [000.000] Sequence number 7 (lcl|H2A.SN.-.ST_M31113), 687 illegal characters were removed:


WARNING: [000.000] Sequence number 8 (lcl|H2B.GH.86.D205_X16109), 381 illegal characters were removed:
125 -s

WARNING: [000.000] Sequence number 9 (lcl|H2B.CI.-.EHO_U27200), 117 illegal characters were removed:
117 -s

WARNING: [000.000] Sequence number 10 (lcl|H2G.CI.-.ABT96_AF208027), 760 illegal characters were removed:


WARNING: [000.000] Sequence number 11 (lcl|H2U.FR.96.12034_AY530889), 752 illegal characters were removed:


Formatted 11 sequences in volume 0

========================[ Apr 20, 2015 10:58 AM ]========================
Version 2.2.11 [Jun-05-2005]
Started database file "C:\Users\murilo.freire\Documents\rega-genotype\rega-genotype\xml\HIV\1360533170\db.fasta"
WARNING: [000.000] Sequence number 1 (lcl|H1M_B.FR.83.HXB2_K03455), 640 illegal characters were removed:


WARNING: [000.000] Sequence number 2 (lcl|H1N.CM.95.YBF30_AJ006022), 1177 illegal characters were removed:


WARNING: [000.000] Sequence number 3 (lcl|H1O.BE.87.ANT70_L20587), 605 illegal characters were removed:
93 -s

WARNING: [000.000] Sequence number 4 (lcl|H1O.CM.91.MVP5180_L20571), 566 illegal characters were removed:
54 -s

WARNING: [000.000] Sequence number 5 (lcl|H2A.GW.-.ALI_AF082339), 6 illegal characters were removed:
6 -s

WARNING: [000.000] Sequence number 7 (lcl|H2A.SN.-.ST_M31113), 687 illegal characters were removed:


WARNING: [000.000] Sequence number 8 (lcl|H2B.GH.86.D205_X16109), 381 illegal characters were removed:
125 -s

WARNING: [000.000] Sequence number 9 (lcl|H2B.CI.-.EHO_U27200), 117 illegal characters were removed:
117 -s

WARNING: [000.000] Sequence number 10 (lcl|H2G.CI.-.ABT96_AF208027), 760 illegal characters were removed:


WARNING: [000.000] Sequence number 11 (lcl|H2U.FR.96.12034_AY530889), 752 illegal characters were removed:


Formatted 11 sequences in volume 0

========================[ Apr 20, 2015 10:58 AM ]========================
Version 2.2.11 [Jun-05-2005]
Started database file "C:\Users\murilo.freire\Documents\rega-genotype\rega-genotype\xml\HIV\1360533170\db.fasta"
WARNING: [000.000] Sequence number 1 (lcl|H1M_B.FR.83.HXB2_K03455), 640 illegal characters were removed:


WARNING: [000.000] Sequence number 2 (lcl|H1N.CM.95.YBF30_AJ006022), 1177 illegal characters were removed:


WARNING: [000.000] Sequence number 3 (lcl|H1O.BE.87.ANT70_L20587), 605 illegal characters were removed:
93 -s

WARNING: [000.000] Sequence number 4 (lcl|H1O.CM.91.MVP5180_L20571), 566 illegal characters were removed:
54 -s

WARNING: [000.000] Sequence number 5 (lcl|H2A.GW.-.ALI_AF082339), 6 illegal characters were removed:
6 -s

WARNING: [000.000] Sequence number 7 (lcl|H2A.SN.-.ST_M31113), 687 illegal characters were removed:


WARNING: [000.000] Sequence number 8 (lcl|H2B.GH.86.D205_X16109), 381 illegal characters were removed:
125 -s

WARNING: [000.000] Sequence number 9 (lcl|H2B.CI.-.EHO_U27200), 117 illegal characters were removed:
117 -s

WARNING: [000.000] Sequence number 10 (lcl|H2G.CI.-.ABT96_AF208027), 760 illegal characters were removed:


WARNING: [000.000] Sequence number 11 (lcl|H2U.FR.96.12034_AY530889), 752 illegal characters were removed:


Formatted 11 sequences in volume 0

========================[ Apr 20, 2015 10:59 AM ]========================
Version 2.2.11 [Jun-05-2005]
Started database file "C:\Users\murilo.freire\Documents\rega-genotype\rega-genotype\xml\HIV\1360533170\db.fasta"
WARNING: [000.000] Sequence number 1 (lcl|H1M_B.FR.83.HXB2_K03455), 640 illegal characters were removed:


WARNING: [000.000] Sequence number 2 (lcl|H1N.CM.95.YBF30_AJ006022), 1177 illegal characters were removed:


WARNING: [000.000] Sequence number 3 (lcl|H1O.BE.87.ANT70_L20587), 605 illegal characters were removed:
93 -s

WARNING: [000.000] Sequence number 4 (lcl|H1O.CM.91.MVP5180_L20571), 566 illegal characters were removed:
54 -s

WARNING: [000.000] Sequence number 5 (lcl|H2A.GW.-.ALI_AF082339), 6 illegal characters were removed:
6 -s

WARNING: [000.000] Sequence number 7 (lcl|H2A.SN.-.ST_M31113), 687 illegal characters were removed:


WARNING: [000.000] Sequence number 8 (lcl|H2B.GH.86.D205_X16109), 381 illegal characters were removed:
125 -s

WARNING: [000.000] Sequence number 9 (lcl|H2B.CI.-.EHO_U27200), 117 illegal characters were removed:
117 -s

WARNING: [000.000] Sequence number 10 (lcl|H2G.CI.-.ABT96_AF208027), 760 illegal characters were removed:


WARNING: [000.000] Sequence number 11 (lcl|H2U.FR.96.12034_AY530889), 752 illegal characters were removed:


Formatted 11 sequences in volume 0

========================[ Apr 20, 2015 11:00 AM ]========================
Version 2.2.11 [Jun-05-2005]
Started database file "C:\Users\murilo.freire\Documents\rega-genotype\rega-genotype\xml\HIV\1360533170\db.fasta"
WARNING: [000.000] Sequence number 1 (lcl|H1M_B.FR.83.HXB2_K03455), 640 illegal characters were removed:


WARNING: [000.000] Sequence number 2 (lcl|H1N.CM.95.YBF30_AJ006022), 1177 illegal characters were removed:


WARNING: [000.000] Sequence number 3 (lcl|H1O.BE.87.ANT70_L20587), 605 illegal characters were removed:
93 -s

WARNING: [000.000] Sequence number 4 (lcl|H1O.CM.91.MVP5180_L20571), 566 illegal characters were removed:
54 -s

WARNING: [000.000] Sequence number 5 (lcl|H2A.GW.-.ALI_AF082339), 6 illegal characters were removed:
6 -s

WARNING: [000.000] Sequence number 7 (lcl|H2A.SN.-.ST_M31113), 687 illegal characters were removed:


WARNING: [000.000] Sequence number 8 (lcl|H2B.GH.86.D205_X16109), 381 illegal characters were removed:
125 -s

WARNING: [000.000] Sequence number 9 (lcl|H2B.CI.-.EHO_U27200), 117 illegal characters were removed:
117 -s

WARNING: [000.000] Sequence number 10 (lcl|H2G.CI.-.ABT96_AF208027), 760 illegal characters were removed:


WARNING: [000.000] Sequence number 11 (lcl|H2U.FR.96.12034_AY530889), 752 illegal characters were removed:


Formatted 11 sequences in volume 0

========================[ Apr 20, 2015 11:00 AM ]========================
Version 2.2.11 [Jun-05-2005]
Started database file "C:\Users\murilo.freire\Documents\rega-genotype\rega-genotype\xml\HIV\1360533170\db.fasta"
WARNING: [000.000] Sequence number 1 (lcl|H1M_B.FR.83.HXB2_K03455), 640 illegal characters were removed:


WARNING: [000.000] Sequence number 2 (lcl|H1N.CM.95.YBF30_AJ006022), 1177 illegal characters were removed:


WARNING: [000.000] Sequence number 3 (lcl|H1O.BE.87.ANT70_L20587), 605 illegal characters were removed:
93 -s

WARNING: [000.000] Sequence number 4 (lcl|H1O.CM.91.MVP5180_L20571), 566 illegal characters were removed:
54 -s

WARNING: [000.000] Sequence number 5 (lcl|H2A.GW.-.ALI_AF082339), 6 illegal characters were removed:
6 -s

WARNING: [000.000] Sequence number 7 (lcl|H2A.SN.-.ST_M31113), 687 illegal characters were removed:


WARNING: [000.000] Sequence number 8 (lcl|H2B.GH.86.D205_X16109), 381 illegal characters were removed:
125 -s

WARNING: [000.000] Sequence number 9 (lcl|H2B.CI.-.EHO_U27200), 117 illegal characters were removed:
117 -s

WARNING: [000.000] Sequence number 10 (lcl|H2G.CI.-.ABT96_AF208027), 760 illegal characters were removed:


WARNING: [000.000] Sequence number 11 (lcl|H2U.FR.96.12034_AY530889), 752 illegal characters were removed:


Formatted 11 sequences in volume 0

========================[ Apr 20, 2015 11:01 AM ]========================
Version 2.2.11 [Jun-05-2005]
Started database file "C:\Users\murilo.freire\Documents\rega-genotype\rega-genotype\xml\HIV\1360533170\db.fasta"
WARNING: [000.000] Sequence number 1 (lcl|H1M_B.FR.83.HXB2_K03455), 640 illegal characters were removed:


WARNING: [000.000] Sequence number 2 (lcl|H1N.CM.95.YBF30_AJ006022), 1177 illegal characters were removed:


WARNING: [000.000] Sequence number 3 (lcl|H1O.BE.87.ANT70_L20587), 605 illegal characters were removed:
93 -s

WARNING: [000.000] Sequence number 4 (lcl|H1O.CM.91.MVP5180_L20571), 566 illegal characters were removed:
54 -s

WARNING: [000.000] Sequence number 5 (lcl|H2A.GW.-.ALI_AF082339), 6 illegal characters were removed:
6 -s

WARNING: [000.000] Sequence number 7 (lcl|H2A.SN.-.ST_M31113), 687 illegal characters were removed:


WARNING: [000.000] Sequence number 8 (lcl|H2B.GH.86.D205_X16109), 381 illegal characters were removed:
125 -s

WARNING: [000.000] Sequence number 9 (lcl|H2B.CI.-.EHO_U27200), 117 illegal characters were removed:
117 -s

WARNING: [000.000] Sequence number 10 (lcl|H2G.CI.-.ABT96_AF208027), 760 illegal characters were removed:


WARNING: [000.000] Sequence number 11 (lcl|H2U.FR.96.12034_AY530889), 752 illegal characters were removed:


Formatted 11 sequences in volume 0

========================[ Apr 20, 2015 11:02 AM ]========================
Version 2.2.11 [Jun-05-2005]
Started database file "C:\Users\murilo.freire\Documents\rega-genotype\rega-genotype\xml\HIV\1360533170\db.fasta"
WARNING: [000.000] Sequence number 1 (lcl|H1M_B.FR.83.HXB2_K03455), 640 illegal characters were removed:


WARNING: [000.000] Sequence number 2 (lcl|H1N.CM.95.YBF30_AJ006022), 1177 illegal characters were removed:


WARNING: [000.000] Sequence number 3 (lcl|H1O.BE.87.ANT70_L20587), 605 illegal characters were removed:
93 -s

WARNING: [000.000] Sequence number 4 (lcl|H1O.CM.91.MVP5180_L20571), 566 illegal characters were removed:
54 -s

WARNING: [000.000] Sequence number 5 (lcl|H2A.GW.-.ALI_AF082339), 6 illegal characters were removed:
6 -s

WARNING: [000.000] Sequence number 7 (lcl|H2A.SN.-.ST_M31113), 687 illegal characters were removed:


WARNING: [000.000] Sequence number 8 (lcl|H2B.GH.86.D205_X16109), 381 illegal characters were removed:
125 -s

WARNING: [000.000] Sequence number 9 (lcl|H2B.CI.-.EHO_U27200), 117 illegal characters were removed:
117 -s

WARNING: [000.000] Sequence number 10 (lcl|H2G.CI.-.ABT96_AF208027), 760 illegal characters were removed:


WARNING: [000.000] Sequence number 11 (lcl|H2U.FR.96.12034_AY530889), 752 illegal characters were removed:


Formatted 11 sequences in volume 0
