
P A U P *
Portable version 4.0b10 for Microsoft Windows 95/NT
Thu Nov 13 00:29:57 2014

      -----------------------------NOTICE-----------------------------
        This is a beta-test version.  Please report any crashes,
        apparent calculation errors, or other anomalous results.
        There are no restrictions on publication of results obtained
        with this version, but you should check the WWW site
        frequently for bug announcements and/or updated versions.  
        See the README file on the distribution media for details.
      ----------------------------------------------------------------

Data matrix exported to file "paup.nex" in Nexus (non-interleaved) format.

Optimality criterion set to distance.
   Forcing NJ tree to be compatible with constraint-tree "CONSTRE"

Neighbor-joining search settings:
  Ties (if encountered) will be broken systematically
  Distance measure = HKY85
  (Tree is unrooted)

   Tree found by neighbor-joining method stored in tree buffer
   Time used = 0.00 sec

Neighbor-joining tree:

                 /----------------------------- H1M G.SE.93.SE61
                 |
                 |              /------------- G NG 01 01NGPL06
         /-------+     /--------+
         |       |     |        \------------------ G ES 05 ES EU786
         |       \-----+
      /--+             \------------------------------- G GH 2003 GHNJ17
      |  |
      |  |              /------------------------------------- F1 ES x X1670 DQ
      |  \--------------+
      |                 \-------------------- F1 BR 89 BZ126 A
 /----+
 |    |             /------------------------------- H CF 90 056 AF00
 |    | /-----------+
 |    | |           \------------- H BE 93 VI997 AF
 |    \-+
 |      \----------------------------------------- H BE 93 VI991 AF
 |
 |                                   /------------ A1 UA 01 01UADN1
 |                        /----------+
 |                        |          \------- A1 RU 00 RU00051
/+   /--------------------+
||   |                    \--------------------------------- A1 UG UG031 AB09
|| /-+
|| | |            /----------------------------------------- K CD 97 EQTB11C 
|| | \------------+
|| |              \------------- K CM 96 MP535 AJ
|| |
|| |                                   /---------------- B US 1986 5019 8
|| |                                   |
|| |           /-----------------------+  /--------- B US 90 US2 AY17
|\-+           |                       \--+
|  |           |                          \--------- B BR 03 BREPM102
|  |     /-----+
|  |     |     | /--------------------------------- D UG 99 99UGG350
|  |     |     | |
|  |     |     \-+       /------------------------------ D UG 98 98UG5714
|  |     |       \-------+
|  \-----+               \------------- D ZA 84 R2 AY773
|        |
|        |                   /-------------------- C ZA 98 TV001 AY
|        |          /--------+
|        |          |        \------------------------ C IN x VB39 EF69
|        \----------+
|                   \---------------------- C IL 99 99ET1 AY
|
|                            /-------------- J SE 93 SE7887 A
|      /---------------------+
|      |                     \ J SE 1994 SE7022
\------+
       \------------------------------------------------------ J CD 97 J 97DC K

1 tree saved to file "paup.tre"
   Forcing NJ tree to be compatible with constraint-tree "CONSTRE"

Bootstrap method with neighbor-joining search:
  Number of bootstrap replicates = 100
  Starting seed = 1030149105
  Ties (if encountered) will be broken randomly
  Distance measure = HKY85
  (Tree is unrooted)

   Note: Ties were encountered in one or more replicates

   Time used for neighbor-joining bootstrap = 0.38 sec

Bootstrap 50% majority-rule consensus tree

/--------------------------------------------------------- H1M G.SE.93.SE61(1)
|
|                                                /-------- A1 UA 01 01UADN1(2)
|                                        /------88
|                                        |       \-------- A1 RU 00 RU00051(3)
|               /----------------------100
|               |                        \---------------- A1 UG UG031 AB09(4)
|               |
|               |                        /---------------- B US 1986 5019 8(5)
|               |                        |
|               |                /-----100       /-------- B US 90 US2 AY17(6)
|               |                |       \------59
|               |                |               \-------- B BR 03 BREPM102(7)
|               |       /-------99
|               |       |        |       /---------------- D UG 99 99UGG350(11)
|               |       |        |       |
|               |       |        \------99       /-------- D UG 98 98UG5714(12)
|               |       |                \------93
|               +------69                        \-------- D ZA 84 R2 AY773(13)
|               |       |
|               |       |                        /-------- C ZA 98 TV001 AY(8)
|               |       |                /------80
|               |       |                |       \-------- C IN x VB39 EF69(9)
|               |       \--------------100
|       /------88                        \---------------- C IL 99 99ET1 AY(10)
|       |       |
|       |       |                                /-------- F1 ES x X1670 DQ(14)
|       |       +-------------------------------99
|       |       |                                \-------- F1 BR 89 BZ126 A(15)
|       |       |
|       |       |                                /-------- H CF 90 056 AF00(19)
|       |       |                        /------95
|       |       |                        |       \-------- H BE 93 VI997 AF(20)
|       |       +-----------------------98
|       |       |                        \---------------- H BE 93 VI991 AF(21)
|       |       |
|       |       |                                /-------- J SE 93 SE7887 A(22)
\-----100       |                        /-----100
        |       |                        |       \-------- J SE 1994 SE7022(23)
        |       +-----------------------98
        |       |                        \---------------- J CD 97 J 97DC K(24)
        |       |
        |       |                                /-------- K CD 97 EQTB11C (25)
        |       \------------------------------100
        |                                        \-------- K CM 96 MP535 AJ(26)
        |
        |                                        /-------- G NG 01 01NGPL06(16)
        |                                /------89
        |                                |       \-------- G ES 05 ES EU786(17)
        \-------------------------------78
                                         \---------------- G GH 2003 GHNJ17(18)

Bipartitions found in one or more trees and frequency of occurrence (bootstrap
support values):

         1         2     2
12345678901234567890123456      Freq
------------------------------------
....***...................       100
.......***................       100
.....................**...       100
.***......................       100
........................**       100
....***...***.............        99
..........***.............        99
.............**...........        99
..................***.....        98
.....................***..        98
..................**......        95
...........**.............        93
...............**.........        89
.**.......................        88
.**************...********        88
.......**.................        80
...............***........        78
....*********.............        69
.....**...................        59
.************.....********        45
.************........*****        44
.***....................**        40
....*.*...................        30
.************...........**        28
.************.............        23
....*********........***..        22
.******...***.............        18
.**************...***...**        16
..................******..        16
.************........***..        15
.**************.........**        15
.****************.********        15
.......*.*................        13
..................***...**        13
.**************......*****        13
.............**...***.....        12
..**......................        12
....***********...........        12
................**........        11
....**....................        11
........**................         7
.***.................***..         7
.......***..............**         6
....*********...........**         6
.**************..*********         6
....***********.........**         5
..........**..............         5

58 groups at (relative) frequency less than 5% not shown
