
========================[ Jun 9, 2015  2:23 PM ]========================
Version 2.2.22 [Sep-27-2009]
Started database file "/Users/tulio/rega-genotype/jobDir/829184115/db.fasta"
Formatted 17 sequences in volume 0
SUCCESS: formatted database /Users/tulio/rega-genotype/jobDir/829184115/db.fasta

========================[ Jun 9, 2015  2:23 PM ]========================
Version 2.2.22 [Sep-27-2009]
Started database file "/Users/tulio/rega-genotype/jobDir/829184115/db.fasta"
Formatted 17 sequences in volume 0
SUCCESS: formatted database /Users/tulio/rega-genotype/jobDir/829184115/db.fasta

========================[ Jun 9, 2015  2:23 PM ]========================
Version 2.2.22 [Sep-27-2009]
Started database file "/Users/tulio/rega-genotype/jobDir/829184115/db.fasta"
Formatted 17 sequences in volume 0
SUCCESS: formatted database /Users/tulio/rega-genotype/jobDir/829184115/db.fasta

========================[ Jun 9, 2015  2:23 PM ]========================
Version 2.2.22 [Sep-27-2009]
Started database file "/Users/tulio/rega-genotype/jobDir/829184115/db.fasta"
Formatted 17 sequences in volume 0
SUCCESS: formatted database /Users/tulio/rega-genotype/jobDir/829184115/db.fasta
