
P A U P *
Portable version 4.0b10 for Unix
Tue Jun  9 14:23:06 2015

      -----------------------------NOTICE-----------------------------
        This is a beta-test version.  Please report any crashes,
        apparent calculation errors, or other anomalous results.
        There are no restrictions on publication of results obtained
        with this version, but you should check the WWW site
        frequently for bug announcements and/or updated versions.  
        See the README file on the distribution media for details.
      ----------------------------------------------------------------

Data matrix exported to file "paup.fasta" in Phylip format.

Character-exclusion status changed:
  15 characters excluded
  Total number of characters now excluded = 15
  Number of included characters = 124

Data matrix exported to file "paup.nex" in Nexus (non-interleaved) format.

Outgroup status changed:
  1 taxon transferred to outgroup
  Total number of taxa now in outgroup = 1
  Number of ingroup taxa = 31

Optimality criterion set to distance.
   Forcing NJ tree to be compatible with constraint-tree "CONSTRE"

Neighbor-joining search settings:
  Ties (if encountered) will be broken systematically
  Distance measure = absolute
  15 characters are excluded
  (Tree is unrooted)

   Tree found by neighbor-joining method stored in tree buffer
   Time used = <1 sec (CPU time = 0.00 sec)

Neighbor-joining tree:

                                / Example D NJ1
          /---------------------+
          |                     \ D NJ1|AF269266
          |
          |                      / C|CR9
          |                     /+
          |                     |\ C|GD
          |             /-------+
          |             |       |/ CB3|EU009488
          |             |       \+
          |       /-----+        \ CB3|HB1043
       /--+       |     |
       |  |       |     \------ CPC1020106013|HE
       |  |       |
       |  |       |            / F|VS225
       |  |      /+          /-+
       |  |      ||          | \ F|7778B15
       |  |      || /--------+
       |  |      || |        \- 21|JQ679391
       |  |      |\-+
       |  \------+  |     /------------ Daruma|AB284065
       |         |  \-----+
       |         |        \-------- R54|AJ243525
       |         |
       |         \------------- UT118 AGP|HQ8455
       |
       |                                              / A|Orni
       |                                             /+
       |                                             |\ A|84 55
       |                                             |
       |                                             | / B|CP3
       |                                            /+ |
       |                                            || + B|Pi22
       |                                            || |
/------+                                            |\-+  / E|CPMN
|      |                                            |  |/-+
|      |                                            |  || \ E|01DC12
|      |                                            |  \+
|      |                                            |   |/ EB|EB
|      |                                            |   \+
|      |                                            |    \ EB|98AV2129
|      |                                            |
|      |                                            |/- M56|M56
|      |                                            ||
|      |                                           /++ 3A|EU682087
|      |                                           |||
|      |                                           ||\ 3A|60194
|      |                                           ||
|      |                                           ||/ Mat116|AB284058
|      |                                       /---+\+
|      |                                       |   | \ Mat116|CP002744
|      |                                       |   |
|      |                                       |   |       / 50 55|50338
|      | /-------------------------------------+   \-------+
|      | |                                     |           \ 50 55|55435
|      | |                                     |
|      \-+                                     \-------------- Pi21|KM609421
|        |
|        |         /------------------------ WC|AF269269
|        \---------+
|                  \----------------------- 1192|JQ679392
|
\--------------------------- CPX0308|AB284064

1 tree saved to file "~/rega-genotype/jobDir/829184115/paup.tre"
   Forcing NJ tree to be compatible with constraint-tree "CONSTRE"

Bootstrap method with neighbor-joining search:
  Number of bootstrap replicates = 1000
  Starting seed = 468287428
  Ties (if encountered) will be broken randomly
  Distance measure = absolute
  15 characters are excluded
  (Tree is unrooted)

   Note: Ties were encountered in one or more replicates

   Time used for neighbor-joining bootstrap = 1 sec (CPU time = 0.39 sec)

Bootstrap 50% majority-rule consensus tree

                                                 /-------- Example D NJ1(1)
        /------------------100-------------------+
        |                                        \-------- D NJ1|AF269266(29)
        |
        |                                        /-------- A|Orni(2)
        |               /-----------97-----------+
        |               |                        \-------- A|84 55(3)
        |               |
        |               |                        /-------- B|CP3(4)
        |               |        /------99-------+
        |               |        |               \-------- B|Pi22(5)
        |               |        |
        |               +---51---+               /-------- E|CPMN(6)
        |               |        |       /--100--+
        |               |        |       |       \-------- E|01DC12(7)
        |               |        \--58---+
        |               |                |       /-------- EB|EB(8)
        |               |                \--100--+
        |       /--74---+                        \-------- EB|98AV2129(9)
        |       |       |
        |       |       +--------------------------------- M56|M56(10)
        |       |       |
        |       |       |                        /-------- 3A|EU682087(11)
        |       |       +-----------83-----------+
        |       |       |                        \-------- 3A|60194(12)
        |       |       |
        +--100--+       |                        /-------- Mat116|AB284058(13)
        |       |       +-----------96-----------+
        |       |       |                        \-------- Mat116|CP002744(14)
        |       |       |
/-------+       |       |                        /-------- 50 55|50338(16)
|       |       |       \----------100-----------+
|       |       |                                \-------- 50 55|55435(17)
|       |       |
|       |       \----------------------------------------- Pi21|KM609421(15)
|       |
|       |                                        /-------- C|CR9(18)
|       |                                /--100--+
|       |                                |       \-------- C|GD(19)
|       |                        /--100--+
|       |                        |       |       /-------- CB3|EU009488(20)
|       |                        |       \--100--+
|       |               /---88---+               \-------- CB3|HB1043(21)
|       |               |        |
|       |               |        \------------------------ CPC1020106013|HE(22)
|       |               |
|       |               |                        /-------- F|VS225(23)
|       |               |                /--91---+
|       |               |                |       \-------- F|7778B15(24)
|       +------96-------+-------99-------+
|       |               |                \---------------- 21|JQ679391(25)
|       |               |
|       |               |                        /-------- Daruma|AB284065(26)
|       |               +-----------76-----------+
|       |               |                        \-------- R54|AJ243525(28)
|       |               |
|       |               \--------------------------------- UT118 AGP|HQ8455(27)
|       |
|       |                                        /-------- WC|AF269269(30)
|       \-------------------92-------------------+
|                                                \-------- 1192|JQ679392(32)
|
\--------------------------------------------------------- CPX0308|AB284064(31)

Bipartitions found in one or more trees and frequency of occurrence (bootstrap
support values):

         1         2         3 3
12345678901234567890123456789012      Freq      %
-------------------------------------------------
.****************...............      1000 100.0%
...................**...........      1000 100.0%
.***************************.***      1000 100.0%
.................**.............      1000 100.0%
.................****...........      1000 100.0%
.....**.........................       999  99.9%
...............**...............       999  99.9%
.......**.......................       998  99.8%
......................***.......       992  99.2%
...**...........................       990  99.0%
.**.............................       966  96.6%
............**..................       959  95.9%
.................***********....       955  95.5%
.............................*.*       921  92.1%
......................**........       908  90.8%
.................*****..........       875  87.5%
..........**....................       827  82.7%
.........................*.*....       759  75.9%
.*************.**...............       743  74.3%
.....****.......................       583  58.3%
...******.......................       510  51.0%
.****************............***       497  49.7%
.****************............*.*       469  46.9%
.********.......................       457  45.7%
.*************..................       445  44.5%
.........***....................       419  41.9%
.***************************.*.*       414  41.4%
......................****.*....       413  41.3%
............**.**...............       354  35.4%
......................******....       343  34.3%
.................*********.*....       312  31.2%
.****...........................       280  28.0%
.........................***....       260  26.0%
.**************.................       204  20.4%
.............................***       202  20.2%
.........*****..................       195  19.5%
.................********.......       174  17.4%
..........****..................       173  17.3%
.....****...**.**...............       172  17.2%
.**.......**....................       162  16.2%
.****************.............*.       152  15.2%
.****....***....................       143  14.3%
.***************************....       142  14.2%
...****.........................       141  14.1%
.**......***....................       139  13.9%
......................****......       139  13.9%
.........*****.**...............       138  13.8%
..........................**....       105  10.5%
.....****...**..................       104  10.4%
.********.****.**...............       102  10.2%
.********...**.**...............        92   9.2%
.........*.*....................        88   8.8%
.********.****..................        87   8.7%
.........**.....................        85   8.5%
.***********....................        78   7.8%
...**..**.......................        77   7.7%
.................*****....*.....        77   7.7%
.................*****...***....        71   7.1%
...******...**.**...............        66   6.6%
.**......*****..................        65   6.5%
.....................****.......        65   6.5%
.**.......****..................        63   6.3%
.****.....**....................        59   5.9%
.................*********......        57   5.7%
.................*****...*.*....        57   5.7%
......................*.*.......        56   5.6%
.................***********.*.*        53   5.3%

185 groups at (relative) frequency less than 5% not shown
