
P A U P *
Portable version 4.0b10 for Unix
Tue Jun  9 14:23:04 2015

      -----------------------------NOTICE-----------------------------
        This is a beta-test version.  Please report any crashes,
        apparent calculation errors, or other anomalous results.
        There are no restrictions on publication of results obtained
        with this version, but you should check the WWW site
        frequently for bug announcements and/or updated versions.  
        See the README file on the distribution media for details.
      ----------------------------------------------------------------

Data matrix exported to file "paup.fasta" in Phylip format.

Character-exclusion status changed:
  1085 characters excluded
  Total number of characters now excluded = 1085
  Number of included characters = 124

Data matrix exported to file "paup.nex" in Nexus (non-interleaved) format.

Outgroup status changed:
  1 taxon transferred to outgroup
  Total number of taxa now in outgroup = 1
  Number of ingroup taxa = 31

Optimality criterion set to distance.
   Forcing NJ tree to be compatible with constraint-tree "CONSTRE"

Neighbor-joining search settings:
  Ties (if encountered) will be broken systematically
  Distance measure = absolute
  1085 characters are excluded
  (Tree is unrooted)

   Note: Ties were encountered; neighbor-joining tree may not be unique

   Tree found by neighbor-joining method stored in tree buffer
   Time used = <1 sec (CPU time = 0.00 sec)

Neighbor-joining tree:

                                                          / CP003792 ompA
                                                          |
                                                        /-+ E|CPMN
                                                        | |
                                                        | \ E|01DC12
                                                       /+
                                                       ||/ EB|EB
                                                       |\+
                                                      /+ \ EB|98AV2129
                                                      ||
                                                      |+ B|CP3
                                                      ||
                                                    /-+\ B|Pi22
                                                    | |
                                                    | + A|Orni
                                                    | |
                                                    | \ A|84 55
                                                    |
                                                    |/- M56|M56
                                                    ||
                                                    ++ 3A|EU682087
                                                   /+|
                                                   ||\ 3A|60194
                                                   ||
                                                   ||/ Mat116|AB284058
                                               /---+\+
                                               |   | \ Mat116|CP002744
                                               |   |
                                               |   |       / 50 55|50338
         /-------------------------------------+   \-------+
         |                                     |           \ 50 55|55435
         |                                     |
       /-+                                     \-------------- Pi21|KM609421
       | |
       | |         /------------------------- WC|AF269269
       | \---------+
       |           \----------------------- 1192|JQ679392
       |
       |                         / C|CR9
       |                        /+
       |                        |\ C|GD
       |                /-------+
       |                |       |/ CB3|EU009488
       |                |       \+
/------+          /-----+        \ CB3|HB1043
|      |          |     |
|      |          |     \------ CPC1020106013|HE
|      |          |
|      |          |            / F|VS225
|      |          |          /-+
|      |  /-------+          | \ F|7778B15
|      |  |       |  /-------+
|      |  |       |  |       \- 21|JQ679391
|      |  |       |/-+
|      |  |       || |    /------------ Daruma|AB284065
|      \--+       || \----+
|         |       \+      \-------- R54|AJ243525
|         |        |
|         |        \----------- UT118 AGP|HQ8455
|         |
|         \----------------------- D NJ1|AF269266
|
\--------------------------- CPX0308|AB284064

1 tree saved to file "~/rega-genotype/jobDir/829184115/paup.tre"
   Forcing NJ tree to be compatible with constraint-tree "CONSTRE"

Bootstrap method with neighbor-joining search:
  Number of bootstrap replicates = 1000
  Starting seed = 1763161286
  Ties (if encountered) will be broken randomly
  Distance measure = absolute
  1085 characters are excluded
  (Tree is unrooted)

   Note: Ties were encountered in one or more replicates

   Time used for neighbor-joining bootstrap = 1 sec (CPU time = 0.44 sec)

Bootstrap 50% majority-rule consensus tree

                                               /---------- CP003792 ompA(1)
                                               |
                                      /---86---+---------- E|CPMN(6)
                                      |        |
                                      |        \---------- E|01DC12(7)
                            /---53----+
                            |         |        /---------- EB|EB(8)
                            |         \---96---+
                            |                  \---------- EB|98AV2129(9)
                            |
                            |                  /---------- A|Orni(2)
                            +--------96--------+
                            |                  \---------- A|84 55(3)
                            |
                            |                  /---------- B|CP3(4)
                            +--------96--------+
                            |                  \---------- B|Pi22(5)
                   /---77---+
                   |        +----------------------------- M56|M56(10)
                   |        |
                   |        |                  /---------- 3A|EU682087(11)
                   |        +--------83--------+
                   |        |                  \---------- 3A|60194(12)
                   |        |
                   |        |                  /---------- Mat116|AB284058(13)
         /---100---+        +--------94--------+
         |         |        |                  \---------- Mat116|CP002744(14)
         |         |        |
         |         |        |                  /---------- 50 55|50338(16)
         |         |        \-------100--------+
         |         |                           \---------- 50 55|55435(17)
         |         |
         |         \-------------------------------------- Pi21|KM609421(15)
         |
         |                                     /---------- C|CR9(18)
         |                            /--100---+
         |                            |        \---------- C|GD(19)
         |                  /---100---+
         |                  |         |        /---------- CB3|EU009488(20)
         |                  |         \--100---+
         |         /---85---+                  \---------- CB3|HB1043(21)
         |         |        |
/--------+         |        \----------------------------- CPC1020106013|HE(22)
|        |         |
|        |         |                           /---------- F|VS225(23)
|        |         |                  /---91---+
|        |         |                  |        \---------- F|7778B15(24)
|        +---95----+--------99--------+
|        |         |                  \------------------- 21|JQ679391(25)
|        |         |
|        |         |                           /---------- Daruma|AB284065(26)
|        |         +------------76-------------+
|        |         |                           \---------- R54|AJ243525(28)
|        |         |
|        |         \-------------------------------------- UT118 AGP|HQ8455(27)
|        |
|        +------------------------------------------------ D NJ1|AF269266(29)
|        |
|        |                                     /---------- WC|AF269269(30)
|        \-----------------93------------------+
|                                              \---------- 1192|JQ679392(32)
|
\--------------------------------------------------------- CPX0308|AB284064(31)

Bipartitions found in one or more trees and frequency of occurrence (bootstrap
support values):

         1         2         3 3
12345678901234567890123456789012      Freq      %
-------------------------------------------------
...............**...............      1000 100.0%
...................**...........      1000 100.0%
.................***************      1000 100.0%
.................**.............       999  99.9%
.................****...........       999  99.9%
......................***.......       991  99.1%
.......**.......................       960  96.0%
...**...........................       956  95.6%
.**.............................       956  95.6%
.................***********....       954  95.4%
............**..................       942  94.2%
.............................*.*       934  93.4%
......................**........       910  91.0%
.****..*************************       864  86.4%
.................*****..........       853  85.3%
..........**....................       828  82.8%
..............*..***************       767  76.7%
.........................*.*....       764  76.4%
.****....***********************       533  53.3%
.**......***********************       498  49.8%
.................************...       485  48.5%
.................************.*.       478  47.8%
.........***********************       436  43.6%
............................*.*.       427  42.7%
..............******************       422  42.2%
......................****.*....       404  40.4%
.........***....................       384  38.4%
.....**.........................       368  36.8%
............**.**...............       350  35.0%
.................*********.*....       343  34.3%
......................******....       336  33.6%
.****.**************************       326  32.6%
.*****.*************************       305  30.5%
.****...........................       280  28.0%
.........................***....       217  21.7%
.............................***       188  18.8%
..........****..................       177  17.7%
.........*****..................       174  17.4%
...............*****************       170  17.0%
.****....***..*..***************       167  16.7%
.**.......**....................       157  15.7%
............................****       156  15.6%
.****....***....................       154  15.4%
.................********.......       153  15.3%
......................****......       153  15.3%
.**......***....................       147  14.7%
.................*************.*       138  13.8%
.........*....*..***************       121  12.1%
.**....*************************       119  11.9%
.........*****.**...............       115  11.5%
.........***..*..***************       108  10.8%
..........................**....       105  10.5%
...**..**.......................        99   9.9%
.****....***..******************        96   9.6%
.........*....******************        89   8.9%
.........*.*....................        87   8.7%
.**......*****..................        82   8.2%
.........**.....................        81   8.1%
.****.....**....................        77   7.7%
.................*****....*.....        74   7.4%
.....................****.......        71   7.1%
.**.......****..................        70   7.0%
.................*****...*.*....        65   6.5%
.................***********.*.*        61   6.1%
.****..*****..******************        61   6.1%
.**......***..*..***************        56   5.6%
.................*****...***....        55   5.5%
.................*********......        54   5.4%
.........***..******************        52   5.2%
............********************        52   5.2%
......................*.*.......        51   5.1%

221 groups at (relative) frequency less than 5% not shown
