
P A U P *
Portable version 4.0b10 for Unix
Tue Jun  9 14:23:05 2015

      -----------------------------NOTICE-----------------------------
        This is a beta-test version.  Please report any crashes,
        apparent calculation errors, or other anomalous results.
        There are no restrictions on publication of results obtained
        with this version, but you should check the WWW site
        frequently for bug announcements and/or updated versions.  
        See the README file on the distribution media for details.
      ----------------------------------------------------------------

Data matrix exported to file "paup.fasta" in Phylip format.

Character-exclusion status changed:
  1085 characters excluded
  Total number of characters now excluded = 1085
  Number of included characters = 124

Data matrix exported to file "paup.nex" in Nexus (non-interleaved) format.

Outgroup status changed:
  1 taxon transferred to outgroup
  Total number of taxa now in outgroup = 1
  Number of ingroup taxa = 31

Optimality criterion set to distance.
   Forcing NJ tree to be compatible with constraint-tree "CONSTRE"

Neighbor-joining search settings:
  Ties (if encountered) will be broken systematically
  Distance measure = absolute
  1085 characters are excluded
  (Tree is unrooted)

   Note: Ties were encountered; neighbor-joining tree may not be unique

   Tree found by neighbor-joining method stored in tree buffer
   Time used = <1 sec (CPU time = 0.00 sec)

Neighbor-joining tree:

                                                      / 84 55
                                                      |
                                                      + A|Orni
                                                      |
                                                      + A|84 55
                                                      |
                                                    /-+/ B|CP3
                                                    | ||
                                                    | |+ B|Pi22
                                                    | ||
                                                    | \+  / E|CPMN
                                                    |  |/-+
                                                    |  || \ E|01DC12
                                                    |  \+
                                                    |   | / EB|EB
                                                    |   \-+
                                                    |     \ EB|98AV2129
                                                    |
                                                    |/- M56|M56
                                                   /+|
                                                   |++ 3A|EU682087
                                                   |||
                                                   ||\ 3A|60194
                                                   ||
                                               /---+|/ Mat116|AB284058
                                               |   |\+
                                               |   | \ Mat116|CP002744
                                               |   |
         /-------------------------------------+   |       / 50 55|50338
         |                                     |   \-------+
         |                                     |           \ 50 55|55435
         |                                     |
       /-+                                     \-------------- Pi21|KM609421
       | |
       | |         /------------------------ WC|AF269269
       | \---------+
       |           \----------------------- 1192|JQ679392
       |
       |                         / C|CR9
       |                        /+
       |                        |\ C|GD
       |                /-------+
       |                |       |/ CB3|EU009488
       |                |       \+
/------+          /-----+        \ CB3|HB1043
|      |          |     |
|      |          |     \------ CPC1020106013|HE
|      |          |
|      |          |            / F|VS225
|      |          |          /-+
|      |  /-------+          | \ F|7778B15
|      |  |       |  /-------+
|      |  |       |  |       \- 21|JQ679391
|      |  |       |/-+
|      |  |       || |    /------------ Daruma|AB284065
|      \--+       || \----+
|         |       \+      \-------- R54|AJ243525
|         |        |
|         |        \----------- UT118 AGP|HQ8455
|         |
|         \----------------------- D NJ1|AF269266
|
\--------------------------- CPX0308|AB284064

1 tree saved to file "~/rega-genotype/jobDir/829184115/paup.tre"
   Forcing NJ tree to be compatible with constraint-tree "CONSTRE"

Bootstrap method with neighbor-joining search:
  Number of bootstrap replicates = 1000
  Starting seed = 1165770924
  Ties (if encountered) will be broken randomly
  Distance measure = absolute
  1085 characters are excluded
  (Tree is unrooted)

   Note: Ties were encountered in one or more replicates

   Time used for neighbor-joining bootstrap = <1 sec (CPU time = 0.40 sec)

Bootstrap 50% majority-rule consensus tree

                                         /---------------- 84 55(1)
                                         |
                                 /--55---+       /-------- A|Orni(2)
                                 |       \--55---+
                                 |               \-------- A|84 55(3)
                                 |
                                 |               /-------- B|CP3(4)
                                 +------89-------+
                                 |               \-------- B|Pi22(5)
                                 |
                                 |               /-------- E|CPMN(6)
                                 |       /--99---+
                                 |       |       \-------- E|01DC12(7)
                                 +--55---+
                                 |       |       /-------- EB|EB(8)
                                 |       \--99---+
                        /---75---+               \-------- EB|98AV2129(9)
                        |        |
                        |        +------------------------ M56|M56(10)
                        |        |
                        |        |               /-------- 3A|EU682087(11)
                        |        +------75-------+
                        |        |               \-------- 3A|60194(12)
                        |        |
        /------100------+        |               /-------- Mat116|AB284058(13)
        |               |        +------92-------+
        |               |        |               \-------- Mat116|CP002744(14)
        |               |        |
        |               |        |               /-------- 50 55|50338(16)
        |               |        \------100------+
        |               |                        \-------- 50 55|55435(17)
        |               |
        |               \--------------------------------- Pi21|KM609421(15)
        |
        |                                        /-------- C|CR9(18)
        |                                /--100--+
        |                                |       \-------- C|GD(19)
        |                        /--100--+
        |                        |       |       /-------- CB3|EU009488(20)
        |                        |       \--100--+
        |               /---86---+               \-------- CB3|HB1043(21)
        |               |        |
/-------+               |        \------------------------ CPC1020106013|HE(22)
|       |               |
|       |               |                        /-------- F|VS225(23)
|       |               |                /--91---+
|       |               |                |       \-------- F|7778B15(24)
|       |       /--96---+-------99-------+
|       |       |       |                \---------------- 21|JQ679391(25)
|       |       |       |
|       |       |       |                        /-------- Daruma|AB284065(26)
|       |       |       +-----------77-----------+
|       +--52---+       |                        \-------- R54|AJ243525(28)
|       |       |       |
|       |       |       \--------------------------------- UT118 AGP|HQ8455(27)
|       |       |
|       |       \----------------------------------------- D NJ1|AF269266(29)
|       |
|       |                                        /-------- WC|AF269269(30)
|       \-------------------91-------------------+
|                                                \-------- 1192|JQ679392(32)
|
\--------------------------------------------------------- CPX0308|AB284064(31)

Bipartitions found in one or more trees and frequency of occurrence (bootstrap
support values):

         1         2         3 3
12345678901234567890123456789012      Freq      %
-------------------------------------------------
.................**.............      1000 100.0%
.................***************      1000 100.0%
.................****...........      1000 100.0%
...................**...........      1000 100.0%
...............**...............       998  99.8%
.....**.........................       993  99.3%
.......**.......................       990  99.0%
......................***.......       988  98.8%
.................***********....       956  95.6%
............**..................       923  92.3%
......................**........       914  91.4%
.............................*.*       912  91.2%
...**...........................       887  88.7%
.................*****..........       859  85.9%
.........................*.*....       773  77.3%
..............*..***************       748  74.8%
..........**....................       746  74.6%
.....****.......................       554  55.4%
...*****************************       553  55.3%
.**.............................       547  54.7%
.................************...       522  52.2%
...******.......................       494  49.4%
.................************.*.       480  48.0%
............................*.*.       400  40.0%
.........***********************       399  39.9%
......................****.*....       386  38.6%
..............******************       381  38.1%
............**.**...............       375  37.5%
.........***....................       364  36.4%
.................*********.*....       331  33.1%
......................******....       315  31.5%
.........................***....       267  26.7%
.....***************************       240  24.0%
.*.*****************************       238  23.8%
.....****...**.**...............       203  20.3%
...............*****************       186  18.6%
.........*****..................       185  18.5%
..******************************       184  18.4%
.............................***       180  18.0%
.................********.......       176  17.6%
.....****...********************       175  17.5%
...******...********************       166  16.6%
.................*************.*       161  16.1%
..........****..................       157  15.7%
...*******..********************       150  15.0%
......................****......       132  13.2%
...****.........................       130  13.0%
............................****       128  12.8%
.........*****.**...............       127  12.7%
.........*....*..***************       122  12.2%
.**..***************************       120  12.0%
.*********..********************       112  11.2%
...**..**.......................       102  10.2%
..........................**....        95   9.5%
.....****...**..................        90   9.0%
.........*.*....................        85   8.5%
...******.....******************        84   8.4%
.................*****...***....        84   8.4%
...******...**.**...............        82   8.2%
.................*****....*.....        81   8.1%
.........***..*..***************        78   7.8%
...*******....******************        75   7.5%
.....*****..********************        72   7.2%
.........*....******************        70   7.0%
............********************        69   6.9%
.........**.....................        68   6.8%
.....................****.......        59   5.9%
.................***********.*.*        58   5.8%
.****...........................        57   5.7%
.***.***************************        56   5.6%
.**.......**....................        56   5.6%
.................*****...*.*....        55   5.5%
.**.****************************        54   5.4%
......................***.*.....        53   5.3%
.**********.********************        52   5.2%
.*********.*********************        51   5.1%
.......................**.......        50   5.0%

238 groups at (relative) frequency less than 5% not shown
