
P A U P *
Portable version 4.0b10 for Unix
Tue Jun  9 14:23:06 2015

      -----------------------------NOTICE-----------------------------
        This is a beta-test version.  Please report any crashes,
        apparent calculation errors, or other anomalous results.
        There are no restrictions on publication of results obtained
        with this version, but you should check the WWW site
        frequently for bug announcements and/or updated versions.  
        See the README file on the distribution media for details.
      ----------------------------------------------------------------

Data matrix exported to file "paup.fasta" in Phylip format.

Character-exclusion status changed:
  1085 characters excluded
  Total number of characters now excluded = 1085
  Number of included characters = 124

Data matrix exported to file "paup.nex" in Nexus (non-interleaved) format.

Outgroup status changed:
  1 taxon transferred to outgroup
  Total number of taxa now in outgroup = 1
  Number of ingroup taxa = 31

Optimality criterion set to distance.
   Forcing NJ tree to be compatible with constraint-tree "CONSTRE"

Neighbor-joining search settings:
  Ties (if encountered) will be broken systematically
  Distance measure = absolute
  1085 characters are excluded
  (Tree is unrooted)

   Note: Ties were encountered; neighbor-joining tree may not be unique

   Tree found by neighbor-joining method stored in tree buffer
   Time used = <1 sec (CPU time = 0.00 sec)

Neighbor-joining tree:

                                                     / Mat116
                                                     |
                                                    /+ Mat116|AB284058
                                                    ||
                                                    |\ Mat116|CP002744
                                                    |
                                                    | / A|Orni
                                                    | |
                                                    | + A|84 55
                                                    | |
                                                   /+ | / B|CP3
                                                   ||/+/+
                                                   |||||\ B|Pi22
                                                   |||||
                                                   |||\+  / E|CPMN
                                                   ||| |/-+
                                                   ||| || \ E|01DC12
                                                   ||| \+
                                                   |\+  | / EB|EB
                                                   | |  \-+
                                               /---+ |    \ EB|98AV2129
                                               |   | |
                                               |   | +-- M56|M56
                                               |   | |
                                               |   | + 3A|EU682087
                                               |   | |
         /-------------------------------------+   | \ 3A|60194
         |                                     |   |
         |                                     |   |       / 50 55|50338
         |                                     |   \-------+
         |                                     |           \ 50 55|55435
       /-+                                     |
       | |                                     \-------------- Pi21|KM609421
       | |
       | |         /------------------------ WC|AF269269
       | \---------+
       |           \----------------------- 1192|JQ679392
       |
       |                         / C|CR9
       |                        /+
       |                        |\ C|GD
       |                /-------+
       |                |       |/ CB3|EU009488
/------+                |       \+
|      |          /-----+        \ CB3|HB1043
|      |          |     |
|      |          |     \------ CPC1020106013|HE
|      |          |
|      |          |            / F|VS225
|      |          |          /-+
|      |  /-------+          | \ F|7778B15
|      |  |       |  /-------+
|      |  |       |  |       \- 21|JQ679391
|      |  |       |/-+
|      |  |       || |    /------------ Daruma|AB284065
|      \--+       || \----+
|         |       \+      \-------- R54|AJ243525
|         |        |
|         |        \----------- UT118 AGP|HQ8455
|         |
|         \----------------------- D NJ1|AF269266
|
\--------------------------- CPX0308|AB284064

1 tree saved to file "~/rega-genotype/jobDir/829184115/paup.tre"
   Forcing NJ tree to be compatible with constraint-tree "CONSTRE"

Bootstrap method with neighbor-joining search:
  Number of bootstrap replicates = 1000
  Starting seed = 332639645
  Ties (if encountered) will be broken randomly
  Distance measure = absolute
  1085 characters are excluded
  (Tree is unrooted)

   Note: Ties were encountered in one or more replicates

   Time used for neighbor-joining bootstrap = <1 sec (CPU time = 0.38 sec)

Bootstrap 50% majority-rule consensus tree

                                                 /-------- Mat116(1)
                                                 |
                        /-----------70-----------+-------- Mat116|AB284058(13)
                        |                        |
                        |                        \-------- Mat116|CP002744(14)
                        |
                        |                        /-------- A|Orni(2)
                        +-----------94-----------+
                        |                        \-------- A|84 55(3)
                        |
                        |                        /-------- B|CP3(4)
                        |        /------98-------+
                        |        |               \-------- B|Pi22(5)
                        |        |
                        +---52---+               /-------- E|CPMN(6)
                        |        |       /--99---+
                /--73---+        |       |       \-------- E|01DC12(7)
                |       |        \--57---+
                |       |                |       /-------- EB|EB(8)
                |       |                \--98---+
                |       |                        \-------- EB|98AV2129(9)
                |       |
                |       +--------------------------------- M56|M56(10)
                |       |
        /--100--+       |                        /-------- 3A|EU682087(11)
        |       |       +-----------73-----------+
        |       |       |                        \-------- 3A|60194(12)
        |       |       |
        |       |       |                        /-------- 50 55|50338(16)
        |       |       \----------100-----------+
        |       |                                \-------- 50 55|55435(17)
        |       |
        |       \----------------------------------------- Pi21|KM609421(15)
        |
        |                                        /-------- C|CR9(18)
        |                                /--100--+
        |                                |       \-------- C|GD(19)
        |                        /--100--+
        |                        |       |       /-------- CB3|EU009488(20)
        |                        |       \--100--+
        |               /---84---+               \-------- CB3|HB1043(21)
        |               |        |
/-------+               |        \------------------------ CPC1020106013|HE(22)
|       |               |
|       |               |                        /-------- F|VS225(23)
|       |               |                /--91---+
|       |               |                |       \-------- F|7778B15(24)
|       |       /--95---+-------99-------+
|       |       |       |                \---------------- 21|JQ679391(25)
|       |       |       |
|       |       |       |                        /-------- Daruma|AB284065(26)
|       |       |       +-----------75-----------+
|       +--50---+       |                        \-------- R54|AJ243525(28)
|       |       |       |
|       |       |       \--------------------------------- UT118 AGP|HQ8455(27)
|       |       |
|       |       \----------------------------------------- D NJ1|AF269266(29)
|       |
|       |                                        /-------- WC|AF269269(30)
|       \-------------------93-------------------+
|                                                \-------- 1192|JQ679392(32)
|
\--------------------------------------------------------- CPX0308|AB284064(31)

Bipartitions found in one or more trees and frequency of occurrence (bootstrap
support values):

         1         2         3 3
12345678901234567890123456789012      Freq      %
-------------------------------------------------
.................****...........      1000 100.0%
.................***************      1000 100.0%
...................**...........      1000 100.0%
.................**.............      1000 100.0%
...............**...............       997  99.7%
.....**.........................       991  99.1%
......................***.......       988  98.8%
.......**.......................       979  97.9%
...**...........................       979  97.9%
.................***********....       947  94.7%
.**.............................       937  93.7%
.............................*.*       931  93.1%
......................**........       912  91.2%
.................*****..........       845  84.5%
.........................*.*....       751  75.1%
..........**....................       734  73.4%
..............*..***************       733  73.3%
.***********..******************       698  69.8%
.....****.......................       570  57.0%
...******.......................       520  52.0%
.................************...       501  50.1%
.................************.*.       482  48.2%
............**..................       461  46.1%
.********.......................       451  45.1%
..............******************       425  42.5%
......................****.*....       411  41.1%
............................*.*.       409  40.9%
.........***....................       356  35.6%
.................*********.*....       344  34.4%
.***********..*..***************       335  33.5%
......................******....       318  31.8%
.****...........................       281  28.1%
.************.******************       257  25.7%
.***********.*******************       242  24.2%
.........................***....       223  22.3%
.********.....******************       207  20.7%
...............*****************       204  20.4%
.............................***       184  18.4%
.................********.......       182  18.2%
.*********....******************       167  16.7%
.****....***..*..***************       164  16.4%
.................*************.*       159  15.9%
...****.........................       145  14.5%
.**.......**....................       144  14.4%
......................****......       142  14.2%
.**......***....................       140  14.0%
.****....***....................       136  13.6%
.........*....*..***************       133  13.3%
............................****       132  13.2%
.........***..*..***************       130  13.0%
.********.....*..***************       127  12.7%
..........................**....       121  12.1%
.*********..********************       112  11.2%
...**..**.......................       102  10.2%
.****....***..******************        92   9.2%
.........*.*....................        81   8.1%
.........**.....................        77   7.7%
.***********....................        77   7.7%
.....................****.......        73   7.3%
...******.....******************        71   7.1%
.................*****....*.....        66   6.6%
.................*****...*.*....        66   6.6%
.*********.*********************        65   6.5%
.................*****...***....        62   6.2%
...*******....******************        60   6.0%
.**......***..*..***************        59   5.9%
.****.....**....................        58   5.8%
.........*....******************        56   5.6%
.................*********......        56   5.6%
.................***********.*.*        51   5.1%

231 groups at (relative) frequency less than 5% not shown
