
P A U P *
Portable version 4.0b10 for Unix
Sat Aug  8 11:00:39 2015

      -----------------------------NOTICE-----------------------------
        This is a beta-test version.  Please report any crashes,
        apparent calculation errors, or other anomalous results.
        There are no restrictions on publication of results obtained
        with this version, but you should check the WWW site
        frequently for bug announcements and/or updated versions.  
        See the README file on the distribution media for details.
      ----------------------------------------------------------------

Character-exclusion status changed:
  412 characters excluded
  Total number of characters now excluded = 412
  Number of included characters = 727

Data matrix exported to file "paup.nex" in Nexus (non-interleaved) format.

Optimality criterion set to distance.

Outgroup status changed:
  4 taxa transferred to outgroup
  Total number of taxa now in outgroup = 4
  Number of ingroup taxa = 20

Neighbor-joining search settings:
  Ties (if encountered) will be broken systematically
  Distance measure = HKY85
  412 characters are excluded
  (Tree is unrooted)

   Tree found by neighbor-joining method stored in tree buffer
   Time used = <1 sec (CPU time = 0.00 sec)

Neighbor-joining tree:

                                    /------------------ test
                                    |
                                    |      /------- C3BC2US
                                 /--+  /---+
                                 |  |  |   \-------- C48RU
                                 |  \--+
                          /------+     \----- CK110BidFR
                          |      |
                          |      |        /---- C1ASM72US
                          |      \--------+
                          |               \------- CGK17GR
                          |
  /-----------------------+                   /-- A1BCBLRUS
  |                       |              /----+
  |                       |              |    \-- A4BCBLBUS
  |                       |   /----------+
  |                       |   |          \--------- A2K140Bc1US
  |                       |   |
  |                       \---+     /--- A5IFe5IT
  |                           |    /+
  |                           |    |\----- A5TBF6ZA
/-+                           \----+
| |                                \----- A5IFe1IT
| |
| |                                                /------------- B2MP5ZA
| |                                              /-+
| |                                              | \--------------- B2K137E44TG
| |                                              |
| |                                              +----------- B2K123KokCF
| \----------------------------------------------+
|                                                |  /------------- B1K122YanCF
|                                                \--+
|                                                   \-------- BUg52UG
|
|                 /----------------------------- D1TKS10TW
|           /-----+
|           |     \------------------------------------------------ D2ZKS3PF
|   /-------+
|   |       \--------------------- D3AU1ASL1AU
|   |
\---+                     /------------- EHua1EC
    |         /-----------+
    |         |           \---------- EHua3EC
    \---------+
              |                 /--------- E1Tupi1BR
              \-----------------+
                                \---------- E2Tupi2BR

1 tree saved to file "~/rega-genotype/jobDir/959827663/paup.tre" in PHYLIP
format

Bootstrap method with neighbor-joining search:
  Number of bootstrap replicates = 100
  Starting seed = 1685296022
  Ties (if encountered) will be broken randomly
  Distance measure = HKY85
  412 characters are excluded
  (Tree is unrooted)

   Time used for neighbor-joining bootstrap = 1 sec (CPU time = 0.13 sec)

Bootstrap 50% majority-rule consensus tree

                                       /----------------------- test(1)
                                       |
                                       |              /-------- C3BC2US(13)
                               /------60      /------87
                               |       |      |       \-------- C48RU(16)
                               |       \-----60
                       /-----100              \---------------- CK110BidFR(15)
                       |       |
                       |       |                      /-------- C1ASM72US(14)
                       |       \--------------------100
                       |                              \-------- CGK17GR(17)
                       |
               /-----100                              /-------- A1BCBLRUS(2)
               |       |                      /------97
               |       |                      |       \-------- A4BCBLBUS(3)
               |       |               /----100
               |       |               |      \---------------- A2K140Bc1US(4)
               |       |               |
               |       \--------------98              /-------- A5IFe5IT(5)
               |                       |      /------66
        /-----89                       |      |       \-------- A5TBF6ZA(6)
        |      |                       \-----95
        |      |                              \---------------- A5IFe1IT(7)
        |      |
        |      |                              /---------------- B2MP5ZA(8)
        |      |                              |
        |      |                              +---------------- B2K123KokCF(9)
        |      |                              |
        |      \----------------------------100       /-------- B1K122YanCF(10)
/------98                                     +------76
|       |                                     |       \-------- BUg52UG(11)
|       |                                     |
|       |                                     \---------------- B2K137E44TG(12)
|       |
|       |                                             /-------- D1TKS10TW(18)
|       |                                     /------91
|       |                                     |       \-------- D2ZKS3PF(19)
|       \------------------------------------98
|                                             \---------------- D3AU1ASL1AU(20)
|
|                                                     /-------- EHua1EC(21)
|                                             /-----100
|                                             |       \-------- EHua3EC(22)
\---------------------------------------------0
                                              |       /-------- E1Tupi1BR(23)
                                              \-----100
                                                      \-------- E2Tupi2BR(24)

Bipartitions found in one or more trees and frequency of occurrence (bootstrap
support values):

         1         2   2
123456789012345678901234      Freq
----------------------------------
.......*****.....*******       100
.***....................       100
.............*..*.......       100
......................**       100
....................**..       100
.***********.....*******       100
.......*****............       100
....................****        98
.................***....        98
.******.................        98
.**.....................        97
....***.................        95
.................**.....        91
.................*******        89
............*..*........        87
.........**.............        76
....**..................        66
............*.**........        60
.***********.*..********        60
.......*...*............        50
.***********.**.********        38
.......****.............        36
.......**..*............        26
.......**...............        22
.............**.*.......        22
........***.............        22
.....**.................        21
.......*.**.............        17
............*****.......        16
.......*.***............        15
....*.*.................        12
.......*****.....***....        10
........**..............        10
.......***.*............        10
..............**........         9
..................**....         9
.......*..*.............         7
.***********.***********         5

17 groups at (relative) frequency less than 5% not shown
