
P A U P *
Portable version 4.0b10 for Unix
Thu Jun 11 10:40:25 2015

      -----------------------------NOTICE-----------------------------
        This is a beta-test version.  Please report any crashes,
        apparent calculation errors, or other anomalous results.
        There are no restrictions on publication of results obtained
        with this version, but you should check the WWW site
        frequently for bug announcements and/or updated versions.  
        See the README file on the distribution media for details.
      ----------------------------------------------------------------

Character-exclusion status changed:
  9 characters excluded
  Total number of characters now excluded = 9
  Number of included characters = 791

Data matrix exported to file "paup.nex" in Nexus (non-interleaved) format.

Outgroup status changed:
  1 taxon transferred to outgroup
  Total number of taxa now in outgroup = 1
  Number of ingroup taxa = 80

Optimality criterion set to distance.

Error(#640): Taxon "D.ZA.85.R214" (#73) appears more than once in tree
             description
Error occurred at line 756 of file /Users/tulio/rega-
genotype/jobDir/1703733210/tmp.nex

Execution terminated due to errors.
