
P A U P *
Portable version 4.0b10 for Unix
Tue Jun  9 12:31:02 2015

      -----------------------------NOTICE-----------------------------
        This is a beta-test version.  Please report any crashes,
        apparent calculation errors, or other anomalous results.
        There are no restrictions on publication of results obtained
        with this version, but you should check the WWW site
        frequently for bug announcements and/or updated versions.  
        See the README file on the distribution media for details.
      ----------------------------------------------------------------

Character-exclusion status changed:
  9 characters excluded
  Total number of characters now excluded = 9
  Number of included characters = 791

Data matrix exported to file "paup.nex" in Nexus (non-interleaved) format.

Outgroup status changed:
  1 taxon transferred to outgroup
  Total number of taxa now in outgroup = 1
  Number of ingroup taxa = 70

Optimality criterion set to distance.

Neighbor-joining search settings:
  Ties (if encountered) will be broken systematically
  Distance measure = HKY85
  9 characters are excluded
  (Tree is unrooted)

   Tree found by neighbor-joining method stored in tree buffer
   Time used = <1 sec (CPU time = 0.01 sec)

Neighbor-joining tree:

                                             / test
                                             |
                                             + G.ES.00.X558
                                           /-+
                                           | \-- G.ES.99.X138
                                  /--------+
                                  |        | /- 14 BGE1S00X477
                                  |        \-+
                                /-+          \---- 14 BGES99X397
                                | |
                                | |  /-------- G.NG.x.01NGPL066
                                | \--+
                              /-+    \------ G.NG.x.01NGPL076
                              | |
                              | |   /-------- 02 AGCM9797CMP80
                              | \---+
                            /-+     \--------- 02 AGFR91DJ264
                            | |
                            | |       /----- GKU.SE.x.SE8646
                            | \-------+
                          /-+         \-------------- GKU.SE.x.SE9010
                          | |
                          | |         /------- 06 CPXAU96BFP90
                          | \---------+
                          |           \------ 06 CPXML9595ML84
                          |
                          |          /----------- BUS83RF
                          |        /-+
                          |        | \------- BUS90WEAU160
                          |       /+
                          |       ||        /-- 03 ABRU97KAL153
                          |       |\--------+
                          |     /-+         \--- 03 ABRU98RU98001
                          |     | |
                          |     | |      /------- 12 BFAR97A32989
                          |     | \------+
                          |     |        \------ 12 BFU1Y99URTR23
                          |     |
                          |     |      /-------- 10 CDTZ19696TZBF
                          |     |    /-+
                          |     |    | \------ 10 CDTZ9696TZBF1
                          |     |    |
                          |  /--+ /--+   /------- D.UG.99.99UGA074
                          |  |  | |  | /-+
                          |  |  | |  | | \------ D.UG.99.99UGB218
                          |  |  | |  \-+
                          |  |  | |    \------- D.UG.99.99UGE083
                          |  |  |/+
                          |  |  |||    /---------- 19 cpx.CU.99.CU2
                          |  |  ||+----+
                          |  |  |||    \------- 19 cpx.CU.99.CU7
                          |  |  |||
                          |  |  \+|     /------------------ D.ZA.85.R214
                          |  |   |\-----+
                          |  |   |      \--------------------- D.ZA.85.R286
                          |  |   |
                          |  |   |         /------ D.CM.01.01CM 000
                          | /+   \---------+
                          | ||             \--------- D.CM.01.01CM 441
                          | ||
                          | ||      /------------ F1BE93VI850
                          | ||     /+
                          | ||     |\----------- F1FR96MP411
                          | ||    /+
                          | ||    ||  /---------- 05 DFBEVI1310
                          | ||    |\--+
                          | ||/---+   \-------- 05 DFBE93VI961
                          | |||   |
                          | |||   |     /---- F2CM195MP255
                          | |||   \-----+
                          | |||         \-------- F2CM95MP257
                          | |\+
                          +-+ |           /------ 04 CPXG1R9197PVC
                          | | | /---------+
                          | | | |         \----------- 04 CPXGR9797PVMY
                          | | \-+
                          | |   |   /--------- 18 cpx.CM.97.CM5
                          | |   \---+
                          | |       \----- 18 cpx.CU.99.CU7
                          | |
                          | |              /-- 07 BCC1N9797CN00
                          | |         /----+
                          | |         |    \--- 07 BCCN9898CN009
                          | |       /-+
                          | |       | |     /--- 08 BCCN19797CNGX
                          | |       | \-----+
                          | |       |       \--- 08 BCCN9898CN006
                          | \-------+
                          |         |    /-------- C.AR.01.ARG4006
                          |         |   /+
                          |         |   |\----------- C.BR.x.04BR013
                          |         \---+
                          |             |   /------ C.IN.93.93IN904
                          |             \---+
                          |                 \---- C.IN.98.98IN022
                          |
                          |       /------------ A1UG85U455
                          |       |
                          |      /+      /------ A1.UZ.02.02UZ065
                          |      |\------+
                          |      |       \--- A1.UZ.02.02UZ066
                          |      |
                          |     /+     /------- 01 AECF19090CF11
                          |     || /---+
                       /--+     || |   \------ 01 AETH90CM240
                       |  |     || |
                       |  |     |\-+       /---- A.SN.01.DDI579
                       |  |     |  |     /-+
                       |  |  /--+  |     | \--- A.SN.96.DDJ360
                       |  |  |  |  \-----+
                       |  |  |  |        \------ A.SN.01.DDJ369
                       |  |  |  |
                       |  |  |  | /-------------- A1UG9292UG037
                       |  |  |  | |
                       |  |  |  \-+ /-------- A1.KE.00.KNH1199
                       |  +--+    | |
                       |  |  |    \-+/--------- A1.KE.97.ML752
                       |  |  |      \+
                       |  |  |       \------ A1.TZ.01.A341
                       |  |  |
/----------------------+  |  |         /----------- A2CD9797CDKTB48
|                      |  |  \---------+
|                      |  |            \---------- A2CY9494CY01741
|                      |  |
|                      |  |      /------- 09 cpx.GH.96.96G
|                      |  |   /--+
|                      |  |   |  \--------- 09 cpx.US.99.99D
|                      |  \---+
|                      |      |              /--- AHJU.CM.01.01CM 
|                      |      \--------------+
|                      |                     \-- AHJU.CM.01.01CM 
|                      |
|                      |        /--------- 11 CPXF1R99MP129
|                      |      /-+
|                      |      | \------------- 11 CPXGRGR17
|                      \------+
|                             |      /----- 13 CPXC1M961849
|                             \------+
|                                    \----- 13 CPXCM964164
|
\------------------------------------------------------------- OCM91MVP5180

1 tree saved to file "~/rega-genotype/jobDir/1094916917/paup.tre"

Bootstrap method with neighbor-joining search:
  Number of bootstrap replicates = 100
  Starting seed = 1487935976
  Ties (if encountered) will be broken randomly
  Distance measure = HKY85
  9 characters are excluded
  (Tree is unrooted)

   Note: Ties were encountered in one or more replicates

   Time used for neighbor-joining bootstrap = 1 sec (CPU time = 1.34 sec)

Bootstrap 50% majority-rule consensus tree

                                                  /------- test(1)
                                           /--90--+
                                           |      \------- G.ES.00.X558(65)
                                    /--88--+
                                    |      \-------------- G.ES.99.X138(66)
                            /--100--+
                            |       |             /------- 14 BGE1S00X477(36)
                            |       \-----94------+
                     /--92--+                     \------- 14 BGES99X397(37)
                     |      |
                     |      |                     /------- G.NG.x.01NGPL066(67)
                     |      \---------96----------+
              /--70--+                            \------- G.NG.x.01NGPL076(68)
              |      |
              |      |                            /------- 02 AGCM9797CMP80(14)
              |      \-------------97-------------+
       /--66--+                                   \------- 02 AGFR91DJ264(15)
       |      |
       |      |                                   /------- GKU.SE.x.SE8646(69)
       |      \----------------100----------------+
       |                                          \------- GKU.SE.x.SE9010(70)
       |
       |                    /----------------------------- A1UG85U455(2)
       |                    |
       |                    |                     /------- 01 AECF19090CF11(12)
       |                    |       /-----100-----+
       |                    |       |             \------- 01 AETH90CM240(13)
       |                    |       |
       |                    +--68---+             /------- A.SN.01.DDI579(44)
       |             /--60--+       |      /--92--+
       |             |      |       |      |      \------- A.SN.96.DDJ360(46)
       |             |      |       \-100--+
       |             |      |              \-------------- A.SN.01.DDJ369(45)
       |             |      |
       |             |      |                     /------- A1.UZ.02.02UZ065(50)
       |      /--88--+      \---------100---------+
       |      |      |                            \------- A1.UZ.02.02UZ066(51)
       |      |      |
       |      |      |              /--------------------- A1UG9292UG037(3)
       |      |      |              |
       |      |      \------74------+      /-------------- A1.KE.00.KNH1199(47)
       +--84--+                     |      |
       |      |                     \--85--+      /------- A1.KE.97.ML752(48)
       |      |                            \--59--+
       |      |                                   \------- A1.TZ.01.A341(49)
       |      |
       |      |                                   /------- A2CD9797CDKTB48(4)
       |      \----------------100----------------+
       |                                          \------- A2CY9494CY01741(5)
       |
       |                                          /------- BUS83RF(6)
       |                                   /--73--+
       |                                   |      \------- BUS90WEAU160(7)
       |                            /--70--+
       |                            |      |      /------- 03 ABRU97KAL153(16)
       |                            |      \-100--+
       |             /------61------+             \------- 03 ABRU98RU98001(17)
       |             |              |
       |             |              |             /------- 12 BFAR97A32989(32)
       |             |              \-----100-----+
       |             |                            \------- 12 BFU1Y99URTR23(33)
       |             |
       |             |                            /------- 10 CDTZ19696TZBF(28)
       |             |              /-----61------+
       |             |              |             \------- 10 CDTZ9696TZBF1(29)
       +-----53------+              |
       |             |      /--88---+             /------- D.UG.99.99UGA074(60)
       |             |      |       |      /--72--+
       |             |      |       |      |      \------- D.UG.99.99UGB218(61)
       |             |      |       \--69--+
       |             |      |              \-------------- D.UG.99.99UGE083(62)
       |             |      |
       |             |      |                     /------- 19 cpx.CU.99.CU2(42)
       |             |      +---------98----------+
       |             \--53--+                     \------- 19 cpx.CU.99.CU7(43)
       |                    |
/------+                    |                     /------- D.CM.01.01CM 000(58)
|      |                    +---------100---------+
|      |                    |                     \------- D.CM.01.01CM 441(59)
|      |                    |
|      |                    |                     /------- D.ZA.85.R214(63)
|      |                    \---------100---------+
|      |                                          \------- D.ZA.85.R286(64)
|      |
|      |                                          /------- F1BE93VI850(8)
|      |                                   /--72--+
|      |                                   |      \------- F1FR96MP411(9)
|      |                            /--51--+
|      |                            |      |      /------- 05 DFBEVI1310(20)
|      |                            |      \--96--+
|      +-------------81-------------+             \------- 05 DFBE93VI961(21)
|      |                            |
|      |                            |             /------- F2CM195MP255(10)
|      |                            \-----100-----+
|      |                                          \------- F2CM95MP257(11)
|      |
|      |                                          /------- 04 CPXG1R9197PVC(18)
|      |                                   /-100--+
|      |                                   |      \------- 04 CPXGR9797PVMY(19)
|      +----------------56-----------------+
|      |                                   |      /------- 18 cpx.CM.97.CM5(40)
|      |                                   \--99--+
|      |                                          \------- 18 cpx.CU.99.CU7(41)
|      |
|      |                                          /------- 06 CPXAU96BFP90(22)
|      +-------------------100--------------------+
|      |                                          \------- 06 CPXML9595ML84(23)
|      |
|      |                                          /------- 07 BCC1N9797CN00(24)
|      |                                   /-100--+
|      |                                   |      \------- 07 BCCN9898CN009(25)
|      |                            /--77--+
|      |                            |      |      /------- 08 BCCN19797CNGX(26)
|      |                            |      \-100--+
|      |                            |             \------- 08 BCCN9898CN006(27)
|      +------------100-------------+
|      |                            |             /------- C.AR.01.ARG4006(54)
|      |                            |      /--62--+
|      |                            |      |      \------- C.BR.x.04BR013(55)
|      |                            \--76--+
|      |                                   |      /------- C.IN.93.93IN904(56)
|      |                                   \--99--+
|      |                                          \------- C.IN.98.98IN022(57)
|      |
|      |                                          /------- 11 CPXF1R99MP129(30)
|      |                                   /--65--+
|      |                                   |      \------- 11 CPXGRGR17(31)
|      +----------------99-----------------+
|      |                                   |      /------- 13 CPXC1M961849(34)
|      |                                   \-100--+
|      |                                          \------- 13 CPXCM964164(35)
|      |
|      |                                          /------- 09 cpx.GH.96.96G(38)
|      |                                   /--94--+
|      |                                   |      \------- 09 cpx.US.99.99D(39)
|      \----------------96-----------------+
|                                          |      /------- AHJU.CM.01.01CM (52)
|                                          \-100--+
|                                                 \------- AHJU.CM.01.01CM (53)
|
\--------------------------------------------------------- OCM91MVP5180(71)

Bipartitions found in one or more trees and frequency of occurrence (bootstrap
support values):

         1         2         3         4         5         66
1234567890123456789012345678901234567890123456789012345678901
-------------------------------------------------------------
...........................................***...............
...................................................**........
.........**..................................................
.............................................................
.....................**......................................
...............................**............................
...**........................................................
...........**................................................
.......................****..........................****....
.........................**..................................
.......................**....................................
.............................................................
...............**............................................
.................**..........................................
.........................................................**..
.**********************************..************************
.................................**..........................
.................................................**..........
.......................................................**....
.......................................**....................
.............................**..**..........................
.........................................**..................
.............**..............................................
...................**........................................
.....................................**............**........
.............................................................
...................................**........................
.....................................**......................
.**********************************..************************
...........................................*.*...............
.************************************************************
.************************************************************
...........................**..............................**
.**........**..............................********..........
..............................................***............
.****......**..............................********..........
.......****........**........................................
.......................****..................................
.....................................................****....
..*...........................................***............
.....**......................................................
.......**....................................................
...........................................................**
.....**........**............................................
.************..********************..************************
...........................................................**
...........**..............................***...............
.************..********************..************************
.............................**..............................
.....................................................**......
...........................**................................
.....**........**..............**............................
.*.........**..............................***...**..........
...............................................**............
.................**....................**....................
...........................**............**..............****
.....**........**..........**..**........**..............****
.......**..........**........................................
.............................**..**..........................
.************..******..************..************************
.*...............................................**..........
..............................*..**..........................
...........................**............**................**
.......****......****..................**....................
.....................................................*.**....
.......****..................................................
.....******....******..******..**......****..........********
............................*..............................**
.*.........................................***...............
.....******....******......**..**......****..............****
..............................................*.*............
.......****........**..........**............................
.....******....**..**......**..**........**..............****
.**********************************..************************
.************..******..************..************************
.*.........**..............................***...............
.....**........**..........**............**..............****
.........................................**..................
...........................**............**................**
............................*..............................**
.....................................**............**........
.......................****............................**....
.................**..................**............**........
.........................................**..............**..
...........................**..............................**
.****......**................**..**..**....**********........
.....**........**......******..**........**..........********
.............................**..**..**............**........
.....******....**..**..******..**........**..........********
.....**........................**............................
........***..................................................
.........................................................**..
.......****......****..........**......**....................
.........................................**..............**..
.*.........**..............................********..........
............................*..............................*.
...................................**........................
.....*.........**............................................
..............................................**.............
.**........**..............................******............
.......*.......................**............................
.****......**........................**....**********........
.****......**................**..**........********..........
.......****........**..................**....................
.****......**........................**....**********........
.****......**....**..................**....**********........
...........**....................................**..........
.....******....**..**......**..**......****..............****
.......****........**..........**......**....................
.....**........**......******............**..........********
.....**........**..............**........................**..
.************..******..******..**....************************
.............................**..**..........................
........***........**........................................
.............................**..**..........................
......*........................**............................
.........................**..........................****....
............................................................*
.....******....********************..******........**********
.......................****..**..**..**............******....
.............................................................
.........................**............................**....
.....******....**..**..******..**......****..........********
.****......**..............................********..........
.....**........**..........**..**........**................**
..*........**..............................******............
............................................**...............
.......................**..............................**....
...........................................................*.
.****......**....**....****..**..**..**....**************....
.**...........................................***............
.............**......**......................................
.************..******..******..**......************..********
.......................****..**..**..................****....
.....******....**..**..........**............................
...........................*.................................
.................**..**................**....................
.************..**************..**....************************
...........................**............................****
........*..........**........................................
.....******....******..************..******........**********
......................................*............**........
.************..******..******..**....************************
......*........**............................................
.****......**..........****..**..**..**....**************....
...........................**..............................**
.....******....******..******..**....******........**********
...........**..............................***...**..........
.************..********************..************************
.......*...........**........................................
...............**............................................
.......**..........**..........**............................
.......****......******................**....................
.....................**......................................
.*............................................***............
...........................................................**
.*.............................................*.............
.....******....**************..**....******........**********
......................................................***....
.....******....**************..**......****..........********
.............................**..**..**............**........
.......**......................**............................
.****......**....**..........**..**..**....**********........
.****......**....**..................**....**********........
.....................**................**....................

6       77
2345678901      Freq
--------------------
..........       100
..........       100
..........       100
.......**.       100
..........       100
..........       100
..........       100
..........       100
..........       100
..........       100
..........       100
.**.......       100
..........       100
..........       100
..........       100
***..*****       100
..........       100
..........       100
..........        99
..........        99
..........        99
..........        98
..........        97
..........        96
..........        96
.....**...        96
..........        94
..........        94
***....***        92
..........        92
***.******        90
***..*****        88
*.........        88
..........        88
..........        85
..........        84
..........        81
..........        77
..........        76
..........        74
..........        73
..........        72
..........        72
..........        70
***....***        70
*.........        69
..........        68
***......*        66
..........        65
..........        62
..........        61
..........        61
..........        60
..........        59
..........        56
***.......        53
***.......        53
..........        51
.........*        47
***......*        40
..........        39
..........        34
***.......        33
..........        32
..........        32
..........        32
***.......        30
*.........        28
..........        27
***.......        27
..........        27
..........        25
***.......        25
***......*        25
***....***        25
..........        25
***.......        24
.**.......        24
*.........        23
..........        23
.........*        22
..........        21
..........        20
.**.......        20
***.......        20
.........*        19
***.......        18
.........*        18
***.......        17
..........        16
..........        15
.**.......        15
..........        14
..........        14
..........        13
..........        13
....*.....        12
..........        12
..........        12
..........        12
..........        11
.........*        11
.........*        11
..........        11
..........        11
..........        11
..........        10
***.......        10
..........         9
***.......         9
..........         9
***.......         9
.......***         8
..........         8
.......**.         8
..........         8
..........         8
*.........         8
***......*         8
.........*         8
...**.....         8
..........         8
***.......         8
.........*         8
***.......         7
..........         7
..........         7
..........         7
*.........         7
.........*         7
..........         6
..........         6
***.......         6
.........*         6
..........         6
*.........         6
..........         6
***......*         6
***.......         6
..........         6
***......*         6
..........         6
***......*         6
..........         5
.........*         5
..........         5
***.......         5
..........         5
***..*****         5
..........         5
.**.......         5
..........         5
..........         5
.........*         5
..........         5
***.......         5
..........         5
***.......         5
..........         5
***.......         5
..........         5
..........         5
.........*         5
.........*         5
..........         5

289 groups at (relative) frequency less than 5% not shown
