
P A U P *
Portable version 4.0b10 for Unix
Wed Jun 10 09:17:52 2015

      -----------------------------NOTICE-----------------------------
        This is a beta-test version.  Please report any crashes,
        apparent calculation errors, or other anomalous results.
        There are no restrictions on publication of results obtained
        with this version, but you should check the WWW site
        frequently for bug announcements and/or updated versions.  
        See the README file on the distribution media for details.
      ----------------------------------------------------------------

Data matrix exported to file "paup.fasta" in Phylip format.

Character-exclusion status changed:
  1585 characters excluded
  Total number of characters now excluded = 1585
  Number of included characters = 169

Data matrix exported to file "paup.nex" in Nexus (non-interleaved) format.

Outgroup status changed:
  1 taxon transferred to outgroup
  Total number of taxa now in outgroup = 1
  Number of ingroup taxa = 46

Optimality criterion set to distance.
   Forcing NJ tree to be compatible with constraint-tree "CONSTRE"

Neighbor-joining search settings:
  Ties (if encountered) will be broken systematically
  Distance measure = Tamura-Nei
  Rates assumed to follow gamma distribution with shape parameter = 0.413123
  1585 characters are excluded
  (Tree is unrooted)

   Tree found by neighbor-joining method stored in tree buffer
   Time used = <1 sec (CPU time = 0.01 sec)

Neighbor-joining tree:

                                    / AB287451
                                   /+
                                   |\- II.4|2007JP|OB20
                                   |
                                   |             /- II.1|AJ277606
                                   |            /+
                                   |            |\- II.1|U07611
                                   |           /+
                                   |           || /- II.12|AJ277618
                                   |           |\-+
                                   |         /-+  \ II.12|AB032758
                                   |         | |
                                   |         | |/- II.16|AY502010
                                   |         | \+
                                   |        /+  \ II.16|GQ856476
                                   |        ||
                                   |        ||    / II.13|AB078334
                                   |        |\----+
                                   |        |     \ II.13|AY113106
                                   |        |
                                   |       /+     / II.2|AY134748
                                   |       ||  /--+
                                   |       ||  |  \ II.2|X81879
                                   |       || /+
                                   |       || || / II.10|AY237415
                                   |       || |\-+
                                   |       |\-+  \ II.10|AF427118
                                   |       |  |
                                   |       |  |  / II.5|AF397156
                                   |       |  \--+
                                   |       |     \ II.5|AJ277607
                                   |       |
                                   |       |    /-- II.3|U02030
                                   |       | /--+
                                   |       | |  \- II.3|EU187437
                                   |       |/+
                                   |       |||/-- II.22|AB083780
                                   |       ||\+
                                   |       || \-- II.22|GQ856469
                                   |       ||
                                  /+       ||   / II.7|AF414409
                                  ||       ++/--+
                                  ||       |||  \ II.7|AJ277608
                                  ||       |++
                                  ||       |||              /- II.15|AY130762
                                  ||       ||\--------------+
                                  ||       ||               \- II.15|GQ856474
                                  ||      /+|
                                  ||      |||   /- II.17|DQ438972
                                  ||      ||| /-+
                                  ||      ||| | \-- II.17|AY502009
                                  ||      ||\-+
                                  ||      ||  |  / II.21|AB542915
                                  ||      ||  \--+
                                  ||      ||     \-- II.21|AY675554
                                  ||      ||
                                  ||      ||   /- II.8|AB039780
                                  ||      || /-+
                                  ||      || | \ II.8|AF195848
                                  ||      ||/+
                                  ||      ||||  /- II.9|AY038599
                                  ||      |||\--+
                                  ||      |\+   \- II.9|DQ379715
                                  ||      | |
                       /----------+|      | | / II.14|AY130761
                       |          ||      | \-+
                       |          ||      |   \- II.14|GQ856465
                       |          ||      |
                       |          ||      |      /-- II.11|AB126320
                       |          ||      |    /-+
                       |          ||      |    | \- II.11|AB074893
                       |          ||    /-+ /--+
                       |          ||    | | |  |  / II.19|AY823306
                       |          ||    | | |  \--+
                       |          ||    | +-+     \ II.19|AY823307
                       |          ||    | | |
                       |          ||    | | |        / II.18|AY823304
/----------------------+          ||    | | \--------+
|                      |          |\----+ |          \ II.18|AY823305
|                      |          |     | |
|                      |          |     | |  /- II.6|AB039778
|                      |          |     | \--+
|                      |          |     |    \- II.6|AJ277620
|                      |          |     |
|                      |          |     |   /- II.20|AB542917
|                      |          |     \---+
|                      |          |         \ II.20|EU373815
|                      |          |
|                      |          \- II.4|Brist|X7671
|                      |
|                      \.- II.NA4|AJ844470
|
\------------------------------------------------------------- III.1|EU360814

1 tree saved to file "~/rega-genotype/jobDir/1223918663/paup.tre"
   Forcing NJ tree to be compatible with constraint-tree "CONSTRE"

Bootstrap method with neighbor-joining search:
  Number of bootstrap replicates = 100
  Starting seed = 1913951978
  Ties (if encountered) will be broken randomly
  Distance measure = Tamura-Nei
  Rates assumed to follow gamma distribution with shape parameter = 0.413123
  1585 characters are excluded
  (Tree is unrooted)

   1 undefined distance(s) in replicate 81
   Time used for neighbor-joining bootstrap = <1 sec (CPU time = 0.17 sec)

Bootstrap 50% majority-rule consensus tree

                                              /----------- AB287451(1)
                                  /----59-----+
                                  |           \----------- II.4|2007JP|OB20(9)
                       /----99----+
                       |          \----------------------- II.4|Brist|X7671(8)
                       |
                       |                      /----------- II.1|AJ277606(2)
                       |          /----100----+
                       |          |           \----------- II.1|U07611(3)
                       |          |
                       |          |           /----------- II.12|AJ277618(24)
                       +----95----+----100----+
                       |          |           \----------- II.12|AB032758(25)
                       |          |
                       |          |           /----------- II.16|AY502010(32)
                       |          \----100----+
                       |                      \----------- II.16|GQ856476(33)
                       |
                       |                      /----------- II.2|AY134748(4)
                       |          /----100----+
                       |          |           \----------- II.2|X81879(5)
                       |          |
                       |          |           /----------- II.5|AF397156(10)
                       +----83----+----100----+
                       |          |           \----------- II.5|AJ277607(11)
                       |          |
                       |          |           /----------- II.10|AY237415(20)
                       |          \----100----+
                       |                      \----------- II.10|AF427118(21)
                       |
                       |                      /----------- II.3|U02030(6)
                       +---------100----------+
                       |                      \----------- II.3|EU187437(7)
                       |
                       |                      /----------- II.6|AB039778(12)
                       +---------100----------+
                       |                      \----------- II.6|AJ277620(13)
                       |
                       |                      /----------- II.7|AF414409(14)
                       +---------100----------+
                       |                      \----------- II.7|AJ277608(15)
                       |
                       |                      /----------- II.8|AB039780(16)
           /----53-----+          /----100----+
           |           |          |           \----------- II.8|AF195848(17)
           |           +----77----+
           |           |          |           /----------- II.9|AY038599(18)
           |           |          \----100----+
           |           |                      \----------- II.9|DQ379715(19)
           |           |
           |           |                      /----------- II.11|AB126320(22)
           |           |          /----100----+
           |           |          |           \----------- II.11|AB074893(23)
           |           +----94----+
           |           |          |           /----------- II.19|AY823306(38)
           |           |          \----100----+
           |           |                      \----------- II.19|AY823307(39)
           |           |
           |           |                      /----------- II.13|AB078334(26)
           |           +---------100----------+
           |           |                      \----------- II.13|AY113106(27)
           |           |
           |           |                      /----------- II.14|AY130761(28)
           |           +---------100----------+
           |           |                      \----------- II.14|GQ856465(29)
           |           |
           |           |                      /----------- II.17|DQ438972(34)
/----------+           |          /----100----+
|          |           |          |           \----------- II.17|AY502009(35)
|          |           +----86----+
|          |           |          |           /----------- II.21|AB542915(42)
|          |           |          \----100----+
|          |           |                      \----------- II.21|AY675554(43)
|          |           |
|          |           |                      /----------- II.18|AY823304(36)
|          |           +---------100----------+
|          |           |                      \----------- II.18|AY823305(37)
|          |           |
|          |           |                      /----------- II.20|AB542917(40)
|          |           +----------99----------+
|          |           |                      \----------- II.20|EU373815(41)
|          |           |
|          |           |                      /----------- II.22|AB083780(44)
|          |           \---------100----------+
|          |                                  \----------- II.22|GQ856469(45)
|          |
|          |                                  /----------- II.15|AY130762(30)
|          +---------------100----------------+
|          |                                  \----------- II.15|GQ856474(31)
|          |
|          \---------------------------------------------- II.NA4|AJ844470(46)
|
\--------------------------------------------------------- III.1|EU360814(47)

Bipartitions found in one or more trees and frequency of occurrence (bootstrap
support values):

         1         2         3         4      4
12345678901234567890123456789012345678901234567      Freq
---------------------------------------------------------
.........................**....................       100
...........**..................................       100
...................................**..........       100
...........................**..................       100
.............................**................       100
.......................**......................       100
.....................................**........       100
.....................**........................       100
...**..........................................       100
.................................**............       100
.....**........................................       100
.................**............................       100
...............**..............................       100
.............**................................       100
...................**..........................       100
.........**....................................       100
...........................................**..       100
...............................**..............       100
.........................................**....       100
.**............................................       100
.......................................**......        99
.******..**************************************        99
.**....................**......**..............        95
.....................**..............**........        94
.................................**......**....        86
...**....**........**..........................        83
...............****............................        77
.*******.**************************************        59
.............................**..............**        53
.**............................**..............        50
.....................**............****........        44
.............................................**        44
.**....................**......................        43
.....**....................................**..        42
...**..............**..........................        41
.......**......................................        40
.******..******************************..******        36
.........**........**..........................        29
.............................**..............*.        27
...**....**....................................        26
.............******............................        24
.**....................****....**..............        22
...................................**.........*        21
.............******........**..................        21
.............**............**..................        20
.....**..........................**......****..        18
.....**..........................**......**....        18
.............................**...............*        17
...........********........**..................        16
...........**..............**..................        16
.....................**......**....****......**        14
.****....**........**..**......**..............        14
.****....**........**..****....**..............        13
.****....**........********..**********..**..**        13
.**..................****......**..****........        11
.............................**....**........**        11
.******..**..**************..**********..******        11
...**....**........**........**..............**        10
...............**..........**..................        10
.**....................**......****......**....        10
.**..................****......**....**........         9
.....**......******........**....**......****..         9
.******..*************************************.         9
.******..**..**************************..******         9
...**....**........**....**....................         9
.******..********************..**************..         9
.******..**........********..**********..******         8
...**....**........**....**..**..............**         8
.....**......**................................         8
.....................**......**......**......**         8
.******..****************..********************         8
.**....................****....****......**....         7
.******..**........**..**......****......****..         7
.....................**............****.......*         7
.******..******************..******************         7
.******..**........**..****....****......****..         7
.....**..........................**............         7
.............................**....**.........*         7
.........................**..**..............**         7
.......................**......**..............         7
.******..**..**********************************         7
...........**..****............................         7
...........**..****........**..................         7
.............................**....**..........         6
.******..******************..**********..******         6
.******..************************************..         6
.............**..**............................         6
.....................**..........******..**....         6
...**....**........**......................**..         6
...**....**........**........**..............*.         6
.............**..................**......**....         6
.............**..........**....................         5
.****....**........********..****..****......**         5
.....**......******..............**......****..         5
...........**..****................**..........         5
.....**......******........**....**....******..         5
.**..................****......********..**....         5
...............****........................**..         5
.******..******************************..****..         5
.****....**........**..****....****......****..         5
...**....**........**....**................**..         5
.**..................******....********..**....         5
...........**..........................**......         5
.******..********************..********..****..         5
.........................**......**......**....         5
.....**......**............................**..         5
...........**......................**..........         5
.....**......**..................**......****..         5
.******..******************************..*****.         5

433 groups at (relative) frequency less than 5% not shown
