
P A U P *
Portable version 4.0b10 for Unix
Wed Jun 10 09:17:54 2015

      -----------------------------NOTICE-----------------------------
        This is a beta-test version.  Please report any crashes,
        apparent calculation errors, or other anomalous results.
        There are no restrictions on publication of results obtained
        with this version, but you should check the WWW site
        frequently for bug announcements and/or updated versions.  
        See the README file on the distribution media for details.
      ----------------------------------------------------------------

Data matrix exported to file "paup.fasta" in Phylip format.

Character-exclusion status changed:
  130 characters excluded
  Total number of characters now excluded = 130
  Number of included characters = 655

Data matrix exported to file "paup.nex" in Nexus (non-interleaved) format.

Outgroup status changed:
  1 taxon transferred to outgroup
  Total number of taxa now in outgroup = 1
  Number of ingroup taxa = 82

Optimality criterion set to distance.
   Forcing NJ tree to be compatible with constraint-tree "CONSTRE"

Neighbor-joining search settings:
  Ties (if encountered) will be broken systematically
  Distance measure = Tamura-Nei
  Rates assumed to follow gamma distribution with shape parameter = 0.333794
  130 characters are excluded
  (Tree is unrooted)

   Tree found by neighbor-joining method stored in tree buffer
   Time used = <1 sec (CPU time = 0.00 sec)

Neighbor-joining tree:

                                                     /- AB112331
                                                  /--+
                                                  |  \- II.22|AB212306
                                                /-+
                                                | \---- II.22|AB233471
                                        /-------+
                                        |       |    / II.n|GQ856469
                                        |       \----+
                                        |            \- II.n|HM635128
                                        |
                                        |              /- II.6|AB039778
                                        |             /+
                                        |             |\-- II.6|JX989075
                                        |          /--+
                                        |          |  |   /-- II.7|AB039777
                                        |          |  \---+
                                        |          |      \-- II.7|AB258331
                                        |          |
                                        |          |      /--- II.15|AB360387
                                     /--+          +------+
                                     |  |        /-+      \-- II.15|GQ856474
                                     |  |        | |
                                     |  |        | |     / II.20|EU424333
                                     |  |        | \-----+
                                     |  |        |       \ II.20|EU275779
                                     |  |        |
                                     |  |  /-----+     /-- II.8|AB039780
                                     |  |  |     |    /+
                                     |  |  |     |    |\- II.8|JX846926
                                     |  |  |     +----+
                                     |  |  |     |    \--- II.8|NLV64
                                     |  |  |     |
                                     |  |  |     \------------ II.k|AF315813
                                     |  \--+
                                     |     |         /---- II.11|AB074893
                                     |     |         |
                                     |     |/--------+  /- II.11|AB126320
                                     |     ||        \--+
                                     |     ||           \- II.11|AY823306
                                     |     \+
                                     |      |           / II.18|AY823304
                                     |      \-----------+
                                     |                  \- II.18|AY823305
                                     |
                                     |       /-- II.1|OB2000046
                                     |      /+
                                     |      |\-- II.1|U07611
                                     |     /+
                                     |     ||   / II.m|EU921353
                                     |     |\---+
                                     |     |    \- II.m|OB2008250
                                     |     |
                                     |     | /-- II.4|Brist|X7671
                                     |     | |
                                     |     | +--- II.4|2004|EF1269
                                     |     | |
                                     |     | |/- II.12|AB220922
                                     |     | ||
                                     |     | ++-- II.12|AB354294
                                     |     | ||
/------------------------------------+     | |\- II.12|AF504671
|                                    |     |/+
|                                    |     ||| /- II.e|AB434770
|                                    |     ||| |
|                                    |     ||| +-- II.e|JF697282
|                                    |     ++\-+
|                                    |    /+|  \- II.e|JX459907
|                                    |    |||
|                                    |    |||  /- II.j|AY682552
|                                    |    ||\--+
|                                    |    ||   \- II.j|NLV32
|                                    |    ||
|                                    |    ||    / II.a|AB190457
|                                    |    || /--+
|                                    |    || |  \-- II.a|AF190817
|                                    |    || |
|                                    |    |\-+/-- II.g|DQ379714
|                                    |    |  ||
|                                    |    |  \+/--- II.g|GQ845370
|                                    |    |   \+
|                                    |    |    \- II.g|OB2001008
|                                    |    |
|                                    |    |     / II.c|AY134748
|                                    |   /+-----+
|                                    |   ||     \ II.c|JX846925
|                                    |   ||
|                                    |   |+----- II.h|AB089882
|                                    |   ||
|                                    |   ||   / II.21|AY682549
|                                    |   |\---+
|                                    |   |    \- II.21|AY919139
|                                    | /-+
|                                    | | |      /- II.2|X81879
|                                    | | |  /---+
|                                    | | |  |   \-- II.2|DQ456824
|                                    | | |/-+
|                                    | | || \----- II.f|AY682550
|                                    | | ||
|                                    | | \+          /- II.3|U02030
|                                    | |  |      /---+
|                                    \-+  |      |   \-- II.3|U22498
|                                      |  \------+
|                                      |         |  / II.13|EF529741
|                                      |         \--+
|                                      |            \- II.13|EU921354
|                                      |
|                                      |    / II.5|AF397156
|                                      |  /-+
|                                      |  | \-- II.5|OB2001043
|                                      \--+
|                                         |   / II.16|AY772730
|                                         \---+
|                                             \ II.16|AY682551
|
|               /------ I.1|NC 001959
|           /---+
|           |   \--- I.1|L23828
|           |
|           |         /--- I.4|AB042808
|         /-+  /------+
|         | |  |      \- I.4|GQ856475
|         | |  |
|         | \--+    /----- I.5|OB2005138
|         |    | /--+
|         |    | |  \---- I.c|AB039774
|      /--+    \-+
|      |  |      \--------- I.6|AF093797
|      |  |
|      |  |    /-- I.2|L07418
|      |  |   /+
|      |  |   |\ I.2|FJ515294
|      |  \---+
|      |      |   /---- I.b|AB081723
|      |      \---+
|      |          \-- I.b|AB354289
|      |
|      |        / I.3|AY038598
|      |       /+
|      |       |\--- I.3|OB2001057
|      |      /+
+------+      |\--- I.3|JX846929
|      |      |
|      |      |        /-- I.a|U04469
|      |      |    /---+
|      |     /+    |   \-- I.a|GQ856473
|      |     ||   /+
|      |     ||   ||      /-- I.d|EF529738
|      |     ||   |\------+
|      |     |\---+       \- I.d|GQ856471
|      |  /--+    |
|      |  |  |    \-- I.f|AB187514
|      |  |  |
|      |  |  |  / I.8|GU299761
|      |  |  \--+
|      \--+     \-- I.8|AB290150
|         |
|         |       /-------- I.7|OB20030541
|         |  /----+
|         |  |    \ I.7|JN603251
|         \--+
|            |   /- I.9|EF529737
|            \---+
|                \- I.9|JN603254JN18
|
\------------------------------- III.2|AY126474

1 tree saved to file "~/rega-genotype/jobDir/1223918663/paup.tre"
   Forcing NJ tree to be compatible with constraint-tree "CONSTRE"

Bootstrap method with neighbor-joining search:
  Number of bootstrap replicates = 100
  Starting seed = 2010876670
  Ties (if encountered) will be broken randomly
  Distance measure = Tamura-Nei
  Rates assumed to follow gamma distribution with shape parameter = 0.333794
  130 characters are excluded
  (Tree is unrooted)

   Note: Ties were encountered in one or more replicates

   Time used for neighbor-joining bootstrap = 1 sec (CPU time = 1.21 sec)

Bootstrap 50% majority-rule consensus tree

/--------------------------------------------------------- III.2|AY126474(83)
|
|                                                   /----- AB112331(1)
|                                              /100-+
|                                              |    \----- II.22|AB212306(62)
|                                        /-100-+
|                                        |     \---------- II.22|AB233471(63)
|    /----------------100----------------+
|    |                                   |          /----- II.n|GQ856469(81)
|    |                                   \---100----+
|    |                                              \----- II.n|HM635128(82)
|    |
|    |                                              /----- II.1|OB2000046(27)
|    |                    /-----------100-----------+
|    |                    |                         \----- II.1|U07611(28)
|    |                    |
|    |                    |                         /----- II.4|Brist|X7671(33)
|    |                    |              /---100----+
|    |                    |              |          \----- II.4|2004|EF1269(34)
|    |                    |              |
|    |                    |         /-65-+     /---------- II.12|AB220922(47)
|    |                    |         |    |     |
|    |                    |         |    \-100-+    /----- II.12|AB354294(48)
|    |                    |         |          \-54-+
|    |                    |         |               \----- II.12|AF504671(49)
|    |                    |    /-58-+
|    |                    |    |    |               /----- II.e|AB434770(68)
|    |                    |    |    |          /-80-+
|    |                    |    |    |          |    \----- II.e|JF697282(70)
|    |                    +-99-+    \---100----+
|    |                    |    |               \---------- II.e|JX459907(69)
|    |                    |    |
|    |                    |    |                    /----- II.j|AY682552(76)
|    |               /-55-+    \--------100---------+
|    |               |    |                         \----- II.j|NLV32(77)
|    |               |    |
|    |               |    |                         /----- II.a|AB190457(64)
|    |               |    |              /---100----+
|    |               |    |              |          \----- II.a|AF190817(65)
|    |               |    |              |
|    |               |    +------97------+     /---------- II.g|DQ379714(72)
|    |               |    |              |     |
|    |               |    |              \-100-+    /----- II.g|GQ845370(73)
|    |               |    |                    \100-+
|    |               |    |                         \----- II.g|OB2001008(74)
|    |          /-91-+    |
|    |          |    |    |                         /----- II.c|AY134748(66)
|    |          |    |    +-----------100-----------+
|    |          |    |    |                         \----- II.c|JX846925(67)
|    |          |    |    |
|    |          |    |    +------------------------------- II.h|AB089882(75)
|    |          |    |    |
|    |          |    |    |                         /----- II.m|EU921353(79)
|    |          |    |    \-----------100-----------+
|    |    /-83--+    |                              \----- II.m|OB2008250(80)
|    |    |     |    |
|    |    |     |    |                              /----- II.21|AY682549(60)
+100-+    |     |    \-------------100--------------+
|    |    |     |                                   \----- II.21|AY919139(61)
|    |    |     |
|    |    |     |                                   /----- II.2|X81879(29)
|    |    |     |                              /100-+
|    |    |     |                              |    \----- II.2|DQ456824(30)
|    |    |     \--------------99--------------+
|    |    |                                    \---------- II.f|AY682550(71)
|    |    |
|    +100-+                                         /----- II.3|U02030(31)
|    |    |                                    /100-+
|    |    |                                    |    \----- II.3|U22498(32)
|    |    +----------------100-----------------+
|    |    |                                    |    /----- II.13|EF529741(50)
|    |    |                                    \100-+
|    |    |                                         \----- II.13|EU921354(51)
|    |    |
|    |    |                                         /----- II.5|AF397156(35)
|    |    |                                    /100-+
|    |    |                                    |    \----- II.5|OB2001043(36)
|    |    \----------------100-----------------+
|    |                                         |    /----- II.16|AY772730(54)
|    |                                         \100-+
|    |                                              \----- II.16|AY682551(55)
|    |
|    |                                              /----- II.6|AB039778(37)
|    |                                         /100-+
|    |                                         |    \----- II.6|JX989075(38)
|    |                                   /-100-+
|    |                                   |     |    /----- II.7|AB039777(39)
|    |                                   |     \100-+
|    |                                   |          \----- II.7|AB258331(40)
|    |                                   |
|    |                              /-76-+          /----- II.15|AB360387(52)
|    |                              |    +---100----+
|    |                              |    |          \----- II.15|GQ856474(53)
|    |                              |    |
|    |                              |    |          /----- II.20|EU424333(58)
|    |                              |    \---100----+
|    |                         /-65-+               \----- II.20|EU275779(59)
|    |                         |    |
|    |                         |    |               /----- II.8|AB039780(41)
|    |                         |    |          /-99-+
|    |                    /-97-+    |          |    \----- II.8|JX846926(42)
|    |                    |    |    \---100----+
|    |                    |    |               \---------- II.8|NLV64(43)
|    |                    |    |
|    |                    |    \-------------------------- II.k|AF315813(78)
|    |                    |
|    \---------82---------+                    /---------- II.11|AB074893(44)
|                         |                    |
|                         |              /-100-+    /----- II.11|AB126320(45)
|                         |              |     \100-+
|                         |              |          \----- II.11|AY823306(46)
|                         \------52------+
|                                        |          /----- II.18|AY823304(56)
|                                        \---100----+
|                                                   \----- II.18|AY823305(57)
|
|                                                   /----- I.1|NC 001959(2)
|                                   /------100------+
|                                   |               \----- I.1|L23828(3)
|                                   |
|                                   |               /----- I.4|AB042808(9)
|                              /-51-+    /---100----+
|                              |    |    |          \----- I.4|GQ856475(10)
|                              |    |    |
|                              |    \-93-+          /----- I.5|OB2005138(11)
|                              |         |     /-99-+
|                              |         |     |    \----- I.c|AB039774(23)
|                    /---95----+         \-70--+
|                    |         |               \---------- I.6|AF093797(12)
|                    |         |
|                    |         |                    /----- I.2|L07418(4)
|                    |         |               /100-+
|                    |         |               |    \----- I.2|FJ515294(5)
|                    |         \------100------+
|                    |                         |    /----- I.b|AB081723(21)
|                    |                         \100-+
|                    |                              \----- I.b|AB354289(22)
|                    |
|                    |                              /----- I.3|AY038598(6)
|                    |                         /-99-+
|                    |                         |    \----- I.3|OB2001057(8)
|                    |                   /-100-+
\--------100---------+                   |     \---------- I.3|JX846929(7)
                     |              /-89-+
                     |              |    |          /----- I.d|EF529738(24)
                     |              |    \---100----+
                     |         /-84-+               \----- I.d|GQ856471(25)
                     |         |    |
                     |         |    |               /----- I.8|GU299761(15)
                     |         |    \------100------+
                     |         |                    \----- I.8|AB290150(16)
                     |    /100-+
                     |    |    |                    /----- I.a|U04469(19)
                     |    |    |               /100-+
                     |    |    |               |    \----- I.a|GQ856473(20)
                     |    |    \------94-------+
                     \100-+                    \---------- I.f|AB187514(26)
                          |
                          |                         /----- I.7|OB20030541(13)
                          |                    /100-+
                          |                    |    \----- I.7|JN603251(14)
                          \--------100---------+
                                               |    /----- I.9|EF529737(17)
                                               \100-+
                                                    \----- I.9|JN603254JN18(18)

Bipartitions found in one or more trees and frequency of occurrence (bootstrap
support values):

         1         2         3         4         5         6         7  7
1234567890123456789012345678901234567890123456789012345678901234567890123
-------------------------------------------------------------------------
.........................................................................
............................................**...........................
...........................................***...........................
.......................................................**................
.....................................................**..................
........................................***..............................
..................................**.................**..................
.........................................................**..............
...................................................**....................
......................................**.................................
....................................**...................................
....................................****.................................
............**...........................................................
............**..**.......................................................
..................**.....................................................
....................**...................................................
..............**.........................................................
.......................................................................**
..................................**.....................................
.**......................................................................
.................................................**......................
..............................**.........................................
..............................**.................**......................
............................**...........................................
..............................................***........................
........**...............................................................
...........................................................**............
.................................................................**......
.....***......**..**...***...............................................
........................................................................*
..........................**.............................................
...............................................................**........
.........................................................................
.*************************...............................................
...................................................................***...
.......................**................................................
..........................**********..........*****..**....**..**********
.........................................................................
................................**.......................................
.************************************************************..**********
.*************************...............................................
.....***.................................................................
...**....................................................................
.************************************************************..**********
.************************************************************.***********
.....***....********...***...............................................
................**.......................................................
...**...............**...................................................
.....*.*.................................................................
................................**............***..................***...
............................**........................................*..
........................................**...............................
..........*...........*..................................................
....................................*******........**....**..............
...............................................................**......**
.****...****........***..................................................
..................**.....*...............................................
........****..........*..................................................
..........................**....**............***..........**..*******.**
.....***...............**................................................
.....***......**.......**................................................
..........................****..**............***..........**..**********
....................................**********.....**..****..............
...................................................................*.*...
....................................****...........**....**..............
..........**..........*..................................................
................................**............***........................
....................................*******........**....**..............
................................**............***..................***...
..........................**....**............***..............*******.**
...............................................**........................
...........................................***.........**................
.**.....****..........*..................................................
.***********************************..........*****..**....**..**********
.****...............**...................................................
..............................................*.*........................
..........................**.............................................
..........................********............*****........**..**********
.*************************..........**********.....**..****..............
..........................**....**............***..................***...
.................................................................**......
...................................................**....**..............
..........................**....**............***..................***...
...................................................................***...
..........................****..****..........***....**....**..**********
..........................**....**............***..............**..***.**
....................................*******........**..****..............
..........................**....**............***................*****...
....................................****...........**....................
........***...........*..................................................
..............................................***..................***...
..........................**...................................**......**
....................................****.................**..............
...................................................................**....
...........................................................**..**......**
........................................***..............................
..............................**..**.............**..**..................
..........................**....**............***..............**..***.**
..........................**....**............***................*****...
....................................**********.....**....**..............
....................................****...........**....**..............
...........................................................**............
................................**............***..................***...
.....***..........**...***...............................................
..........................**....**............***..............*******.**
........................................***........**....................
..........................**...................................**......**
....................................*******........**....................
.*************************..........*******........**....**..............
..............................................***..................***...
....................................*******........**....................
..............**.......**................................................
..........................**....**............***..........**..**..***.**
...............................................................**......**
..........................**....****..........***....**....**..*******.**
....................................*******..............................
..........................**....**............***..............**..***.**
................................**............***................*****...
................................**............***................*****...
...........................................................**..**......**
............................****.................**...................*..
...............................................................**......**
..........................**....**............***..........**..**..***.**

7     8  8
4567890123      Freq
--------------------
.......**.       100
..........       100
..........       100
..........       100
..........       100
..........       100
..........       100
..........       100
..........       100
..........       100
..........       100
..........       100
..........       100
..........       100
..........       100
..........       100
..........       100
*.........       100
..........       100
..........       100
..........       100
..........       100
..........       100
..........       100
..........       100
..........       100
..........       100
..........       100
..........       100
*.........       100
..........       100
..........       100
.....**...       100
..........       100
..........       100
..........       100
****.**...       100
..**......       100
..........       100
**********       100
.........*       100
..........       100
..........       100
*******..*       100
**********       100
..........       100
..........       100
..........       100
..........        99
..**......        99
..........        99
..........        99
..........        99
....*.....        97
*.........        97
..........        95
..........        94
..........        93
****.**...        91
..........        89
..........        84
****.**...        83
....*.....        82
..........        80
..........        76
..........        70
..........        65
..........        65
..........        58
****.**...        55
..........        54
..........        52
..........        51
****.**..*        50
..........        46
..........        46
.....**...        46
****.**...        46
....*....*        44
..**.**...        44
.*........        42
..........        39
..**......        38
..**......        37
****.**...        35
*.**.**...        34
....*.....        30
.***.**...        29
..........        28
..........        27
..........        25
*....**...        23
..........        21
..........        20
*.........        20
....*.....        16
..........        15
****.**...        14
..**.**...        13
....*.....        13
....*.....        11
.*........        11
.***......        10
..........        10
*.**.**...        10
..........         9
*.........         9
....*.....         8
....*....*         8
..**......         8
..........         8
..........         8
****.**...         8
*....**...         7
****.**...         7
..........         7
*.**......         7
.***......         6
..**......         6
**........         6
..........         5
**........         5
*.**.**...         5

89 groups at (relative) frequency less than 5% not shown
