
P A U P *
Portable version 4.0b10 for Unix
Wed Jun 10 09:33:19 2015

      -----------------------------NOTICE-----------------------------
        This is a beta-test version.  Please report any crashes,
        apparent calculation errors, or other anomalous results.
        There are no restrictions on publication of results obtained
        with this version, but you should check the WWW site
        frequently for bug announcements and/or updated versions.  
        See the README file on the distribution media for details.
      ----------------------------------------------------------------

Data matrix exported to file "paup.nex" in Nexus (non-interleaved) format.

Optimality criterion set to distance.
   Forcing NJ tree to be compatible with constraint-tree "CONSTRE"

Neighbor-joining search settings:
  Ties (if encountered) will be broken systematically
  Distance measure = HKY85
  (Tree is unrooted)

   Tree found by neighbor-joining method stored in tree buffer
   Time used = <1 sec (CPU time = 0.00 sec)

Neighbor-joining tree:

                                            /------- G.ES.00.X558 ext
                                            |
                     /----------------------+   /-- 14 BGE1S00X477
                     |                      \---+
                     |                          \---------- 14 BGES99X397
                     |
  /------------------+           /------------------------- G NG 01 01NGPL06
  |                  | /---------+
  |                  | |         \---------------------- G ES 05 ES EU786
  |                  \-+
  |                    \--------------------------------- G GH 2003 GHNJ17
 /+
 ||                                    /-------------- A1 UA 01 01UADN1
 ||                 /------------------+
 ||                 |                  \------------------ A1 RU 00 RU00051
 |\-----------------+
/+                  \-------------------------------------- A1 UG UG031 AB09
||
||                                               /------------ J SE 93 SE7887 A
||                         /---------------------+
||                         |                     \------------ J SE 1994 SE7022
|\-------------------------+
|                          \---------------------------- J CD 97 J 97DC K
|
|                                 /--------------- B US 1986 5019 8
|                               /-+
|                               | \-------------- B US 90 US2 AY17
|                 /-------------+
|                 |             \---------------------- B BR 03 BREPM102
|                 |
|  /--------------+           /----------------------------- D UG 99 99UGG350
|  |              |        /--+
|  |              |        |  \------------------------------- D UG 98 98UG5714
|  |              \--------+
|  |                       \---------------------------- D ZA 84 R2 AY773
| /+
| ||                            /-------------------------- F1 ES x X1670 DQ
| ||    /-----------------------+
| ||    |                       \------------------ F1 BR 89 BZ126 A
| |\----+
| |     |                 /------------------------- K CD 97 EQTB11C 
| |     \-----------------+
\-+                       \------------------ K CM 96 MP535 AJ
  |
  |                         /-------------------------- C ZA 98 TV001 AY
  |                         |
  |  /----------------------+  /---------------------------- C IN x VB39 EF69
  |  |                      \--+
  |  |                         \---------------------------- C IL 99 99ET1 AY
  \--+
     |                          /---------------------- H CF 90 056 AF00
     |                          |
     \--------------------------+/---------------- H BE 93 VI997 AF
                                \+
                                 \--------------------------- H BE 93 VI991 AF

1 tree saved to file "~/rega-genotype/jobDir/HIV/509092957/paup.tre"
   Forcing NJ tree to be compatible with constraint-tree "CONSTRE"

Bootstrap method with neighbor-joining search:
  Number of bootstrap replicates = 100
  Starting seed = 638686554
  Ties (if encountered) will be broken randomly
  Distance measure = HKY85
  (Tree is unrooted)

   Time used for neighbor-joining bootstrap = <1 sec (CPU time = 0.26 sec)

Bootstrap 50% majority-rule consensus tree

/--------------------------------------------------------- G.ES.00.X558 ext(1)
|
|                                                 /------- A1 UA 01 01UADN1(2)
|                                          /----100
|                                          |      \------- A1 RU 00 RU00051(3)
|             /--------------------------100
|             |                            \-------------- A1 UG UG031 AB09(4)
|             |
|             |                                   /------- B US 1986 5019 8(5)
|             |                            /-----69
|             |                            |      \------- B US 90 US2 AY17(6)
|             |                     /----100
|             |                     |      \-------------- B BR 03 BREPM102(7)
|             |                     |
|             |             /-----100             /------- D UG 99 99UGG350(11)
|             |             |       |             |
|             |             |       \-----------100------- D UG 98 98UG5714(12)
|             |             |                     |
|             |             |                     \------- D ZA 84 R2 AY773(13)
|             |      /-----60
|             |      |      |                     /------- F1 ES x X1670 DQ(14)
|             |      |      |              /----100
|             |      |      |              |      \------- F1 BR 89 BZ126 A(15)
|             |      |      \-------------78
|      /----100      |                     |      /------- K CD 97 EQTB11C (25)
|      |      |      |                     \----100
|      |      +-----54                            \------- K CM 96 MP535 AJ(26)
|      |      |      |
|      |      |      |                     /-------------- C ZA 98 TV001 AY(8)
|      |      |      |                     |
|      |      |      |              /----100      /------- C IN x VB39 EF69(9)
|      |      |      |              |      \-----70
|      |      |      |              |             \------- C IL 99 99ET1 AY(10)
|      |      |      \-------------57
|      |      |                     |      /-------------- H CF 90 056 AF00(19)
|      |      |                     |      |
|      |      |                     \----100      /------- H BE 93 VI997 AF(20)
+----100      |                            \-----56
|      |      |                                   \------- H BE 93 VI991 AF(21)
|      |      |
|      |      |                                   /------- J SE 93 SE7887 A(22)
|      |      |                            /----100
|      |      |                            |      \------- J SE 1994 SE7022(23)
|      |      \--------------------------100
|      |                                   \-------------- J CD 97 J 97DC K(24)
|      |
|      |                                          /------- G NG 01 01NGPL06(16)
|      |                                   /-----98
|      |                                   |      \------- G ES 05 ES EU786(17)
|      \----------------------------------70
|                                          \-------------- G GH 2003 GHNJ17(18)
|
|                                                 /------- 14 BGE1S00X477(27)
\------------------------------------------------94
                                                  \------- 14 BGES99X397(28)

Bipartitions found in one or more trees and frequency of occurrence (bootstrap
support values):

         1         2       2
1234567890123456789012345678      Freq
--------------------------------------
..........***...............       100
.***........................       100
....***.....................       100
.....................**.....       100
.....................***....       100
..................***.......       100
.**.........................       100
.......***..................       100
........................**..       100
.............**.............       100
.**************...********..       100
....***...***...............       100
.*************************..       100
...............**...........        98
..........................**        94
.............**.........**..        78
...............***..........        70
........**..................        70
....**......................        69
....***...*****.........**..        60
.......***........***.......        57
...................**.......        56
....***********...***...**..        54
..........**................        48
...........**...............        48
....***********...********..        44
..................**........        33
.......**...................        27
.....**.....................        22
....***...*****.............        21
.****************.********..        19
.***.................***....        18
.**************...***...**..        17
.***...***..................        15
.......***........******....        15
.......***...........***....        15
.**************......*****..        15
....*********.....***.......        14
.***...***...........***....        13
..................*.*.......        11
.**************..*********..        11
....*.*.....................         9
....***...*****...***...**..         9
.**************************.         6
.**************.........**..         5

31 groups at (relative) frequency less than 5% not shown
