
P A U P *
Version 4.0a144 for Macintosh OS X (built on May 18 2015 at 15:25:24)
Mon Jun  8 15:50:21 2015

      -----------------------------NOTICE-----------------------------
        This is an alpha-test version prepared for the exclusive
        use of course and workshop participants, as well as other
        authorized testers.  It will expire on 1 Sep 2015.

        Please report bugs to david.swofford@duke.edu
      ----------------------------------------------------------------


Data matrix exported to file "~/rega-genotype/jobDir/HIV/736789914/paup.nex" in Nexus (non-interleaved) format.

Optimality criterion set to distance.

Neighbor-joining search settings:
  Ties (if encountered) will be broken systematically
  Distance measure = HKY85
  1020 characters are included
  (Tree is unrooted)

Neighbor-joining tree:

                             /-------------------------------------------------------------------- gi333005683
                             |
                     /-------+                      /------------------------------------------------------- F1 ES x X1670 DQ9790
                     |       \----------------------+
                     |                              \--------------------------------- F1 BR 89 BZ126 AY173
                     |
                     |                                     /------------------------ B US 1986 5019 86 AY
         /-----------+                               /-----+
         |           |                               |     \--------------------- B US 90 US2 AY173953
         |           |          /--------------------+
         |           |          |                    \------------------------------------------- B BR 03 BREPM1028 EF
         |           |          |
         |           \----------+                     /---------------------------------------------- D UG 99 99UGG35093 A
         |                      |               /-----+
         |                      |               |     \--------------------------------------------------- D UG 98 98UG57143 AF
      /--+                      \---------------+
      |  |                                      \----------------------------------- D ZA 84 R2 AY773338
      |  |
      |  |                                                           /--------------------------- A1 UA 01 01UADN139 D
      |  |                                /--------------------------+
      |  |                                |                          \------------------------------------- A1 RU 00 RU00051 EF5
      |  |        /-----------------------+
      |  |        |                       \--------------------------------------------------------- A1 UG UG031 AB098330
      |  |        |
      |  \--------+                                             /----------------------------------------- G NG 01 01NGPL0669 D
/-----+           |                                 /-----------+
|     |           |                                 |           \--------------------------------------- G ES 05 ES EU786670
|     |           \---------------------------------+
|     |                                             \--------------------------------------------- G GH 2003 GHNJ175 AB
|     |
|     |                                                                                 /---------------- J SE 93 SE7887 AF082
|     |                                                   /-----------------------------+
|     |                                                   |                             \--------------- J SE 1994 SE7022 AF0
|     |  /------------------------------------------------+
|     |  |                                                \------------------------------------------ J CD 97 J 97DC KTB14
|     \--+
|        |                          /------------------------------------------------ K CD 97 EQTB11C AJ24
|        \--------------------------+
|                                   \--------------------------- K CM 96 MP535 AJ2492
|
|                                           /------------------------------------------------ C ZA 98 TV001 AY1622
|                                           |
|  /----------------------------------------+  /----------------------------------------------------- C IN x VB39 EF694033
|  |                                        \--+
|  |                                           \----------------------------------------------------- C IL 99 99ET1 AY2558
\--+
   |                                        /--------------------------------- H CF 90 056 AF005496
   |                                       /+
   |                                       |\--------------------------------------------------------------- H BE 93 VI991 AF1901
   \---------------------------------------+
                                           \--------------------------- H BE 93 VI997 AF1901

Tree found by neighbor-joining method stored in tree buffer
Time used for tree calculation = 0.00 sec (CPU time = 0.00 sec)

1 tree saved to file "~/rega-genotype/jobDir/HIV/736789914/paup.tre"

Midpoint and Lundberg rooting are not supported for bootstrap consensus tree output.  OK to use outgroup rooting (with the
currently defined outgroup) instead? (Y/n)y

Bootstrap method with neighbor-joining search:
  Number of bootstrap replicates = 100
  Starting seed = 1933966671
  Number of characters resampled in each replicate = 1010
  Ties (if encountered) will be broken randomly
  Distance measure = HKY85
  1020 characters are included
  (Tree is unrooted)

Note: Ties were encountered in one or more replicates
Time used for neighbor-joining bootstrap = 0.11 sec (CPU time = 0.11 sec)

Bootstrap 50% majority-rule consensus tree

/------------------------------------------------------------------------------------------------------- gi333005683(1)
|
|                                                                                     /----------------- A1 UA 01 01UADN139 D(2)
|                                                                    /------100-------+
|                                                                    |                \----------------- A1 RU 00 RU00051 EF5(3)
|                                                   /------100-------+
|                                                   |                \---------------------------------- A1 UG UG031 AB098330(4)
|                                                   |
|                                 /-------73--------+                                 /----------------- G NG 01 01NGPL0669 D(16)
|                                 |                 |                /-------88-------+
|                                 |                 |                |                \----------------- G ES 05 ES EU786670(17)
|                                 |                 \------100-------+
|                                 |                                  \---------------------------------- G GH 2003 GHNJ175 AB(18)
|                                 |
|                                 |                                  /---------------------------------- C ZA 98 TV001 AY1622(8)
|                                 |                                  |
|                                 |                 /------100-------+                /----------------- C IN x VB39 EF694033(9)
|                                 |                 |                \-------52-------+
|                                 |                 |                                 \----------------- C IL 99 99ET1 AY2558(10)
|                                 +-------74--------+
|                /-------75-------+                 |                                 /----------------- H CF 90 056 AF005496(19)
|                |                |                 |                                 |
|                |                |                 \---------------100---------------+----------------- H BE 93 VI997 AF1901(20)
|                |                |                                                   |
|                |                |                                                   \----------------- H BE 93 VI991 AF1901(21)
|                |                |
|                |                |                                                   /----------------- J SE 93 SE7887 AF082(22)
|                |                |                                  /------100-------+
|                |                |                                  |                \----------------- J SE 1994 SE7022 AF0(23)
|                |                +---------------100----------------+
|                |                |                                  \---------------------------------- J CD 97 J 97DC KTB14(24)
|                |                |
|                |                |                                                   /----------------- K CD 97 EQTB11C AJ24(25)
|                |                \------------------------100------------------------+
|                |                                                                    \----------------- K CM 96 MP535 AJ2492(26)
\------100-------+
                 |                                                                    /----------------- B US 1986 5019 86 AY(5)
                 |                                                   /-------85-------+
                 |                                                   |                \----------------- B US 90 US2 AY173953(6)
                 |                                  /------100-------+
                 |                                  |                \---------------------------------- B BR 03 BREPM1028 EF(7)
                 |                                  |
                 +----------------53----------------+                                 /----------------- D UG 99 99UGG35093 A(11)
                 |                                  |                /-------59-------+
                 |                                  |                |                \----------------- D UG 98 98UG57143 AF(12)
                 |                                  \-------99-------+
                 |                                                   \---------------------------------- D ZA 84 R2 AY773338(13)
                 |
                 |                                                                    /----------------- F1 ES x X1670 DQ9790(14)
                 \---------------------------------98---------------------------------+
                                                                                      \----------------- F1 BR 89 BZ126 AY173(15)

Bipartitions found in one or more trees and frequency of occurrence (bootstrap support values):

         1         2     2
12345678901234567890123456          Freq
----------------------------------------
....***...................           100
........................**           100
.....................**...           100
.....................***..           100
..................***.....           100
.......***................           100
...............***........           100
.**.......................           100
.***......................           100
..........***.............            99
.............**...........            98
...............**.........            88
....**....................            85
.***...***.....***********            75
.......***........***.....            74
.***...........***........            73
..........**..............            59
....***...***.............            53
........**................            52
.......***........********            49
.***...*******************            45
.***...***...*************            43
.....................*****            42
.************..***********            41
..................*.*.....            40
...........**.............            40
..................**......            40
.......**.................            38
.***...***.....*********..            22
...................**.....            20
.***...******..***********            18
.***...***.....******.....            16
.......***........***...**            15
..................***...**            13
.......***........******..            12
.............**.........**            12
................**........            11
.......*.*................            10
.....**...................            10
.***...***........********             9
.......***...........***..             9
.***...***........***.....             7
.***...........***...***..             7
...............***...***..             6
..................********             6
.***...***.....***...***..             6
.......***.....***********             5
.***.........*****........             5
....*.*...................             5

27 groups at (relative) frequency less than 5% not shown

Warning: there are unsaved trees.  Do you want to quit anyway? (Y/n)
