
========================[ Jan 21, 2015  4:48 PM ]========================
Version 2.2.11 [Jun-05-2005]
Started database file "C:\Users\Murilo\Desktop\rega-genotype\rega-genotype\xml\HIV\2032525942\db.fasta"
WARNING: [000.000] Sequence number 1 (lcl|H1M_B.FR.83.HXB2_K03455), 640 illegal characters were removed:


WARNING: [000.000] Sequence number 2 (lcl|H1N.CM.95.YBF30_AJ006022), 1177 illegal characters were removed:


WARNING: [000.000] Sequence number 3 (lcl|H1O.BE.87.ANT70_L20587), 605 illegal characters were removed:
93 -s

WARNING: [000.000] Sequence number 4 (lcl|H1O.CM.91.MVP5180_L20571), 566 illegal characters were removed:
54 -s

WARNING: [000.000] Sequence number 5 (lcl|H2A.GW.-.ALI_AF082339), 6 illegal characters were removed:
6 -s

WARNING: [000.000] Sequence number 7 (lcl|H2A.SN.-.ST_M31113), 687 illegal characters were removed:


WARNING: [000.000] Sequence number 8 (lcl|H2B.GH.86.D205_X16109), 381 illegal characters were removed:
125 -s

WARNING: [000.000] Sequence number 9 (lcl|H2B.CI.-.EHO_U27200), 117 illegal characters were removed:
117 -s

WARNING: [000.000] Sequence number 10 (lcl|H2G.CI.-.ABT96_AF208027), 760 illegal characters were removed:


WARNING: [000.000] Sequence number 11 (lcl|H2U.FR.96.12034_AY530889), 752 illegal characters were removed:


Formatted 11 sequences in volume 0

========================[ Jan 21, 2015  4:52 PM ]========================
Version 2.2.11 [Jun-05-2005]
Started database file "C:\Users\Murilo\Desktop\rega-genotype\rega-genotype\xml\HIV\2032525942\db.fasta"
WARNING: [000.000] Sequence number 1 (lcl|H1M_B.FR.83.HXB2_K03455), 640 illegal characters were removed:


WARNING: [000.000] Sequence number 2 (lcl|H1N.CM.95.YBF30_AJ006022), 1177 illegal characters were removed:


WARNING: [000.000] Sequence number 3 (lcl|H1O.BE.87.ANT70_L20587), 605 illegal characters were removed:
93 -s

WARNING: [000.000] Sequence number 4 (lcl|H1O.CM.91.MVP5180_L20571), 566 illegal characters were removed:
54 -s

WARNING: [000.000] Sequence number 5 (lcl|H2A.GW.-.ALI_AF082339), 6 illegal characters were removed:
6 -s

WARNING: [000.000] Sequence number 7 (lcl|H2A.SN.-.ST_M31113), 687 illegal characters were removed:


WARNING: [000.000] Sequence number 8 (lcl|H2B.GH.86.D205_X16109), 381 illegal characters were removed:
125 -s

WARNING: [000.000] Sequence number 9 (lcl|H2B.CI.-.EHO_U27200), 117 illegal characters were removed:
117 -s

WARNING: [000.000] Sequence number 10 (lcl|H2G.CI.-.ABT96_AF208027), 760 illegal characters were removed:


WARNING: [000.000] Sequence number 11 (lcl|H2U.FR.96.12034_AY530889), 752 illegal characters were removed:


Formatted 11 sequences in volume 0

========================[ Jan 21, 2015  4:55 PM ]========================
Version 2.2.11 [Jun-05-2005]
Started database file "C:\Users\Murilo\Desktop\rega-genotype\rega-genotype\xml\HIV\2032525942\db.fasta"
WARNING: [000.000] Sequence number 1 (lcl|H1M_B.FR.83.HXB2_K03455), 640 illegal characters were removed:


WARNING: [000.000] Sequence number 2 (lcl|H1N.CM.95.YBF30_AJ006022), 1177 illegal characters were removed:


WARNING: [000.000] Sequence number 3 (lcl|H1O.BE.87.ANT70_L20587), 605 illegal characters were removed:
93 -s

WARNING: [000.000] Sequence number 4 (lcl|H1O.CM.91.MVP5180_L20571), 566 illegal characters were removed:
54 -s

WARNING: [000.000] Sequence number 5 (lcl|H2A.GW.-.ALI_AF082339), 6 illegal characters were removed:
6 -s

WARNING: [000.000] Sequence number 7 (lcl|H2A.SN.-.ST_M31113), 687 illegal characters were removed:


WARNING: [000.000] Sequence number 8 (lcl|H2B.GH.86.D205_X16109), 381 illegal characters were removed:
125 -s

WARNING: [000.000] Sequence number 9 (lcl|H2B.CI.-.EHO_U27200), 117 illegal characters were removed:
117 -s

WARNING: [000.000] Sequence number 10 (lcl|H2G.CI.-.ABT96_AF208027), 760 illegal characters were removed:


WARNING: [000.000] Sequence number 11 (lcl|H2U.FR.96.12034_AY530889), 752 illegal characters were removed:


Formatted 11 sequences in volume 0

========================[ Jan 21, 2015  4:59 PM ]========================
Version 2.2.11 [Jun-05-2005]
Started database file "C:\Users\Murilo\Desktop\rega-genotype\rega-genotype\xml\HIV\2032525942\db.fasta"
WARNING: [000.000] Sequence number 1 (lcl|H1M_B.FR.83.HXB2_K03455), 640 illegal characters were removed:


WARNING: [000.000] Sequence number 2 (lcl|H1N.CM.95.YBF30_AJ006022), 1177 illegal characters were removed:


WARNING: [000.000] Sequence number 3 (lcl|H1O.BE.87.ANT70_L20587), 605 illegal characters were removed:
93 -s

WARNING: [000.000] Sequence number 4 (lcl|H1O.CM.91.MVP5180_L20571), 566 illegal characters were removed:
54 -s

WARNING: [000.000] Sequence number 5 (lcl|H2A.GW.-.ALI_AF082339), 6 illegal characters were removed:
6 -s

WARNING: [000.000] Sequence number 7 (lcl|H2A.SN.-.ST_M31113), 687 illegal characters were removed:


WARNING: [000.000] Sequence number 8 (lcl|H2B.GH.86.D205_X16109), 381 illegal characters were removed:
125 -s

WARNING: [000.000] Sequence number 9 (lcl|H2B.CI.-.EHO_U27200), 117 illegal characters were removed:
117 -s

WARNING: [000.000] Sequence number 10 (lcl|H2G.CI.-.ABT96_AF208027), 760 illegal characters were removed:


WARNING: [000.000] Sequence number 11 (lcl|H2U.FR.96.12034_AY530889), 752 illegal characters were removed:


Formatted 11 sequences in volume 0

========================[ Jan 21, 2015  5:02 PM ]========================
Version 2.2.11 [Jun-05-2005]
Started database file "C:\Users\Murilo\Desktop\rega-genotype\rega-genotype\xml\HIV\2032525942\db.fasta"
WARNING: [000.000] Sequence number 1 (lcl|H1M_B.FR.83.HXB2_K03455), 640 illegal characters were removed:


WARNING: [000.000] Sequence number 2 (lcl|H1N.CM.95.YBF30_AJ006022), 1177 illegal characters were removed:


WARNING: [000.000] Sequence number 3 (lcl|H1O.BE.87.ANT70_L20587), 605 illegal characters were removed:
93 -s

WARNING: [000.000] Sequence number 4 (lcl|H1O.CM.91.MVP5180_L20571), 566 illegal characters were removed:
54 -s

WARNING: [000.000] Sequence number 5 (lcl|H2A.GW.-.ALI_AF082339), 6 illegal characters were removed:
6 -s

WARNING: [000.000] Sequence number 7 (lcl|H2A.SN.-.ST_M31113), 687 illegal characters were removed:


WARNING: [000.000] Sequence number 8 (lcl|H2B.GH.86.D205_X16109), 381 illegal characters were removed:
125 -s

WARNING: [000.000] Sequence number 9 (lcl|H2B.CI.-.EHO_U27200), 117 illegal characters were removed:
117 -s

WARNING: [000.000] Sequence number 10 (lcl|H2G.CI.-.ABT96_AF208027), 760 illegal characters were removed:


WARNING: [000.000] Sequence number 11 (lcl|H2U.FR.96.12034_AY530889), 752 illegal characters were removed:


Formatted 11 sequences in volume 0

========================[ Jan 21, 2015  5:06 PM ]========================
Version 2.2.11 [Jun-05-2005]
Started database file "C:\Users\Murilo\Desktop\rega-genotype\rega-genotype\xml\HIV\2032525942\db.fasta"
WARNING: [000.000] Sequence number 1 (lcl|H1M_B.FR.83.HXB2_K03455), 640 illegal characters were removed:


WARNING: [000.000] Sequence number 2 (lcl|H1N.CM.95.YBF30_AJ006022), 1177 illegal characters were removed:


WARNING: [000.000] Sequence number 3 (lcl|H1O.BE.87.ANT70_L20587), 605 illegal characters were removed:
93 -s

WARNING: [000.000] Sequence number 4 (lcl|H1O.CM.91.MVP5180_L20571), 566 illegal characters were removed:
54 -s

WARNING: [000.000] Sequence number 5 (lcl|H2A.GW.-.ALI_AF082339), 6 illegal characters were removed:
6 -s

WARNING: [000.000] Sequence number 7 (lcl|H2A.SN.-.ST_M31113), 687 illegal characters were removed:


WARNING: [000.000] Sequence number 8 (lcl|H2B.GH.86.D205_X16109), 381 illegal characters were removed:
125 -s

WARNING: [000.000] Sequence number 9 (lcl|H2B.CI.-.EHO_U27200), 117 illegal characters were removed:
117 -s

WARNING: [000.000] Sequence number 10 (lcl|H2G.CI.-.ABT96_AF208027), 760 illegal characters were removed:


WARNING: [000.000] Sequence number 11 (lcl|H2U.FR.96.12034_AY530889), 752 illegal characters were removed:


Formatted 11 sequences in volume 0

========================[ Jan 21, 2015  5:10 PM ]========================
Version 2.2.11 [Jun-05-2005]
Started database file "C:\Users\Murilo\Desktop\rega-genotype\rega-genotype\xml\HIV\2032525942\db.fasta"
WARNING: [000.000] Sequence number 1 (lcl|H1M_B.FR.83.HXB2_K03455), 640 illegal characters were removed:


WARNING: [000.000] Sequence number 2 (lcl|H1N.CM.95.YBF30_AJ006022), 1177 illegal characters were removed:


WARNING: [000.000] Sequence number 3 (lcl|H1O.BE.87.ANT70_L20587), 605 illegal characters were removed:
93 -s

WARNING: [000.000] Sequence number 4 (lcl|H1O.CM.91.MVP5180_L20571), 566 illegal characters were removed:
54 -s

WARNING: [000.000] Sequence number 5 (lcl|H2A.GW.-.ALI_AF082339), 6 illegal characters were removed:
6 -s

WARNING: [000.000] Sequence number 7 (lcl|H2A.SN.-.ST_M31113), 687 illegal characters were removed:


WARNING: [000.000] Sequence number 8 (lcl|H2B.GH.86.D205_X16109), 381 illegal characters were removed:
125 -s

WARNING: [000.000] Sequence number 9 (lcl|H2B.CI.-.EHO_U27200), 117 illegal characters were removed:
117 -s

WARNING: [000.000] Sequence number 10 (lcl|H2G.CI.-.ABT96_AF208027), 760 illegal characters were removed:


WARNING: [000.000] Sequence number 11 (lcl|H2U.FR.96.12034_AY530889), 752 illegal characters were removed:


Formatted 11 sequences in volume 0

========================[ Jan 21, 2015  5:13 PM ]========================
Version 2.2.11 [Jun-05-2005]
Started database file "C:\Users\Murilo\Desktop\rega-genotype\rega-genotype\xml\HIV\2032525942\db.fasta"
WARNING: [000.000] Sequence number 1 (lcl|H1M_B.FR.83.HXB2_K03455), 640 illegal characters were removed:


WARNING: [000.000] Sequence number 2 (lcl|H1N.CM.95.YBF30_AJ006022), 1177 illegal characters were removed:


WARNING: [000.000] Sequence number 3 (lcl|H1O.BE.87.ANT70_L20587), 605 illegal characters were removed:
93 -s

WARNING: [000.000] Sequence number 4 (lcl|H1O.CM.91.MVP5180_L20571), 566 illegal characters were removed:
54 -s

WARNING: [000.000] Sequence number 5 (lcl|H2A.GW.-.ALI_AF082339), 6 illegal characters were removed:
6 -s

WARNING: [000.000] Sequence number 7 (lcl|H2A.SN.-.ST_M31113), 687 illegal characters were removed:


WARNING: [000.000] Sequence number 8 (lcl|H2B.GH.86.D205_X16109), 381 illegal characters were removed:
125 -s

WARNING: [000.000] Sequence number 9 (lcl|H2B.CI.-.EHO_U27200), 117 illegal characters were removed:
117 -s

WARNING: [000.000] Sequence number 10 (lcl|H2G.CI.-.ABT96_AF208027), 760 illegal characters were removed:


WARNING: [000.000] Sequence number 11 (lcl|H2U.FR.96.12034_AY530889), 752 illegal characters were removed:


Formatted 11 sequences in volume 0

========================[ Jan 21, 2015  5:16 PM ]========================
Version 2.2.11 [Jun-05-2005]
Started database file "C:\Users\Murilo\Desktop\rega-genotype\rega-genotype\xml\HIV\2032525942\db.fasta"
WARNING: [000.000] Sequence number 1 (lcl|H1M_B.FR.83.HXB2_K03455), 640 illegal characters were removed:


WARNING: [000.000] Sequence number 2 (lcl|H1N.CM.95.YBF30_AJ006022), 1177 illegal characters were removed:


WARNING: [000.000] Sequence number 3 (lcl|H1O.BE.87.ANT70_L20587), 605 illegal characters were removed:
93 -s

WARNING: [000.000] Sequence number 4 (lcl|H1O.CM.91.MVP5180_L20571), 566 illegal characters were removed:
54 -s

WARNING: [000.000] Sequence number 5 (lcl|H2A.GW.-.ALI_AF082339), 6 illegal characters were removed:
6 -s

WARNING: [000.000] Sequence number 7 (lcl|H2A.SN.-.ST_M31113), 687 illegal characters were removed:


WARNING: [000.000] Sequence number 8 (lcl|H2B.GH.86.D205_X16109), 381 illegal characters were removed:
125 -s

WARNING: [000.000] Sequence number 9 (lcl|H2B.CI.-.EHO_U27200), 117 illegal characters were removed:
117 -s

WARNING: [000.000] Sequence number 10 (lcl|H2G.CI.-.ABT96_AF208027), 760 illegal characters were removed:


WARNING: [000.000] Sequence number 11 (lcl|H2U.FR.96.12034_AY530889), 752 illegal characters were removed:


Formatted 11 sequences in volume 0

========================[ Jan 21, 2015  5:20 PM ]========================
Version 2.2.11 [Jun-05-2005]
Started database file "C:\Users\Murilo\Desktop\rega-genotype\rega-genotype\xml\HIV\2032525942\db.fasta"
WARNING: [000.000] Sequence number 1 (lcl|H1M_B.FR.83.HXB2_K03455), 640 illegal characters were removed:


WARNING: [000.000] Sequence number 2 (lcl|H1N.CM.95.YBF30_AJ006022), 1177 illegal characters were removed:


WARNING: [000.000] Sequence number 3 (lcl|H1O.BE.87.ANT70_L20587), 605 illegal characters were removed:
93 -s

WARNING: [000.000] Sequence number 4 (lcl|H1O.CM.91.MVP5180_L20571), 566 illegal characters were removed:
54 -s

WARNING: [000.000] Sequence number 5 (lcl|H2A.GW.-.ALI_AF082339), 6 illegal characters were removed:
6 -s

WARNING: [000.000] Sequence number 7 (lcl|H2A.SN.-.ST_M31113), 687 illegal characters were removed:


WARNING: [000.000] Sequence number 8 (lcl|H2B.GH.86.D205_X16109), 381 illegal characters were removed:
125 -s

WARNING: [000.000] Sequence number 9 (lcl|H2B.CI.-.EHO_U27200), 117 illegal characters were removed:
117 -s

WARNING: [000.000] Sequence number 10 (lcl|H2G.CI.-.ABT96_AF208027), 760 illegal characters were removed:


WARNING: [000.000] Sequence number 11 (lcl|H2U.FR.96.12034_AY530889), 752 illegal characters were removed:


Formatted 11 sequences in volume 0

========================[ Jan 21, 2015  5:24 PM ]========================
Version 2.2.11 [Jun-05-2005]
Started database file "C:\Users\Murilo\Desktop\rega-genotype\rega-genotype\xml\HIV\2032525942\db.fasta"
WARNING: [000.000] Sequence number 1 (lcl|H1M_B.FR.83.HXB2_K03455), 640 illegal characters were removed:


WARNING: [000.000] Sequence number 2 (lcl|H1N.CM.95.YBF30_AJ006022), 1177 illegal characters were removed:


WARNING: [000.000] Sequence number 3 (lcl|H1O.BE.87.ANT70_L20587), 605 illegal characters were removed:
93 -s

WARNING: [000.000] Sequence number 4 (lcl|H1O.CM.91.MVP5180_L20571), 566 illegal characters were removed:
54 -s

WARNING: [000.000] Sequence number 5 (lcl|H2A.GW.-.ALI_AF082339), 6 illegal characters were removed:
6 -s

WARNING: [000.000] Sequence number 7 (lcl|H2A.SN.-.ST_M31113), 687 illegal characters were removed:


WARNING: [000.000] Sequence number 8 (lcl|H2B.GH.86.D205_X16109), 381 illegal characters were removed:
125 -s

WARNING: [000.000] Sequence number 9 (lcl|H2B.CI.-.EHO_U27200), 117 illegal characters were removed:
117 -s

WARNING: [000.000] Sequence number 10 (lcl|H2G.CI.-.ABT96_AF208027), 760 illegal characters were removed:


WARNING: [000.000] Sequence number 11 (lcl|H2U.FR.96.12034_AY530889), 752 illegal characters were removed:


Formatted 11 sequences in volume 0

========================[ Jan 21, 2015  5:24 PM ]========================
Version 2.2.11 [Jun-05-2005]
Started database file "C:\Users\Murilo\Desktop\rega-genotype\rega-genotype\xml\HIV\2032525942\db.fasta"
WARNING: [000.000] Sequence number 1 (lcl|H1M_B.FR.83.HXB2_K03455), 640 illegal characters were removed:


WARNING: [000.000] Sequence number 2 (lcl|H1N.CM.95.YBF30_AJ006022), 1177 illegal characters were removed:


WARNING: [000.000] Sequence number 3 (lcl|H1O.BE.87.ANT70_L20587), 605 illegal characters were removed:
93 -s

WARNING: [000.000] Sequence number 4 (lcl|H1O.CM.91.MVP5180_L20571), 566 illegal characters were removed:
54 -s

WARNING: [000.000] Sequence number 5 (lcl|H2A.GW.-.ALI_AF082339), 6 illegal characters were removed:
6 -s

WARNING: [000.000] Sequence number 7 (lcl|H2A.SN.-.ST_M31113), 687 illegal characters were removed:


WARNING: [000.000] Sequence number 8 (lcl|H2B.GH.86.D205_X16109), 381 illegal characters were removed:
125 -s

WARNING: [000.000] Sequence number 9 (lcl|H2B.CI.-.EHO_U27200), 117 illegal characters were removed:
117 -s

WARNING: [000.000] Sequence number 10 (lcl|H2G.CI.-.ABT96_AF208027), 760 illegal characters were removed:


WARNING: [000.000] Sequence number 11 (lcl|H2U.FR.96.12034_AY530889), 752 illegal characters were removed:


Formatted 11 sequences in volume 0

========================[ Jan 21, 2015  5:24 PM ]========================
Version 2.2.11 [Jun-05-2005]
Started database file "C:\Users\Murilo\Desktop\rega-genotype\rega-genotype\xml\HIV\2032525942\db.fasta"
WARNING: [000.000] Sequence number 1 (lcl|H1M_B.FR.83.HXB2_K03455), 640 illegal characters were removed:


WARNING: [000.000] Sequence number 2 (lcl|H1N.CM.95.YBF30_AJ006022), 1177 illegal characters were removed:


WARNING: [000.000] Sequence number 3 (lcl|H1O.BE.87.ANT70_L20587), 605 illegal characters were removed:
93 -s

WARNING: [000.000] Sequence number 4 (lcl|H1O.CM.91.MVP5180_L20571), 566 illegal characters were removed:
54 -s

WARNING: [000.000] Sequence number 5 (lcl|H2A.GW.-.ALI_AF082339), 6 illegal characters were removed:
6 -s

WARNING: [000.000] Sequence number 7 (lcl|H2A.SN.-.ST_M31113), 687 illegal characters were removed:


WARNING: [000.000] Sequence number 8 (lcl|H2B.GH.86.D205_X16109), 381 illegal characters were removed:
125 -s

WARNING: [000.000] Sequence number 9 (lcl|H2B.CI.-.EHO_U27200), 117 illegal characters were removed:
117 -s

WARNING: [000.000] Sequence number 10 (lcl|H2G.CI.-.ABT96_AF208027), 760 illegal characters were removed:


WARNING: [000.000] Sequence number 11 (lcl|H2U.FR.96.12034_AY530889), 752 illegal characters were removed:


Formatted 11 sequences in volume 0

========================[ Jan 21, 2015  5:24 PM ]========================
Version 2.2.11 [Jun-05-2005]
Started database file "C:\Users\Murilo\Desktop\rega-genotype\rega-genotype\xml\HIV\2032525942\db.fasta"
WARNING: [000.000] Sequence number 1 (lcl|H1M_B.FR.83.HXB2_K03455), 640 illegal characters were removed:


WARNING: [000.000] Sequence number 2 (lcl|H1N.CM.95.YBF30_AJ006022), 1177 illegal characters were removed:


WARNING: [000.000] Sequence number 3 (lcl|H1O.BE.87.ANT70_L20587), 605 illegal characters were removed:
93 -s

WARNING: [000.000] Sequence number 4 (lcl|H1O.CM.91.MVP5180_L20571), 566 illegal characters were removed:
54 -s

WARNING: [000.000] Sequence number 5 (lcl|H2A.GW.-.ALI_AF082339), 6 illegal characters were removed:
6 -s

WARNING: [000.000] Sequence number 7 (lcl|H2A.SN.-.ST_M31113), 687 illegal characters were removed:


WARNING: [000.000] Sequence number 8 (lcl|H2B.GH.86.D205_X16109), 381 illegal characters were removed:
125 -s

WARNING: [000.000] Sequence number 9 (lcl|H2B.CI.-.EHO_U27200), 117 illegal characters were removed:
117 -s

WARNING: [000.000] Sequence number 10 (lcl|H2G.CI.-.ABT96_AF208027), 760 illegal characters were removed:


WARNING: [000.000] Sequence number 11 (lcl|H2U.FR.96.12034_AY530889), 752 illegal characters were removed:


Formatted 11 sequences in volume 0

========================[ Jan 21, 2015  5:25 PM ]========================
Version 2.2.11 [Jun-05-2005]
Started database file "C:\Users\Murilo\Desktop\rega-genotype\rega-genotype\xml\HIV\2032525942\db.fasta"
WARNING: [000.000] Sequence number 1 (lcl|H1M_B.FR.83.HXB2_K03455), 640 illegal characters were removed:


WARNING: [000.000] Sequence number 2 (lcl|H1N.CM.95.YBF30_AJ006022), 1177 illegal characters were removed:


WARNING: [000.000] Sequence number 3 (lcl|H1O.BE.87.ANT70_L20587), 605 illegal characters were removed:
93 -s

WARNING: [000.000] Sequence number 4 (lcl|H1O.CM.91.MVP5180_L20571), 566 illegal characters were removed:
54 -s

WARNING: [000.000] Sequence number 5 (lcl|H2A.GW.-.ALI_AF082339), 6 illegal characters were removed:
6 -s

WARNING: [000.000] Sequence number 7 (lcl|H2A.SN.-.ST_M31113), 687 illegal characters were removed:


WARNING: [000.000] Sequence number 8 (lcl|H2B.GH.86.D205_X16109), 381 illegal characters were removed:
125 -s

WARNING: [000.000] Sequence number 9 (lcl|H2B.CI.-.EHO_U27200), 117 illegal characters were removed:
117 -s

WARNING: [000.000] Sequence number 10 (lcl|H2G.CI.-.ABT96_AF208027), 760 illegal characters were removed:


WARNING: [000.000] Sequence number 11 (lcl|H2U.FR.96.12034_AY530889), 752 illegal characters were removed:


Formatted 11 sequences in volume 0

========================[ Jan 21, 2015  5:26 PM ]========================
Version 2.2.11 [Jun-05-2005]
Started database file "C:\Users\Murilo\Desktop\rega-genotype\rega-genotype\xml\HIV\2032525942\db.fasta"
WARNING: [000.000] Sequence number 1 (lcl|H1M_B.FR.83.HXB2_K03455), 640 illegal characters were removed:


WARNING: [000.000] Sequence number 2 (lcl|H1N.CM.95.YBF30_AJ006022), 1177 illegal characters were removed:


WARNING: [000.000] Sequence number 3 (lcl|H1O.BE.87.ANT70_L20587), 605 illegal characters were removed:
93 -s

WARNING: [000.000] Sequence number 4 (lcl|H1O.CM.91.MVP5180_L20571), 566 illegal characters were removed:
54 -s

WARNING: [000.000] Sequence number 5 (lcl|H2A.GW.-.ALI_AF082339), 6 illegal characters were removed:
6 -s

WARNING: [000.000] Sequence number 7 (lcl|H2A.SN.-.ST_M31113), 687 illegal characters were removed:


WARNING: [000.000] Sequence number 8 (lcl|H2B.GH.86.D205_X16109), 381 illegal characters were removed:
125 -s

WARNING: [000.000] Sequence number 9 (lcl|H2B.CI.-.EHO_U27200), 117 illegal characters were removed:
117 -s

WARNING: [000.000] Sequence number 10 (lcl|H2G.CI.-.ABT96_AF208027), 760 illegal characters were removed:


WARNING: [000.000] Sequence number 11 (lcl|H2U.FR.96.12034_AY530889), 752 illegal characters were removed:


Formatted 11 sequences in volume 0

========================[ Jan 21, 2015  5:26 PM ]========================
Version 2.2.11 [Jun-05-2005]
Started database file "C:\Users\Murilo\Desktop\rega-genotype\rega-genotype\xml\HIV\2032525942\db.fasta"
WARNING: [000.000] Sequence number 1 (lcl|H1M_B.FR.83.HXB2_K03455), 640 illegal characters were removed:


WARNING: [000.000] Sequence number 2 (lcl|H1N.CM.95.YBF30_AJ006022), 1177 illegal characters were removed:


WARNING: [000.000] Sequence number 3 (lcl|H1O.BE.87.ANT70_L20587), 605 illegal characters were removed:
93 -s

WARNING: [000.000] Sequence number 4 (lcl|H1O.CM.91.MVP5180_L20571), 566 illegal characters were removed:
54 -s

WARNING: [000.000] Sequence number 5 (lcl|H2A.GW.-.ALI_AF082339), 6 illegal characters were removed:
6 -s

WARNING: [000.000] Sequence number 7 (lcl|H2A.SN.-.ST_M31113), 687 illegal characters were removed:


WARNING: [000.000] Sequence number 8 (lcl|H2B.GH.86.D205_X16109), 381 illegal characters were removed:
125 -s

WARNING: [000.000] Sequence number 9 (lcl|H2B.CI.-.EHO_U27200), 117 illegal characters were removed:
117 -s

WARNING: [000.000] Sequence number 10 (lcl|H2G.CI.-.ABT96_AF208027), 760 illegal characters were removed:


WARNING: [000.000] Sequence number 11 (lcl|H2U.FR.96.12034_AY530889), 752 illegal characters were removed:


Formatted 11 sequences in volume 0

========================[ Jan 21, 2015  5:27 PM ]========================
Version 2.2.11 [Jun-05-2005]
Started database file "C:\Users\Murilo\Desktop\rega-genotype\rega-genotype\xml\HIV\2032525942\db.fasta"
WARNING: [000.000] Sequence number 1 (lcl|H1M_B.FR.83.HXB2_K03455), 640 illegal characters were removed:


WARNING: [000.000] Sequence number 2 (lcl|H1N.CM.95.YBF30_AJ006022), 1177 illegal characters were removed:


WARNING: [000.000] Sequence number 3 (lcl|H1O.BE.87.ANT70_L20587), 605 illegal characters were removed:
93 -s

WARNING: [000.000] Sequence number 4 (lcl|H1O.CM.91.MVP5180_L20571), 566 illegal characters were removed:
54 -s

WARNING: [000.000] Sequence number 5 (lcl|H2A.GW.-.ALI_AF082339), 6 illegal characters were removed:
6 -s

WARNING: [000.000] Sequence number 7 (lcl|H2A.SN.-.ST_M31113), 687 illegal characters were removed:


WARNING: [000.000] Sequence number 8 (lcl|H2B.GH.86.D205_X16109), 381 illegal characters were removed:
125 -s

WARNING: [000.000] Sequence number 9 (lcl|H2B.CI.-.EHO_U27200), 117 illegal characters were removed:
117 -s

WARNING: [000.000] Sequence number 10 (lcl|H2G.CI.-.ABT96_AF208027), 760 illegal characters were removed:


WARNING: [000.000] Sequence number 11 (lcl|H2U.FR.96.12034_AY530889), 752 illegal characters were removed:


Formatted 11 sequences in volume 0

========================[ Jan 21, 2015  5:28 PM ]========================
Version 2.2.11 [Jun-05-2005]
Started database file "C:\Users\Murilo\Desktop\rega-genotype\rega-genotype\xml\HIV\2032525942\db.fasta"
WARNING: [000.000] Sequence number 1 (lcl|H1M_B.FR.83.HXB2_K03455), 640 illegal characters were removed:


WARNING: [000.000] Sequence number 2 (lcl|H1N.CM.95.YBF30_AJ006022), 1177 illegal characters were removed:


WARNING: [000.000] Sequence number 3 (lcl|H1O.BE.87.ANT70_L20587), 605 illegal characters were removed:
93 -s

WARNING: [000.000] Sequence number 4 (lcl|H1O.CM.91.MVP5180_L20571), 566 illegal characters were removed:
54 -s

WARNING: [000.000] Sequence number 5 (lcl|H2A.GW.-.ALI_AF082339), 6 illegal characters were removed:
6 -s

WARNING: [000.000] Sequence number 7 (lcl|H2A.SN.-.ST_M31113), 687 illegal characters were removed:


WARNING: [000.000] Sequence number 8 (lcl|H2B.GH.86.D205_X16109), 381 illegal characters were removed:
125 -s

WARNING: [000.000] Sequence number 9 (lcl|H2B.CI.-.EHO_U27200), 117 illegal characters were removed:
117 -s

WARNING: [000.000] Sequence number 10 (lcl|H2G.CI.-.ABT96_AF208027), 760 illegal characters were removed:


WARNING: [000.000] Sequence number 11 (lcl|H2U.FR.96.12034_AY530889), 752 illegal characters were removed:


Formatted 11 sequences in volume 0

========================[ Jan 21, 2015  5:29 PM ]========================
Version 2.2.11 [Jun-05-2005]
Started database file "C:\Users\Murilo\Desktop\rega-genotype\rega-genotype\xml\HIV\2032525942\db.fasta"
WARNING: [000.000] Sequence number 1 (lcl|H1M_B.FR.83.HXB2_K03455), 640 illegal characters were removed:


WARNING: [000.000] Sequence number 2 (lcl|H1N.CM.95.YBF30_AJ006022), 1177 illegal characters were removed:


WARNING: [000.000] Sequence number 3 (lcl|H1O.BE.87.ANT70_L20587), 605 illegal characters were removed:
93 -s

WARNING: [000.000] Sequence number 4 (lcl|H1O.CM.91.MVP5180_L20571), 566 illegal characters were removed:
54 -s

WARNING: [000.000] Sequence number 5 (lcl|H2A.GW.-.ALI_AF082339), 6 illegal characters were removed:
6 -s

WARNING: [000.000] Sequence number 7 (lcl|H2A.SN.-.ST_M31113), 687 illegal characters were removed:


WARNING: [000.000] Sequence number 8 (lcl|H2B.GH.86.D205_X16109), 381 illegal characters were removed:
125 -s

WARNING: [000.000] Sequence number 9 (lcl|H2B.CI.-.EHO_U27200), 117 illegal characters were removed:
117 -s

WARNING: [000.000] Sequence number 10 (lcl|H2G.CI.-.ABT96_AF208027), 760 illegal characters were removed:


WARNING: [000.000] Sequence number 11 (lcl|H2U.FR.96.12034_AY530889), 752 illegal characters were removed:


Formatted 11 sequences in volume 0
