
P A U P *
Portable version 4.0b10 for Unix
Fri Jul  3 16:54:21 2015

      -----------------------------NOTICE-----------------------------
        This is a beta-test version.  Please report any crashes,
        apparent calculation errors, or other anomalous results.
        There are no restrictions on publication of results obtained
        with this version, but you should check the WWW site
        frequently for bug announcements and/or updated versions.  
        See the README file on the distribution media for details.
      ----------------------------------------------------------------

Character-exclusion status changed:
  34 characters excluded
  Total number of characters now excluded = 34
  Number of included characters = 986

Data matrix exported to file "paup.nex" in Nexus (non-interleaved) format.

Optimality criterion set to distance.

Neighbor-joining search settings:
  Ties (if encountered) will be broken systematically
  Distance measure = maximum-likelihood
  Likelihood settings:
    Number of substitution types  = 6
    User-specified substitution rate matrix =
                -   1.751400   6.113000   0.587300
         1.751400          -   0.936500  11.405300
         6.113000   0.936500          -   1.000000
         0.587300  11.405300   1.000000          -
    Assumed nucleotide frequencies (set by user):
      A=0.43390  C=0.14310  G=0.20520  T=0.21780
    Among-site rate variation:
      Assumed proportion of invariable sites  = 0.3775
      Distribution of rates at variable sites = gamma (continuous) with shape
                                                parameter (alpha) = 0.874
    These settings correspond to the GTR+G+I model
  34 characters are excluded
  (Tree is unrooted)

   Tree found by neighbor-joining method stored in tree buffer
   Time used = <1 sec (CPU time = 0.00 sec)

Neighbor-joining tree:

        /---------------------------------- gi|20136660|gb|A
        |
       /+                     /------------------------------- 39 BFBR0303BRRJ1
       |\---------------------+
       |                      \-------- 39 BFBR0303BRRJ3
       |
     /-+   /-------- B US 1986 5019 8
     | |  /+
     | |  |\------- B US 90 US2 AY17
     | \--+
    /+    \--------------- B BR 03 BREPM102
    ||
    ||  /------------ 29 BFBR01BREPM16
    |\--+
    |   \-------------- 29 BFBR99BREPM11
   /+
   ||       /---------- 12 BFAR97A32989
   ||/------+
   |||      \--------- 12 BFU1Y99URTR23
   |\+
/--+ |                /---- 42 BF LU 04 EU17
|  | \----------------+
|  |                  \-- 42 BF LU 03 EU17
|  |
|  |                 /------- 47BFES2008P1942G
|  \-----------------+
|                    \----- 47BFES2008X24572
|
|                                     /--------- A1 UA 01 01UADN1
|                              /------+
|                              |      \-------------- A1 RU 00 RU00051
|                          /---+
|                          |   |      /------------- 01 AECF19090CF11
|                          |   \------+
|                      /---+          \-------- 01 AETH90CM240
|                      |   |
|                      |   \------------------- A1 UG UG031 AB09
|                   /--+
|                   |  |            /------ 35 ADAF0505AF026
|                   |  \------------+
|           /-------+               \------ 35 ADAF0505AF094
|           |       |
|           |       |                 /-------------------- A2 CD9797CDKTB48
|           |       \-----------------+
|           |                         \----------------- A2 CY9494CY01741
|           |
|           |                      /--------- H CF 90 056 AF00
|           |                    /-+
|           |                    | \-------------------------- H BE 93 VI991 AF
|         /-+      /-------------+
|         | |      |             \------- H BE 93 VI997 AF
|         | | /----+
|         | | |    |            /----------------- 27 cpxCD9797CDKT
|         | | |    \------------+
|         | | |                 \------------- 27 cpxFR0404CD F
|         | | |
|         | | |                               /----- J SE 93 SE7887 A
|         | \-+                   /-----------+
|         |   |                   |           \---- J SE 1994 SE7022
|         |   |       /-----------+
|         |   |       |           \-------------- J CD 97 J 97DC K
|         |   |       |
|         |   \-------+           /-------------- 11 CPXF1R99MP129
|       /-+           |   /-------+
|       | |           |   |       \------------------------- 11 CPXGRGR17
|       | |           \---+
|       | |               |            /---------- 13 CPXC1M961849
|       | |               \------------+
|       | |                            \-------- 13 CPXCM964164
|       | |
|       | |             /------------------ K CD 97 EQTB11C 
|       | |       /-----+
|       | |       |     \-------- K CM 96 MP535 AJ
|       | |   /---+
|       | |   |   |          /-------------- 09 cpxCI0000IC 1
|       | |   |   \----------+
|       | |   |              \----------- 09 cpxGH9696GH29
|       | \---+
|       |     |                    /------------ 04 CPXG1R9197PVC
|       |     |  /-----------------+
|       |     |  |                 \-------------------- 04 CPXGR9797PVMY
|       |     \--+
|       |        |       /----------- 18 cpxCM97CM5337
|       |        \-------+
|       |                \-------- 18 cpxCU99CU14AY
|       |
|       |                       /--------------- G NG 01 01NGPL06
|       |                       |
|       |                  /----+   /------------ G ES 05 ES EU786
|    /--+                  |    |   |
|    |  |                  |    \---+      /----------- 43 02GSA03J11223
|    |  |                /-+        \------+
|    |  |                | |               \-- 43 02GSA03J11243
|    |  |                | |
|    |  |              /-+ \--------------- G GH 2003 GHNJ17
|    |  |              | |
|    |  |              | |        /---------------- 25 cpxCM0606CM B
|    |  |              | \--------+
|    |  |             /+          \----------- 25 cpxSA03J11451
|    |  |             ||
|    |  |             ||               /---------------- 37 cpxCM0000CMNY
|    |  |             |\---------------+
|    |  |             |                \------------- 37 cpxCM97CM5339
|    |  |          /--+
|    |  |          |  |      /------------ 02 AGCM9797CMP80
|    |  |          |  |/-----+
|    |  |          |  ||     \------------ 02 AGFR91DJ264
|  /-+  |          |  \+
|  | |  |     /----+   |                   / 14 BGE1S00X477
|  | |  |     |    |   \-------------------+
|  | |  |     |    |                       \------ 14 BGES99X397
|  | |  |     |    |
|  | |  |     |    |            /--------- 06 CPXAU96BFP90
|  | |  |     |    \------------+
|  | |  \-----+                 \------------- 06 CPXML9595ML84
|  | |        |
|  | |        |                 /------ 20 BGCU99Cu103AY
|  | |        |         /-------+
|  | |        |         |       \----- 20 BGES99R77AY58
|  | |        \---------+
|  | |                  |  /----- 24 BGCU03CB378AY
|  | |                  \--+
|  | |                     \------ 24 BGCU03CB471AY
|  | |
|/-+ |               /---- 03 ABRU97KAL153
|| | \---------------+
|| |                 \--- 03 ABRU98RU98001
|| |
|| |                       /-------------------- C ZA 98 TV001 AY
|| |                      /+
|| |                      |\-------------------- C IL 99 99ET1 AY
|| |                      |
|| |                    /-+    /----------------- C IN x VB39 EF69
|| |                    | |    |
|| |                    | \----+        /----- 08 BCCN19797CNGX
|| |                    |      \--------+
|| |            /-------+               \----- 08 BCCN9898CN006
|| |            |       |
|| |            |       |         /-------------- 31 BCBR02110PAEF
|| |            |       \---------+
|| \------------+                 \------ 31 BCBR0404BR142
||              |
||              |             /--- 07 BCC1N9797CN00
||              \-------------+
\+                            \--- 07 BCCN9898CN009
 |
 |             /-------------- D UG 99 99UGG350
 |             |
 |          /--+  /----------------- 10 CDTZ19696TZBF
 |          |  \--+
 |        /-+     \---------- 10 CDTZ9696TZBF1
 |        | |
 |     /--+ \------------------- D UG 98 98UG5714
 |     |  |
 |     |  \----------- D ZA 84 R2 AY773
 |/----+
 ||    |        /--------------- 19 cpxCU99CU29AY
 ||    \--------+
 ||             \------- 19 cpxCU99CU7AY8
 ||
 ||               /---------------------- F1 ES x X1670 DQ
 ||             /-+
 ||             | \----------- F1 BR 89 BZ126 A
 \+          /--+
  |          |  |           /-------------------------------- 40 BFBR0404BRRJ1
  |          |  \-----------+
  |     /----+              \------ 40 BFBR0404BRSQ4
  |     |    |
  |     |    |          /-------- F2 CM 95 MP255 A
  |     |    \----------+
  \-----+               \----------- F2 CM 97 CM53657
        |
        |      /---------------- 05 DFBEVI1310
        \------+
               \--------------- 05 DFBE93VI961

1 tree saved to file "~/rega-genotype/jobDir/HIV/447686363/paup.tre"

Bootstrap method with neighbor-joining search:
  Number of bootstrap replicates = 100
  Starting seed = 813588058
  Ties (if encountered) will be broken randomly
  Distance measure = maximum-likelihood
  Likelihood settings:
    Number of substitution types  = 6
    User-specified substitution rate matrix =
                -   1.751400   6.113000   0.587300
         1.751400          -   0.936500  11.405300
         6.113000   0.936500          -   1.000000
         0.587300  11.405300   1.000000          -
    Assumed nucleotide frequencies (set by user):
      A=0.43390  C=0.14310  G=0.20520  T=0.21780
    Among-site rate variation:
      Assumed proportion of invariable sites  = 0.3775
      Distribution of rates at variable sites = gamma (continuous) with shape
                                                parameter (alpha) = 0.874
    These settings correspond to the GTR+G+I model
  34 characters are excluded
  (Tree is unrooted)

   Time used for neighbor-joining bootstrap = 13 sec (CPU time = 12.77 sec)

Bootstrap 50% majority-rule consensus tree

/--------------------------------------------------------- gi|20136660|gb|A(1)
|
|                                                   /----- A1 UA 01 01UADN1(2)
|                                              /--100
|                                              |    \----- A1 RU 00 RU00051(3)
|                                        /----95
|                                        |     |    /----- 01 AECF19090CF11(31)
|                                        |     \--100
|                                        |          \----- 01 AETH90CM240(32)
|                                   /---54
|                                   |    +---------------- A1 UG UG031 AB09(4)
|                                   |    |
|                                   |    |          /----- 35 ADAF0505AF026(75)
|               /------------------93    \--------100
|               |                   |               \----- 35 ADAF0505AF094(76)
|               |                   |
|               |                   |               /----- A2 CD9797CDKTB48(5)
|               |                   \-------------100
|               |                                   \----- A2 CY9494CY01741(6)
|               |
|               |                        /---------------- C ZA 98 TV001 AY(10)
|               |                        |
|               |                        |     /---------- C IN x VB39 EF69(11)
|               |                        |     |
|               |                        +----51    /----- 08 BCCN19797CNGX(45)
|               |                        |     \---99
|               |                   /---95          \----- 08 BCCN9898CN006(46)
|               |                   |    |
|               |                   |    +---------------- C IL 99 99ET1 AY(12)
|               |                   |    |
|               |                   |    |          /----- 31 BCBR02110PAEF(73)
|               +------------------97    \--------100
|               |                   |               \----- 31 BCBR0404BR142(74)
|               |                   |
|               |                   |               /----- 07 BCC1N9797CN00(43)
|               |                   \-------------100
|               |                                   \----- 07 BCCN9898CN009(44)
|               |
|               |                        /---------------- G NG 01 01NGPL06(20)
|               |                        |
|               |                   /---90     /---------- G ES 05 ES EU786(21)
|               |                   |    |     |
|               |                   |    \----82    /----- 43 02GSA03J11223(85)
|               |              /---56          \--100
|               |              |    |               \----- 43 02GSA03J11243(86)
|               |              |    |
|               |              |    \--------------------- G GH 2003 GHNJ17(22)
|               |              |
|               |              |                    /----- 02 AGCM9797CMP80(33)
|               |              +-------------------92
|               |              |                    \----- 02 AGFR91DJ264(34)
|               |              |
|               |         /---60                    /----- 14 BGE1S00X477(57)
|               |         |    +------------------100
|               |         |    |                    \----- 14 BGES99X397(58)
|               |         |    |
|               |         |    |                    /----- 25 cpxCM0606CM B(67)
|               |         |    +------------------100
|               |         |    |                    \----- 25 cpxSA03J11451(68)
|               |    /---80    |
|               |    |    |    |                    /----- 37 cpxCM0000CMNY(77)
|               |    |    |    \------------------100
|               |    |    |                         \----- 37 cpxCM97CM5339(78)
|               |    |    |
|               |    |    |                         /----- 06 CPXAU96BFP90(41)
|         /----55---71    \-----------------------100
|         |     |    |                              \----- 06 CPXML9595ML84(42)
|         |     |    |
|         |     |    |                              /----- 20 BGCU99Cu103AY(63)
|         |     |    |                         /--100
|         |     |    |                         |    \----- 20 BGES99R77AY58(64)
|         |     |    \-----------------------100
|         |     |                              |    /----- 24 BGCU03CB378AY(65)
|         |     |                              \---88
|         |     |                                   \----- 24 BGCU03CB471AY(66)
|         |     |
|         |     |                                   /----- H CF 90 056 AF00(23)
|         |     |                              /---55
|         |     |                              |    \----- H BE 93 VI991 AF(25)
|         |     +----------------------------100
|         |     |                              \---------- H BE 93 VI997 AF(24)
|         |     |
|         |     |                                   /----- J SE 93 SE7887 A(26)
|         |     |                              /--100
|         |     |                              |    \----- J SE 1994 SE7022(27)
|         |     |                        /----99
|         |     |                        |     \---------- J CD 97 J 97DC K(28)
|         |     |                        |
|         |     +-----------------------79          /----- 11 CPXF1R99MP129(51)
|         |     |                        |     /---86
|         |     |                        |     |    \----- 11 CPXGRGR17(52)
|         |     |                        \----73
|         |     |                              |    /----- 13 CPXC1M961849(55)
|         |     |                              \--100
|         |     |                                   \----- 13 CPXCM964164(56)
|         |     |
|         |     |                                   /----- K CD 97 EQTB11C (29)
|         |     |                              /---99
|         |     |                              |    \----- K CM 96 MP535 AJ(30)
|         |     +-----------------------------74
|         |     |                              |    /----- 09 cpxCI0000IC 1(47)
|         |     |                              \--100
|         |     |                                   \----- 09 cpxGH9696GH29(48)
|         |     |
|         |     |                                   /----- 03 ABRU97KAL153(35)
|         |     +---------------------------------100
|         |     |                                   \----- 03 ABRU98RU98001(36)
|         |     |
|         |     |                                   /----- 04 CPXG1R9197PVC(37)
|         |     |                              /--100
|         |     |                              |    \----- 04 CPXGR9797PVMY(38)
|         |     +-----------------------------52
|         |     |                              |    /----- 18 cpxCM97CM5337(59)
|         |     |                              \--100
|         |     |                                   \----- 18 cpxCU99CU14AY(60)
|         |     |
|    /---57     |                                   /----- 27 cpxCD9797CDKT(69)
|    |    |     \----------------------------------99
|    |    |                                         \----- 27 cpxFR0404CD F(70)
|    |    |
|    |    |                                    /---------- D UG 99 99UGG350(13)
|    |    |                                    |
|    |    |                              /----77    /----- 10 CDTZ19696TZBF(49)
|    |    |                              |     \---90
|    |    |                         /---62          \----- 10 CDTZ9696TZBF1(50)
|    |    |                         |    |
|    |    |                    /---70    \---------------- D UG 98 98UG5714(14)
|    |    |                    |    |
|    |    |                    |    \--------------------- D ZA 84 R2 AY773(15)
|    |    +-------------------83
|    |    |                    |                    /----- 19 cpxCU99CU29AY(61)
|    |    |                    \------------------100
|    |    |                                         \----- 19 cpxCU99CU7AY8(62)
|    |    |
|    |    |                                         /----- F1 ES x X1670 DQ(16)
|    |    |                                    /---54
|    |    |                                    |    \----- F1 BR 89 BZ126 A(17)
|    |    |                              /----76
|    |    |                              |     |    /----- 40 BFBR0404BRRJ1(81)
|    |    |                              |     \---99
|    |    +-----------------------------78          \----- 40 BFBR0404BRSQ4(82)
|    |    |                              |
|    |    |                              |          /----- F2 CM 95 MP255 A(18)
|    |    |                              \--------100
|    |    |                                         \----- F2 CM 97 CM53657(19)
\--100    |
     |    |                                         /----- 05 DFBEVI1310(39)
     |    +----------------------------------------94
     |    |                                         \----- 05 DFBE93VI961(40)
     |    |
     |    |                                         /----- 12 BFAR97A32989(53)
     |    +---------------------------------------100
     |    |                                         \----- 12 BFU1Y99URTR23(54)
     |    |
     |    |                                         /----- 29 BFBR01BREPM16(71)
     |    +----------------------------------------79
     |    |                                         \----- 29 BFBR99BREPM11(72)
     |    |
     |    |                                         /----- 39 BFBR0303BRRJ1(79)
     |    +---------------------------------------100
     |    |                                         \----- 39 BFBR0303BRRJ3(80)
     |    |
     |    |                                         /----- 42 BF LU 04 EU17(83)
     |    +---------------------------------------100
     |    |                                         \----- 42 BF LU 03 EU17(84)
     |    |
     |    |                                         /----- 47BFES2008P1942G(87)
     |    \---------------------------------------100
     |                                              \----- 47BFES2008X24572(88)
     |
     +---------------------------------------------------- B US 1986 5019 8(7)
     |
     +---------------------------------------------------- B US 90 US2 AY17(8)
     |
     \---------------------------------------------------- B BR 03 BREPM102(9)

Bipartitions found in one or more trees and frequency of occurrence (bootstrap
support values):

         1         2         3         4         5         6         7       7
123456789012345678901234567890123456789012345678901234567890123456789012345678
------------------------------------------------------------------------------
..............................................................................
..............................................................................
........................................**....................................
............................................................................**
............................................................**................
........................................................**....................
..................................................................**..........
......................................................**......................
..............................................................................
..............................................**..............................
..........................................................**..................
....................................**........................................
..................................**..........................................
.................**...........................................................
..........................................................................**..
..............................................................****............
........................................................................**....
..............................................................................
......................***.....................................................
....................................................**........................
..............................**..............................................
..........................................**..................................
.........................**...................................................
..............................................................**..............
.**...........................................................................
....**........................................................................
....................................................................**........
..............................................................................
............................................**................................
.........................***..................................................
............................**................................................
.........***..............................****..........................**....
.**...........................**..............................................
.........***................................**..........................**....
......................................**......................................
.*****........................**..........................................**..
................................**............................................
................................................**............................
...................**.........................................................
................................................................**............
..................................................**..........................
............***.................................**..........**................
....................*.........................................................
...................***..........**......**..............**........**........**
.........................***......................**..**......................
......................................................................**......
...............****...........................................................
............*...................................**............................
...............**.............................................................
............................**................**..............................
..................................................**..**......................
...................***..........**......**..............**....******........**
............***.................................**............................
............**..................................**............................
...................***..........**......................**........**........**
.*****...*********************************************************************
...................***........................................................
......................*.*.....................................................
.*****...***.......*******************..********..**..******..********..******
.***..........................**..........................................**..
...............**.............................................................
....................................**....................**..................
..........*.................................**................................
......................***...........................................**........
...*......................................................................**..
......***.....................................................................
.........................***......................**..**............**........
.***..........................**..............................................
...............****...................**......................................
......**......................................................................
............................**......**........**..........**..................
.......................**.....................................................
.*****...*******************************************..****************..******
.*****................******..**..................**..**............**....**..
......................******......................**..**............**........
............................**......**........**..............................
.*****.............***************..**..**....**..**..******..********....****
.........***................................**................................
............***.......................**........**..........**................
.........***..................................................................
.........**.................................**................................
...................***............................................**..........
.*****........................**..............................................
.............**...............................................................
.........**...................................................................
....................................................**........................
................*.............................................................
.*****..**********************************************************************
..............................................................................
.*****.***********************************************************************
...................***............................................**........**
...................***..................................**....................
...................***..........**......................**........**..........
.........*.*..................................................................
.......**.....................................................................
...................***..........**......**..............****..******........**
.........**.................................**..........................**....
..................................................................**........**
.*****.............*******************..**....**..**..******..********....****
....................................................**........................
.........***............................................................**....
.*****...******....*******************..************..****************..******
...................***..................................**........**..........
.*****************************************************************************
............**................................................................
.........***......................**......****..........................**....
..................................................**..**............**........
....................................................**................**......
...................***..................................**........**........**
.*****...*******************************************..****************..******
.*****...*********************************************************************
...............****...........................................................
................................**......................**....................
.*****...******....*********************************..****************..******
.*****................**********....**........**..**..**..**........**....**..
.*****...***.......***************..**..********..**..******..********..******
...................***......**..**..**..**....**........****..******........**
....................................**........**..............................
...............*..............................................................
.........***..........***.................****..........................**....
...............****...................**............**........................
.*****................***.....**....................................**....**..
.....................*............................................**..........
..........**..................................................................
.........................***......................**..........................
............**..................................**..........**................
...................................................*..**......................
...................***..........**......**..............****......**........**
...............****.................................**........................
....................................................**................**......
...............****...................**......................................
...................***..........**......................**....................
......*.*.....................................................................
.*****...*********************************************************************
......................................................................**......
..............................................................**.*............
.**.**........................**..............................................
.*****...................***..**..................**..**............**....**..
............*******...................**........**..........**................
.*****........................**..**......................................**..
....................................................**................**......
...................***..........**......**..............**........**..........
..........*.................................**..........................**....
......................********................**..**..**............**........
.*****................**********..............**..**..**............**....**..
...................**...................................**....................
...................**.........................................................
....................................................**................**......
....................................................**................**......
...................***..........**......................**....******........**
.*****.............***************..**..**....**..**..******......****....****
......................................................................**......
.........................*****................**..**..**............**........
...................**.............................................**..........
...................***......**..**..**..**....**........****......**........**
...................***..........****....**..............**....******........**
....................................................**........................
........................................................**....****............
.*****...*******************************************..****************..******
....................**........................................................
...............****.................................**........................
............***.......................**........**............................
................................**......**....................................
.............**.............................................**................
.*****.............***........****......**..............**........**......****
.*****...*************************************************************..******
.*****...***...***********************..********..**..******..********..******
............*....................................*............................
...............****...................**............**................**......
..............................................................................
.*****................**********....**........**..**..**............**....**..
.*****......................****....**........**..........................**..
.*****...***...*********************************..**..******..********..******
...................***......................................................**
.*****...*************************..****************..****************..******
...............**.............................................................
..........**................................**................................
.*****.........*******************..******....**..**..******..********....****
.*****...*************************************************************..******
...............****.................................**................**......
..............*.............................................**................
..................................................**................**........
.*****........................**....**....................................**..
.........***..........******..............****....**..**............**..**....
...................***..........**................................**........**
...................***..........**......**........................**........**
....................................................**................*.......
.*****.........*******************..******....**..**..******......****....****
.*****......**********************..******....******..****************....****
.*****...*********************************************************************
.*****...*************************************************************..******
..................................**..........................****............
...*..........................**..............................................
...................***..................**........................**........**
...............****.........**......****......**..........**..................
...................**.............................................**........**
.........................***..........................**......................
.*****..**********************************************************************
...............****.................................**................**......
...................***..........*.......................**........**........**
.....................*............................................**........**
....................................................**................*.......
......................................................................**......
.*****...***..........**********....**....******..**..**............**..****..
...................***..........**................................**..........
.*****...***.......***************..**..********..**..******......****..******
...............****...........................................................

78       8
9012345678      Freq
--------------------
........**       100
....**....       100
..........       100
..........       100
..........       100
..........       100
..........       100
..........       100
......**..       100
..........       100
..........       100
..........       100
..........       100
..........       100
..........       100
..........       100
..........       100
**........       100
..........       100
..........       100
..........       100
..........       100
..........       100
..........       100
..........       100
..........       100
..........        99
..**......        99
..........        99
..........        99
..........        99
..........        97
..........        95
..........        95
..........        94
..........        93
..........        92
..........        90
......**..        90
..........        88
..........        86
..........        83
......**..        82
......**..        80
..........        79
..........        79
..**......        78
..........        77
..**......        76
..........        74
..........        73
......**..        71
..........        70
..........        62
......**..        60
**********        57
......**..        56
..........        55
......**..        55
..........        54
..........        54
..........        52
..........        51
..........        50
..........        49
..........        49
..........        47
..........        46
..**......        46
..........        46
..........        45
..........        43
..**..**..        42
..........        40
..........        39
..........        37
......**..        37
..........        36
..........        35
..........        34
..........        34
......**..        34
..........        33
..........        32
..........        31
....**....        30
..**......        29
**********        28
....**..**        28
**********        28
......**..        26
......**..        26
......**..        25
..........        24
..........        24
......**..        23
..........        22
..........        22
......**..        21
**........        20
..........        20
......**..        20
......**..        19
..********        19
..........        18
..........        18
..........        18
**..**....        18
......**..        17
..**..****        17
..********        17
..........        17
..........        16
......**..        16
..........        16
......**..        16
......**..        16
..........        16
..**......        15
..........        15
****......        15
..........        14
..........        14
..........        14
..........        14
..........        14
..........        14
......**..        13
..**......        13
....**....        13
****......        13
......**..        13
..........        13
********..        13
**........        12
..........        12
..........        12
..........        12
..**......        12
..........        12
**........        11
......**..        11
..........        11
..........        11
..........        11
......**..        10
..........        10
....**..**        10
**..**..**        10
......**..        10
......**..        10
....**....        10
..........         9
......**..         9
......**..         9
......**..         9
....**..**         9
..........         9
****..**..         8
......**..         8
****......         8
..........         8
..........         8
..........         7
......**..         7
..********         7
..**..**..         7
..........         7
******..**         7
****......         7
..........         7
..........         7
..**..**..         7
......**..         6
..**..**..         6
****......         6
..........         6
..**..**..         6
****..**..         6
****......         6
..........         6
..........         6
..........         6
..........         6
......**..         6
......**..         6
..........         5
..**..**..         5
..**..**..         5
****..**..         5
**********         5
..........         5
..........         5
......**..         5
..**......         5
......**..         5
..........         5
..********         5
******..**         5
......**..         5
..........         5
**........         5
....**..**         5
..........         5
......**..         5
......**..         5
****......         5

423 groups at (relative) frequency less than 5% not shown
