
P A U P *
Portable version 4.0b10 for Unix
Wed Jun 10 09:35:24 2015

      -----------------------------NOTICE-----------------------------
        This is a beta-test version.  Please report any crashes,
        apparent calculation errors, or other anomalous results.
        There are no restrictions on publication of results obtained
        with this version, but you should check the WWW site
        frequently for bug announcements and/or updated versions.  
        See the README file on the distribution media for details.
      ----------------------------------------------------------------

Character-exclusion status changed:
  32 characters excluded
  Total number of characters now excluded = 32
  Number of included characters = 1581

Data matrix exported to file "paup.nex" in Nexus (non-interleaved) format.

Outgroup status changed:
  1 taxon transferred to outgroup
  Total number of taxa now in outgroup = 1
  Number of ingroup taxa = 70

Optimality criterion set to distance.
   Forcing NJ tree to be compatible with constraint-tree "CONSTRE"

Neighbor-joining search settings:
  Ties (if encountered) will be broken systematically
  Distance measure = HKY85
  32 characters are excluded
  (Tree is unrooted)

   Tree found by neighbor-joining method stored in tree buffer
   Time used = <1 sec (CPU time = 0.00 sec)

Neighbor-joining tree:

                                           / 13 CPXCM964164 e
                                     /-----+
                                     |     \ 13 CPXCM964164
                          /----------+
                          |          \------ 13 CPXC1M961849
                        /-+
                        | |      /---------- 11 CPXF1R99MP129
                        | \------+
                        |        \----------- 11 CPXGRGR17
                        |
                        |                /---------- A1UG85U455
                        |              /.+
                        |              | \------------- A1UG9292UG037
                        |              |
                        |            /-+ /--------- A1.KE.00.KNH1199
                        |            | | |
                        |            | | +-------- A1.TZ.01.A341
                        |            | \-+
                        |            |   \--------- A1.KE.97.ML752
                        |           /+
                        |           ||    /-------- 01 AECF19090CF11
                        |           ||/---+
                        |           |||   \------- 01 AETH90CM240
                        |           |||
                        |           |\+        /--- A.SN.01.DDI579
                        |        /--+ |     /--+
                        |        |  | |     |  \--- A.SN.96.DDJ360
                        |        |  | \-----+
                        |        |  |       \------ A.SN.01.DDJ369
                        |        |  |
                        |       /+  |        /----- A1.UZ.02.02UZ065
                        |       ||  \--------+
                        |       ||           \--- A1.UZ.02.02UZ066
                        |       ||
                        |       ||      /------- 09 cpx.GH.96.96G
                        |     /-+\------+
                        |     | |       \--------- 09 cpx.US.99.99D
                        |     | |
                        |     | |      /------ 02 AGCM9797CMP80
                        |    /+ \------+
                        |    ||        \-------- 02 AGFR91DJ264
                        |    ||
                        |    ||          /--------- A2CD9797CDKTB48
                        |    |\----------+
                        |    |           \---------- A2CY9494CY01741
                        |    |
                        |    |       /---------- 18 cpx.CM.97.CM5
                        |    +-------+
                        |    |       \-------- 18 cpx.CU.99.CU7
                        |    |
                        |    |         /-------- BUS83RF
                        |    |       /-+
                        |    |       | \-------- BUS90WEAU160
                        |    |      /+
                        |    |      ||        /- 03 ABRU97KAL153
                        |    |      |\--------+
                        |    |   /--+         \-- 03 ABRU98RU98001
                        |    |   |  |
                        |    |   |  |      /------- 12 BFAR97A32989
                        |    |   |  \------+
                        |    |   |         \----- 12 BFU1Y99URTR23
                        |    |   |
                        |    |   |      /-------- 05 DFBEVI1310
/-----------------------+    |   | /----+
|                       |    | /-+ |    \------- 05 DFBE93VI961
|                       |    | | | |
|                       |    | | | |      /-------- 19 cpx.CU.99.CU2
|                       |   /+ | | | /----+
|                       |   || | | | |    \------ 19 cpx.CU.99.CU7
|                       |   || | | | |
|                       |   || | | | |      /------ D.UG.99.99UGA074
|                       |   || | \-+ |    /-+
|                       |   || |   | |    | \------ D.UG.99.99UGB218
|                       |   || |   | +----+
|                       |   || |   |/+    \------- D.UG.99.99UGE083
|                       |   || |   |||
|                       |   ||/+   |||     /----------------- D.ZA.85.R214
|                       |   ||||   ||\-----+
|                       |   ||||   \+      \------------------ D.ZA.85.R286
|                       |   ||||    |
|                       |   ||||    |        /------ D.CM.01.01CM 000
|                       |   ||||    \--------+
|                       |   ||||             \------ D.CM.01.01CM 441
|                       |   ||||
|                       |   ||||     /------------- F1BE93VI850
|                       |   ||||/----+
|                       |   |||||    \----------- F1FR96MP411
|                       |   |||\+
|                       |   ||| |     /------- F2CM195MP255
|                       |   ||| \-----+
|                       |   |||       \--------- F2CM95MP257
|                       |   |\+
|                       |   | |                /-- 07 BCC1N9797CN00
|                       |   | |          /-----+
|                       |   | |          |     \-- 07 BCCN9898CN009
|                       |   | |          |
|                       |   | |      /---+      /--- 08 BCCN19797CNGX
|                       |   | |      |   | /----+
|                       |   | |      |   | |    \--- 08 BCCN9898CN006
|                       |   | |      |   \-+
|                       |   | |      |     | /----- C.IN.93.93IN904
|                       |   | |   /--+     \-+
|                       |   | |   |  |       \----- C.IN.98.98IN022
|                       |   | |   |  |
|                       |   | |   |  |     /-------- C.AR.01.ARG4006
|                       |   | \---+  \-----+
|                       | /-+     |        \----------- C.BR.x.04BR013
|                       | | |     |
|                       | | |     |     /---------- 10 CDTZ19696TZBF
|                       | | |     \-----+
|                       | | |           \-------- 10 CDTZ9696TZBF1
|                       | | |
|                       | | |            /------ 04 CPXG1R9197PVC
|                       | | |/-----------+
|                       | | ||           \--------- 04 CPXGR9797PVMY
|                       | | ++
|                       | | ||         /------- 06 CPXAU96BFP90
|                       | | |\---------+
|                       | | |          \------ 06 CPXML9595ML84
|                       | | |
|                       \-+ |                  /--- AHJU.CM.01.01CM 
|                         | \------------------+
|                         |                    \--- AHJU.CM.01.01CM 
|                         |
|                         |                /- 14 BGE1S00X477
|                         |               /+
|                         |               |\---- 14 BGES99X397
|                         |       /-------+
|                         |       |       | / G.ES.00.X558
|                         |       |       \-+
|                         | /-----+         \- G.ES.99.X138
|                         | |     |
|                         | |     |  /---------- G.NG.x.01NGPL066
|                         | |     \--+
|                         \-+        \------- G.NG.x.01NGPL076
|                           |
|                           |      /------ GKU.SE.x.SE8646
|                           \------+
|                                  \----------- GKU.SE.x.SE9010
|
\------------------------------------------------------------- OCM91MVP5180

1 tree saved to file "~/rega-genotype/jobDir/1843763905/paup.tre"
   Forcing NJ tree to be compatible with constraint-tree "CONSTRE"

Bootstrap method with neighbor-joining search:
  Number of bootstrap replicates = 100
  Starting seed = 707669690
  Ties (if encountered) will be broken randomly
  Distance measure = HKY85
  32 characters are excluded
  (Tree is unrooted)

   Note: Ties were encountered in one or more replicates

   Time used for neighbor-joining bootstrap = 2 sec (CPU time = 2.05 sec)

Bootstrap 50% majority-rule consensus tree

                                                    /----- 13 CPXCM964164 e(1)
                                               /100-+
                                               |    \----- 13 CPXCM964164(35)
                                           /100+
                                           |   \---------- 13 CPXC1M961849(34)
     /-----------------70------------------+
     |                                     |        /----- 11 CPXF1R99MP129(30)
     |                                     \--100---+
     |                                              \----- 11 CPXGRGR17(31)
     |
     |                                              /----- A1UG85U455(2)
     |                                     /--100---+
     |                                     |        \----- A1UG9292UG037(3)
     |                                     |
     |                                /-72-+        /----- A1.KE.00.KNH1199(47)
     |                                |    |   /-57-+
     |                                |    |   |    \----- A1.TZ.01.A341(49)
     |                                |    \100+
     |                                |        \---------- A1.KE.97.ML752(48)
     |                           /-80-+
     |                           |    |             /----- 01 AECF19090CF11(12)
     |                           |    |    /--100---+
     |                           |    |    |        \----- 01 AETH90CM240(13)
     |                           |    |    |
     |                           |    \-70-+        /----- A.SN.01.DDI579(44)
     |                      /-99-+         |   /100-+
     |                      |    |         |   |    \----- A.SN.96.DDJ360(46)
     |                      |    |         \100+
     |                      |    |             \---------- A.SN.01.DDJ369(45)
     |                      |    |
     |                  /60-+    |                  /----- A1.UZ.02.02UZ065(50)
     |                  |   |    \-------100--------+
     |                  |   |                       \----- A1.UZ.02.02UZ066(51)
     |                  |   |
     |                  |   |                       /----- 09 cpx.GH.96.96G(38)
     |             /-68-+   \----------100----------+
     |             |    |                           \----- 09 cpx.US.99.99D(39)
     |             |    |
     |             |    |                           /----- 02 AGCM9797CMP80(14)
     |        /-61-+    \------------100------------+
     |        |    |                                \----- 02 AGFR91DJ264(15)
     |        |    |
     |        |    |                                /----- A2CD9797CDKTB48(4)
     |        |    \--------------100---------------+
     |        |                                     \----- A2CY9494CY01741(5)
     |        |
     |        |                                     /----- BUS83RF(6)
     |        |                                /100-+
     |        |                                |    \----- BUS90WEAU160(7)
     |        |                            /70-+
     |        |                            |   |    /----- 03 ABRU97KAL153(16)
     |        |                            |   \100-+
     |        |             /------64------+        \----- 03 ABRU98RU98001(17)
     |        |             |              |
     |        |             |              |        /----- 12 BFAR97A32989(32)
     |        |             |              \--100---+
/----+        |             |                       \----- 12 BFU1Y99URTR23(33)
|    |        |             |
|    |        |             |                       /----- F1BE93VI850(8)
|    |        |             |                  /100-+
|    |        |             |                  |    \----- F1FR96MP411(9)
|    |        |             +--------62--------+
|    |        |             |                  |    /----- F2CM195MP255(10)
|    |        |             |                  \100-+
|    |        |             |                       \----- F2CM95MP257(11)
|    |        |             |
|    |        |             |                       /----- 05 DFBEVI1310(20)
|    |        |             |    /-------100--------+
|    |        |             |    |                  \----- 05 DFBE93VI961(21)
|    |        |             |    |
|    |        |             |    |                  /----- 19 cpx.CU.99.CU2(42)
|    |        |             |    |         /--100---+
|    |        |             |    |         |        \----- 19 cpx.CU.99.CU7(43)
|    |        |             |    |         |
|    |        |             +-74-+         |        /----- D.UG.99.99UGA074(60)
|    |        |             |    |         |   /-98-+
|    |        |             |    |    /-52-+   |    \----- D.UG.99.99UGB218(61)
|    |        +-----53------+    |    |    +100+
|    |        |             |    |    |    |   \---------- D.UG.99.99UGE083(62)
|    |        |             |    |    |    |
|    |   /-53-+             |    |    |    |        /----- D.ZA.85.R214(63)
|    |   |    |             |    \-76-+    \--100---+
|    |   |    |             |         |             \----- D.ZA.85.R286(64)
|    |   |    |             |         |
|    |   |    |             |         |             /----- D.CM.01.01CM 000(58)
|    |   |    |             |         \-----100-----+
|    |   |    |             |                       \----- D.CM.01.01CM 441(59)
|    |   |    |             |
|    |   |    |             |                       /----- 07 BCC1N9797CN00(24)
|    |   |    |             |              /--100---+
|    |   |    |             |              |        \----- 07 BCCN9898CN009(25)
|    |   |    |             |              |
|    |   |    |             |         /-96-+        /----- 08 BCCN19797CNGX(26)
|    |   |    |             |         |    |   /100-+
|    |   |    |             |         |    |   |    \----- 08 BCCN9898CN006(27)
|    |   |    |             |         |    \88-+
|    |   |    |             |         |        |    /----- C.IN.93.93IN904(56)
|    |   |    |             |    /100-+        \100-+
|    |   |    |             |    |    |             \----- C.IN.98.98IN022(57)
|    |   |    |             |    |    |
|    |   |    |             |    |    |             /----- C.AR.01.ARG4006(54)
|    |   |    |             \-83-+    \-----100-----+
|    |   |    |                  |                  \----- C.BR.x.04BR013(55)
|    |   |    |                  |
|    |   |    |                  |                  /----- 10 CDTZ19696TZBF(28)
|    |   |    |                  \-------100--------+
|    |   |    |                                     \----- 10 CDTZ9696TZBF1(29)
|    \62-+    |
|        |    |                                     /----- 04 CPXG1R9197PVC(18)
|        |    +-----------------100-----------------+
|        |    |                                     \----- 04 CPXGR9797PVMY(19)
|        |    |
|        |    |                                     /----- 06 CPXAU96BFP90(22)
|        |    +-----------------100-----------------+
|        |    |                                     \----- 06 CPXML9595ML84(23)
|        |    |
|        |    |                                     /----- 18 cpx.CM.97.CM5(40)
|        |    +-----------------100-----------------+
|        |    |                                     \----- 18 cpx.CU.99.CU7(41)
|        |    |
|        |    |                                     /----- AHJU.CM.01.01CM (52)
|        |    \-----------------100-----------------+
|        |                                          \----- AHJU.CM.01.01CM (53)
|        |
|        |                                          /----- 14 BGE1S00X477(36)
|        |                                     /100-+
|        |                                     |    \----- 14 BGES99X397(37)
|        |                                 /100+
|        |                                 |   |    /----- G.ES.00.X558(65)
|        |                                 |   \100-+
|        |                            /100-+        \----- G.ES.99.X138(66)
|        |                            |    |
|        |                            |    |        /----- G.NG.x.01NGPL066(67)
|        |                            |    \--100---+
|        \-------------54-------------+             \----- G.NG.x.01NGPL076(68)
|                                     |
|                                     |             /----- GKU.SE.x.SE8646(69)
|                                     \-----100-----+
|                                                   \----- GKU.SE.x.SE9010(70)
|
\--------------------------------------------------------- OCM91MVP5180(71)

Bipartitions found in one or more trees and frequency of occurrence (bootstrap
support values):

         1         2         3         4         5         66
1234567890123456789012345678901234567890123456789012345678901
-------------------------------------------------------------
.............................**..............................
.............................................................
.............................................................
...................................**........................
...................................**........................
...................................**........................
.............................................................
...................................................**........
.....................................................**......
.......................................................**....
.........................**..................................
.........................................**..................
.......................**....................................
.**..........................................................
.......................****..........................****....
...........................................................**
...........................**................................
.................**..........................................
.............................................................
...................**........................................
.......................................**....................
...............**............................................
.........................................................**..
...............................**............................
.......**....................................................
...........**................................................
.....**......................................................
.*********************************.**************************
...**........................................................
.....................................**......................
...........................................*.*...............
.............**..............................................
.....................**......................................
..............................................***............
.........**..................................................
.................................................**..........
.********************************..**************************
...........................................***...............
.**........**..............................********..........
...........................................................**
.......................****............................**....
.........................**............................**....
.......................******........................****....
.**........**..............................******............
.........................................**..............****
...................**....................**..............****
.**...........................................***............
.****************************..**..**************************
.....**........**............................................
...........**..............................***...............
.**........****......................**....********..........
.....**........**..............**............................
.****************************..**..**************************
.......****..................................................
.****......****......................**....********..........
.**........**........................**....********..........
..............................................*.*............
...................................**........................
.....******....**..**..******..**........**..........********
.****************************..**....************************
.........................................**................**
.....**........**..**..........**........**..............****
.....******....**..**..........**........**..............****
.****......****......................****..********..........
...............................................**............
.........................................**................**
.......**......................**............................
.....**........**..**..******..**........**..........********
.....**........................**............................
...........................................................**
.********************..******..**....************************
.....**........**..**....................**..............****
.................**..**......................................
.**........****............................********..........
.****************************..**....************************
.********************************..**************************
.........................................**..............**..
.**........................................******............
.****************************..**....************************
.......****....................**............................
.........................................**..............**..
.....................**......................................
...........**..............................******............
.........................................**..................
.****......**..............................********..........
.................**................................**........
.....****......**..**..........**........**..............****
.........................................................**..
.****************..**..******..**....**************..********
.****************************..**....************************
.****......****............................********..........
...........................**..............................**
.**........****......................****..********..........
.......................****..................................
.********************..******..**....**************..********
.****************************..**....**************..********
.....**........**..**..******............**..........********
...................**........................................
.......****......**..........................................
.****......**........................**....********..........
.................**..**............................**........
.....**........**..**......**..**........**..............****
...................**......**............**..............****
...**............**..........................................
.............**....................**........................
...........**....................................**..........
.....******....**..**......**..**........**..............****
.......................******......................******....
.....******....********........**........**..............****
.********************************....************************
.....................................**............**........
.................**..........................................
.****..********..**..................****..********..........
.....**........**..............**........**..............****
.....******....**************..**........**........**********
...........**..............................***...**..........
.****************************..**..****************..********
.****......****..**..................****..**********........
.......................................**..........**........
.................**..**......................................
...........................................******............
.................**....................**....................
...................**....................**................**
.....******....**..**..******..**......****..........********
.........................................**..............****
.....................**............**........................
.....******....**************..**........**..........********
...................**....................**..............**..
...********....******..******..**........**..........********
.....................................**......................
.****......****......................****..**********........

6       77
2345678901      Freq
--------------------
..........       100
.....**...       100
...**.....       100
..........       100
...**.....       100
...****...       100
.......**.       100
..........       100
..........       100
..........       100
..........       100
..........       100
..........       100
..........       100
..........       100
*.........       100
..........       100
..........       100
.**.......       100
..........       100
..........       100
..........       100
..........       100
..........       100
..........       100
..........       100
..........       100
**********       100
..........       100
..........       100
..........       100
..........       100
..........       100
..........       100
..........       100
..........       100
**********       100
..........       100
..........        99
..........        98
..........        96
..........        88
..........        83
..........        80
***.......        76
***.......        74
..........        72
**********        70
..........        70
..........        70
..........        68
..........        64
*********.        62
..........        62
..........        61
..........        60
..........        57
...******.        54
***.......        53
***.......        53
***.......        52
***.......        50
***.......        45
..........        43
..........        42
*.........        37
..........        35
***.......        32
..........        30
***.......        28
***.......        27
***.......        27
..........        25
..........        25
***....***        24
*********.        23
..........        22
..........        22
***......*        21
..........        20
.**.......        17
.........*        17
..........        17
.**.......        16
..........        15
..........        14
***.......        14
.**.......        14
***.......        14
***....**.        14
..........        14
*.........        13
..........        12
..........        12
***.......        12
***.......        11
***.......        11
.**.......        11
..........        11
..........        11
..........        11
***.......        11
***.......        10
..........         9
...****...         8
..........         8
***.......         8
..........         7
***.......         7
***....***         7
..........         7
.......**.         7
..........         6
***.......         6
***.......         6
..........         6
*********.         6
..........         6
..........         6
.......**.         6
..........         6
..........         6
***.......         5
***.......         5
*.........         5
...******.         5
***.......         5
.**.......         5
***.......         5
.........*         5
..........         5

200 groups at (relative) frequency less than 5% not shown
