
P A U P *
Portable version 4.0b10 for Unix
Sat Aug  8 18:53:30 2015

      -----------------------------NOTICE-----------------------------
        This is a beta-test version.  Please report any crashes,
        apparent calculation errors, or other anomalous results.
        There are no restrictions on publication of results obtained
        with this version, but you should check the WWW site
        frequently for bug announcements and/or updated versions.  
        See the README file on the distribution media for details.
      ----------------------------------------------------------------

Character-exclusion status changed:
  1 character excluded
  Total number of characters now excluded = 1
  Number of included characters = 1241

Data matrix exported to file "paup.nex" in Nexus (non-interleaved) format.

Optimality criterion set to distance.

Outgroup status changed:
  1 taxon transferred to outgroup
  Total number of taxa now in outgroup = 1
  Number of ingroup taxa = 156

Neighbor-joining search settings:
  Ties (if encountered) will be broken systematically
  Distance measure = HKY85
  1 character is excluded
  (Tree is unrooted)

   Tree found by neighbor-joining method stored in tree buffer
   Time used = <1 sec (CPU time = 0.00 sec)

Neighbor-joining tree:

                                                       /-- test
                                                       |
                                                  /----+/- 1a AF009606
                                                  |    \+
                                               /--+     \-- 1a M67463
                                               |  |
                                              /+  \------- 1a M62321
                                              ||
                               /--------------+\--------- 1a EF407457
                               |              |
                              /+              \---------- 1a HQ850279
                              ||
                              |\-------------------------- 1k KJ439774
                              |
                              |       /------------------ 1m KJ439778
                              +-------+
                             /+       \------------------- 1m KJ439782
                             ||
                             |\--------------------------- 1j KJ439773
                        /----+
                        |    |     /------------------------ 1n KJ439781
                        |    \-----+
                        |          \---------------------- 1n KJ439775
                     /--+
                     |  |                            /--------- 1c D14853
                     |  |                      /-----+
                     |  |                      |     \----------- 1c AY051292
                     |  \----------------------+
                     |                         \----------------- 1c AY651061
                     |
                     |                   /------------- 1b D90208
                     |                   |
                    /+                 /-+ /------------- 1b M58335
                    ||                 | \-+
                    ||    /------------+   \------------ 1b EU781827
                    ||    |            |
                    ||    |            \--------------- 1b EU781828
                    ||    |
                    ||/---+--------------------------------- 1d KJ439768
                    |||   |
                    |||   \----------------------------- 1i KJ439772
         /----------+\+
         |          | |                      /------------- 1h KC248198
         |          | \----------------------+
         |          |                        \------------ 1h KC248199
         |          |
         |          |            /-------------------------- 1e KC248194
         |          |/-----------+
         |          ||           \----------------------------- 1g AM910652
         |          ||
         |          \+                             /------- 1l KC248193
         |           |                           /-+
         |           |                           | \-------- 1l KC248197
         |           \---------------------------+
         |                                       \--------- 1l KC248196
         |
         |                                /-------------- 4a Y11604
         |                              /-+
         |                              | \------------- 4a DQ988074
         |                     /--------+
         |                     |        \--------------- 4a DQ418789
         |                /----+
         |                |    \------------------------ 4c FJ462436
         |                |
         |                |                   /---------- 4d DQ418786
         |                |                   |
         |                | /-----------------+    /-------- 4d FJ462437
         |                | |                 \----+
         |                | |                      \------ 4d EU392172
         |                | |
         |                |/+              /------------ 4l FJ839870
         |                |||/-------------+
         |                ||||             \------------- 4l JX227957
         |                ||||
         |                ||\+  /---------------------- 4q FJ462434
         |                || |  |
         |                || |  |               /--------- 4v HQ537009
         |                || \--+              /+
        /+                ||    |              |\------- 4v HQ537008
        ||                ||    \--------------+
        ||                ++                   | /-------- 4v JX227959
        ||                ||                   \-+
        ||                ||                     \------- 4v JX227960
        ||                ||
        ||                ||                 /------------- 4f EF589161
        ||               /+|                 |
        ||               |||/----------------+/------------- 4f EU392175
        ||               ||||                \+
        ||               ||||                 \----------- 4f EU392174
        ||               ||||
        ||               ||\+             /----------- 4o FJ462440
        ||               || |/------------+
        ||               || ||            \------------ 4o JX227977
        ||               || \+
        ||              /+|  |    /---------------------- 4p FJ462431
        ||              |||  \----+
        ||              |||       \----------------------- 4t FJ839869
        ||              |||
        ||              |||                 /----------- 4n FJ462441
        ||              ||\-----------------+
        ||              ||                  \------------- 4n JX227970
        ||              ||
        ||              ||                   /------------ 4m FJ462433
        ||              |\-------------------+
        ||              |                    \------------ 4m JX227972
        ||           /--+
        ||           |  |                   /---------- 4g FJ462432
        ||           |  |        /----------+
        ||           |  |        |          \--------- 4g JX227971
        ||           |  |   /----+
        ||           |  |   |    \---------------------- 4g? JX227963
        ||           |  |   |
        ||           |  | /-+              /------------- 4k EU392173
        ||           |  | | |             /+
        ||           |  | | |             |\------------ 4k FJ462438
        |\-----------+  | | \-------------+
        |            |  \-+               \------------ 4k EU392171
        |            |    |
        |            |    |                 /---------- 4r FJ462439
        |            |    \-----------------+
        |            |                      \----------- 4r JX227976
        |            |
        |            | /---------------------------------- 4b FJ462435
        |            | |
        |            \-+                       /----- 4w FJ025855
        |              \-----------------------+
        |                                      \------- 4w FJ025856
        |
        |                                               /------- 6a Y12083
        |                                             /-+
        |                                             | \---- 6a AY859526
        |                                          /--+
        |                                          |  \------- 6a HQ639936
        |                 /------------------------+
        |                 |                        \--------- 6a EU246930
        |        /--------+
        |        |        \---------------------------------- 6b D84262
        |        |
        |       /+                                          /---- 6v EU158186
        |       ||                                     /----+
        |       ||                                     |    \----- 6v EU798761
        |       |\-------------------------------------+
       /+       |                                      \------ 6v EU798760
       ||       |
       ||       |               /------------------------------- 6h D84265
       ||       |               |
       ||       |            /--+                      /---- 6j DQ835769
       ||       |            |  \----------------------+
       ||       |            |                         \------ 6j DQ835761
       ||       |       /----+
       ||       |       |    |                       /----- 6i DQ835770
       ||       |       |    \-----------------------+
       ||       |       |                            \------- 6i DQ835762
       ||       |       |
       ||       |       |                        /------------ 6xb JX183552
       ||       |       |         /--------------+
       ||       |       |         |              \------------- 6xb KJ567645
       ||       +-------+  /------+
       ||       |       |  |      \------------------------- 6k D84264
       ||       |       | /+
       ||       |       | ||                      /-------- 6l EF424628
       ||       |       | |\----------------------+
       ||       |       | |                       \--------- 6l JX183556
       ||       |       | |
       ||      /+       | |            /------------------------ 6xe JX183557
       ||      ||       \-+            |
       ||      ||         |            |               /---- 6n DQ278894
       ||      ||         |   /--------+              /+
       ||      ||         |   |        |              |\----- 6n DQ835768
       ||      ||         |   |        \--------------+
       ||      ||         \---+                       \----- 6n EU246938
       ||      ||             |
       ||      ||             |                         /--- 6m DQ835767
       ||      ||             \-------------------------+
       ||      ||                                       \---- 6m DQ835766
       ||      ||
       ||      ||                                    /----------- 6g D63822
       ||      || /----------------------------------+
       ||      || |                                  \----------- 6g DQ314806
       ||      || |
       ||      |\-+                              /--------------- 6w DQ278892
       ||      |  |                              |
       ||      |  \------------------------------+/-------------- 6w EU643834
       ||      |                                 \+
       ||      |                                  \------------- 6w EU643836
    /--+|      |
    |  ||      |     /---------------------------------- 6c EF424629
    |  ||      |    /+
    |  ||     /+    |\---------------------------------- 6d D84263
    |  ||     ||    |
    |  ||     ||   /+                             /------- 6f DQ835760
    |  ||     ||   ||       /---------------------+
    |  ||     ||   ||       |                     \-------- 6f EU246936
    |  ||     ||   |\-------+
    |  ||     ||   |        \------------------------------ 6r EU408328
    |  ||     ||   |
    |  ||     ||   |                          /--------------- 6e DQ314805
    |  ||     ||   |                    /-----+
    |  ||     ||   |                    |     \------------ 6e EU246932
    |  ||     ||   |             /------+
    |  ||     ||   |             |      \------------------- 6e? EU246931
    |  ||     ||/--+         /---+
    |  ||     |||  |         |   \------------------------- 6u EU246940
    |  ||     |||  |   /-----+
    |  ||     |||  |   |     \-------------------------------- 6xc KJ567651
    |  ||     |||  |  /+
    |  |\-----+||  |  ||                     /----------- 6t EF632071
    |  |      |||  |  |\---------------------+
    |  |      |||  | /+                      \------------- 6t EU246939
    |  |      |||  | ||
    |  |      |||  | |\--------------------------------- 6q EF424625
    |  |      |\+  | |
    |  |      | |  \-+                      /----------- 6o EF424627
    |  |      | |    |/---------------------+
    |  |      | |    ||                     \----------- 6o EU246934
    |  |      | |    \+
    |  |      | |     \------------------------------------ 6p EF424626
    |  |      | |
    |  |      | |                                  /---- 6xa EU408330
    |  |      | |                                  |
 /--+  |      | \----------------------------------+/-- 6xa EU408332
 |  |  |      |                                    \+
 |  |  |      |                                     \--- 6xa EU408331
 |  |  |      |
 |  |  |      \----------------------------------------- 6s EU408329
 |  |  |
 |  |  |                                    /------------- 5a AF064490
 |  |  \------------------------------------+
 |  |                                       \---------------- 5a Y13184
 |  |
 |  |                                                     /------ 3a D17763
 |  |                                                 /---+
 |  |                                                 |   \------ 3a X76918
 |  |                                             /---+
 |  |                                             |   \--------- 3a D28917
 |  |                        /--------------------+
 |  |                        |                    \-------------- 3a JN714194
 |  |                       /+
 |  |                       |\------------------------------- 3d KJ470619
 |  |                   /---+
 |  |                   |   \------------------------------------ 3e KJ470618
/+  |                   |
||  |                   |                     /---------------- 3b D49374
||  |                   |    /----------------+
||  |                /--+    |                \---------------- 3b JQ065709
||  |                |  |   /+
||  |                |  |   ||                  /------------- 3g JX227954
||  |                |  |   |\------------------+
||  |                |  \---+                   \--------------- 3g JF735123
||  |                |      |
||  |         /------+      |                          /------- 3i FJ407092
||  |         |      |      \--------------------------+
||  |         |      |                                 \-------- 3i JX227955
||  |         |      |
||  |         |      |                              /------------ 3k D63821
||  \---------+      \------------------------------+
||            |                                     \------------ 3k JF735122
||            |
||            |                                      /----------- 3h JF735121
||            \--------------------------------------+
||                                                   \---------- 3h JF735126
||
|\------------------------------------------------------------ 7a EF108306
|
|                                        /------------- 2q FN666428
|                           /------------+
|                           |            \------------- 2q FN666429
|                        /--+
|                        |  |            /------------------ 2k AB031663
|                        |  \------------+
|                       /+               \--------------- 2k JX227953
|                       ||
|                       ||                    /--------- 2m JF735111
|                       |\--------------------+
|                       |                     \--------- 2m JX227967
|                       |
|                       |   /--------------------------- 2r JF735115
|                       | /-+
|                       | | \----------------------------- 2e JF735120
|                     /-+ |
|                     | | |  /------------------------- 2d JF735114
|                     | |/+  |
|                     | ||+--+        /------------------ 2f KC844042
|                     | |||  \--------+
|                     | |||           \--------------- 2f KC844050
|                     | |||
|                     | ||\------------------------------ 2i DQ155561
|                     | \+
|                     |  |               /--------------- 2c D50409
|                     |  | /-------------+
|                /----+  | |             \--------------- 2c JX227949
|                |    |  | |
|                |    |  \-+               /------------ 2j HM777358
|                |    |    |             /-+
|                |    |    |             | \------------ 2j JF735113
|                |    |    \-------------+
|                |    |                  \-------------- 2j HM777359
|                |    |
|                |    |                 /----------- 2a D00944
|                |    |                 |
|                |    \-----------------+                /- 2a AB047639
\----------------+                      \----------------+
                 |                                       \ 2a HQ639944
                 |
                 |                           /----------- 2b D10988
                 |                         /-+
                 |                         | \-------------------- 2b AB661388
                 |                      /--+
                 |                      |  \------------ 2b AB661382
                 |  /-------------------+
                 |  |                   \------------- 2b AB030907
                 \--+
                    \----------------------------------- 2t KC197238

1 tree saved to file "~/rega-genotype/jobDir/1524692835/paup.tre" in PHYLIP
format

Bootstrap method with neighbor-joining search:
  Number of bootstrap replicates = 100
  Starting seed = 903973747
  Ties (if encountered) will be broken randomly
  Distance measure = HKY85
  1 character is excluded
  (Tree is unrooted)

   Time used for neighbor-joining bootstrap = 10 sec (CPU time = 10.17 sec)

Bootstrap 50% majority-rule consensus tree

                                                   /--------- test(1)
                                                   |
                                              /--100   /----- 1a AF009606(2)
                                              |    \--93
                                          /--98        \----- 1a M67463(4)
                                          |   |
                                     /---75   \-------------- 1a M62321(3)
                                     |    |
                                /--100    \------------------ 1a EF407457(6)
                                |    |
                                |    \----------------------- 1a HQ850279(5)
                                |
                                +---------------------------- 1j KJ439773(20)
                                |
                                +---------------------------- 1k KJ439774(21)
                            /--95
                            |   |                      /----- 1m KJ439778(25)
                            |   +--------------------100
                            |   |                      \----- 1m KJ439782(26)
                            |   |
                            |   |                      /----- 1n KJ439781(27)
                       /---97   \---------------------97
                       |    |                          \----- 1n KJ439775(28)
                       |    |
                       |    |                          /----- 1c D14853(11)
                       |    |                      /--93
                       |    |                      |   \----- 1c AY051292(12)
                       |    \--------------------100
                       |                           \--------- 1c AY651061(13)
                       |
                       |                           /--------- 1b D90208(7)
                       |                           |
                       |                      /---89   /----- 1b M58335(8)
                       |                      |    \--83
                       |                  /-100        \----- 1b EU781827(9)
                       |                  |   |
                       |                  |   \-------------- 1b EU781828(10)
                  /--100-----------------97
                  |    |                  +------------------ 1d KJ439768(14)
                  |    |                  |
                  |    |                  \------------------ 1i KJ439772(19)
                  |    |
                  |    |                               /----- 1e KC248194(15)
                  |    |                      /------100
                  |    |                      |        \----- 1g AM910652(16)
                  |    |                      |
                  |    +---------------------52        /----- 1l KC248193(22)
                  |    |                      |    /--85
                  |    |                      |    |   \----- 1l KC248197(23)
                  |    |                      \--100
                  |    |                           \--------- 1l KC248196(24)
                  |    |
                  |    |                               /----- 1h KC248198(17)
                  |    \-----------------------------100
                  |                                    \----- 1h KC248199(18)
                  |
                  |                                    /----- 4a Y11604(70)
                  |                                /--58
                  |                                |   \----- 4a DQ988074(71)
                  |                           /--100
                  |                           |    \--------- 4a DQ418789(72)
                  |                       /--96
                  |                       |   \-------------- 4c FJ462436(74)
                  |                       |
                  |                       |        /--------- 4d DQ418786(75)
                  |                       |        |
                  |                       +------100   /----- 4d FJ462437(76)
                  |                       |        \-100
                  |                       |            \----- 4d EU392172(77)
                  |                       |
                  |                       |        /--------- 4f EF589161(78)
                  |                       |        |
                  |                       +------100   /----- 4f EU392175(79)
                  |                       |        \--74
                  |                       |            \----- 4f EU392174(80)
                  |                       |
                  |                       |            /----- 4l FJ839870(87)
                  |                       +----------100
                  |                       |            \----- 4l JX227957(88)
                  |                       |
                  |                  /---74            /----- 4m FJ462433(89)
                  |                  |    +----------100
                  |                  |    |            \----- 4m JX227972(90)
                  |                  |    |
                  |                  |    |            /----- 4n FJ462441(91)
                  |                  |    +----------100
                  |                  |    |            \----- 4n JX227970(92)
                  |                  |    |
                  |                  |    |            /----- 4o FJ462440(93)
                  |                  |    +----------100
                  |                  |    |            \----- 4o JX227977(94)
                  |                  |    |
                  |                  |    |            /----- 4p FJ462431(95)
                  |                  |    +-----------99
                  |                  |    |            \----- 4t FJ839869(99)
                  |                  |    |
                  |                  |    |   /-------------- 4q FJ462434(96)
                  |                  |    |   |
                  |             /---69    |   |        /----- 4v HQ537009(100)
                  |             |    |    \--87    /--70
                  |             |    |        |    |   \----- 4v HQ537008(102)
                  |             |    |        \--100
                  |             |    |             |   /----- 4v JX227959(101)
                  |             |    |             \--77
                  |             |    |                 \----- 4v JX227960(103)
                  |             |    |
                  |             |    |                 /----- 4g FJ462432(81)
                  |             |    |             /-100
              /--51             |    |             |   \----- 4g JX227971(82)
              |   |             |    |        /---98
              |   |             |    |        |    \--------- 4g? JX227963(83)
              |   +-----------100    |        |
              |   |             |    |    /--98        /----- 4k EU392173(84)
              |   |             |    |    |   |        |
              |   |             |    |    |   \------100----- 4k FJ462438(85)
              |   |             |    |    |            |
              |   |             |    \---79            \----- 4k EU392171(86)
              |   |             |         |
              |   |             |         |            /----- 4r FJ462439(97)
              |   |             |         \----------100
              |   |             |                      \----- 4r JX227976(98)
              |   |             |
              |   |             |                  /--------- 4b FJ462435(73)
              |   |             |                  |
              |   |             \-----------------60   /----- 4w FJ025855(104)
              |   |                                \-100
              |   |                                    \----- 4w FJ025856(105)
              |   |
              |   |                                    /----- 6a Y12083(108)
              |   |                                /--95
              |   |                                |   \----- 6a AY859526(109)
              |   |                           /---96
              |   |                           |    \--------- 6a HQ639936(110)
              |   |                       /-100
              |   |                       |   \-------------- 6a EU246930(111)
              |   |         /-----------100
              |   |         |             \------------------ 6b D84262(112)
              |   |         |
              |   |         |        /----------------------- 6c EF424629(113)
              |   |         |        |
              |   |         |        +----------------------- 6d D84263(114)
              |   |         |        |
              |   |         |        |                 /----- 6e DQ314805(115)
              |   |         |        |             /-100
              |   |         |        |             |   \----- 6e EU246932(116)
              |   |         |        |        /--100
              |   |         |        |        |    \--------- 6e? EU246931(117)
              |   |         |        |    /--92
              |   |         |        |    |   \-------------- 6u EU246940(150)
              |   |         |        +---98
              |   |         |        |    \------------------ 6xc KJ567651(132)
              |   |         |        |
              |   |         |        |                 /----- 6f DQ835760(118)
              |   |         +-------58             /-100
              |   |         |        |             |   \----- 6f EU246936(119)
              |   |         |        +------------99
              |   |         |        |             \--------- 6r EU408328(146)
              |   |         |        |
              |   |         |        |                 /----- 6o EF424627(142)
              |   |         |        +---------------100
              |   |         |        |                 \----- 6o EU246934(143)
              |   |         |        |
              |   |         |        +----------------------- 6p EF424626(144)
              |   |         |        |
              |   |         |        +----------------------- 6q EF424625(145)
              |   |         |        |
              |   |         |        |                 /----- 6t EF632071(148)
              |   |         |        \---------------100
         /---95   |         |                          \----- 6t EU246939(149)
         |    |   |         |
         |    |   |         |                          /----- 6g D63822(120)
         |    |   |         +------------------------100
         |    |   |         |                          \----- 6g DQ314806(121)
         |    |   |         |
         |    |   |         |                      /--------- 6h D84265(122)
         |    |   |         |                      |
         |    |   |         |                 /---56   /----- 6j DQ835769(130)
         |    |   |         |                 |    \-100
         |    |   |         |                 |        \----- 6j DQ835761(131)
         |    |   \-------100   /------------99
         |    |             |   |             |        /----- 6i DQ835770(126)
         |    |             |   |             \------100
         |    |             |   |                      \----- 6i DQ835762(127)
         |    |             |   |
         |    |             |   |                      /----- 6xb JX183552(128)
         |    |             |   |                  /-100
         |    |             |   |                  |   \----- 6xb KJ567645(129)
         |    |             +-100             /--100
         |    |             |   |             |    \--------- 6k D84264(133)
         |    |             |   |    /-------60
         |    |             |   |    |        |        /----- 6l EF424628(134)
         |    |             |   |    |        \------100
         |    |             |   |    |                 \----- 6l JX183556(135)
         |    |             |   |    |
         |    |             |   |    |        /-------------- 6xe JX183557(136)
         |    |             |   \---73        |
         |    |             |        |        |        /----- 6n DQ278894(139)
         |    |             |        |    /-100    /--74
         |    |             |        |    |   |    |   \----- 6n DQ835768(140)
         |    |             |        |    |   \--100
         |    |             |        \--100        \--------- 6n EU246938(141)
         |    |             |             |
         |    |             |             |            /----- 6m DQ835767(137)
         |    |             |             \----------100
         |    |             |                          \----- 6m DQ835766(138)
         |    |             |
         |    |             |                      /--------- 6xa EU408330(123)
         |    |             |                      |
         |    |             +--------------------100   /----- 6xa EU408332(124)
         |    |             |                      \--84
         |    |             |                          \----- 6xa EU408331(125)
     /--63    |             |
     |   |    |             +-------------------------------- 6s EU408329(147)
     |   |    |             |
     |   |    |             |                          /----- 6v EU158186(151)
     |   |    |             |                      /-100
     |   |    |             |                      |   \----- 6v EU798761(153)
     |   |    |             +--------------------100
     |   |    |             |                      \--------- 6v EU798760(152)
     |   |    |             |
     |   |    |             |                          /----- 6w DQ278892(154)
     |   |    |             |                          |
     |   |    |             \------------------------100----- 6w EU643834(155)
     |   |    |                                        |
     |   |    |                                        \----- 6w EU643836(156)
     |   |    |
     |   |    |                                        /----- 5a AF064490(106)
     |   |    \--------------------------------------100
     |   |                                             \----- 5a Y13184(107)
     |   |
     |   |                                             /----- 3a D17763(54)
     |   |                                         /-100
     |   |                                         |   \----- 3a X76918(56)
     |   |                                    /--100
     |   |                                    |    \--------- 3a D28917(55)
     |   |                                /-100
     |   |                                |   \-------------- 3a JN714194(57)
     |   |                           /---52
     |   |                           |    \------------------ 3d KJ470619(60)
     |   |                      /---87
     |   |                      |    \----------------------- 3e KJ470618(61)
     |   |                      |
     |   |                      |                      /----- 3b D49374(58)
     |   |                  /--99                  /-100
     |   |                  |   |                  |   \----- 3b JQ065709(59)
     |   |                  |   |                  |
     |   |                  |   |                  |   /----- 3g JX227954(62)
     |   |                  |   \-----------------88-100
     |   |                  |                      |   \----- 3g JF735123(63)
     |   |             /--100                      |
     |   |             |    |                      |   /----- 3i FJ407092(66)
     |   |             |    |                      \-100
     |   |             |    |                          \----- 3i JX227955(67)
     |   |             |    |
     |   \-----------100    |                          /----- 3k D63821(68)
/--100                 |    \------------------------100
|    |                 |                               \----- 3k JF735122(69)
|    |                 |
|    |                 |                               /----- 3h JF735121(64)
|    |                 \-----------------------------100
|    |                                                 \----- 3h JF735126(65)
|    |
|    |                                                 /----- 2q FN666428(29)
|    |                                             /-100
|    |                                             |   \----- 2q FN666429(30)
|    |                                    /-------63
|    |                                    |        |   /----- 2k AB031663(50)
|    |                                    |        \-100
|    |                                    |            \----- 2k JX227953(51)
|    |                                    |
|    |                                    |            /----- 2r JF735115(34)
|    |                                    +-----------56
|    |                                    |            \----- 2e JF735120(43)
|    |                                    |
|    |                                    |            /----- 2c D50409(39)
|    |                                    |   /------100
|    |                                    |   |        \----- 2c JX227949(40)
|    |                                    |   |
|    |                                    +--53        /----- 2j HM777358(47)
|    |                               /---73   |    /--81
|    |                               |    |   |    |   \----- 2j JF735113(48)
|    |                               |    |   \--100
|    |                               |    |        \--------- 2j HM777359(49)
|    |                               |    |
|    |                               |    |        /--------- 2d JF735114(42)
|    |                               |    |        |
|    |                               |    +-------60   /----- 2f KC844042(44)
|    |                               |    |        \-100
|    |                               |    |            \----- 2f KC844050(45)
|    |                          /---98    |
|    |                          |    |    +------------------ 2i DQ155561(46)
|    |                          |    |    |
|    |                          |    |    |            /----- 2m JF735111(52)
|    |                          |    |    \----------100
|    |                          |    |                 \----- 2m JX227967(53)
|    |                          |    |
|    |                          |    |             /--------- 2a D00944(31)
|    |                          |    |             |
|    |                          |    \-----------100   /----- 2a AB047639(32)
|    \------------------------100                  \-100
|                               |                      \----- 2a HQ639944(33)
|                               |
|                               |                      /----- 2b D10988(35)
|                               |                  /--71
|                               |                  |   \----- 2b AB661388(37)
|                               |             /---90
|                               |             |    \--------- 2b AB661382(38)
|                               |         /-100
|                               |         |   \-------------- 2b AB030907(36)
|                               \--------91
|                                         \------------------ 2t KC197238(41)
|
\------------------------------------------------------------ 7a EF108306(157)

Bipartitions found in one or more trees and frequency of occurrence (bootstrap
support values):

         1         2         3         4         5         6         7        7
1234567890123456789012345678901234567890123456789012345678901234567890123456789
-------------------------------------------------------------------------------
...............................................................................
........................**.....................................................
...............................**..............................................
..........***..................................................................
................**.............................................................
...............................................................................
...............................................................................
...............................................................................
...............................................................**..............
...............................................................................
...............................................................................
............................***************************************************
.........................................................**....................
.....................***.......................................................
..............**...............................................................
.............................................................................**
...............................................................................
...............................................................................
..*.***************************************************************************
...........................................................................**..
..........................................................................***..
.....................................................**********..****..........
...............................................................................
...............................................................................
...............................................................................
...............................................................................
...............................................................................
...............................................................................
...............................................................................
......*************************************************************************
...............................................................................
...............................................................................
.................................................**............................
.....................................................................***.......
............................*************************..........................
...................................................................**..........
...............................................................................
...............................................................................
.....................................................................**********
...............................................................................
...............................................................................
.....................................................*.*.......................
...............................................................................
...............................................................................
...............................................................................
...............................................................................
...............................................................................
...........................................**..................................
.....................................................****************..........
...............................................................................
.................................................................**............
.............................................................**................
..............................................***..............................
...............................................................................
...............................................................................
...............................................................................
...............................................................................
...................................................**..........................
............................**.................................................
......****.....................................................................
...............................................................................
......................................**.......................................
..............................***..............................................
..................................****.........................................
.....................................................****......................
...............................................................................
.....................................................***.......................
...............................................................................
.....................................................**********..**............
...............................................................................
...............................................................................
...............................................................................
............................******....**.************..........................
...............................................................................
....***************************************************************************
...............................................................................
..........................**...................................................
......****...******..***....***************************************************
......****...*....*............................................................
...............................................................................
.....................................................................***.*.....
...............................................................................
......*************..***....***************************************************
............................*****************************************..........
.*.*...........................................................................
..........**...................................................................
...............................................................................
..................................****..*......................................
..................................*.**.........................................
......***......................................................................
.........................................................**..**..**............
...............................................................................
.....................................................****..**..................
.....................**........................................................
...............................................................................
.......**......................................................................
..............................................**...............................
...............................................................................
...............................................................................
....*.*************************************************************************
...............................................................................
.....................................................................***.******
..............................................................................*
............................**...*....**.************..........................
...............................................................................
..................................*.*..........................................
...............................................................................
.....................................................................***.******
............................*************************..........................
............................**...................**............................
........................................................................*......
.........................................*.**..................................
...............................................................................
...............................................................................
.....................................................................**........
...............................................................................
.................................*........*....................................
......................................**......***..............................
.....................................................****..*...................
..............**.....***.......................................................
............................*****************************************..........
...............................................................................
...............................................................................
...............................................................................
...............................................................................
...............................................................................
......****...*.................................................................
...............................................................................
...............................................................................
...............................................................................
.............................................................................**
.............................................................................**
......****...*..***............................................................
.............*....*............................................................
.........................................................**..**................
...............................................................................
............................*****************************************..........
...............................................................................
.............................................................**..**............
...............................................................................
...............................................................................
......................................................................**.......
.....................................................................***.******
.....................................................****************..........
..........................................................................***..
............................**...................****..........................
........................****...................................................
......****...*....*..***.......................................................
...........................................................**..................
......**************.**********************************************************
...........................................***.................................
...............................................................................
..............**.....***....***************************************************
......****...***..*..***....***************************************************
...............................................................................
...............................................................................
.....................................................................***.******
..................................*..*.........................................
...............................................................................
......*************..**********************************************************
...............................................................................
.....................................................................**********
......****...***..*..***.......................................................
....................*...**.....................................................
......********************..***************************************************
...............................................................................
.................................*....**.************..........................
...............................................................................
...............................................................................
...............................................................................
.................................................****..........................
...............................................................................
............................***************************************************
............................*****************************************..........
...............................................................................
..........................................................................***..
.....................................................................***.******
..............**............***************************************************
.........................................................**......**............
...............................................................................
...............................................................................
................**..........***************************************************
......*************..***..*****************************************************
.....**************************************************************************
.................................*....**.********..............................
.....................................................................***.*.....
...............................................................................
...............................................................................
...............................................................................
......**************.***....***************************************************
.........................................*.***.................................
...............................................................................
...............................................................................
...............................................................................
...............................................**..............................
.............................................................................*.
...............................................................................
...............................................................................
...............................................................................
...................**..........................................................
...............................................................................
...............................................................................
......................................**.*.******..............................
......................**.......................................................
......******************....***************************************************
..........................................................................***..
...............................................................................
.............................................................................**
...............................................................................
......*.*......................................................................
...............................................................................
......*************.***********************************************************
......****...******..***.......................................................
......**************.***..*****************************************************
...............................................................................
.....................................................****...*..................
...............................................................................
...............................................................................
...............................................................................
...............................................................................
.....................................................................***.******
......****........*............................................................
...............................................................................
.................................*....**.********..**..........................
.................................*.................**..........................
...............................................................................
..........................................................................*****
.................................*.......**....................................
...............................................................................
...............................................................................
.................................*....**..*....................................
...............................................................................
..........................................................................*****
.................................*...........*.................................
.....................................................................***.*.....
...............................................................................
.................................*........*........**..........................
..................................***..........................................
......................................**.*.**.***..............................
...............................................................................
.........................................****..................................
...............................................................................
...............................................................................
...............................................................................
...............................................................................
..........................................................................*****
......*************.******..***************************************************
.........................................**....................................
...............................................................................
...............................................................................
...............................................................................
...................**...**.....................................................
...............................................................................
...............................................................................
.............................................................................**
...............................................................................
......*************.****....***************************************************
............................***************************************************
...............................................................................
...................*......**...................................................
..........................................................................***..
...............................................................................
.....................................................................***.*...**
.....................................................................**********
.....................................................................***.****..
.....................................................................***.****..
...............................................................................
...............................................................................
...............................................................................
.....................................................................***.*...**
..........................................................................*****
......******************..*****************************************************
...............................................................................
..........................................................................***..
......................................**.*....***..............................
...............................................................................
...............................................................................
...............................................................................
.....................................................******..**..**............
.....................................................................***.*.....
............................******....**.*****...****..........................
.........................................*.**.***..............................
.................................*.......*****.................................
....**.........................................................................
...............................................................................
......****...*..***..***.......................................................
...............................................................................
...............................................................................
.....................................................................***.*...**
...............................................................................
.............................................*...****..........................
.................................*....**.......................................
...............................................................................
...............................................................................
............................***************************************************
..*****************************************************************************
...........**..................................................................
.....................................................................**********
.............................................*.....**..........................
.....................................................******....................
..............****...***....***************************************************
...............................................................................
...............................................................................
...............................................................................
..........................................................................***..
.................................*....**.**...***..............................
.........................................*....***..............................
..............****..........***************************************************
.....................................................................***.*...**
............................**...*....**.*****...****..........................
...............................................................................
...............................................................................
...............................................................................
...............................................................................
...............................................................................
.....................................................................***.******
...............................................................................
...............................................................................
.................................*....**.*****...****..........................
...............................................................................
...............................................................................
.....................................................................*.*.......
...............................................................................
..........................................................................***..
............................*************************..........................
.....................................................................***.****..
...............................................................................
...............................................................................
...............................................................................
...............................................................................
...................*....**.....................................................
...............................................................................
.................................*....**.****.***..............................
...............................................................................
..........................................................................***..
......*..*.....................................................................
...............................................................................
...............................................................................
............................************.************..........................
...............................................................................
.................................*.......****..................................
..............................****....**.************..........................
...............................................................................
...............................................................................
.................................*.......*****...****..........................
.....................................................................***.*...**
...............................................................................
.................................*....**..*..*.................................
.................................*...........*.....**..........................
...............................................................................
............................**...*........*......****..........................
...............................................................................
...............................................................................
...................**...****...................................................
...............................................................................
...............................................................................

                    1         1         1         1         1      1
8         9         0         1         2         3         4      4
01234567890123456789012345678901234567890123456789012345678901234567
--------------------------------------------------------------------
......................................................**............
....................................................................
....................................................................
....................................................................
....................................................................
........................**..........................................
................................................**..................
.................**.................................................
....................................................................
....***.............................................................
.**.................................................................
********************************************************************
....................................................................
....................................................................
....................................................................
*...................................................................
.........**.........................................................
.............**.....................................................
********************************************************************
....................................................................
....................................................................
....................................................................
....................................................................
....................................................................
..........................**........................................
...........**.......................................................
..............................................................**....
...................................**...............................
....................****............................................
********************************************************************
.......**...........................................................
........................................................*..***......
....................................................................
....................................................................
....................................................................
....................................................................
....................................................................
..................................................**................
**************************..........................................
...........................................***......................
.........................................................**.........
....................................................................
...........................................................***......
........................................**..........................
........................................................******......
......................................**............................
................................................**...*..............
....................................................................
....................................................................
..............................................**....................
....................................................................
....................................................................
....................................................................
..........................................*...******.*********......
...................................***..............................
....................................................................
............................****************************************
....................................................................
....................................................................
....................................................................
............................****....................................
....................................................................
....................................................................
....................................................................
....................................................................
............................*****...................................
....................................................................
..........................................*...**..**................
....................................................................
......................................**..........................*.
...............*...*................................................
.******.............................................................
....................................................................
...................................***..............*...............
********************************************************************
.***................................................................
....................................................................
********************************************************************
....................................................................
............................***.....................................
....................................................................
............................**......................................
********************************************************************
....................................................................
....................................................................
....................................................................
...................................***..............................
....................................................................
....................................................................
....................................................................
....................................................................
................*...****............................................
....................................................................
....................................................................
............................................**......................
....................................................................
....................................................................
.******..........**.................................................
.....................*.*............................................
********************************************************************
...........................................................**.......
*......**********..*****............................................
*...................................................................
....................................................................
................................................**...*********......
....................................................................
....................*.*.............................................
************************............................................
....................................................................
....................................................................
........................**..........................................
....................................................................
................................................**...***............
.................................*******............*.........*****.
....................................................................
..........................................*.......**................
....................................................................
....................................................................
....................................................................
....................................................................
..........................**........................................
........................................**..........................
..............................................................***...
.......**.......*...****............................................
....................................................................
.....**.............................................................
....................................................................
....**..............................................................
..............................................**..**................
.............***...*................................................
*............***...*................................................
*..............*...*................................................
....................................................................
....................................................................
....................................................................
...................................***..............*............*..
..........................******************************************
...................................***..............*.........****..
....................................................................
.................................................................*..
...................................***..............*...............
....................................................................
**************************..........................................
....................................................................
.......**.......*...****............................................
....................................................................
....................................................................
....................................................................
....................................................................
********************************************************************
....................................................................
.......**..**...*...****............................................
********************************************************************
********************************************************************
.................................*****..............*.........****..
....................................................................
*......**..******..*****............................................
....................................................................
............................*****...................................
********************************************************************
..................................*...**..........................*.
**************************..****************************************
....................................................................
....................................................................
********************************************************************
....................................................................
....................................................................
............................***************************************.
...........................................***......................
................................................**...*..******......
....................................................................
.................................**.................................
****************************........................................
............................****************************************
............................................................**......
.......**...........................................................
*......****..****..*****............................................
********************************************************************
....................................................................
..........................................*...******.***............
.................................*******...***......*.........*****.
********************************************************************
********************************************************************
********************************************************************
....................................................................
.......**..**...*...****............................................
..................................*.................................
............................*****..................................*
............................*****.........*...******.*********......
********************************************************************
....................................................................
.....................***............................................
............................***************...*********************.
.................................**...**..........................*.
....................................................................
*...................................................................
.........**..**.....................................................
..........................................*...******.*********......
.................................*.***..............*.........****..
....................................................................
...........................................*.*......................
...........**...*...****............................................
....................................................................
....................................................................
********************************************************************
.......**..**...*...****............................................
...........................................***.....................*
*........**..***...*................................................
..............................................................****..
....................................................................
...................................***..............*...........*...
********************************************************************
....................................................................
********************************************************************
............................****************************************
....................................................................
.................................*********..........*.........*****.
.........**..***...*................................................
.................................*............................***...
....................***.............................................
*......**....****..*****............................................
....................................................................
............................**************.***......*.........******
....................................................................
....................................................................
..........................******************************************
*......**********..*****............................................
....................................................................
...................................***..............*.........***...
.....................**.............................................
....................................................................
..................................****..............*.........****..
*......**..******..*****............................................
....................................................................
.......**...........................................................
.......**..**.......................................................
....................................................................
....................................................................
....................................................................
............................*****...................................
....................................................................
......................................................********......
..............................................................**.*..
.................................*********..........*.........*****.
.................................*............................****..
*......**....****..*****............................................
********************************************************************
....................................................................
.................................*....**..........................*.
..........................................*...******.*..............
............................***************...**********************
....................................................................
............................*****.......**..........................
.........**......**.................................................
....................................................................
.................................*.***..............*.........****..
********************************************************************
**************************..****************************************
............................**************..........*.........*****.
....................................................................
.........**..***...*................................................
............................************..**************************
*......**..******..*****............................................
********************************************************************
.......**.......*...****............................................
.......**..**...*...****............................................
.................................*******............*.........******
............................**************..........*.........******
.................................*..............................*...
*............***...*................................................
*............***...*................................................
********************************************************************
..................................****..............*...............
.............***...*................................................
....................................................................
................................................................**..
.................................*******...***......*.........******
..........................................*...******.*********......
....................................................................
.......**.......*...****............................................
....................................................................
....................................................................
....................................................................
....................................................................
.................................*.........***......................
....................................................................
..................................******............*.........*****.
............................*****.......***...******.*********......
*......**********..*****............................................
....*.*.............................................................
....................................................................
....................................................................
.................................*******...***......*.........*****.
...................................***..............*............*..
**************************..........................................
********************************************************************
....................................................................
****************************........................................
....................................................................
....................................................................
********************************************************************
........................................***...******.*********......
.................**.....**..........................................
............................****************************************
.........**.........................................................
....................................................................
....................................................................
********************************************************************
*......**..**...*...****............................................
....................................................................
........................................**..........................
.......**...........****............................................
............................*****.........*...******.*********......
.******..........**.....**..........................................
.******....**....**.................................................
*......*****************............................................
..........................................**********.*********......
..................................*...**..........................*.
....................................................................
............................**************..........*.........*****.
...................................***..............*...............
....................................................................
....................*.**............................................
...............*...*................................................
..........................**........................................
.......**...........................................................
............................**************.***......*.........******
..................................******............*.............*.
.................................*********..........*.........******
.******..**......**.................................................
....................................................................
............................*****.......**..........................
....................................................................
............................************...***......*.........******
.........**..**.....................................................
....................................................................
.................................*...............................*..
....................**.*............................................
....................................................................
............................*.*.....................................
....................................................................
....................................................................
.......**.......*...................................................
............................************...***......*.........******
....................................................................
*...................................................................
...........................................................*.*......
....................................................................
....................................................................
..........................................**********.*********......
....................................................................
...................................***..............*...........*...
.................................*............................**....
....................................................................
............................*****.......**..........................
...........**...........**..........................................

1 1      1
4 5      5
8901234567      Freq
--------------------
..........       100
..........       100
..........       100
..........       100
..........       100
..........       100
..........       100
..........       100
..........       100
..........       100
..........       100
**********       100
..........       100
..........       100
..........       100
..........       100
..........       100
..........       100
**********       100
..........       100
..........       100
..........       100
**........       100
...*.*....       100
..........       100
..........       100
..........       100
..........       100
..........       100
**********       100
..........       100
..........       100
..........       100
..........       100
..........       100
..........       100
...***....       100
..........       100
..........       100
..........       100
..........       100
..........       100
..........       100
..........       100
..........       100
..........       100
..........       100
..........       100
..........       100
..........       100
..........       100
..........       100
..........       100
..........       100
..........       100
......***.       100
*********.       100
..........       100
..........       100
..........       100
..........       100
..........       100
..........       100
..........       100
..........       100
..........       100
..........       100
..........        99
..........        99
..........        99
..........        99
..........        98
..........        98
..*.......        98
**********        98
..........        98
..........        97
**********        97
..........        97
..........        96
..........        96
..........        95
**********        95
.........*        95
..........        93
..........        93
..*.......        92
..........        91
..........        90
..........        89
..........        88
..........        87
..........        87
..........        85
..........        84
..........        83
..........        81
..........        79
..........        77
**********        75
..........        74
..........        74
..........        74
..........        73
..........        73
..........        71
..........        70
..........        69
.........*        63
..........        63
..........        60
..........        60
..........        60
***.......        58
..........        58
..........        56
..........        56
..........        53
..........        52
..........        52
.........*        51
......***.        50
..........        50
..........        49
.......**.        48
..........        48
..........        46
..........        45
..........        44
..........        44
..........        43
..........        42
..........        42
..........        41
..........        40
***.......        38
**********        38
***.......        38
..........        38
**........        37
***.......        37
..........        37
..........        36
.........*        36
..........        35
..........        34
..........        34
..........        32
..........        31
**********        31
..........        30
..........        30
**********        30
**********        29
***.......        29
......**..        29
..........        28
..........        27
...***....        27
**********        26
..........        26
*********.        26
..........        25
..........        24
**********        23
......*.*.        23
..........        22
*********.        22
...***....        22
..........        22
..........        22
..........        22
.........*        21
**********        21
..........        21
..........        21
..........        20
**********        20
..........        20
..........        19
***.......        19
**********        19
**********        19
**********        18
..........        18
..........        17
**........        17
..........        17
...***....        17
**********        17
..........        17
..........        17
*********.        16
..........        16
..........        16
..........        16
..........        16
...***....        16
***.......        16
..........        16
..........        16
..........        15
..........        15
..........        15
**********        15
..........        15
..........        15
..........        14
..........        14
..........        14
..*.......        14
**********        14
..........        14
**********        14
******....        14
..........        14
***...***.        13
..........        13
..........        13
..........        13
..........        13
..........        13
*********.        13
..........        12
..........        11
*********.        11
..........        11
..........        11
..*.......        11
..........        11
..........        11
***.......        11
..........        11
..........        10
..........        10
..........        10
..........        10
..........        10
..........        10
......***.        10
..........        10
..........        10
..........        10
***.......        10
..........        10
..........        10
**********        10
..........        10
..........        10
..........        10
*********.        10
..........        10
......***.        10
..........        10
..........        10
..*.......         9
**********         9
**********         9
***...***.         9
..........         9
..........         9
******....         9
..........         9
*********.         9
..........         9
..........         9
***.......         9
***...***.         8
..........         8
..........         8
..........         8
**********         8
***.......         8
..........         8
..........         8
..........         8
***.......         8
......***.         8
..........         8
..........         8
..........         8
..........         8
..........         8
..........         7
..........         7
..........         7
***.......         7
...******.         7
..........         7
..........         7
..........         7
..........         7
******....         7
..*.......         7
.........*         7
**********         7
..........         7
..........         7
..........         7
..........         7
**********         7
......***.         7
..........         7
***...***.         6
..........         6
..........         6
..........         6
**********         6
..........         6
..........         6
...***....         6
..........         6
..........         6
..........         6
..........         6
..........         6
..........         6
**........         6
..........         6
*********.         6
..........         6
..........         5
..........         5
..........         5
..........         5
..........         5
******....         5
***.......         5
***...***.         5
..........         5
..........         5
...******.         5
..........         5
***.......         5
..........         5
..........         5
..........         5
..........         5
..........         5
..........         5
..........         5
..........         5
..........         5
******....         5
..........         5
..........         5
..........         5
..........         5
..........         5
...***....         5
..........         5
***.......         5
..........         5
..........         5
...***....         5
..........         5

482 groups at (relative) frequency less than 5% not shown
