
P A U P *
Portable version 4.0b10 for Unix
Sat Aug  8 11:19:03 2015

      -----------------------------NOTICE-----------------------------
        This is a beta-test version.  Please report any crashes,
        apparent calculation errors, or other anomalous results.
        There are no restrictions on publication of results obtained
        with this version, but you should check the WWW site
        frequently for bug announcements and/or updated versions.  
        See the README file on the distribution media for details.
      ----------------------------------------------------------------

Character-exclusion status changed:
  70 characters excluded
  Total number of characters now excluded = 70
  Number of included characters = 665

Data matrix exported to file "paup.nex" in Nexus (non-interleaved) format.

Outgroup status changed:
  1 taxon transferred to outgroup
  Total number of taxa now in outgroup = 1
  Number of ingroup taxa = 42

Optimality criterion set to distance.
   Forcing NJ tree to be compatible with constraint-tree "CONSTRE"

Neighbor-joining search settings:
  Ties (if encountered) will be broken systematically
  Distance measure = Tamura-Nei
  Rates assumed to follow gamma distribution with shape parameter = 0.4756
  70 characters are excluded
  (Tree is unrooted)

   Tree found by neighbor-joining method stored in tree buffer
   Time used = <1 sec (CPU time = 0.00 sec)

Neighbor-joining tree:

                                                              /-- test
                                                              |
                                                              +---- KUW1
                                                              |
                                                              +- Cam
                                                              |
                                                              |/---- TBH2
                                                              ||
                                                              ++/ CR1
                                                              |\+
                                                              | \-- Boi
                                                              |
                                                              | / Bl2
                                                              | |
                                                              +-+-- HTLV04
                                                              | |
                                                              | |/-- Qu1
                                                              | \+
                                                             /+  \----- FNN100
                                                             ||
                                                             |+ CMC
                                                             ||
                                                            /+\------- 73RM
                                                            ||
                                                            ||/--- TBH4
                                                           /+\+
                                                           || \- AINU
                                                           ||
                                                           |\- AMA
                                                         /-+
                                                         | | /-- ATM
                                                         | | |
                                                         | | |/ MT4
                                                         | \-+|
                                                         |   ||/- ATK1
                                                         |   |||
                                                         |   \+|/-- H5
                                                       /-+    |++
                                                       | |    ||\ BCI2
                                                       | |    ||
                                                       | |    \+ Ni1
                                                       | |     |
                                                       | |     \ ATLYS
                                                       | |
                                                      /+ |/- Bl1
                                                      || \+
                                                      ||  \ RKI4
                                                      ||
                                                      ||/- OD
                                                      |||
                                               /------+\+ /-- BO
                                               |      | \-+
                                               |      |   \- Pr52
                                               |      |
                                               |      | /------ HS35
                                 /-------------+      \-+
                                 |             |        \--------------- GH78
                                 |             |
                                 |             |       /------------- H23
                     /...........+             \-------+
                     |           |                     \--------------- pyg19
                     |           |
                     |           \------------------------------ Mel5
                     |
/--------------------+------------- Efe1
|                    |
|                    |   /----------------- Lib2
|                    |   |
|                    |   |     /-- MOMJ
|                    |   |     |
|                    |   |     +--- ITIS
|                    \---+  /--+
|                        |  |  \ MWMG
|                        |  |
|                        |  +--- GB233
|                        \--+
|                           |    /- PH236
|                           |/---+
|                           ||   \--- T49
|                           ||
|                           |+------- H24
|                           \+
|                            \--------- GAB7
|
\------------------------------------------------ TE4

1 tree saved to file "~/rega-genotype/jobDir/1820514242/paup.tre"
   Forcing NJ tree to be compatible with constraint-tree "CONSTRE"

Bootstrap method with neighbor-joining search:
  Number of bootstrap replicates = 100
  Starting seed = 1601388150
  Ties (if encountered) will be broken randomly
  Distance measure = Tamura-Nei
  Rates assumed to follow gamma distribution with shape parameter = 0.4756
  70 characters are excluded
  (Tree is unrooted)

   Note: Ties were encountered in one or more replicates

   Time used for neighbor-joining bootstrap = <1 sec (CPU time = 0.16 sec)

Bootstrap 50% majority-rule consensus tree

                                              /--------------------- test(1)
                                              |
                                              |               /----- TBH4(31)
                                              +--------------53
                                              |               \----- AINU(32)
                                              |
                                              +--------------------- 73RM(33)
                                              |
                                              +--------------------- CMC(34)
                                              |
                                         /---52--------------------- KUW1(35)
                                         |    |
                                         |    +--------------------- Cam(36)
                                         |    |
                                         |    |          /---------- TBH2(37)
                                         |    |          |
                                         |    |     /---60    /----- CR1(38)
                                         |    |     |    \---75
                                         |    |     |         \----- Boi(39)
                                    /--100    |     |
                                    |    |    \----57    /---------- Bl2(40)
                                    |    |          |    |
                                    |    |          |    +---------- HTLV04(41)
                                    |    |          \---71
                                    |    |               |    /----- Qu1(42)
                                    |    |               \---61
                               /---55    |                    \----- FNN100(43)
                               |    |    |
                               |    |    \-------------------------- AMA(30)
                               |    |
                               |    |    /-------------------------- ATM(23)
                               |    |    |
                               |    |    |    /--------------------- MT4(24)
                               |    \--100    |
                               |         |    |          /---------- ATK1(25)
                               |         |    |          |
                          /---66         \---88          +---------- Ni1(27)
                          |    |              |     /---53
                          |    |              |     |    |    /----- H5(28)
                          |    |              |     |    \---70
                          |    |              \----75         \----- BCI2(29)
                          |    |                    |
                          |    |                    \--------------- ATLYS(26)
                     /---80    |
                     |    |    |                              /----- Bl1(21)
                     |    |    \----------------------------100
                     |    |                                   \----- RKI4(22)
                     |    |
                     |    |                              /---------- OD(18)
               /----95    |                              |
               |     |    \----------------------------100    /----- BO(19)
               |     |                                   \---97
               |     |                                        \----- Pr52(20)
               |     |
          /--100     |                                        /----- HS35(16)
          |    |     \--------------------------------------100
          |    |                                              \----- GH78(17)
          |    |
     /--100    |                                              /----- H23(14)
     |    |    \--------------------------------------------100
     |    |                                                   \----- pyg19(15)
     |    |
     |    \--------------------------------------------------------- Mel5(2)
/--100
|    |                                   /-------------------------- Efe1(4)
|    |                                   |
|    |                                   |    /--------------------- Lib2(5)
|    |                                   |    |
|    \---------------------------------100    |          /---------- MOMJ(6)
|                                        |    |          |
|                                        |    |     /---82    /----- ITIS(7)
|                                        \--100     |    \---55
|                                             |     |         \----- MWMG(8)
|                                             |     |
|                                             |     +--------------- GB233(9)
|                                             |     |
|                                             \---100         /----- PH236(10)
|                                                   +--------96
|                                                   |         \----- T49(11)
|                                                   |
|                                                   +--------------- H24(12)
|                                                   |
|                                                   \--------------- GAB7(13)
|
\------------------------------------------------------------------- TE4(3)

Bipartitions found in one or more trees and frequency of occurrence (bootstrap
support values):

         1         2         3         4  4
1234567890123456789012345678901234567890123      Freq
-----------------------------------------------------
......................*******..............       100
..***********..............................       100
.................***.......................       100
...............**..........................       100
.............**............................       100
...**********..............................       100
....................**.....................       100
....*********..............................       100
.....********..............................       100
.****************************..............       100
.************..............................       100
..................**.......................        97
.........**................................        96
.**************............................        95
.......................******..............        88
.....***...................................        82
.****************..........................        80
........................*****..............        75
.....................................**....        75
.......................................****        71
...........................**..............        70
.*******************.......................        66
.........................................**        61
....................................***....        60
....................................*******        57
......**...................................        55
.*********************.....................        55
........................*.***..............        53
..............................**...........        53
.*****************************.............        52
........................................***        46
........*****..............................        43
........................*..**..............        42
........***................................        40
.*******************..*******..............        39
.****************************...*..........        32
.******************************............        32
..........................***..............        30
.********************************..........        30
.*******************************...........        29
.........****..............................        29
........................................*.*        29
.......................................*.**        28
.....**....................................        27
.....***.****..............................        27
.........***...............................        27
.******************************.*..........        24
.****************...**.....................        23
...........**..............................        22
.*****************************..*..........        21
.....******................................        21
....................................***.*..        19
........****...............................        19
.........................****..............        19
.............................**............        17
.*********************************.********        17
.....*******...............................        17
.....***.***...............................        16
...................................********        15
.......................................*.*.        15
.................***..*******..............        15
.....***.**................................        15
..............................**.*.........        14
...............*****.......................        14
.................................*..*******        14
.********************************.*........        13
..................................**.......        13
........................*..*...............        13
...................................*...****        12
......*....*...............................        11
.******************************.***********        10
.......................**.***..............        10
.................................*.********        10
....................................*.*....        10
........................**.**..............        10
.******************************.*.*........         9
.*****************************..*.*........         8
.....*.*...................................         8
.*********************************..*******         8
...................................**......         8
.****************************...*.*........         7
..........................**...............         6
........................*.**...............         6
.....***...*...............................         6
.......................*.****..............         6
..............................**.*.*.......         6
.********************************....**....         6
.........................*.**..............         6
.................................**........         6
.***********************************.******         6
.............****..........................         5
....................................***.*.*         5
....................................***.***         5
.******************************.*....**....         5
.................................*..*......         5
.......................................*..*         5
.***********************************.......         5
....................................*...*..         5

289 groups at (relative) frequency less than 5% not shown
