
P A U P *
Portable version 4.0b10 for Unix
Sat Aug  8 10:27:55 2015

      -----------------------------NOTICE-----------------------------
        This is a beta-test version.  Please report any crashes,
        apparent calculation errors, or other anomalous results.
        There are no restrictions on publication of results obtained
        with this version, but you should check the WWW site
        frequently for bug announcements and/or updated versions.  
        See the README file on the distribution media for details.
      ----------------------------------------------------------------

Character-exclusion status changed:
  22 characters excluded
  Total number of characters now excluded = 22
  Number of included characters = 1049

Data matrix exported to file "paup.nex" in Nexus (non-interleaved) format.

Optimality criterion set to distance.

Neighbor-joining search settings:
  Ties (if encountered) will be broken systematically
  Distance measure = Tamura-Nei
  Rates assumed to follow gamma distribution with shape parameter = 0.4756
  22 characters are excluded
  (Tree is unrooted)

   Tree found by neighbor-joining method stored in tree buffer
   Time used = <1 sec (CPU time = 0.01 sec)

Neighbor-joining tree:

                                          / gia5 HPV82
                                      /---+
                                      |   \ a5 HPV82
                              /-------+
                              |       \---- a5 HPV51
                            /-+
                            | |  /----- a5 HPV26
                            | \--+
                            |    \------- a5 HPV69
                            |
                            |        /---- a1 HPV32
                            |/-------+
                            ||       \----- a1 HPV42
                            ||
                            ||            /---- a8 HPV7
                            ||       /----+
                            ||       |    \--- a8 HPV40
                            ||/------+
                            |||      |    /--- a8 HPV43
                            |||      \----+
                            |||           \------- a8 HPV91
                            |||
                            |++         /---- a10 HPV6
                            |||      /--+
                            |||      |  \---- a10 HPV11
                            |||      |
                            |||      |    /-- a10 HPV13
                            ||\------+    |
                            ||       | /--+/- a10 PCPV
                           /+|       | |  \+
                           |||       | |   \-- a10 CCPV
                           |||       \-+
                           |||         +----- a10 HPV44
                           |||         |
                           |||         \---- a10 HPV74
                           |||
                           |||   /------ a9 HPV16
                           |||  /+
                           |||  |\-------- a9 HPV35
                           |++ /+
                           ||| |\------ a9 HPV31
                           ||| |
                           ||| |    /---- a9 HPV33
                           |||/+   /+
                           |||||   |\----- a9 HPV58
                           ||||| /-+
                           ||||| | \-------- a9 HPV67
                           ||++\-+
                           ||||  \-------- a9 HPV52
                           ||||
                           ||||        /---- a11 HPV34
                           |||\--------+
                           |||         \--- a11 HPV73
                           |||
                           ||\---------- a13 HPV54
                           ||
                           ||      /------ a7 HPV18
                           ||   /--+
                           ||   |  \----- a7 HPV45
                           ||   |
                           ||   |    /------ a7 HPV39
                           ||  /+   /+
                           ||  ||   |\------ a7 HPV68
                           ||  ||/--+
                           ||  |||  \----- a7 HPV70
                           |\--+\+
                           |   | \------- a7 HPV85
                           |   |
                           |   \---------- a7 HPV59
                           |
                           |        /----- a6 HPV53
                           |      /-+
                           |      | \------ a6 HPV30
                           +------+
                           |      |  /----- a6 HPV56
                           |      \--+
                           |         \----- a6 HPV66
                /----------+
                |          |            /-- a2 HPV10
                |          |          /-+
                |          |          | \---- a2 HPV94
                |          |        /-+
                |          |        | |  /--- a2 HPV3
                |          |        | \--+
                |          |  /-----+    \----- a2 HPV28
                |          |  |     |
                |          |  |     |   /---- a2 HPV29
                |          |  |     \---+
                |          |  |         \---- a2 HPV77
                |          |  |
                |          |  |              /--- a4 HPV2
                |          |  |             /+
                |          |  |             |\---- a4 HPV27
                |          |  |  /----------+
                |          |  |  |          \------- a4 HPV57
                |          |  +--+
                |          |  |  \----------- a12 RhPV1
                |          |  |
                |          |  |       /----- a3 HPV61
                |          |  |      /+
                |          |  |      |\------- a3 HPV72
                |          |  |     /+
                |          |  |     || /----- a3 HPV81
                |          \--+     |\-+
                |             |    /+  \----- a3 HPV62
                |             |    ||
                |             |    ||    /------ a3 HPV83
                |             |   /+\----+
                |             |   ||     \---- a3 HPV102
                |             |   ||
             /--+             |   |\--------- a3 HPV89
             |  |             +---+
             |  |             |   |  /----- a3 HPV84
             |  |             |   |  |
             |  |             |   \--+  /----- a3 HPV86
             |  |             |      \--+
             |  |             |         \--- a3 HPV87
             |  |             |
             |  |             |    /--------- a14 HPV90
             |  |             \----+
             |  |                  \-------- a15 HPV71
             |  |
             |  |                                  /-------- d1 EEPV
             |  |                                  |
             |  |                              /---+ /-------- d1 RPV
             |  |                              |   \-+
             |  |                              |     \-------------- d2 DPV
             |  |                           /--+
             |  |                           |  |         /------ d3 OvPV1
             |  |                           |  \---------+
             |  |                    /------+            \--------- d3 OvPV2
             |  |                    |      |
             |  |                    |      |       /----- d4 BPV1
             |  |        /-----------+      \-------+
             |  |        |           |              \----- d4 BPV2
             |  |        |           |
             |  |  /-----+           \-------------------- e1 BPV5
             |  |  |     |
             |  |  |     \---------------------------------- z1 EcPV1
             |  |  |
             |  |  |          /------------------- k1 CRPV
             |  |  |  /-------+
             |  |  |  |       \------------- k2 ROPV
             |  \--+  |
             |     |  |       /----------- l1 COPV
             |     |  |      /+
             |     |  |      |\------------- l2 FdPV1
             |     |  +------+
             |     |  |      \---------------- l3 PlPV1
             |     \--+
             |        |  /------------------ m1 HPV1
             |        | /+
             |        | |\--------------- m2 HPV63
             |        \-+
             |          |         /----------------------- n1 HPV41
             |          \---------+
            /+                    \--------------------- s1 EdPV1
            ||
            ||                  /------ b1 HPV5
            ||                  |
            ||                  +------ b1 HPV12
            ||                 /+
            ||                 |\------- b1 HPV47
            ||                /+
            ||                |\-------- b1 HPV8
            ||              /-+
            ||              | \-------- b1 HPV36
            ||            /-+
            ||            | |/--------- b1 HPV24
            ||            | \+
            ||            |  \------- b1 HPV93
            ||            |
            ||            |   /--- b1 HPV14
            ||           /+  /+
            ||           ||  |\------ b1 HPV21
            ||           || /+
            ||           || || /---- b1 HPV19
            ||           || |\-+
            ||           |\-+  \---- b1 HPV25
            ||           |  |
            ||           |  \----- b1 HPV20
            ||           |
            ||           |     /-------- b2 HPV9
            ||           |     |
            ||           |     |   /---- b2 HPV15
            ||           |    /+/--+
            ||           |    |||  \---- b2 HPV80
            ||           |    |\+
            ||   /-------+    | | /------ b2 HPV17
            ||   |       |    | \-+
            ||   |       | /--+   \------ b2 HPV37
         /--+|   |       | |  |
         |  ||   |       | |  |  /---------- b2 HPV22
         |  ||   |       | |  | /+
         |  ||   |       | |  | |\---------- b2 HPV23
         |  ||   |       | |  \-+
         |  ||   |       | |    \------ b2 HPV38
         |  ||   |       | |
         |  ||   |       | |   /------- b3 HPV49
         |  ||   |       | |   |
         |  ||   |       | +---+  /---- b3 HPV75
         |  |\---+       | |   \--+
         |  |    |       | |      \---- b3 HPV76
         |  |    |       \-+
         |  |    |         +------------ b5 HPV96
         |  |    |         |
         |  |    |         \---------- b4 HPV92
         |  |    |
         |  |    |                /---- g1 HPV4
         |  |    |               /+
     /---+  |    |               |\------ g1 HPV65
     |   |  |    |      /--------+
     |   |  |    |      |        \------- g1 HPV95
     |   |  |    |      |
     |   |  |    \------+        /--------------- g2 HPV48
     |   |  |           |    /---+
     |   |  |           |    |   \----------- g3 HPV50
     |   |  |           \----+
     |   |  |                \--------------------- g4 HPV60
     |   |  |
     |   |  |                    /------------- x1 BPV3
    /+   |  |                  /-+
    ||   |  |                  | \---------- x1 BPV4
    ||   |  |   /--------------+
    ||   |  |   |              \------------ x1 BPV6
    ||   |  \---+
    ||   |      \------------------------------ o1 PsPV1
    ||   |
/---+|   \------------------------ r1 TmPV1
|   ||
|   ||   /--------------------- p1 HaOPV
|   |\---+
|   |    \-------------------------- u1 CPV2
|   |
|   \------------------------------------------ u2 RaPV1
|
|                                /---------------------------------- h1 FcPV
|  /-----------------------------+
|  |                             \----------------------------- q1 PePV
\--+
   \---------------------------------- i1 MnPV

1 tree saved to file "~/rega-genotype/jobDir/1366481536/paup.tre"

Bootstrap method with neighbor-joining search:
  Number of bootstrap replicates = 100
  Starting seed = 453658521
  Ties (if encountered) will be broken randomly
  Distance measure = Tamura-Nei
  Rates assumed to follow gamma distribution with shape parameter = 0.4756
  22 characters are excluded
  (Tree is unrooted)

   Time used for neighbor-joining bootstrap = 4 sec (CPU time = 3.98 sec)

Bootstrap 50% majority-rule consensus tree

/-------------------------------------------------------------- gia5 HPV82(1)
|
|                                                        /----- a1 HPV32(2)
|                    /---------------------------------100
|                    |                                   \----- a1 HPV42(3)
|                    |
|                    |                                   /----- a2 HPV10(4)
|                    |                              /--100
|                    |                              |    \----- a2 HPV94(9)
|                    |                        /---100
|                    |                        |     |    /----- a2 HPV3(5)
|                    |                        |     \--100
|                    |              /-------100          \----- a2 HPV28(6)
|                    |              |         |
|                    |              |         |          /----- a2 HPV29(7)
|                    |              |         \--------100
|                    |              |                    \----- a2 HPV77(8)
|                    |              |
|                    |              |                    /----- a3 HPV61(10)
|                    |              |               /---99
|                    |              |               |    \----- a3 HPV72(11)
|                    |              |         /----94
|                    |              |         |     |    /----- a3 HPV81(12)
|                    |              |         |     \--100
|                    |              |    /---52          \----- a3 HPV62(15)
|                    |              |    |    |
|                    |              |    |    |          /----- a3 HPV83(13)
|                    |              |    |    \--------100
|                    |              |    |               \----- a3 HPV102(19)
|                    |              |    |
|                    +-------------68--100          /---------- a3 HPV84(14)
|                    |              |    |          |
|                    |              |    +--------100    /----- a3 HPV86(16)
|                    |              |    |          \--100
|                    |              |    |               \----- a3 HPV87(17)
|                    |              |    |
|                    |              |    \--------------------- a3 HPV89(18)
|                    |              |
|                    |              |                    /----- a4 HPV2(20)
|                    |              |               /--100
|                    |              |               |    \----- a4 HPV27(21)
|                    |              |         /---100
|                    |              |         |     \---------- a4 HPV57(22)
|                    |              +--------53
|                    |              |         \---------------- a12 RhPV1(58)
|                    |              |
|                    |              |                    /----- a14 HPV90(60)
|                    |              \------------------100
|                    |                                   \----- a15 HPV71(61)
|                    |
|                    |                                   /----- a6 HPV53(27)
|                    |                              /---98
|                    |                              |    \----- a6 HPV30(28)
|                    +----------------------------100
|                    |                              |    /----- a6 HPV56(29)
|                    |                              \--100
|                    |                                   \----- a6 HPV66(30)
|                    |
|                    |                                   /----- a7 HPV18(31)
|                    |                   /-------------100
|                    |                   |               \----- a7 HPV45(33)
|                    |                   |
|                    |                   |               /----- a7 HPV39(32)
|                    |                   |          /---71
|                    |                   |          |    \----- a7 HPV68(35)
|                    +-----------------100    /---100
|                    |                   |    |     \---------- a7 HPV70(36)
|                    |                   +---64
|                    |                   |    \---------------- a7 HPV85(37)
|                    |                   |
|                    |                   \--------------------- a7 HPV59(34)
|                    |
|                    |                                   /----- a8 HPV7(38)
|                    |                              /--100
|                    |                              |    \----- a8 HPV40(39)
|                    +----------------------------100
|                    |                              |    /----- a8 HPV43(40)
|                    |                              \--100
|                    |                                   \----- a8 HPV91(41)
|                    |
|                    |                                   /----- a9 HPV16(42)
|                    |                                   |
|                    |                   /--------------95----- a9 HPV31(43)
|                    |                   |               |
|                    |                   |               \----- a9 HPV35(45)
|                    |                   |
|                    |                   |               /----- a9 HPV33(44)
|                    +------------------56          /--100
|                    |                   |          |    \----- a9 HPV58(47)
|                    |                   |    /----88
|                    |                   |    |     \---------- a9 HPV67(48)
|                    |                   \---96
|                    |                        \---------------- a9 HPV52(46)
|                    |
|                    |                                   /----- a10 HPV6(49)
|              /----98                   /-------------100
|              |     |                   |               \----- a10 HPV11(50)
|              |     |                   |
|              |     |                   |          /---------- a10 HPV13(51)
|              |     +-----------------100          |
|              |     |                   |    /---100    /----- a10 PCPV(54)
|              |     |                   |    |     \--100
|              |     |                   |    |          \----- a10 CCPV(55)
|              |     |                   \--100
|              |     |                        +---------------- a10 HPV44(52)
|              |     |                        |
|              |     |                        \---------------- a10 HPV74(53)
|              |     |
|              |     |                                   /----- a11 HPV34(56)
|              |     +---------------------------------100
|              |     |                                   \----- a11 HPV73(57)
|              |     |
|              |     +----------------------------------------- a13 HPV54(59)
|              |     |
|              |     |                                   /----- b1 HPV5(62)
|              |     |                                   |
|              |     |                              /---59----- b1 HPV12(64)
|              |     |                              |    |
|              |     |                              |    \----- b1 HPV47(72)
|              |     |                        /----89
|              |     |                        |     +---------- b1 HPV8(63)
|              |     |                        |     |
|              |     |                   /---75     \---------- b1 HPV36(71)
|              |     |                   |    |
|              |     |                   |    |          /----- b1 HPV24(69)
|              |     |                   |    \---------79
|              |     |                   |               \----- b1 HPV93(73)
|              |     |                   |
|              |     |         /--------98               /----- b1 HPV14(65)
|              |     |         |         |          /---70
|              |     |         |         |          |    \----- b1 HPV21(68)
|              |     |         |         |    /----55
|              |     |         |         |    |     \---------- b1 HPV20(67)
|              |     |         |         \--100
|              |     |         |              |          /----- b1 HPV19(66)
|              |     |         |              \--------100
|              |     |         |                         \----- b1 HPV25(70)
|              |     |         |
|              |     |         |              /---------------- b2 HPV9(74)
|              |     |         |              |
|              |     |         |              |          /----- b2 HPV15(75)
|              |     |    /--100         /---97     /--100
|              |     |    |    |         |    |     |    \----- b2 HPV80(81)
|              |     |    |    |         |    \----85
|              |     |    |    |         |          |    /----- b2 HPV17(76)
|              |     |    |    |         |          \---90
|              |     |    |    |    /---99               \----- b2 HPV37(79)
|              |     |    |    |    |    |
|              |     |    |    |    |    |               /----- b2 HPV22(77)
|              |     |    |    |    |    |               |
|              |     |    |    |    |    \--------------86----- b2 HPV23(78)
|              |     |    |    |    |                    |
|              |     |    |    |    |                    \----- b2 HPV38(80)
|              |     |    |    |    |
|              |     |    |    \---71               /---------- b3 HPV49(82)
|              |     |    |         |               |
|              |     |    |         +-------------100    /----- b3 HPV75(83)
|              |     |    |         |               \--100
|              |     |    |         |                    \----- b3 HPV76(84)
|              |     |    |         |
|              |     |    |         +-------------------------- b4 HPV92(85)
|              |     |    |         |
|              |     |    |         \-------------------------- b5 HPV96(86)
|              |     |    |
|              |     |    |                              /----- g1 HPV4(87)
|         /--100     |    |                         /---98
|         |    |     |    |                         |    \----- g1 HPV65(88)
|         |    |     |    |                   /---100
|         |    |     |    |                   |     \---------- g1 HPV95(89)
|         |    |     |    |                   |
|         |    |     |    +------------------98          /----- g2 HPV48(90)
|         |    |     |    |                   |     /---97
|         |    |     |    |                   |     |    \----- g3 HPV50(91)
|         |    |     |    |                   \----98
|         |    |     |    |                         \---------- g4 HPV60(92)
|         |    |     |    |
|         |    |     |    |                              /----- d1 EEPV(93)
|         |    |     |    |                         /---71
|         |    |     |    |                         |    \----- d1 RPV(94)
|         |    |     |    |                   /---100
|         |    |     |    |                   |     \---------- d2 DPV(95)
|         |    |     |    |              /---77
|         |    |     |    |              |    |          /----- d3 OvPV1(96)
|         |    |     |    |              |    \--------100
|         |    |     |    |         /--100               \----- d3 OvPV2(97)
|         |    |     |    |         |    |
|         |    |     |    |         |    |               /----- d4 BPV1(98)
|         |    |     \--100    /--100    \-------------100
|         |    |          |    |    |                    \----- d4 BPV2(99)
|         |    |          |    |    |
|         |    |          +---67    \-------------------------- e1 BPV5(100)
|         |    |          |    |
|         |    |          |    \------------------------------- z1 EcPV1(101)
|         |    |          |
|         |    |          |                              /----- h1 FcPV(102)
|         |    |          |                         /--100
|         |    |          |                         |    \----- q1 PePV(103)
|         |    |          +------------------------65
|         |    |          |                         \---------- i1 MnPV(104)
|         |    |          |
|         |    |          |                              /----- k1 CRPV(105)
|         |    |          +----------------------------100
|    /--100    |          |                              \----- k2 ROPV(106)
|    |    |    |          |
|    |    |    |          |                              /----- l1 COPV(107)
|    |    |    |          |                         /---86
|    |    |    |          |                         |    \----- l2 FdPV1(108)
|    |    |    |          +-----------------------100
|    |    |    |          |                         \---------- l3 PlPV1(109)
|    |    |    |          |
|    |    |    |          |                              /----- m1 HPV1(110)
|    |    |    |          +-----------------------------93
|    |    |    |          |                              \----- m2 HPV63(111)
|    |    |    |          |
|    |    |    |          |                              /----- n1 HPV41(112)
|    |    |    |          +-----------------------------94
|    |    |    |          |                              \----- s1 EdPV1(119)
|    |    |    |          |
|    |    |    |          |                              /----- x1 BPV3(113)
|    |    |    |          |                         /---81
|    |    |    |          |                         |    \----- x1 BPV4(114)
\--100    |    |          +-----------------------100
     |    |    |          |                         \---------- x1 BPV6(115)
     |    |    |          |
     |    |    |          +------------------------------------ o1 PsPV1(116)
     |    |    |          |
     |    |    |          |                              /----- p1 HaOPV(117)
     |    |    |          +-----------------------------67
     |    |    |          |                              \----- u1 CPV2(120)
     |    |    |          |
     |    |    |          +------------------------------------ r1 TmPV1(118)
     |    |    |          |
     |    |    |          \------------------------------------ u2 RaPV1(121)
     |    |    |
     |    |    |                                         /----- a5 HPV26(23)
     |    |    \---------------------------------------100
     |    |                                              \----- a5 HPV69(25)
     |    |
     |    \---------------------------------------------------- a5 HPV51(24)
     |
     \--------------------------------------------------------- a5 HPV82(26)

Bipartitions found in one or more trees and frequency of occurrence (bootstrap
support values):

         1         2         3         4         5         6         7        7
1234567890123456789012345678901234567890123456789012345678901234567890123456789
-------------------------------------------------------------------------------
......................*.*......................................................
...............................................................................
...............................*..**...........................................
.........**********............................................................
..............................*.*..............................................
...........................................................**..................
..............................*******..........................................
...................***.........................................................
.....................................................**........................
..................................................*..**........................
..................................................*****........................
................................................**.............................
................................................*******........................
...........................................*..*................................
...............................................................................
............................**.................................................
...............................................................................
..........................****.................................................
...............................................................................
.......................................................**......................
.......................................**......................................
.....................................**........................................
.....................................****......................................
...............................................................................
...............................................................................
...............................................................................
.**............................................................................
...............................................................................
...............................................................................
.................................................................*...*.........
...............................................................................
................................................................****.*.........
...................**..........................................................
...*....*......................................................................
...............................................................................
.............*.**..............................................................
...............................................................................
...........*..*................................................................
.............................................................******************
.............................................................******************
......**.......................................................................
....**.........................................................................
.************************.*****************************************************
...............**..............................................................
..........................................................................*....
.**********************.*.*****************************************************
...******......................................................................
............*.....*............................................................
...***..*......................................................................
.........**....................................................................
.........................................................................******
.*********************....*****************************************************
.............................................................************......
...............................................................................
...............................................................................
..........................**...................................................
...............................................................................
...............................................................................
.........................................................................***..*
...........................................*.***...............................
.........................................**.*..................................
...............................................................................
.........***..*................................................................
...............................................................................
...........................................................................*..*
.............................................................***......**.......
...........................................*..**...............................
...............................................................................
............................................................................**.
..........................................................................**..*
...............................................................................
....................................................................*...*......
...............................................................................
.............................................................***....*.***......
.........................................................................******
...............................................................................
...............................*..*............................................
................................................................*..*...........
...*******************...................................*.**..................
...............................................................................
...............................................................................
...............................................................................
...............................*..***..........................................
.............................................................*.*.......*.......
.........................................*******...............................
................................................................*.**...........
...................***...................................*.....................
.........****.*...*............................................................
.........................................*..*..................................
..................................................*.***........................
.........****.*..**............................................................
...............................................................................
...............................................................................
.*********************....****.......******************************************
..............................***.***..........................................
...................................................**..........................
...*******************.....................................**..................
...............................*.****..........................................
............................................................................**.
................................................................**.*.*.........
...............................................................................
.............................................................*.*......**.......
.........*************.........................................................
.............................................................***.......*.......
...............................................................................
.............................................................*.........*.......
.............................................................................*.
.....................................****.......*******........................
..........................................*.*..................................
.........................................*******.......**......................
.........................................................................******
.*********************....****.......*********************.********************
...............................................................................
.**.......................................................*....................
.........***..*..*.............................................................
.............................................................*.*...............
..................................................................**...........
.........................................................................******
...............................................................................
...............................................................*.......*.......
...*******************...................................*.********************
..................................**...........................................
..........................****...............................******************
.............................................................*........*........
.........**********........................................**..................
...*******************.........................................................
.....................................***********.......**......................
............................................................................*..
.............................................................******************
...............................................................................
...******..................................................**..................
...............................................................................
.............................................................******************
..........................****.........................**......................
...............................................................................
.........********.*............................................................
.............................................................******************
...............................................................................
...............................................................................
.................................*..*..........................................
...............................................................................
...............................................................................
...........................................*.***.........*.....................
.........................................**....................................
.............................................................******************
.**..................................********************.*....................
...******..........***...................................*.....................
.*********************........*************************************************
...............................................................................
.............................................................******************
.........................................*******.........*.....................
.............................................................*........**.......
...............................................................................
.....................................***********...............................
.........................................**.*..........**......................
..............................***.**...........................................
..............................................................**...............
............**.**.*............................................................
................................................................******..*......
.**..................................**********************....................
...............................................................................
...****************........................................**..................
...............................................................................
...*******************....****...........................*.********************
...............................................................................
.............................................................******************
...............................................................................
.............*.***.............................................................
.**..................................******************...*....................
...............................................................................
...............................................................................
...*******************.....................................********************
.........................................*******.......***.....................
..............................*******.....................*....................
...*******************....****.............................********************
...............................................................................
.............................................................***......***......
...............................................................................
.....................................********************......................
.**.......................****.................................................
...............................................................................
...............................................................................
...............................................................................
...******..........***.........................................................
...............................................................................
...............................................................................
...............................................................................
.........................................................................**....
.*********************........*******************************..................
.........*************...................................*.....................
.........***.*****.............................................................
.**...........................***************************.*....................
..............................................................**.......*.......
...............................................................................
...............................................................................
.........*************.....................................**..................
.........................................................................***..*
...............................................................................
.*********************...............******************************************
.*********************....********************************.********************
..................................................**.**........................
..........................................................................*...*
.**..................................********************......................
...............................................................................
.**.............................................*******........................
.........................................................................******
...******..........***...................................*.**..................
...............................................................................
.........................................................................******
.............................................................************......
...........................................*.**................................
...............................................................................
.**..................................***********.......**......................
...............................................................................
.............................................................************......
...*******************...................................*.....................
.............................................................******************
.........................................................................******
...............................................................................
.............................................................******************
.........................................................................******
.....................................****..............**......................
.**......................................*******...............................
...............................................................................
...............................................................................
...............................................................................
.**..................................*********************.....................
.....................................****..*.***...............................
.*********************...............************************..................
...............................................................................
.**..................................******************..**....................
.**..................................******************........................
...............................................................................
.............................................................******************
...............................................................................
............*....**............................................................
...............................................................................
...............................................................................
................................................................**...*.........
.**..................................****.......*******........................
...............................................................................
.............................................................******************
...............................................................................
...............................................................................
................................................................******.........
...............................................................................
...............................................................................
...............................................................................
.....................................******************........................
...............................................................................
...............................................................................
.**......................................**.*..................................
...............................................................................
.............................................................******************
.............................................................******************
...............................................................................
...............................*.***...........................................
...............................................................................
.....................................***********.......***.....................
...*******************....****.............................**..................
...............................................................................
.........*************...................................*.**..................
.............................................................******************
...*******************..........................*******..*.********************
...............................................................................
.....................................*********************.....................
.............................................................************......
...............................................................................
...*******************....****.........................***.********************
.............................................................******************

                    1         1         11
8         9         0         1         22
012345678901234567890123456789012345678901      Freq
----------------------------------------------------
..........................................       100
.............*******......................       100
..........................................       100
..........................................       100
..........................................       100
..........................................       100
..........................................       100
..........................................       100
..........................................       100
..........................................       100
..........................................       100
..........................................       100
..........................................       100
..........................................       100
...........................***............       100
..........................................       100
.........................**...............       100
..........................................       100
.................................***......       100
..........................................       100
..........................................       100
..........................................       100
..........................................       100
..................**......................       100
................**........................       100
...**.....................................       100
..........................................       100
..***.....................................       100
.............********.....................       100
..........................................       100
......................**..................       100
..........................................       100
..........................................       100
..........................................       100
.............***..........................       100
..........................................       100
.......***................................       100
..........................................       100
*******...................................       100
******************************************       100
..........................................       100
..........................................       100
******************************************       100
..........................................       100
.*........................................       100
******************************************       100
..........................................       100
..........................................       100
..........................................       100
..........................................        99
**........................................        99
******************************************        98
..........................................        98
..........***.............................        98
.......**.................................        98
..........................................        98
.......******.............................        98
..........**..............................        97
.*........................................        97
..........................................        96
..........................................        95
................................*......*..        94
..........................................        94
..............................**..........        93
..........................................        90
..........................................        89
..........................................        88
...........................**.............        86
*.........................................        86
.*........................................        85
.................................**.......        81
..........................................        79
.............*****........................        77
..........................................        75
*******...................................        71
.............**...........................        71
..........................................        71
..........................................        70
..........................................        68
.............*********....................        67
.....................................*..*.        67
......................***.................        65
..........................................        64
..........................................        59
..........................................        56
..........................................        55
..........................................        53
..........................................        52
..........................................        47
..........................................        46
..........................................        45
..............................***......*..        45
.......******........................*..*.        45
******************************************        45
..........................................        44
..........................................        44
..........................................        44
..........................................        42
..........................................        41
..........................................        39
..***.*...................................        39
..........................................        38
..........................................        36
..........................................        36
.........................********......*..        35
..........................................        35
*.........................................        35
..........................................        34
..........................................        33
..........................................        33
*****.*...................................        32
******************************************        32
.....**...................................        32
..........................................        31
..........................................        30
..........................................        29
..........................................        29
*****.....................................        28
..............**..........................        28
..........................................        27
******************************************        27
..........................................        26
******************************************        25
..........................................        25
..........................................        25
..........................................        24
..........................................        24
*.........................................        24
*************.............................        24
......................***................*        23
..........................................        23
...........................******......*..        23
*************........................*..*.        23
..........................................        22
.................................****.....        22
..........................................        21
*************....................*****..*.        21
................****......................        21
..*****...................................        21
..........................................        20
.......******.......................**..*.        20
.........................*****............        20
..........................................        20
..........................................        20
**************************************.***        19
..........................................        19
..........................................        18
******************************************        18
....................................*....*        18
*******..........................***......        18
..........................................        17
..........................................        17
.................................*.*......        17
..........................................        17
..........................................        17
..........................................        16
..........................................        16
..........................................        16
..........................................        16
..........................................        15
......................*****...............        15
..........................................        15
.............********************......*..        15
******************************************        15
......................**.................*        15
*****.*...................................        14
.............********************......*.*        14
..........................................        13
..........................................        13
...........................***..*......*..        13
.........................**...***......*..        13
******************************************        13
..........................................        13
..........................................        13
******************************************        12
...........................*.*............        12
..........................................        12
......................***********......*..        12
..........................................        12
..........................................        12
........................*********......*..        11
.............*********...********......*..        11
.............********************.....**.*        11
..........................................        11
.....................................*..**        11
........................*.......*......*..        11
.........................*******..........        11
.*........................................        11
..........................................        11
..........................................        11
..........................................        11
..........................................        11
..........................................        10
........................................**        10
.......******....................*****..*.        10
..........................................        10
**........................................        10
......................***............*..**        10
******************************************        10
******************************************        10
..........................................        10
.*........................................         9
..........................................         9
.........................*****..*......*..         9
..........................................         9
**....*...................................         9
..........................................         9
.....................****.................         9
**...*....................................         9
..*****...................................         9
..........................................         8
.............*********...**...............         8
..........................................         8
......................................*..*         8
..***.*...................................         8
..........................................         8
*************....................******.**         8
**...**...................................         8
...........................***...........*         8
*************....................*****..**         8
******....................................         7
..........................................         7
..........................................         7
.......******........................*....         7
....................................**..**         7
......................***............**.**         7
..........................................         7
..........................................         7
..........................................         7
....................................**....         7
..........................................         7
..........................................         7
....................................*.*...         7
*************....................****.....         7
.........................**...**..........         7
..........................................         7
....................................**..*.         7
......................***............*..*.         6
..........................................         6
..........................................         6
.................................****....*         6
*************....................***.*..*.         6
..............................*.*......*..         6
...........................*****..........         6
..........................................         6
........................***...***......*..         6
......................**.............*..*.         6
.............********************...******         6
..........................................         6
.........................***********...*..         6
.........................**.....*......*..         6
..........................................         6
.............**************...............         5
*************....................***......         5
*************.........***........******.**         5
...........................***..*......*.*         5
..........................................         5
.....................****................*         5
..........................................         5
..........................................         5
........................***.....*......*..         5
..........................................         5
*************.......................***.**         5
******************************************         5
.............********************....*****         5
..........................................         5
..***.....................................         5
.............*********...***********...*..         5
******************************************         5
*************.......................***.*.         5

455 groups at (relative) frequency less than 5% not shown
