
========================[ Jan 21, 2015  3:27 PM ]========================
Version 2.2.11 [Jun-05-2005]
Started database file "C:\Users\Murilo\Desktop\rega-genotype\rega-genotype\xml\HIV\237261221\db.fasta"
WARNING: [000.000] Sequence number 1 (lcl|H1M_B.FR.83.HXB2_K03455), 640 illegal characters were removed:


WARNING: [000.000] Sequence number 2 (lcl|H1N.CM.95.YBF30_AJ006022), 1177 illegal characters were removed:


WARNING: [000.000] Sequence number 3 (lcl|H1O.BE.87.ANT70_L20587), 605 illegal characters were removed:
93 -s

WARNING: [000.000] Sequence number 4 (lcl|H1O.CM.91.MVP5180_L20571), 566 illegal characters were removed:
54 -s

WARNING: [000.000] Sequence number 5 (lcl|H2A.GW.-.ALI_AF082339), 6 illegal characters were removed:
6 -s

WARNING: [000.000] Sequence number 7 (lcl|H2A.SN.-.ST_M31113), 687 illegal characters were removed:


WARNING: [000.000] Sequence number 8 (lcl|H2B.GH.86.D205_X16109), 381 illegal characters were removed:
125 -s

WARNING: [000.000] Sequence number 9 (lcl|H2B.CI.-.EHO_U27200), 117 illegal characters were removed:
117 -s

WARNING: [000.000] Sequence number 10 (lcl|H2G.CI.-.ABT96_AF208027), 760 illegal characters were removed:


WARNING: [000.000] Sequence number 11 (lcl|H2U.FR.96.12034_AY530889), 752 illegal characters were removed:


Formatted 11 sequences in volume 0

========================[ Jan 21, 2015  3:30 PM ]========================
Version 2.2.11 [Jun-05-2005]
Started database file "C:\Users\Murilo\Desktop\rega-genotype\rega-genotype\xml\HIV\237261221\db.fasta"
WARNING: [000.000] Sequence number 1 (lcl|H1M_B.FR.83.HXB2_K03455), 640 illegal characters were removed:


WARNING: [000.000] Sequence number 2 (lcl|H1N.CM.95.YBF30_AJ006022), 1177 illegal characters were removed:


WARNING: [000.000] Sequence number 3 (lcl|H1O.BE.87.ANT70_L20587), 605 illegal characters were removed:
93 -s

WARNING: [000.000] Sequence number 4 (lcl|H1O.CM.91.MVP5180_L20571), 566 illegal characters were removed:
54 -s

WARNING: [000.000] Sequence number 5 (lcl|H2A.GW.-.ALI_AF082339), 6 illegal characters were removed:
6 -s

WARNING: [000.000] Sequence number 7 (lcl|H2A.SN.-.ST_M31113), 687 illegal characters were removed:


WARNING: [000.000] Sequence number 8 (lcl|H2B.GH.86.D205_X16109), 381 illegal characters were removed:
125 -s

WARNING: [000.000] Sequence number 9 (lcl|H2B.CI.-.EHO_U27200), 117 illegal characters were removed:
117 -s

WARNING: [000.000] Sequence number 10 (lcl|H2G.CI.-.ABT96_AF208027), 760 illegal characters were removed:


WARNING: [000.000] Sequence number 11 (lcl|H2U.FR.96.12034_AY530889), 752 illegal characters were removed:


Formatted 11 sequences in volume 0

========================[ Jan 21, 2015  3:33 PM ]========================
Version 2.2.11 [Jun-05-2005]
Started database file "C:\Users\Murilo\Desktop\rega-genotype\rega-genotype\xml\HIV\237261221\db.fasta"
WARNING: [000.000] Sequence number 1 (lcl|H1M_B.FR.83.HXB2_K03455), 640 illegal characters were removed:


WARNING: [000.000] Sequence number 2 (lcl|H1N.CM.95.YBF30_AJ006022), 1177 illegal characters were removed:


WARNING: [000.000] Sequence number 3 (lcl|H1O.BE.87.ANT70_L20587), 605 illegal characters were removed:
93 -s

WARNING: [000.000] Sequence number 4 (lcl|H1O.CM.91.MVP5180_L20571), 566 illegal characters were removed:
54 -s

WARNING: [000.000] Sequence number 5 (lcl|H2A.GW.-.ALI_AF082339), 6 illegal characters were removed:
6 -s

WARNING: [000.000] Sequence number 7 (lcl|H2A.SN.-.ST_M31113), 687 illegal characters were removed:


WARNING: [000.000] Sequence number 8 (lcl|H2B.GH.86.D205_X16109), 381 illegal characters were removed:
125 -s

WARNING: [000.000] Sequence number 9 (lcl|H2B.CI.-.EHO_U27200), 117 illegal characters were removed:
117 -s

WARNING: [000.000] Sequence number 10 (lcl|H2G.CI.-.ABT96_AF208027), 760 illegal characters were removed:


WARNING: [000.000] Sequence number 11 (lcl|H2U.FR.96.12034_AY530889), 752 illegal characters were removed:


Formatted 11 sequences in volume 0

========================[ Jan 21, 2015  3:36 PM ]========================
Version 2.2.11 [Jun-05-2005]
Started database file "C:\Users\Murilo\Desktop\rega-genotype\rega-genotype\xml\HIV\237261221\db.fasta"
WARNING: [000.000] Sequence number 1 (lcl|H1M_B.FR.83.HXB2_K03455), 640 illegal characters were removed:


WARNING: [000.000] Sequence number 2 (lcl|H1N.CM.95.YBF30_AJ006022), 1177 illegal characters were removed:


WARNING: [000.000] Sequence number 3 (lcl|H1O.BE.87.ANT70_L20587), 605 illegal characters were removed:
93 -s

WARNING: [000.000] Sequence number 4 (lcl|H1O.CM.91.MVP5180_L20571), 566 illegal characters were removed:
54 -s

WARNING: [000.000] Sequence number 5 (lcl|H2A.GW.-.ALI_AF082339), 6 illegal characters were removed:
6 -s

WARNING: [000.000] Sequence number 7 (lcl|H2A.SN.-.ST_M31113), 687 illegal characters were removed:


WARNING: [000.000] Sequence number 8 (lcl|H2B.GH.86.D205_X16109), 381 illegal characters were removed:
125 -s

WARNING: [000.000] Sequence number 9 (lcl|H2B.CI.-.EHO_U27200), 117 illegal characters were removed:
117 -s

WARNING: [000.000] Sequence number 10 (lcl|H2G.CI.-.ABT96_AF208027), 760 illegal characters were removed:


WARNING: [000.000] Sequence number 11 (lcl|H2U.FR.96.12034_AY530889), 752 illegal characters were removed:


Formatted 11 sequences in volume 0

========================[ Jan 21, 2015  3:39 PM ]========================
Version 2.2.11 [Jun-05-2005]
Started database file "C:\Users\Murilo\Desktop\rega-genotype\rega-genotype\xml\HIV\237261221\db.fasta"
WARNING: [000.000] Sequence number 1 (lcl|H1M_B.FR.83.HXB2_K03455), 640 illegal characters were removed:


WARNING: [000.000] Sequence number 2 (lcl|H1N.CM.95.YBF30_AJ006022), 1177 illegal characters were removed:


WARNING: [000.000] Sequence number 3 (lcl|H1O.BE.87.ANT70_L20587), 605 illegal characters were removed:
93 -s

WARNING: [000.000] Sequence number 4 (lcl|H1O.CM.91.MVP5180_L20571), 566 illegal characters were removed:
54 -s

WARNING: [000.000] Sequence number 5 (lcl|H2A.GW.-.ALI_AF082339), 6 illegal characters were removed:
6 -s

WARNING: [000.000] Sequence number 7 (lcl|H2A.SN.-.ST_M31113), 687 illegal characters were removed:


WARNING: [000.000] Sequence number 8 (lcl|H2B.GH.86.D205_X16109), 381 illegal characters were removed:
125 -s

WARNING: [000.000] Sequence number 9 (lcl|H2B.CI.-.EHO_U27200), 117 illegal characters were removed:
117 -s

WARNING: [000.000] Sequence number 10 (lcl|H2G.CI.-.ABT96_AF208027), 760 illegal characters were removed:


WARNING: [000.000] Sequence number 11 (lcl|H2U.FR.96.12034_AY530889), 752 illegal characters were removed:


Formatted 11 sequences in volume 0

========================[ Jan 21, 2015  3:42 PM ]========================
Version 2.2.11 [Jun-05-2005]
Started database file "C:\Users\Murilo\Desktop\rega-genotype\rega-genotype\xml\HIV\237261221\db.fasta"
WARNING: [000.000] Sequence number 1 (lcl|H1M_B.FR.83.HXB2_K03455), 640 illegal characters were removed:


WARNING: [000.000] Sequence number 2 (lcl|H1N.CM.95.YBF30_AJ006022), 1177 illegal characters were removed:


WARNING: [000.000] Sequence number 3 (lcl|H1O.BE.87.ANT70_L20587), 605 illegal characters were removed:
93 -s

WARNING: [000.000] Sequence number 4 (lcl|H1O.CM.91.MVP5180_L20571), 566 illegal characters were removed:
54 -s

WARNING: [000.000] Sequence number 5 (lcl|H2A.GW.-.ALI_AF082339), 6 illegal characters were removed:
6 -s

WARNING: [000.000] Sequence number 7 (lcl|H2A.SN.-.ST_M31113), 687 illegal characters were removed:


WARNING: [000.000] Sequence number 8 (lcl|H2B.GH.86.D205_X16109), 381 illegal characters were removed:
125 -s

WARNING: [000.000] Sequence number 9 (lcl|H2B.CI.-.EHO_U27200), 117 illegal characters were removed:
117 -s

WARNING: [000.000] Sequence number 10 (lcl|H2G.CI.-.ABT96_AF208027), 760 illegal characters were removed:


WARNING: [000.000] Sequence number 11 (lcl|H2U.FR.96.12034_AY530889), 752 illegal characters were removed:


Formatted 11 sequences in volume 0

========================[ Jan 21, 2015  3:45 PM ]========================
Version 2.2.11 [Jun-05-2005]
Started database file "C:\Users\Murilo\Desktop\rega-genotype\rega-genotype\xml\HIV\237261221\db.fasta"
WARNING: [000.000] Sequence number 1 (lcl|H1M_B.FR.83.HXB2_K03455), 640 illegal characters were removed:


WARNING: [000.000] Sequence number 2 (lcl|H1N.CM.95.YBF30_AJ006022), 1177 illegal characters were removed:


WARNING: [000.000] Sequence number 3 (lcl|H1O.BE.87.ANT70_L20587), 605 illegal characters were removed:
93 -s

WARNING: [000.000] Sequence number 4 (lcl|H1O.CM.91.MVP5180_L20571), 566 illegal characters were removed:
54 -s

WARNING: [000.000] Sequence number 5 (lcl|H2A.GW.-.ALI_AF082339), 6 illegal characters were removed:
6 -s

WARNING: [000.000] Sequence number 7 (lcl|H2A.SN.-.ST_M31113), 687 illegal characters were removed:


WARNING: [000.000] Sequence number 8 (lcl|H2B.GH.86.D205_X16109), 381 illegal characters were removed:
125 -s

WARNING: [000.000] Sequence number 9 (lcl|H2B.CI.-.EHO_U27200), 117 illegal characters were removed:
117 -s

WARNING: [000.000] Sequence number 10 (lcl|H2G.CI.-.ABT96_AF208027), 760 illegal characters were removed:


WARNING: [000.000] Sequence number 11 (lcl|H2U.FR.96.12034_AY530889), 752 illegal characters were removed:


Formatted 11 sequences in volume 0

========================[ Jan 21, 2015  3:48 PM ]========================
Version 2.2.11 [Jun-05-2005]
Started database file "C:\Users\Murilo\Desktop\rega-genotype\rega-genotype\xml\HIV\237261221\db.fasta"
WARNING: [000.000] Sequence number 1 (lcl|H1M_B.FR.83.HXB2_K03455), 640 illegal characters were removed:


WARNING: [000.000] Sequence number 2 (lcl|H1N.CM.95.YBF30_AJ006022), 1177 illegal characters were removed:


WARNING: [000.000] Sequence number 3 (lcl|H1O.BE.87.ANT70_L20587), 605 illegal characters were removed:
93 -s

WARNING: [000.000] Sequence number 4 (lcl|H1O.CM.91.MVP5180_L20571), 566 illegal characters were removed:
54 -s

WARNING: [000.000] Sequence number 5 (lcl|H2A.GW.-.ALI_AF082339), 6 illegal characters were removed:
6 -s

WARNING: [000.000] Sequence number 7 (lcl|H2A.SN.-.ST_M31113), 687 illegal characters were removed:


WARNING: [000.000] Sequence number 8 (lcl|H2B.GH.86.D205_X16109), 381 illegal characters were removed:
125 -s

WARNING: [000.000] Sequence number 9 (lcl|H2B.CI.-.EHO_U27200), 117 illegal characters were removed:
117 -s

WARNING: [000.000] Sequence number 10 (lcl|H2G.CI.-.ABT96_AF208027), 760 illegal characters were removed:


WARNING: [000.000] Sequence number 11 (lcl|H2U.FR.96.12034_AY530889), 752 illegal characters were removed:


Formatted 11 sequences in volume 0

========================[ Jan 21, 2015  3:52 PM ]========================
Version 2.2.11 [Jun-05-2005]
Started database file "C:\Users\Murilo\Desktop\rega-genotype\rega-genotype\xml\HIV\237261221\db.fasta"
WARNING: [000.000] Sequence number 1 (lcl|H1M_B.FR.83.HXB2_K03455), 640 illegal characters were removed:


WARNING: [000.000] Sequence number 2 (lcl|H1N.CM.95.YBF30_AJ006022), 1177 illegal characters were removed:


WARNING: [000.000] Sequence number 3 (lcl|H1O.BE.87.ANT70_L20587), 605 illegal characters were removed:
93 -s

WARNING: [000.000] Sequence number 4 (lcl|H1O.CM.91.MVP5180_L20571), 566 illegal characters were removed:
54 -s

WARNING: [000.000] Sequence number 5 (lcl|H2A.GW.-.ALI_AF082339), 6 illegal characters were removed:
6 -s

WARNING: [000.000] Sequence number 7 (lcl|H2A.SN.-.ST_M31113), 687 illegal characters were removed:


WARNING: [000.000] Sequence number 8 (lcl|H2B.GH.86.D205_X16109), 381 illegal characters were removed:
125 -s

WARNING: [000.000] Sequence number 9 (lcl|H2B.CI.-.EHO_U27200), 117 illegal characters were removed:
117 -s

WARNING: [000.000] Sequence number 10 (lcl|H2G.CI.-.ABT96_AF208027), 760 illegal characters were removed:


WARNING: [000.000] Sequence number 11 (lcl|H2U.FR.96.12034_AY530889), 752 illegal characters were removed:


Formatted 11 sequences in volume 0

========================[ Jan 21, 2015  3:55 PM ]========================
Version 2.2.11 [Jun-05-2005]
Started database file "C:\Users\Murilo\Desktop\rega-genotype\rega-genotype\xml\HIV\237261221\db.fasta"
WARNING: [000.000] Sequence number 1 (lcl|H1M_B.FR.83.HXB2_K03455), 640 illegal characters were removed:


WARNING: [000.000] Sequence number 2 (lcl|H1N.CM.95.YBF30_AJ006022), 1177 illegal characters were removed:


WARNING: [000.000] Sequence number 3 (lcl|H1O.BE.87.ANT70_L20587), 605 illegal characters were removed:
93 -s

WARNING: [000.000] Sequence number 4 (lcl|H1O.CM.91.MVP5180_L20571), 566 illegal characters were removed:
54 -s

WARNING: [000.000] Sequence number 5 (lcl|H2A.GW.-.ALI_AF082339), 6 illegal characters were removed:
6 -s

WARNING: [000.000] Sequence number 7 (lcl|H2A.SN.-.ST_M31113), 687 illegal characters were removed:


WARNING: [000.000] Sequence number 8 (lcl|H2B.GH.86.D205_X16109), 381 illegal characters were removed:
125 -s

WARNING: [000.000] Sequence number 9 (lcl|H2B.CI.-.EHO_U27200), 117 illegal characters were removed:
117 -s

WARNING: [000.000] Sequence number 10 (lcl|H2G.CI.-.ABT96_AF208027), 760 illegal characters were removed:


WARNING: [000.000] Sequence number 11 (lcl|H2U.FR.96.12034_AY530889), 752 illegal characters were removed:


Formatted 11 sequences in volume 0

========================[ Jan 21, 2015  3:59 PM ]========================
Version 2.2.11 [Jun-05-2005]
Started database file "C:\Users\Murilo\Desktop\rega-genotype\rega-genotype\xml\HIV\237261221\db.fasta"
WARNING: [000.000] Sequence number 1 (lcl|H1M_B.FR.83.HXB2_K03455), 640 illegal characters were removed:


WARNING: [000.000] Sequence number 2 (lcl|H1N.CM.95.YBF30_AJ006022), 1177 illegal characters were removed:


WARNING: [000.000] Sequence number 3 (lcl|H1O.BE.87.ANT70_L20587), 605 illegal characters were removed:
93 -s

WARNING: [000.000] Sequence number 4 (lcl|H1O.CM.91.MVP5180_L20571), 566 illegal characters were removed:
54 -s

WARNING: [000.000] Sequence number 5 (lcl|H2A.GW.-.ALI_AF082339), 6 illegal characters were removed:
6 -s

WARNING: [000.000] Sequence number 7 (lcl|H2A.SN.-.ST_M31113), 687 illegal characters were removed:


WARNING: [000.000] Sequence number 8 (lcl|H2B.GH.86.D205_X16109), 381 illegal characters were removed:
125 -s

WARNING: [000.000] Sequence number 9 (lcl|H2B.CI.-.EHO_U27200), 117 illegal characters were removed:
117 -s

WARNING: [000.000] Sequence number 10 (lcl|H2G.CI.-.ABT96_AF208027), 760 illegal characters were removed:


WARNING: [000.000] Sequence number 11 (lcl|H2U.FR.96.12034_AY530889), 752 illegal characters were removed:


Formatted 11 sequences in volume 0

========================[ Jan 21, 2015  4:02 PM ]========================
Version 2.2.11 [Jun-05-2005]
Started database file "C:\Users\Murilo\Desktop\rega-genotype\rega-genotype\xml\HIV\237261221\db.fasta"
WARNING: [000.000] Sequence number 1 (lcl|H1M_B.FR.83.HXB2_K03455), 640 illegal characters were removed:


WARNING: [000.000] Sequence number 2 (lcl|H1N.CM.95.YBF30_AJ006022), 1177 illegal characters were removed:


WARNING: [000.000] Sequence number 3 (lcl|H1O.BE.87.ANT70_L20587), 605 illegal characters were removed:
93 -s

WARNING: [000.000] Sequence number 4 (lcl|H1O.CM.91.MVP5180_L20571), 566 illegal characters were removed:
54 -s

WARNING: [000.000] Sequence number 5 (lcl|H2A.GW.-.ALI_AF082339), 6 illegal characters were removed:
6 -s

WARNING: [000.000] Sequence number 7 (lcl|H2A.SN.-.ST_M31113), 687 illegal characters were removed:


WARNING: [000.000] Sequence number 8 (lcl|H2B.GH.86.D205_X16109), 381 illegal characters were removed:
125 -s

WARNING: [000.000] Sequence number 9 (lcl|H2B.CI.-.EHO_U27200), 117 illegal characters were removed:
117 -s

WARNING: [000.000] Sequence number 10 (lcl|H2G.CI.-.ABT96_AF208027), 760 illegal characters were removed:


WARNING: [000.000] Sequence number 11 (lcl|H2U.FR.96.12034_AY530889), 752 illegal characters were removed:


Formatted 11 sequences in volume 0

========================[ Jan 21, 2015  4:06 PM ]========================
Version 2.2.11 [Jun-05-2005]
Started database file "C:\Users\Murilo\Desktop\rega-genotype\rega-genotype\xml\HIV\237261221\db.fasta"
WARNING: [000.000] Sequence number 1 (lcl|H1M_B.FR.83.HXB2_K03455), 640 illegal characters were removed:


WARNING: [000.000] Sequence number 2 (lcl|H1N.CM.95.YBF30_AJ006022), 1177 illegal characters were removed:


WARNING: [000.000] Sequence number 3 (lcl|H1O.BE.87.ANT70_L20587), 605 illegal characters were removed:
93 -s

WARNING: [000.000] Sequence number 4 (lcl|H1O.CM.91.MVP5180_L20571), 566 illegal characters were removed:
54 -s

WARNING: [000.000] Sequence number 5 (lcl|H2A.GW.-.ALI_AF082339), 6 illegal characters were removed:
6 -s

WARNING: [000.000] Sequence number 7 (lcl|H2A.SN.-.ST_M31113), 687 illegal characters were removed:


WARNING: [000.000] Sequence number 8 (lcl|H2B.GH.86.D205_X16109), 381 illegal characters were removed:
125 -s

WARNING: [000.000] Sequence number 9 (lcl|H2B.CI.-.EHO_U27200), 117 illegal characters were removed:
117 -s

WARNING: [000.000] Sequence number 10 (lcl|H2G.CI.-.ABT96_AF208027), 760 illegal characters were removed:


WARNING: [000.000] Sequence number 11 (lcl|H2U.FR.96.12034_AY530889), 752 illegal characters were removed:


Formatted 11 sequences in volume 0

========================[ Jan 21, 2015  4:10 PM ]========================
Version 2.2.11 [Jun-05-2005]
Started database file "C:\Users\Murilo\Desktop\rega-genotype\rega-genotype\xml\HIV\237261221\db.fasta"
WARNING: [000.000] Sequence number 1 (lcl|H1M_B.FR.83.HXB2_K03455), 640 illegal characters were removed:


WARNING: [000.000] Sequence number 2 (lcl|H1N.CM.95.YBF30_AJ006022), 1177 illegal characters were removed:


WARNING: [000.000] Sequence number 3 (lcl|H1O.BE.87.ANT70_L20587), 605 illegal characters were removed:
93 -s

WARNING: [000.000] Sequence number 4 (lcl|H1O.CM.91.MVP5180_L20571), 566 illegal characters were removed:
54 -s

WARNING: [000.000] Sequence number 5 (lcl|H2A.GW.-.ALI_AF082339), 6 illegal characters were removed:
6 -s

WARNING: [000.000] Sequence number 7 (lcl|H2A.SN.-.ST_M31113), 687 illegal characters were removed:


WARNING: [000.000] Sequence number 8 (lcl|H2B.GH.86.D205_X16109), 381 illegal characters were removed:
125 -s

WARNING: [000.000] Sequence number 9 (lcl|H2B.CI.-.EHO_U27200), 117 illegal characters were removed:
117 -s

WARNING: [000.000] Sequence number 10 (lcl|H2G.CI.-.ABT96_AF208027), 760 illegal characters were removed:


WARNING: [000.000] Sequence number 11 (lcl|H2U.FR.96.12034_AY530889), 752 illegal characters were removed:


Formatted 11 sequences in volume 0

========================[ Jan 21, 2015  4:15 PM ]========================
Version 2.2.11 [Jun-05-2005]
Started database file "C:\Users\Murilo\Desktop\rega-genotype\rega-genotype\xml\HIV\237261221\db.fasta"
WARNING: [000.000] Sequence number 1 (lcl|H1M_B.FR.83.HXB2_K03455), 640 illegal characters were removed:


WARNING: [000.000] Sequence number 2 (lcl|H1N.CM.95.YBF30_AJ006022), 1177 illegal characters were removed:


WARNING: [000.000] Sequence number 3 (lcl|H1O.BE.87.ANT70_L20587), 605 illegal characters were removed:
93 -s

WARNING: [000.000] Sequence number 4 (lcl|H1O.CM.91.MVP5180_L20571), 566 illegal characters were removed:
54 -s

WARNING: [000.000] Sequence number 5 (lcl|H2A.GW.-.ALI_AF082339), 6 illegal characters were removed:
6 -s

WARNING: [000.000] Sequence number 7 (lcl|H2A.SN.-.ST_M31113), 687 illegal characters were removed:


WARNING: [000.000] Sequence number 8 (lcl|H2B.GH.86.D205_X16109), 381 illegal characters were removed:
125 -s

WARNING: [000.000] Sequence number 9 (lcl|H2B.CI.-.EHO_U27200), 117 illegal characters were removed:
117 -s

WARNING: [000.000] Sequence number 10 (lcl|H2G.CI.-.ABT96_AF208027), 760 illegal characters were removed:


WARNING: [000.000] Sequence number 11 (lcl|H2U.FR.96.12034_AY530889), 752 illegal characters were removed:


Formatted 11 sequences in volume 0

========================[ Jan 21, 2015  4:18 PM ]========================
Version 2.2.11 [Jun-05-2005]
Started database file "C:\Users\Murilo\Desktop\rega-genotype\rega-genotype\xml\HIV\237261221\db.fasta"
WARNING: [000.000] Sequence number 1 (lcl|H1M_B.FR.83.HXB2_K03455), 640 illegal characters were removed:


WARNING: [000.000] Sequence number 2 (lcl|H1N.CM.95.YBF30_AJ006022), 1177 illegal characters were removed:


WARNING: [000.000] Sequence number 3 (lcl|H1O.BE.87.ANT70_L20587), 605 illegal characters were removed:
93 -s

WARNING: [000.000] Sequence number 4 (lcl|H1O.CM.91.MVP5180_L20571), 566 illegal characters were removed:
54 -s

WARNING: [000.000] Sequence number 5 (lcl|H2A.GW.-.ALI_AF082339), 6 illegal characters were removed:
6 -s

WARNING: [000.000] Sequence number 7 (lcl|H2A.SN.-.ST_M31113), 687 illegal characters were removed:


WARNING: [000.000] Sequence number 8 (lcl|H2B.GH.86.D205_X16109), 381 illegal characters were removed:
125 -s

WARNING: [000.000] Sequence number 9 (lcl|H2B.CI.-.EHO_U27200), 117 illegal characters were removed:
117 -s

WARNING: [000.000] Sequence number 10 (lcl|H2G.CI.-.ABT96_AF208027), 760 illegal characters were removed:


WARNING: [000.000] Sequence number 11 (lcl|H2U.FR.96.12034_AY530889), 752 illegal characters were removed:


Formatted 11 sequences in volume 0

========================[ Jan 21, 2015  4:21 PM ]========================
Version 2.2.11 [Jun-05-2005]
Started database file "C:\Users\Murilo\Desktop\rega-genotype\rega-genotype\xml\HIV\237261221\db.fasta"
WARNING: [000.000] Sequence number 1 (lcl|H1M_B.FR.83.HXB2_K03455), 640 illegal characters were removed:


WARNING: [000.000] Sequence number 2 (lcl|H1N.CM.95.YBF30_AJ006022), 1177 illegal characters were removed:


WARNING: [000.000] Sequence number 3 (lcl|H1O.BE.87.ANT70_L20587), 605 illegal characters were removed:
93 -s

WARNING: [000.000] Sequence number 4 (lcl|H1O.CM.91.MVP5180_L20571), 566 illegal characters were removed:
54 -s

WARNING: [000.000] Sequence number 5 (lcl|H2A.GW.-.ALI_AF082339), 6 illegal characters were removed:
6 -s

WARNING: [000.000] Sequence number 7 (lcl|H2A.SN.-.ST_M31113), 687 illegal characters were removed:


WARNING: [000.000] Sequence number 8 (lcl|H2B.GH.86.D205_X16109), 381 illegal characters were removed:
125 -s

WARNING: [000.000] Sequence number 9 (lcl|H2B.CI.-.EHO_U27200), 117 illegal characters were removed:
117 -s

WARNING: [000.000] Sequence number 10 (lcl|H2G.CI.-.ABT96_AF208027), 760 illegal characters were removed:


WARNING: [000.000] Sequence number 11 (lcl|H2U.FR.96.12034_AY530889), 752 illegal characters were removed:


Formatted 11 sequences in volume 0

========================[ Jan 21, 2015  4:24 PM ]========================
Version 2.2.11 [Jun-05-2005]
Started database file "C:\Users\Murilo\Desktop\rega-genotype\rega-genotype\xml\HIV\237261221\db.fasta"
WARNING: [000.000] Sequence number 1 (lcl|H1M_B.FR.83.HXB2_K03455), 640 illegal characters were removed:


WARNING: [000.000] Sequence number 2 (lcl|H1N.CM.95.YBF30_AJ006022), 1177 illegal characters were removed:


WARNING: [000.000] Sequence number 3 (lcl|H1O.BE.87.ANT70_L20587), 605 illegal characters were removed:
93 -s

WARNING: [000.000] Sequence number 4 (lcl|H1O.CM.91.MVP5180_L20571), 566 illegal characters were removed:
54 -s

WARNING: [000.000] Sequence number 5 (lcl|H2A.GW.-.ALI_AF082339), 6 illegal characters were removed:
6 -s

WARNING: [000.000] Sequence number 7 (lcl|H2A.SN.-.ST_M31113), 687 illegal characters were removed:


WARNING: [000.000] Sequence number 8 (lcl|H2B.GH.86.D205_X16109), 381 illegal characters were removed:
125 -s

WARNING: [000.000] Sequence number 9 (lcl|H2B.CI.-.EHO_U27200), 117 illegal characters were removed:
117 -s

WARNING: [000.000] Sequence number 10 (lcl|H2G.CI.-.ABT96_AF208027), 760 illegal characters were removed:


WARNING: [000.000] Sequence number 11 (lcl|H2U.FR.96.12034_AY530889), 752 illegal characters were removed:


Formatted 11 sequences in volume 0

========================[ Jan 21, 2015  4:27 PM ]========================
Version 2.2.11 [Jun-05-2005]
Started database file "C:\Users\Murilo\Desktop\rega-genotype\rega-genotype\xml\HIV\237261221\db.fasta"
WARNING: [000.000] Sequence number 1 (lcl|H1M_B.FR.83.HXB2_K03455), 640 illegal characters were removed:


WARNING: [000.000] Sequence number 2 (lcl|H1N.CM.95.YBF30_AJ006022), 1177 illegal characters were removed:


WARNING: [000.000] Sequence number 3 (lcl|H1O.BE.87.ANT70_L20587), 605 illegal characters were removed:
93 -s

WARNING: [000.000] Sequence number 4 (lcl|H1O.CM.91.MVP5180_L20571), 566 illegal characters were removed:
54 -s

WARNING: [000.000] Sequence number 5 (lcl|H2A.GW.-.ALI_AF082339), 6 illegal characters were removed:
6 -s

WARNING: [000.000] Sequence number 7 (lcl|H2A.SN.-.ST_M31113), 687 illegal characters were removed:


WARNING: [000.000] Sequence number 8 (lcl|H2B.GH.86.D205_X16109), 381 illegal characters were removed:
125 -s

WARNING: [000.000] Sequence number 9 (lcl|H2B.CI.-.EHO_U27200), 117 illegal characters were removed:
117 -s

WARNING: [000.000] Sequence number 10 (lcl|H2G.CI.-.ABT96_AF208027), 760 illegal characters were removed:


WARNING: [000.000] Sequence number 11 (lcl|H2U.FR.96.12034_AY530889), 752 illegal characters were removed:


Formatted 11 sequences in volume 0

========================[ Jan 21, 2015  4:30 PM ]========================
Version 2.2.11 [Jun-05-2005]
Started database file "C:\Users\Murilo\Desktop\rega-genotype\rega-genotype\xml\HIV\237261221\db.fasta"
WARNING: [000.000] Sequence number 1 (lcl|H1M_B.FR.83.HXB2_K03455), 640 illegal characters were removed:


WARNING: [000.000] Sequence number 2 (lcl|H1N.CM.95.YBF30_AJ006022), 1177 illegal characters were removed:


WARNING: [000.000] Sequence number 3 (lcl|H1O.BE.87.ANT70_L20587), 605 illegal characters were removed:
93 -s

WARNING: [000.000] Sequence number 4 (lcl|H1O.CM.91.MVP5180_L20571), 566 illegal characters were removed:
54 -s

WARNING: [000.000] Sequence number 5 (lcl|H2A.GW.-.ALI_AF082339), 6 illegal characters were removed:
6 -s

WARNING: [000.000] Sequence number 7 (lcl|H2A.SN.-.ST_M31113), 687 illegal characters were removed:


WARNING: [000.000] Sequence number 8 (lcl|H2B.GH.86.D205_X16109), 381 illegal characters were removed:
125 -s

WARNING: [000.000] Sequence number 9 (lcl|H2B.CI.-.EHO_U27200), 117 illegal characters were removed:
117 -s

WARNING: [000.000] Sequence number 10 (lcl|H2G.CI.-.ABT96_AF208027), 760 illegal characters were removed:


WARNING: [000.000] Sequence number 11 (lcl|H2U.FR.96.12034_AY530889), 752 illegal characters were removed:


Formatted 11 sequences in volume 0

========================[ Jan 21, 2015  4:33 PM ]========================
Version 2.2.11 [Jun-05-2005]
Started database file "C:\Users\Murilo\Desktop\rega-genotype\rega-genotype\xml\HIV\237261221\db.fasta"
WARNING: [000.000] Sequence number 1 (lcl|H1M_B.FR.83.HXB2_K03455), 640 illegal characters were removed:


WARNING: [000.000] Sequence number 2 (lcl|H1N.CM.95.YBF30_AJ006022), 1177 illegal characters were removed:


WARNING: [000.000] Sequence number 3 (lcl|H1O.BE.87.ANT70_L20587), 605 illegal characters were removed:
93 -s

WARNING: [000.000] Sequence number 4 (lcl|H1O.CM.91.MVP5180_L20571), 566 illegal characters were removed:
54 -s

WARNING: [000.000] Sequence number 5 (lcl|H2A.GW.-.ALI_AF082339), 6 illegal characters were removed:
6 -s

WARNING: [000.000] Sequence number 7 (lcl|H2A.SN.-.ST_M31113), 687 illegal characters were removed:


WARNING: [000.000] Sequence number 8 (lcl|H2B.GH.86.D205_X16109), 381 illegal characters were removed:
125 -s

WARNING: [000.000] Sequence number 9 (lcl|H2B.CI.-.EHO_U27200), 117 illegal characters were removed:
117 -s

WARNING: [000.000] Sequence number 10 (lcl|H2G.CI.-.ABT96_AF208027), 760 illegal characters were removed:


WARNING: [000.000] Sequence number 11 (lcl|H2U.FR.96.12034_AY530889), 752 illegal characters were removed:


Formatted 11 sequences in volume 0

========================[ Jan 21, 2015  4:37 PM ]========================
Version 2.2.11 [Jun-05-2005]
Started database file "C:\Users\Murilo\Desktop\rega-genotype\rega-genotype\xml\HIV\237261221\db.fasta"
WARNING: [000.000] Sequence number 1 (lcl|H1M_B.FR.83.HXB2_K03455), 640 illegal characters were removed:


WARNING: [000.000] Sequence number 2 (lcl|H1N.CM.95.YBF30_AJ006022), 1177 illegal characters were removed:


WARNING: [000.000] Sequence number 3 (lcl|H1O.BE.87.ANT70_L20587), 605 illegal characters were removed:
93 -s

WARNING: [000.000] Sequence number 4 (lcl|H1O.CM.91.MVP5180_L20571), 566 illegal characters were removed:
54 -s

WARNING: [000.000] Sequence number 5 (lcl|H2A.GW.-.ALI_AF082339), 6 illegal characters were removed:
6 -s

WARNING: [000.000] Sequence number 7 (lcl|H2A.SN.-.ST_M31113), 687 illegal characters were removed:


WARNING: [000.000] Sequence number 8 (lcl|H2B.GH.86.D205_X16109), 381 illegal characters were removed:
125 -s

WARNING: [000.000] Sequence number 9 (lcl|H2B.CI.-.EHO_U27200), 117 illegal characters were removed:
117 -s

WARNING: [000.000] Sequence number 10 (lcl|H2G.CI.-.ABT96_AF208027), 760 illegal characters were removed:


WARNING: [000.000] Sequence number 11 (lcl|H2U.FR.96.12034_AY530889), 752 illegal characters were removed:


Formatted 11 sequences in volume 0

========================[ Jan 21, 2015  4:40 PM ]========================
Version 2.2.11 [Jun-05-2005]
Started database file "C:\Users\Murilo\Desktop\rega-genotype\rega-genotype\xml\HIV\237261221\db.fasta"
WARNING: [000.000] Sequence number 1 (lcl|H1M_B.FR.83.HXB2_K03455), 640 illegal characters were removed:


WARNING: [000.000] Sequence number 2 (lcl|H1N.CM.95.YBF30_AJ006022), 1177 illegal characters were removed:


WARNING: [000.000] Sequence number 3 (lcl|H1O.BE.87.ANT70_L20587), 605 illegal characters were removed:
93 -s

WARNING: [000.000] Sequence number 4 (lcl|H1O.CM.91.MVP5180_L20571), 566 illegal characters were removed:
54 -s

WARNING: [000.000] Sequence number 5 (lcl|H2A.GW.-.ALI_AF082339), 6 illegal characters were removed:
6 -s

WARNING: [000.000] Sequence number 7 (lcl|H2A.SN.-.ST_M31113), 687 illegal characters were removed:


WARNING: [000.000] Sequence number 8 (lcl|H2B.GH.86.D205_X16109), 381 illegal characters were removed:
125 -s

WARNING: [000.000] Sequence number 9 (lcl|H2B.CI.-.EHO_U27200), 117 illegal characters were removed:
117 -s

WARNING: [000.000] Sequence number 10 (lcl|H2G.CI.-.ABT96_AF208027), 760 illegal characters were removed:


WARNING: [000.000] Sequence number 11 (lcl|H2U.FR.96.12034_AY530889), 752 illegal characters were removed:


Formatted 11 sequences in volume 0

========================[ Jan 21, 2015  4:45 PM ]========================
Version 2.2.11 [Jun-05-2005]
Started database file "C:\Users\Murilo\Desktop\rega-genotype\rega-genotype\xml\HIV\237261221\db.fasta"
WARNING: [000.000] Sequence number 1 (lcl|H1M_B.FR.83.HXB2_K03455), 640 illegal characters were removed:


WARNING: [000.000] Sequence number 2 (lcl|H1N.CM.95.YBF30_AJ006022), 1177 illegal characters were removed:


WARNING: [000.000] Sequence number 3 (lcl|H1O.BE.87.ANT70_L20587), 605 illegal characters were removed:
93 -s

WARNING: [000.000] Sequence number 4 (lcl|H1O.CM.91.MVP5180_L20571), 566 illegal characters were removed:
54 -s

WARNING: [000.000] Sequence number 5 (lcl|H2A.GW.-.ALI_AF082339), 6 illegal characters were removed:
6 -s

WARNING: [000.000] Sequence number 7 (lcl|H2A.SN.-.ST_M31113), 687 illegal characters were removed:


WARNING: [000.000] Sequence number 8 (lcl|H2B.GH.86.D205_X16109), 381 illegal characters were removed:
125 -s

WARNING: [000.000] Sequence number 9 (lcl|H2B.CI.-.EHO_U27200), 117 illegal characters were removed:
117 -s

WARNING: [000.000] Sequence number 10 (lcl|H2G.CI.-.ABT96_AF208027), 760 illegal characters were removed:


WARNING: [000.000] Sequence number 11 (lcl|H2U.FR.96.12034_AY530889), 752 illegal characters were removed:


Formatted 11 sequences in volume 0

========================[ Jan 21, 2015  4:51 PM ]========================
Version 2.2.11 [Jun-05-2005]
Started database file "C:\Users\Murilo\Desktop\rega-genotype\rega-genotype\xml\HIV\237261221\db.fasta"
WARNING: [000.000] Sequence number 1 (lcl|H1M_B.FR.83.HXB2_K03455), 640 illegal characters were removed:


WARNING: [000.000] Sequence number 2 (lcl|H1N.CM.95.YBF30_AJ006022), 1177 illegal characters were removed:


WARNING: [000.000] Sequence number 3 (lcl|H1O.BE.87.ANT70_L20587), 605 illegal characters were removed:
93 -s

WARNING: [000.000] Sequence number 4 (lcl|H1O.CM.91.MVP5180_L20571), 566 illegal characters were removed:
54 -s

WARNING: [000.000] Sequence number 5 (lcl|H2A.GW.-.ALI_AF082339), 6 illegal characters were removed:
6 -s

WARNING: [000.000] Sequence number 7 (lcl|H2A.SN.-.ST_M31113), 687 illegal characters were removed:


WARNING: [000.000] Sequence number 8 (lcl|H2B.GH.86.D205_X16109), 381 illegal characters were removed:
125 -s

WARNING: [000.000] Sequence number 9 (lcl|H2B.CI.-.EHO_U27200), 117 illegal characters were removed:
117 -s

WARNING: [000.000] Sequence number 10 (lcl|H2G.CI.-.ABT96_AF208027), 760 illegal characters were removed:


WARNING: [000.000] Sequence number 11 (lcl|H2U.FR.96.12034_AY530889), 752 illegal characters were removed:


Formatted 11 sequences in volume 0

========================[ Jan 21, 2015  4:57 PM ]========================
Version 2.2.11 [Jun-05-2005]
Started database file "C:\Users\Murilo\Desktop\rega-genotype\rega-genotype\xml\HIV\237261221\db.fasta"
WARNING: [000.000] Sequence number 1 (lcl|H1M_B.FR.83.HXB2_K03455), 640 illegal characters were removed:


WARNING: [000.000] Sequence number 2 (lcl|H1N.CM.95.YBF30_AJ006022), 1177 illegal characters were removed:


WARNING: [000.000] Sequence number 3 (lcl|H1O.BE.87.ANT70_L20587), 605 illegal characters were removed:
93 -s

WARNING: [000.000] Sequence number 4 (lcl|H1O.CM.91.MVP5180_L20571), 566 illegal characters were removed:
54 -s

WARNING: [000.000] Sequence number 5 (lcl|H2A.GW.-.ALI_AF082339), 6 illegal characters were removed:
6 -s

WARNING: [000.000] Sequence number 7 (lcl|H2A.SN.-.ST_M31113), 687 illegal characters were removed:


WARNING: [000.000] Sequence number 8 (lcl|H2B.GH.86.D205_X16109), 381 illegal characters were removed:
125 -s

WARNING: [000.000] Sequence number 9 (lcl|H2B.CI.-.EHO_U27200), 117 illegal characters were removed:
117 -s

WARNING: [000.000] Sequence number 10 (lcl|H2G.CI.-.ABT96_AF208027), 760 illegal characters were removed:


WARNING: [000.000] Sequence number 11 (lcl|H2U.FR.96.12034_AY530889), 752 illegal characters were removed:


Formatted 11 sequences in volume 0

========================[ Jan 21, 2015  5:03 PM ]========================
Version 2.2.11 [Jun-05-2005]
Started database file "C:\Users\Murilo\Desktop\rega-genotype\rega-genotype\xml\HIV\237261221\db.fasta"
WARNING: [000.000] Sequence number 1 (lcl|H1M_B.FR.83.HXB2_K03455), 640 illegal characters were removed:


WARNING: [000.000] Sequence number 2 (lcl|H1N.CM.95.YBF30_AJ006022), 1177 illegal characters were removed:


WARNING: [000.000] Sequence number 3 (lcl|H1O.BE.87.ANT70_L20587), 605 illegal characters were removed:
93 -s

WARNING: [000.000] Sequence number 4 (lcl|H1O.CM.91.MVP5180_L20571), 566 illegal characters were removed:
54 -s

WARNING: [000.000] Sequence number 5 (lcl|H2A.GW.-.ALI_AF082339), 6 illegal characters were removed:
6 -s

WARNING: [000.000] Sequence number 7 (lcl|H2A.SN.-.ST_M31113), 687 illegal characters were removed:


WARNING: [000.000] Sequence number 8 (lcl|H2B.GH.86.D205_X16109), 381 illegal characters were removed:
125 -s

WARNING: [000.000] Sequence number 9 (lcl|H2B.CI.-.EHO_U27200), 117 illegal characters were removed:
117 -s

WARNING: [000.000] Sequence number 10 (lcl|H2G.CI.-.ABT96_AF208027), 760 illegal characters were removed:


WARNING: [000.000] Sequence number 11 (lcl|H2U.FR.96.12034_AY530889), 752 illegal characters were removed:


Formatted 11 sequences in volume 0

========================[ Jan 21, 2015  5:10 PM ]========================
Version 2.2.11 [Jun-05-2005]
Started database file "C:\Users\Murilo\Desktop\rega-genotype\rega-genotype\xml\HIV\237261221\db.fasta"
WARNING: [000.000] Sequence number 1 (lcl|H1M_B.FR.83.HXB2_K03455), 640 illegal characters were removed:


WARNING: [000.000] Sequence number 2 (lcl|H1N.CM.95.YBF30_AJ006022), 1177 illegal characters were removed:


WARNING: [000.000] Sequence number 3 (lcl|H1O.BE.87.ANT70_L20587), 605 illegal characters were removed:
93 -s

WARNING: [000.000] Sequence number 4 (lcl|H1O.CM.91.MVP5180_L20571), 566 illegal characters were removed:
54 -s

WARNING: [000.000] Sequence number 5 (lcl|H2A.GW.-.ALI_AF082339), 6 illegal characters were removed:
6 -s

WARNING: [000.000] Sequence number 7 (lcl|H2A.SN.-.ST_M31113), 687 illegal characters were removed:


WARNING: [000.000] Sequence number 8 (lcl|H2B.GH.86.D205_X16109), 381 illegal characters were removed:
125 -s

WARNING: [000.000] Sequence number 9 (lcl|H2B.CI.-.EHO_U27200), 117 illegal characters were removed:
117 -s

WARNING: [000.000] Sequence number 10 (lcl|H2G.CI.-.ABT96_AF208027), 760 illegal characters were removed:


WARNING: [000.000] Sequence number 11 (lcl|H2U.FR.96.12034_AY530889), 752 illegal characters were removed:


Formatted 11 sequences in volume 0

========================[ Jan 21, 2015  5:16 PM ]========================
Version 2.2.11 [Jun-05-2005]
Started database file "C:\Users\Murilo\Desktop\rega-genotype\rega-genotype\xml\HIV\237261221\db.fasta"
WARNING: [000.000] Sequence number 1 (lcl|H1M_B.FR.83.HXB2_K03455), 640 illegal characters were removed:


WARNING: [000.000] Sequence number 2 (lcl|H1N.CM.95.YBF30_AJ006022), 1177 illegal characters were removed:


WARNING: [000.000] Sequence number 3 (lcl|H1O.BE.87.ANT70_L20587), 605 illegal characters were removed:
93 -s

WARNING: [000.000] Sequence number 4 (lcl|H1O.CM.91.MVP5180_L20571), 566 illegal characters were removed:
54 -s

WARNING: [000.000] Sequence number 5 (lcl|H2A.GW.-.ALI_AF082339), 6 illegal characters were removed:
6 -s

WARNING: [000.000] Sequence number 7 (lcl|H2A.SN.-.ST_M31113), 687 illegal characters were removed:


WARNING: [000.000] Sequence number 8 (lcl|H2B.GH.86.D205_X16109), 381 illegal characters were removed:
125 -s

WARNING: [000.000] Sequence number 9 (lcl|H2B.CI.-.EHO_U27200), 117 illegal characters were removed:
117 -s

WARNING: [000.000] Sequence number 10 (lcl|H2G.CI.-.ABT96_AF208027), 760 illegal characters were removed:


WARNING: [000.000] Sequence number 11 (lcl|H2U.FR.96.12034_AY530889), 752 illegal characters were removed:


Formatted 11 sequences in volume 0

========================[ Jan 21, 2015  5:23 PM ]========================
Version 2.2.11 [Jun-05-2005]
Started database file "C:\Users\Murilo\Desktop\rega-genotype\rega-genotype\xml\HIV\237261221\db.fasta"
WARNING: [000.000] Sequence number 1 (lcl|H1M_B.FR.83.HXB2_K03455), 640 illegal characters were removed:


WARNING: [000.000] Sequence number 2 (lcl|H1N.CM.95.YBF30_AJ006022), 1177 illegal characters were removed:


WARNING: [000.000] Sequence number 3 (lcl|H1O.BE.87.ANT70_L20587), 605 illegal characters were removed:
93 -s

WARNING: [000.000] Sequence number 4 (lcl|H1O.CM.91.MVP5180_L20571), 566 illegal characters were removed:
54 -s

WARNING: [000.000] Sequence number 5 (lcl|H2A.GW.-.ALI_AF082339), 6 illegal characters were removed:
6 -s

WARNING: [000.000] Sequence number 7 (lcl|H2A.SN.-.ST_M31113), 687 illegal characters were removed:


WARNING: [000.000] Sequence number 8 (lcl|H2B.GH.86.D205_X16109), 381 illegal characters were removed:
125 -s

WARNING: [000.000] Sequence number 9 (lcl|H2B.CI.-.EHO_U27200), 117 illegal characters were removed:
117 -s

WARNING: [000.000] Sequence number 10 (lcl|H2G.CI.-.ABT96_AF208027), 760 illegal characters were removed:


WARNING: [000.000] Sequence number 11 (lcl|H2U.FR.96.12034_AY530889), 752 illegal characters were removed:


Formatted 11 sequences in volume 0

========================[ Jan 21, 2015  5:29 PM ]========================
Version 2.2.11 [Jun-05-2005]
Started database file "C:\Users\Murilo\Desktop\rega-genotype\rega-genotype\xml\HIV\237261221\db.fasta"
WARNING: [000.000] Sequence number 1 (lcl|H1M_B.FR.83.HXB2_K03455), 640 illegal characters were removed:


WARNING: [000.000] Sequence number 2 (lcl|H1N.CM.95.YBF30_AJ006022), 1177 illegal characters were removed:


WARNING: [000.000] Sequence number 3 (lcl|H1O.BE.87.ANT70_L20587), 605 illegal characters were removed:
93 -s

WARNING: [000.000] Sequence number 4 (lcl|H1O.CM.91.MVP5180_L20571), 566 illegal characters were removed:
54 -s

WARNING: [000.000] Sequence number 5 (lcl|H2A.GW.-.ALI_AF082339), 6 illegal characters were removed:
6 -s

WARNING: [000.000] Sequence number 7 (lcl|H2A.SN.-.ST_M31113), 687 illegal characters were removed:


WARNING: [000.000] Sequence number 8 (lcl|H2B.GH.86.D205_X16109), 381 illegal characters were removed:
125 -s

WARNING: [000.000] Sequence number 9 (lcl|H2B.CI.-.EHO_U27200), 117 illegal characters were removed:
117 -s

WARNING: [000.000] Sequence number 10 (lcl|H2G.CI.-.ABT96_AF208027), 760 illegal characters were removed:


WARNING: [000.000] Sequence number 11 (lcl|H2U.FR.96.12034_AY530889), 752 illegal characters were removed:


Formatted 11 sequences in volume 0

========================[ Jan 21, 2015  5:35 PM ]========================
Version 2.2.11 [Jun-05-2005]
Started database file "C:\Users\Murilo\Desktop\rega-genotype\rega-genotype\xml\HIV\237261221\db.fasta"
WARNING: [000.000] Sequence number 1 (lcl|H1M_B.FR.83.HXB2_K03455), 640 illegal characters were removed:


WARNING: [000.000] Sequence number 2 (lcl|H1N.CM.95.YBF30_AJ006022), 1177 illegal characters were removed:


WARNING: [000.000] Sequence number 3 (lcl|H1O.BE.87.ANT70_L20587), 605 illegal characters were removed:
93 -s

WARNING: [000.000] Sequence number 4 (lcl|H1O.CM.91.MVP5180_L20571), 566 illegal characters were removed:
54 -s

WARNING: [000.000] Sequence number 5 (lcl|H2A.GW.-.ALI_AF082339), 6 illegal characters were removed:
6 -s

WARNING: [000.000] Sequence number 7 (lcl|H2A.SN.-.ST_M31113), 687 illegal characters were removed:


WARNING: [000.000] Sequence number 8 (lcl|H2B.GH.86.D205_X16109), 381 illegal characters were removed:
125 -s

WARNING: [000.000] Sequence number 9 (lcl|H2B.CI.-.EHO_U27200), 117 illegal characters were removed:
117 -s

WARNING: [000.000] Sequence number 10 (lcl|H2G.CI.-.ABT96_AF208027), 760 illegal characters were removed:


WARNING: [000.000] Sequence number 11 (lcl|H2U.FR.96.12034_AY530889), 752 illegal characters were removed:


Formatted 11 sequences in volume 0

========================[ Jan 21, 2015  5:41 PM ]========================
Version 2.2.11 [Jun-05-2005]
Started database file "C:\Users\Murilo\Desktop\rega-genotype\rega-genotype\xml\HIV\237261221\db.fasta"
WARNING: [000.000] Sequence number 1 (lcl|H1M_B.FR.83.HXB2_K03455), 640 illegal characters were removed:


WARNING: [000.000] Sequence number 2 (lcl|H1N.CM.95.YBF30_AJ006022), 1177 illegal characters were removed:


WARNING: [000.000] Sequence number 3 (lcl|H1O.BE.87.ANT70_L20587), 605 illegal characters were removed:
93 -s

WARNING: [000.000] Sequence number 4 (lcl|H1O.CM.91.MVP5180_L20571), 566 illegal characters were removed:
54 -s

WARNING: [000.000] Sequence number 5 (lcl|H2A.GW.-.ALI_AF082339), 6 illegal characters were removed:
6 -s

WARNING: [000.000] Sequence number 7 (lcl|H2A.SN.-.ST_M31113), 687 illegal characters were removed:


WARNING: [000.000] Sequence number 8 (lcl|H2B.GH.86.D205_X16109), 381 illegal characters were removed:
125 -s

WARNING: [000.000] Sequence number 9 (lcl|H2B.CI.-.EHO_U27200), 117 illegal characters were removed:
117 -s

WARNING: [000.000] Sequence number 10 (lcl|H2G.CI.-.ABT96_AF208027), 760 illegal characters were removed:


WARNING: [000.000] Sequence number 11 (lcl|H2U.FR.96.12034_AY530889), 752 illegal characters were removed:


Formatted 11 sequences in volume 0

========================[ Jan 21, 2015  5:47 PM ]========================
Version 2.2.11 [Jun-05-2005]
Started database file "C:\Users\Murilo\Desktop\rega-genotype\rega-genotype\xml\HIV\237261221\db.fasta"
WARNING: [000.000] Sequence number 1 (lcl|H1M_B.FR.83.HXB2_K03455), 640 illegal characters were removed:


WARNING: [000.000] Sequence number 2 (lcl|H1N.CM.95.YBF30_AJ006022), 1177 illegal characters were removed:


WARNING: [000.000] Sequence number 3 (lcl|H1O.BE.87.ANT70_L20587), 605 illegal characters were removed:
93 -s

WARNING: [000.000] Sequence number 4 (lcl|H1O.CM.91.MVP5180_L20571), 566 illegal characters were removed:
54 -s

WARNING: [000.000] Sequence number 5 (lcl|H2A.GW.-.ALI_AF082339), 6 illegal characters were removed:
6 -s

WARNING: [000.000] Sequence number 7 (lcl|H2A.SN.-.ST_M31113), 687 illegal characters were removed:


WARNING: [000.000] Sequence number 8 (lcl|H2B.GH.86.D205_X16109), 381 illegal characters were removed:
125 -s

WARNING: [000.000] Sequence number 9 (lcl|H2B.CI.-.EHO_U27200), 117 illegal characters were removed:
117 -s

WARNING: [000.000] Sequence number 10 (lcl|H2G.CI.-.ABT96_AF208027), 760 illegal characters were removed:


WARNING: [000.000] Sequence number 11 (lcl|H2U.FR.96.12034_AY530889), 752 illegal characters were removed:


Formatted 11 sequences in volume 0

========================[ Jan 21, 2015  5:53 PM ]========================
Version 2.2.11 [Jun-05-2005]
Started database file "C:\Users\Murilo\Desktop\rega-genotype\rega-genotype\xml\HIV\237261221\db.fasta"
WARNING: [000.000] Sequence number 1 (lcl|H1M_B.FR.83.HXB2_K03455), 640 illegal characters were removed:


WARNING: [000.000] Sequence number 2 (lcl|H1N.CM.95.YBF30_AJ006022), 1177 illegal characters were removed:


WARNING: [000.000] Sequence number 3 (lcl|H1O.BE.87.ANT70_L20587), 605 illegal characters were removed:
93 -s

WARNING: [000.000] Sequence number 4 (lcl|H1O.CM.91.MVP5180_L20571), 566 illegal characters were removed:
54 -s

WARNING: [000.000] Sequence number 5 (lcl|H2A.GW.-.ALI_AF082339), 6 illegal characters were removed:
6 -s

WARNING: [000.000] Sequence number 7 (lcl|H2A.SN.-.ST_M31113), 687 illegal characters were removed:


WARNING: [000.000] Sequence number 8 (lcl|H2B.GH.86.D205_X16109), 381 illegal characters were removed:
125 -s

WARNING: [000.000] Sequence number 9 (lcl|H2B.CI.-.EHO_U27200), 117 illegal characters were removed:
117 -s

WARNING: [000.000] Sequence number 10 (lcl|H2G.CI.-.ABT96_AF208027), 760 illegal characters were removed:


WARNING: [000.000] Sequence number 11 (lcl|H2U.FR.96.12034_AY530889), 752 illegal characters were removed:


Formatted 11 sequences in volume 0

========================[ Jan 21, 2015  5:59 PM ]========================
Version 2.2.11 [Jun-05-2005]
Started database file "C:\Users\Murilo\Desktop\rega-genotype\rega-genotype\xml\HIV\237261221\db.fasta"
WARNING: [000.000] Sequence number 1 (lcl|H1M_B.FR.83.HXB2_K03455), 640 illegal characters were removed:


WARNING: [000.000] Sequence number 2 (lcl|H1N.CM.95.YBF30_AJ006022), 1177 illegal characters were removed:


WARNING: [000.000] Sequence number 3 (lcl|H1O.BE.87.ANT70_L20587), 605 illegal characters were removed:
93 -s

WARNING: [000.000] Sequence number 4 (lcl|H1O.CM.91.MVP5180_L20571), 566 illegal characters were removed:
54 -s

WARNING: [000.000] Sequence number 5 (lcl|H2A.GW.-.ALI_AF082339), 6 illegal characters were removed:
6 -s

WARNING: [000.000] Sequence number 7 (lcl|H2A.SN.-.ST_M31113), 687 illegal characters were removed:


WARNING: [000.000] Sequence number 8 (lcl|H2B.GH.86.D205_X16109), 381 illegal characters were removed:
125 -s

WARNING: [000.000] Sequence number 9 (lcl|H2B.CI.-.EHO_U27200), 117 illegal characters were removed:
117 -s

WARNING: [000.000] Sequence number 10 (lcl|H2G.CI.-.ABT96_AF208027), 760 illegal characters were removed:


WARNING: [000.000] Sequence number 11 (lcl|H2U.FR.96.12034_AY530889), 752 illegal characters were removed:


Formatted 11 sequences in volume 0

========================[ Jan 21, 2015  6:06 PM ]========================
Version 2.2.11 [Jun-05-2005]
Started database file "C:\Users\Murilo\Desktop\rega-genotype\rega-genotype\xml\HIV\237261221\db.fasta"
WARNING: [000.000] Sequence number 1 (lcl|H1M_B.FR.83.HXB2_K03455), 640 illegal characters were removed:


WARNING: [000.000] Sequence number 2 (lcl|H1N.CM.95.YBF30_AJ006022), 1177 illegal characters were removed:


WARNING: [000.000] Sequence number 3 (lcl|H1O.BE.87.ANT70_L20587), 605 illegal characters were removed:
93 -s

WARNING: [000.000] Sequence number 4 (lcl|H1O.CM.91.MVP5180_L20571), 566 illegal characters were removed:
54 -s

WARNING: [000.000] Sequence number 5 (lcl|H2A.GW.-.ALI_AF082339), 6 illegal characters were removed:
6 -s

WARNING: [000.000] Sequence number 7 (lcl|H2A.SN.-.ST_M31113), 687 illegal characters were removed:


WARNING: [000.000] Sequence number 8 (lcl|H2B.GH.86.D205_X16109), 381 illegal characters were removed:
125 -s

WARNING: [000.000] Sequence number 9 (lcl|H2B.CI.-.EHO_U27200), 117 illegal characters were removed:
117 -s

WARNING: [000.000] Sequence number 10 (lcl|H2G.CI.-.ABT96_AF208027), 760 illegal characters were removed:


WARNING: [000.000] Sequence number 11 (lcl|H2U.FR.96.12034_AY530889), 752 illegal characters were removed:


Formatted 11 sequences in volume 0

========================[ Jan 21, 2015  6:12 PM ]========================
Version 2.2.11 [Jun-05-2005]
Started database file "C:\Users\Murilo\Desktop\rega-genotype\rega-genotype\xml\HIV\237261221\db.fasta"
WARNING: [000.000] Sequence number 1 (lcl|H1M_B.FR.83.HXB2_K03455), 640 illegal characters were removed:


WARNING: [000.000] Sequence number 2 (lcl|H1N.CM.95.YBF30_AJ006022), 1177 illegal characters were removed:


WARNING: [000.000] Sequence number 3 (lcl|H1O.BE.87.ANT70_L20587), 605 illegal characters were removed:
93 -s

WARNING: [000.000] Sequence number 4 (lcl|H1O.CM.91.MVP5180_L20571), 566 illegal characters were removed:
54 -s

WARNING: [000.000] Sequence number 5 (lcl|H2A.GW.-.ALI_AF082339), 6 illegal characters were removed:
6 -s

WARNING: [000.000] Sequence number 7 (lcl|H2A.SN.-.ST_M31113), 687 illegal characters were removed:


WARNING: [000.000] Sequence number 8 (lcl|H2B.GH.86.D205_X16109), 381 illegal characters were removed:
125 -s

WARNING: [000.000] Sequence number 9 (lcl|H2B.CI.-.EHO_U27200), 117 illegal characters were removed:
117 -s

WARNING: [000.000] Sequence number 10 (lcl|H2G.CI.-.ABT96_AF208027), 760 illegal characters were removed:


WARNING: [000.000] Sequence number 11 (lcl|H2U.FR.96.12034_AY530889), 752 illegal characters were removed:


Formatted 11 sequences in volume 0

========================[ Jan 21, 2015  6:19 PM ]========================
Version 2.2.11 [Jun-05-2005]
Started database file "C:\Users\Murilo\Desktop\rega-genotype\rega-genotype\xml\HIV\237261221\db.fasta"
WARNING: [000.000] Sequence number 1 (lcl|H1M_B.FR.83.HXB2_K03455), 640 illegal characters were removed:


WARNING: [000.000] Sequence number 2 (lcl|H1N.CM.95.YBF30_AJ006022), 1177 illegal characters were removed:


WARNING: [000.000] Sequence number 3 (lcl|H1O.BE.87.ANT70_L20587), 605 illegal characters were removed:
93 -s

WARNING: [000.000] Sequence number 4 (lcl|H1O.CM.91.MVP5180_L20571), 566 illegal characters were removed:
54 -s

WARNING: [000.000] Sequence number 5 (lcl|H2A.GW.-.ALI_AF082339), 6 illegal characters were removed:
6 -s

WARNING: [000.000] Sequence number 7 (lcl|H2A.SN.-.ST_M31113), 687 illegal characters were removed:


WARNING: [000.000] Sequence number 8 (lcl|H2B.GH.86.D205_X16109), 381 illegal characters were removed:
125 -s

WARNING: [000.000] Sequence number 9 (lcl|H2B.CI.-.EHO_U27200), 117 illegal characters were removed:
117 -s

WARNING: [000.000] Sequence number 10 (lcl|H2G.CI.-.ABT96_AF208027), 760 illegal characters were removed:


WARNING: [000.000] Sequence number 11 (lcl|H2U.FR.96.12034_AY530889), 752 illegal characters were removed:


Formatted 11 sequences in volume 0

========================[ Jan 21, 2015  6:26 PM ]========================
Version 2.2.11 [Jun-05-2005]
Started database file "C:\Users\Murilo\Desktop\rega-genotype\rega-genotype\xml\HIV\237261221\db.fasta"
WARNING: [000.000] Sequence number 1 (lcl|H1M_B.FR.83.HXB2_K03455), 640 illegal characters were removed:


WARNING: [000.000] Sequence number 2 (lcl|H1N.CM.95.YBF30_AJ006022), 1177 illegal characters were removed:


WARNING: [000.000] Sequence number 3 (lcl|H1O.BE.87.ANT70_L20587), 605 illegal characters were removed:
93 -s

WARNING: [000.000] Sequence number 4 (lcl|H1O.CM.91.MVP5180_L20571), 566 illegal characters were removed:
54 -s

WARNING: [000.000] Sequence number 5 (lcl|H2A.GW.-.ALI_AF082339), 6 illegal characters were removed:
6 -s

WARNING: [000.000] Sequence number 7 (lcl|H2A.SN.-.ST_M31113), 687 illegal characters were removed:


WARNING: [000.000] Sequence number 8 (lcl|H2B.GH.86.D205_X16109), 381 illegal characters were removed:
125 -s

WARNING: [000.000] Sequence number 9 (lcl|H2B.CI.-.EHO_U27200), 117 illegal characters were removed:
117 -s

WARNING: [000.000] Sequence number 10 (lcl|H2G.CI.-.ABT96_AF208027), 760 illegal characters were removed:


WARNING: [000.000] Sequence number 11 (lcl|H2U.FR.96.12034_AY530889), 752 illegal characters were removed:


Formatted 11 sequences in volume 0

========================[ Jan 21, 2015  6:33 PM ]========================
Version 2.2.11 [Jun-05-2005]
Started database file "C:\Users\Murilo\Desktop\rega-genotype\rega-genotype\xml\HIV\237261221\db.fasta"
WARNING: [000.000] Sequence number 1 (lcl|H1M_B.FR.83.HXB2_K03455), 640 illegal characters were removed:


WARNING: [000.000] Sequence number 2 (lcl|H1N.CM.95.YBF30_AJ006022), 1177 illegal characters were removed:


WARNING: [000.000] Sequence number 3 (lcl|H1O.BE.87.ANT70_L20587), 605 illegal characters were removed:
93 -s

WARNING: [000.000] Sequence number 4 (lcl|H1O.CM.91.MVP5180_L20571), 566 illegal characters were removed:
54 -s

WARNING: [000.000] Sequence number 5 (lcl|H2A.GW.-.ALI_AF082339), 6 illegal characters were removed:
6 -s

WARNING: [000.000] Sequence number 7 (lcl|H2A.SN.-.ST_M31113), 687 illegal characters were removed:


WARNING: [000.000] Sequence number 8 (lcl|H2B.GH.86.D205_X16109), 381 illegal characters were removed:
125 -s

WARNING: [000.000] Sequence number 9 (lcl|H2B.CI.-.EHO_U27200), 117 illegal characters were removed:
117 -s

WARNING: [000.000] Sequence number 10 (lcl|H2G.CI.-.ABT96_AF208027), 760 illegal characters were removed:


WARNING: [000.000] Sequence number 11 (lcl|H2U.FR.96.12034_AY530889), 752 illegal characters were removed:


Formatted 11 sequences in volume 0

========================[ Jan 21, 2015  6:40 PM ]========================
Version 2.2.11 [Jun-05-2005]
Started database file "C:\Users\Murilo\Desktop\rega-genotype\rega-genotype\xml\HIV\237261221\db.fasta"
WARNING: [000.000] Sequence number 1 (lcl|H1M_B.FR.83.HXB2_K03455), 640 illegal characters were removed:


WARNING: [000.000] Sequence number 2 (lcl|H1N.CM.95.YBF30_AJ006022), 1177 illegal characters were removed:


WARNING: [000.000] Sequence number 3 (lcl|H1O.BE.87.ANT70_L20587), 605 illegal characters were removed:
93 -s

WARNING: [000.000] Sequence number 4 (lcl|H1O.CM.91.MVP5180_L20571), 566 illegal characters were removed:
54 -s

WARNING: [000.000] Sequence number 5 (lcl|H2A.GW.-.ALI_AF082339), 6 illegal characters were removed:
6 -s

WARNING: [000.000] Sequence number 7 (lcl|H2A.SN.-.ST_M31113), 687 illegal characters were removed:


WARNING: [000.000] Sequence number 8 (lcl|H2B.GH.86.D205_X16109), 381 illegal characters were removed:
125 -s

WARNING: [000.000] Sequence number 9 (lcl|H2B.CI.-.EHO_U27200), 117 illegal characters were removed:
117 -s

WARNING: [000.000] Sequence number 10 (lcl|H2G.CI.-.ABT96_AF208027), 760 illegal characters were removed:


WARNING: [000.000] Sequence number 11 (lcl|H2U.FR.96.12034_AY530889), 752 illegal characters were removed:


Formatted 11 sequences in volume 0

========================[ Jan 21, 2015  6:47 PM ]========================
Version 2.2.11 [Jun-05-2005]
Started database file "C:\Users\Murilo\Desktop\rega-genotype\rega-genotype\xml\HIV\237261221\db.fasta"
WARNING: [000.000] Sequence number 1 (lcl|H1M_B.FR.83.HXB2_K03455), 640 illegal characters were removed:


WARNING: [000.000] Sequence number 2 (lcl|H1N.CM.95.YBF30_AJ006022), 1177 illegal characters were removed:


WARNING: [000.000] Sequence number 3 (lcl|H1O.BE.87.ANT70_L20587), 605 illegal characters were removed:
93 -s

WARNING: [000.000] Sequence number 4 (lcl|H1O.CM.91.MVP5180_L20571), 566 illegal characters were removed:
54 -s

WARNING: [000.000] Sequence number 5 (lcl|H2A.GW.-.ALI_AF082339), 6 illegal characters were removed:
6 -s

WARNING: [000.000] Sequence number 7 (lcl|H2A.SN.-.ST_M31113), 687 illegal characters were removed:


WARNING: [000.000] Sequence number 8 (lcl|H2B.GH.86.D205_X16109), 381 illegal characters were removed:
125 -s

WARNING: [000.000] Sequence number 9 (lcl|H2B.CI.-.EHO_U27200), 117 illegal characters were removed:
117 -s

WARNING: [000.000] Sequence number 10 (lcl|H2G.CI.-.ABT96_AF208027), 760 illegal characters were removed:


WARNING: [000.000] Sequence number 11 (lcl|H2U.FR.96.12034_AY530889), 752 illegal characters were removed:


Formatted 11 sequences in volume 0

========================[ Jan 21, 2015  6:55 PM ]========================
Version 2.2.11 [Jun-05-2005]
Started database file "C:\Users\Murilo\Desktop\rega-genotype\rega-genotype\xml\HIV\237261221\db.fasta"
WARNING: [000.000] Sequence number 1 (lcl|H1M_B.FR.83.HXB2_K03455), 640 illegal characters were removed:


WARNING: [000.000] Sequence number 2 (lcl|H1N.CM.95.YBF30_AJ006022), 1177 illegal characters were removed:


WARNING: [000.000] Sequence number 3 (lcl|H1O.BE.87.ANT70_L20587), 605 illegal characters were removed:
93 -s

WARNING: [000.000] Sequence number 4 (lcl|H1O.CM.91.MVP5180_L20571), 566 illegal characters were removed:
54 -s

WARNING: [000.000] Sequence number 5 (lcl|H2A.GW.-.ALI_AF082339), 6 illegal characters were removed:
6 -s

WARNING: [000.000] Sequence number 7 (lcl|H2A.SN.-.ST_M31113), 687 illegal characters were removed:


WARNING: [000.000] Sequence number 8 (lcl|H2B.GH.86.D205_X16109), 381 illegal characters were removed:
125 -s

WARNING: [000.000] Sequence number 9 (lcl|H2B.CI.-.EHO_U27200), 117 illegal characters were removed:
117 -s

WARNING: [000.000] Sequence number 10 (lcl|H2G.CI.-.ABT96_AF208027), 760 illegal characters were removed:


WARNING: [000.000] Sequence number 11 (lcl|H2U.FR.96.12034_AY530889), 752 illegal characters were removed:


Formatted 11 sequences in volume 0

========================[ Jan 21, 2015  7:02 PM ]========================
Version 2.2.11 [Jun-05-2005]
Started database file "C:\Users\Murilo\Desktop\rega-genotype\rega-genotype\xml\HIV\237261221\db.fasta"
WARNING: [000.000] Sequence number 1 (lcl|H1M_B.FR.83.HXB2_K03455), 640 illegal characters were removed:


WARNING: [000.000] Sequence number 2 (lcl|H1N.CM.95.YBF30_AJ006022), 1177 illegal characters were removed:


WARNING: [000.000] Sequence number 3 (lcl|H1O.BE.87.ANT70_L20587), 605 illegal characters were removed:
93 -s

WARNING: [000.000] Sequence number 4 (lcl|H1O.CM.91.MVP5180_L20571), 566 illegal characters were removed:
54 -s

WARNING: [000.000] Sequence number 5 (lcl|H2A.GW.-.ALI_AF082339), 6 illegal characters were removed:
6 -s

WARNING: [000.000] Sequence number 7 (lcl|H2A.SN.-.ST_M31113), 687 illegal characters were removed:


WARNING: [000.000] Sequence number 8 (lcl|H2B.GH.86.D205_X16109), 381 illegal characters were removed:
125 -s

WARNING: [000.000] Sequence number 9 (lcl|H2B.CI.-.EHO_U27200), 117 illegal characters were removed:
117 -s

WARNING: [000.000] Sequence number 10 (lcl|H2G.CI.-.ABT96_AF208027), 760 illegal characters were removed:


WARNING: [000.000] Sequence number 11 (lcl|H2U.FR.96.12034_AY530889), 752 illegal characters were removed:


Formatted 11 sequences in volume 0

========================[ Jan 21, 2015  7:10 PM ]========================
Version 2.2.11 [Jun-05-2005]
Started database file "C:\Users\Murilo\Desktop\rega-genotype\rega-genotype\xml\HIV\237261221\db.fasta"
WARNING: [000.000] Sequence number 1 (lcl|H1M_B.FR.83.HXB2_K03455), 640 illegal characters were removed:


WARNING: [000.000] Sequence number 2 (lcl|H1N.CM.95.YBF30_AJ006022), 1177 illegal characters were removed:


WARNING: [000.000] Sequence number 3 (lcl|H1O.BE.87.ANT70_L20587), 605 illegal characters were removed:
93 -s

WARNING: [000.000] Sequence number 4 (lcl|H1O.CM.91.MVP5180_L20571), 566 illegal characters were removed:
54 -s

WARNING: [000.000] Sequence number 5 (lcl|H2A.GW.-.ALI_AF082339), 6 illegal characters were removed:
6 -s

WARNING: [000.000] Sequence number 7 (lcl|H2A.SN.-.ST_M31113), 687 illegal characters were removed:


WARNING: [000.000] Sequence number 8 (lcl|H2B.GH.86.D205_X16109), 381 illegal characters were removed:
125 -s

WARNING: [000.000] Sequence number 9 (lcl|H2B.CI.-.EHO_U27200), 117 illegal characters were removed:
117 -s

WARNING: [000.000] Sequence number 10 (lcl|H2G.CI.-.ABT96_AF208027), 760 illegal characters were removed:


WARNING: [000.000] Sequence number 11 (lcl|H2U.FR.96.12034_AY530889), 752 illegal characters were removed:


Formatted 11 sequences in volume 0

========================[ Jan 21, 2015  7:18 PM ]========================
Version 2.2.11 [Jun-05-2005]
Started database file "C:\Users\Murilo\Desktop\rega-genotype\rega-genotype\xml\HIV\237261221\db.fasta"
WARNING: [000.000] Sequence number 1 (lcl|H1M_B.FR.83.HXB2_K03455), 640 illegal characters were removed:


WARNING: [000.000] Sequence number 2 (lcl|H1N.CM.95.YBF30_AJ006022), 1177 illegal characters were removed:


WARNING: [000.000] Sequence number 3 (lcl|H1O.BE.87.ANT70_L20587), 605 illegal characters were removed:
93 -s

WARNING: [000.000] Sequence number 4 (lcl|H1O.CM.91.MVP5180_L20571), 566 illegal characters were removed:
54 -s

WARNING: [000.000] Sequence number 5 (lcl|H2A.GW.-.ALI_AF082339), 6 illegal characters were removed:
6 -s

WARNING: [000.000] Sequence number 7 (lcl|H2A.SN.-.ST_M31113), 687 illegal characters were removed:


WARNING: [000.000] Sequence number 8 (lcl|H2B.GH.86.D205_X16109), 381 illegal characters were removed:
125 -s

WARNING: [000.000] Sequence number 9 (lcl|H2B.CI.-.EHO_U27200), 117 illegal characters were removed:
117 -s

WARNING: [000.000] Sequence number 10 (lcl|H2G.CI.-.ABT96_AF208027), 760 illegal characters were removed:


WARNING: [000.000] Sequence number 11 (lcl|H2U.FR.96.12034_AY530889), 752 illegal characters were removed:


Formatted 11 sequences in volume 0
